#
# There is insufficient memory for the Java Runtime Environment to continue.
# Native memory allocation (malloc) failed to allocate 956816 bytes for Chunk::new
# Possible reasons:
#   The system is out of physical RAM or swap space
#   The process is running with CompressedOops enabled, and the Java Heap may be blocking the growth of the native heap
# Possible solutions:
#   Reduce memory load on the system
#   Increase physical memory or swap space
#   Check if swap backing store is full
#   Decrease Java heap size (-Xmx/-Xms)
#   Decrease number of Java threads
#   Decrease Java thread stack sizes (-Xss)
#   Set larger code cache with -XX:ReservedCodeCacheSize=
#   JVM is running with Unscaled Compressed Oops mode in which the Java heap is
#     placed in the first 4GB address space. The Java Heap base address is the
#     maximum limit for the native heap growth. Please use -XX:HeapBaseMinAddress
#     to set the Java Heap base and to place the Java Heap above 4GB virtual address.
# This output file may be truncated or incomplete.
#
#  Out of Memory Error (arena.cpp:168), pid=17216, tid=13500
#
# JRE version: Java(TM) SE Runtime Environment (21.0.2+13) (build 21.0.2+13-LTS-58)
# Java VM: Java HotSpot(TM) 64-Bit Server VM (21.0.2+13-LTS-58, mixed mode, sharing, tiered, compressed oops, compressed class ptrs, g1 gc, windows-amd64)
# No core dump will be written. Minidumps are not enabled by default on client versions of Windows
#

---------------  S U M M A R Y ------------

Command Line: --enable-preview -javaagent:D:\Program Files\IntelliJ IDEA 2024.2.3\lib\idea_rt.jar=58919:D:\Program Files\IntelliJ IDEA 2024.2.3\bin -Dfile.encoding=UTF-8 -Dsun.stdout.encoding=UTF-8 -Dsun.stderr.encoding=UTF-8 com.PhD_UAE.PhD.PhDApplication

Host: Intel(R) Core(TM) i5-8250U CPU @ 1.60GHz, 8 cores, 7G,  Windows 10 , 64 bit Build 19041 (10.0.19041.4957)
Time: Mon Nov  4 17:58:42 2024 Maroc (heure d64 bit Build 19041 (10.0.19041.4957) elapsed time: 1.959206 seconds (0d 0h 0m 1s)

---------------  T H R E A D  ---------------

Current thread (0x0000027073263000):  JavaThread "C2 CompilerThread1" daemon [_thread_in_native, id=13500, stack(0x000000ec6d200000,0x000000ec6d300000) (1024K)]


Current CompileTask:
C2:   1959 1994       4       org.springframework.boot.context.properties.source.ConfigurationPropertyName$ElementsParser::parse (234 bytes)

Stack: [0x000000ec6d200000,0x000000ec6d300000]
Native frames: (J=compiled Java code, j=interpreted, Vv=VM code, C=native code)
V  [jvm.dll+0x6cade9]
V  [jvm.dll+0x8569c1]
V  [jvm.dll+0x858d2e]
V  [jvm.dll+0x859413]
V  [jvm.dll+0x280e56]
V  [jvm.dll+0xc3f3d]
V  [jvm.dll+0xc4473]
V  [jvm.dll+0x3b5bf2]
V  [jvm.dll+0x382855]
V  [jvm.dll+0x381cca]
V  [jvm.dll+0x249bd0]
V  [jvm.dll+0x2491b1]
V  [jvm.dll+0x1c9634]
V  [jvm.dll+0x258859]
V  [jvm.dll+0x256e3a]
V  [jvm.dll+0x3ef6c6]
V  [jvm.dll+0x7ff568]
V  [jvm.dll+0x6c953d]
C  [ucrtbase.dll+0x21bb2]
C  [KERNEL32.DLL+0x17374]
C  [ntdll.dll+0x4cc91]


---------------  P R O C E S S  ---------------

Threads class SMR info:
_java_thread_list=0x000002707453fd80, length=18, elements={
0x000002705230bb30, 0x000002706ec2f120, 0x000002706ec301f0, 0x000002706ec33f80,
0x000002706ec34c60, 0x000002706ec35870, 0x000002706ec36630, 0x000002706ec3b8d0,
0x000002706ec66610, 0x000002706ebf2d20, 0x0000027073263000, 0x00000270736ef1e0,
0x000002707359da90, 0x0000027073a1a800, 0x0000027073aa3000, 0x0000027073fb0e30,
0x000002707446a760, 0x000002707449ced0
}

Java Threads: ( => current thread )
  0x000002705230bb30 JavaThread "main"                              [_thread_in_vm, id=17268, stack(0x000000ec6c100000,0x000000ec6c200000) (1024K)]
  0x000002706ec2f120 JavaThread "Reference Handler"          daemon [_thread_blocked, id=6472, stack(0x000000ec6c900000,0x000000ec6ca00000) (1024K)]
  0x000002706ec301f0 JavaThread "Finalizer"                  daemon [_thread_blocked, id=2272, stack(0x000000ec6ca00000,0x000000ec6cb00000) (1024K)]
  0x000002706ec33f80 JavaThread "Signal Dispatcher"          daemon [_thread_blocked, id=6872, stack(0x000000ec6cb00000,0x000000ec6cc00000) (1024K)]
  0x000002706ec34c60 JavaThread "Attach Listener"            daemon [_thread_blocked, id=7612, stack(0x000000ec6cc00000,0x000000ec6cd00000) (1024K)]
  0x000002706ec35870 JavaThread "Service Thread"             daemon [_thread_blocked, id=10100, stack(0x000000ec6cd00000,0x000000ec6ce00000) (1024K)]
  0x000002706ec36630 JavaThread "Monitor Deflation Thread"   daemon [_thread_blocked, id=17224, stack(0x000000ec6ce00000,0x000000ec6cf00000) (1024K)]
  0x000002706ec3b8d0 JavaThread "C2 CompilerThread0"         daemon [_thread_in_native, id=17256, stack(0x000000ec6cf00000,0x000000ec6d000000) (1024K)]
  0x000002706ec66610 JavaThread "C1 CompilerThread0"         daemon [_thread_blocked, id=11032, stack(0x000000ec6d000000,0x000000ec6d100000) (1024K)]
  0x000002706ebf2d20 JavaThread "Common-Cleaner"             daemon [_thread_blocked, id=7024, stack(0x000000ec6d100000,0x000000ec6d200000) (1024K)]
=>0x0000027073263000 JavaThread "C2 CompilerThread1"         daemon [_thread_in_native, id=13500, stack(0x000000ec6d200000,0x000000ec6d300000) (1024K)]
  0x00000270736ef1e0 JavaThread "Monitor Ctrl-Break"         daemon [_thread_in_native, id=17296, stack(0x000000ec6d300000,0x000000ec6d400000) (1024K)]
  0x000002707359da90 JavaThread "Notification Thread"        daemon [_thread_blocked, id=17292, stack(0x000000ec6d400000,0x000000ec6d500000) (1024K)]
  0x0000027073a1a800 JavaThread "RMI TCP Accept-0"           daemon [_thread_in_native, id=17232, stack(0x000000ec6dc00000,0x000000ec6dd00000) (1024K)]
  0x0000027073aa3000 JavaThread "RMI TCP Connection(1)-192.168.56.1" daemon [_thread_in_native, id=17404, stack(0x000000ec6dd00000,0x000000ec6de00000) (1024K)]
  0x0000027073fb0e30 JavaThread "RMI Scheduler(0)"           daemon [_thread_blocked, id=3172, stack(0x000000ec6de00000,0x000000ec6df00000) (1024K)]
  0x000002707446a760 JavaThread "JMX server connection timeout 33" daemon [_thread_blocked, id=17300, stack(0x000000ec6df00000,0x000000ec6e000000) (1024K)]
  0x000002707449ced0 JavaThread "background-preinit"                [_thread_in_vm, id=17424, stack(0x000000ec6e000000,0x000000ec6e100000) (1024K)]
Total: 18

Other Threads:
  0x000002706ec0d5e0 VMThread "VM Thread"                           [id=8080, stack(0x000000ec6c800000,0x000000ec6c900000) (1024K)]
  0x000002706ebf1f90 WatcherThread "VM Periodic Task Thread"        [id=16360, stack(0x000000ec6c700000,0x000000ec6c800000) (1024K)]
  0x0000027052364970 WorkerThread "GC Thread#0"                     [id=17168, stack(0x000000ec6c200000,0x000000ec6c300000) (1024K)]
  0x00000270739dba80 WorkerThread "GC Thread#1"                     [id=17368, stack(0x000000ec6d500000,0x000000ec6d600000) (1024K)]
  0x0000027073a2a750 WorkerThread "GC Thread#2"                     [id=17352, stack(0x000000ec6d600000,0x000000ec6d700000) (1024K)]
  0x0000027073a27b60 WorkerThread "GC Thread#3"                     [id=17348, stack(0x000000ec6d700000,0x000000ec6d800000) (1024K)]
  0x0000027074257830 WorkerThread "GC Thread#4"                     [id=17336, stack(0x000000ec6d800000,0x000000ec6d900000) (1024K)]
  0x0000027074257bd0 WorkerThread "GC Thread#5"                     [id=17364, stack(0x000000ec6d900000,0x000000ec6da00000) (1024K)]
  0x00000270740df7f0 WorkerThread "GC Thread#6"                     [id=17340, stack(0x000000ec6da00000,0x000000ec6db00000) (1024K)]
  0x00000270740dffa0 WorkerThread "GC Thread#7"                     [id=17356, stack(0x000000ec6db00000,0x000000ec6dc00000) (1024K)]
  0x00000270523717f0 ConcurrentGCThread "G1 Main Marker"            [id=17176, stack(0x000000ec6c300000,0x000000ec6c400000) (1024K)]
  0x000002705018e1e0 WorkerThread "G1 Conc#0"                       [id=17172, stack(0x000000ec6c400000,0x000000ec6c500000) (1024K)]
  0x00000270523ce6a0 ConcurrentGCThread "G1 Refine#0"               [id=17148, stack(0x000000ec6c500000,0x000000ec6c600000) (1024K)]
  0x000002706eac5340 ConcurrentGCThread "G1 Service"                [id=17140, stack(0x000000ec6c600000,0x000000ec6c700000) (1024K)]
Total: 14

Threads with active compile tasks:
C2 CompilerThread0     2005 2100       4       jdk.internal.loader.URLClassPath::getResource (74 bytes)
C2 CompilerThread1     2005 1994       4       org.springframework.boot.context.properties.source.ConfigurationPropertyName$ElementsParser::parse (234 bytes)
Total: 2

VM state: not at safepoint (normal execution)

VM Mutex/Monitor currently owned by a thread:  ([mutex/lock_event])
[0x00007ffdc085ace8] Metaspace_lock - owner thread: 0x000002705230bb30

Heap address: 0x0000000082000000, size: 2016 MB, Compressed Oops mode: 32-bit

CDS archive(s) mapped at: [0x0000027000000000-0x0000027000c90000-0x0000027000c90000), size 13172736, SharedBaseAddress: 0x0000027000000000, ArchiveRelocationMode: 1.
Compressed class space mapped at: 0x0000027001000000-0x0000027041000000, reserved size: 1073741824
Narrow klass base: 0x0000027000000000, Narrow klass shift: 0, Narrow klass range: 0x100000000

GC Precious Log:
 CardTable entry size: 512
 Card Set container configuration: InlinePtr #cards 5 size 8 Array Of Cards #cards 12 size 40 Howl #buckets 4 coarsen threshold 1843 Howl Bitmap #cards 512 size 80 coarsen threshold 460 Card regions per heap region 1 cards per card region 2048
 CPUs: 8 total, 8 available
 Memory: 8058M
 Large Page Support: Disabled
 NUMA Support: Disabled
 Compressed Oops: Enabled (32-bit)
 Heap Region Size: 1M
 Heap Min Capacity: 8M
 Heap Initial Capacity: 126M
 Heap Max Capacity: 2016M
 Pre-touch: Disabled
 Parallel Workers: 8
 Concurrent Workers: 2
 Concurrent Refinement Workers: 8
 Periodic GC: Disabled

Heap:
 garbage-first heap   total 129024K, used 27135K [0x0000000082000000, 0x0000000100000000)
  region size 1024K, 22 young (22528K), 3 survivors (3072K)
 Metaspace       used 13099K, committed 13440K, reserved 1114112K
  class space    used 1585K, committed 1792K, reserved 1048576K

Heap Regions: E=young(eden), S=young(survivor), O=old, HS=humongous(starts), HC=humongous(continues), CS=collection set, F=free, TAMS=top-at-mark-start, PB=parsable bottom
|   0|0x0000000082000000, 0x0000000082100000, 0x0000000082100000|100%|HS|  |TAMS 0x0000000082000000| PB 0x0000000082000000| Complete 
|   1|0x0000000082100000, 0x0000000082200000, 0x0000000082200000|100%| O|  |TAMS 0x0000000082100000| PB 0x0000000082100000| Untracked 
|   2|0x0000000082200000, 0x0000000082300000, 0x0000000082300000|100%| O|  |TAMS 0x0000000082200000| PB 0x0000000082200000| Untracked 
|   3|0x0000000082300000, 0x0000000082400000, 0x0000000082400000|100%| O|  |TAMS 0x0000000082300000| PB 0x0000000082300000| Untracked 
|   4|0x0000000082400000, 0x0000000082500000, 0x0000000082500000|100%| O|  |TAMS 0x0000000082400000| PB 0x0000000082400000| Untracked 
|   5|0x0000000082500000, 0x000000008257ff80, 0x0000000082600000| 49%| O|  |TAMS 0x0000000082500000| PB 0x0000000082500000| Untracked 
|   6|0x0000000082600000, 0x0000000082600000, 0x0000000082700000|  0%| F|  |TAMS 0x0000000082600000| PB 0x0000000082600000| Untracked 
|   7|0x0000000082700000, 0x0000000082700000, 0x0000000082800000|  0%| F|  |TAMS 0x0000000082700000| PB 0x0000000082700000| Untracked 
|   8|0x0000000082800000, 0x0000000082800000, 0x0000000082900000|  0%| F|  |TAMS 0x0000000082800000| PB 0x0000000082800000| Untracked 
|   9|0x0000000082900000, 0x0000000082900000, 0x0000000082a00000|  0%| F|  |TAMS 0x0000000082900000| PB 0x0000000082900000| Untracked 
|  10|0x0000000082a00000, 0x0000000082a00000, 0x0000000082b00000|  0%| F|  |TAMS 0x0000000082a00000| PB 0x0000000082a00000| Untracked 
|  11|0x0000000082b00000, 0x0000000082b00000, 0x0000000082c00000|  0%| F|  |TAMS 0x0000000082b00000| PB 0x0000000082b00000| Untracked 
|  12|0x0000000082c00000, 0x0000000082c00000, 0x0000000082d00000|  0%| F|  |TAMS 0x0000000082c00000| PB 0x0000000082c00000| Untracked 
|  13|0x0000000082d00000, 0x0000000082d00000, 0x0000000082e00000|  0%| F|  |TAMS 0x0000000082d00000| PB 0x0000000082d00000| Untracked 
|  14|0x0000000082e00000, 0x0000000082e00000, 0x0000000082f00000|  0%| F|  |TAMS 0x0000000082e00000| PB 0x0000000082e00000| Untracked 
|  15|0x0000000082f00000, 0x0000000082f00000, 0x0000000083000000|  0%| F|  |TAMS 0x0000000082f00000| PB 0x0000000082f00000| Untracked 
|  16|0x0000000083000000, 0x0000000083000000, 0x0000000083100000|  0%| F|  |TAMS 0x0000000083000000| PB 0x0000000083000000| Untracked 
|  17|0x0000000083100000, 0x0000000083100000, 0x0000000083200000|  0%| F|  |TAMS 0x0000000083100000| PB 0x0000000083100000| Untracked 
|  18|0x0000000083200000, 0x0000000083200000, 0x0000000083300000|  0%| F|  |TAMS 0x0000000083200000| PB 0x0000000083200000| Untracked 
|  19|0x0000000083300000, 0x0000000083300000, 0x0000000083400000|  0%| F|  |TAMS 0x0000000083300000| PB 0x0000000083300000| Untracked 
|  20|0x0000000083400000, 0x0000000083400000, 0x0000000083500000|  0%| F|  |TAMS 0x0000000083400000| PB 0x0000000083400000| Untracked 
|  21|0x0000000083500000, 0x0000000083500000, 0x0000000083600000|  0%| F|  |TAMS 0x0000000083500000| PB 0x0000000083500000| Untracked 
|  22|0x0000000083600000, 0x0000000083600000, 0x0000000083700000|  0%| F|  |TAMS 0x0000000083600000| PB 0x0000000083600000| Untracked 
|  23|0x0000000083700000, 0x0000000083700000, 0x0000000083800000|  0%| F|  |TAMS 0x0000000083700000| PB 0x0000000083700000| Untracked 
|  24|0x0000000083800000, 0x0000000083800000, 0x0000000083900000|  0%| F|  |TAMS 0x0000000083800000| PB 0x0000000083800000| Untracked 
|  25|0x0000000083900000, 0x0000000083900000, 0x0000000083a00000|  0%| F|  |TAMS 0x0000000083900000| PB 0x0000000083900000| Untracked 
|  26|0x0000000083a00000, 0x0000000083a00000, 0x0000000083b00000|  0%| F|  |TAMS 0x0000000083a00000| PB 0x0000000083a00000| Untracked 
|  27|0x0000000083b00000, 0x0000000083b00000, 0x0000000083c00000|  0%| F|  |TAMS 0x0000000083b00000| PB 0x0000000083b00000| Untracked 
|  28|0x0000000083c00000, 0x0000000083c00000, 0x0000000083d00000|  0%| F|  |TAMS 0x0000000083c00000| PB 0x0000000083c00000| Untracked 
|  29|0x0000000083d00000, 0x0000000083d00000, 0x0000000083e00000|  0%| F|  |TAMS 0x0000000083d00000| PB 0x0000000083d00000| Untracked 
|  30|0x0000000083e00000, 0x0000000083e00000, 0x0000000083f00000|  0%| F|  |TAMS 0x0000000083e00000| PB 0x0000000083e00000| Untracked 
|  31|0x0000000083f00000, 0x0000000083f00000, 0x0000000084000000|  0%| F|  |TAMS 0x0000000083f00000| PB 0x0000000083f00000| Untracked 
|  32|0x0000000084000000, 0x0000000084000000, 0x0000000084100000|  0%| F|  |TAMS 0x0000000084000000| PB 0x0000000084000000| Untracked 
|  33|0x0000000084100000, 0x0000000084100000, 0x0000000084200000|  0%| F|  |TAMS 0x0000000084100000| PB 0x0000000084100000| Untracked 
|  34|0x0000000084200000, 0x0000000084200000, 0x0000000084300000|  0%| F|  |TAMS 0x0000000084200000| PB 0x0000000084200000| Untracked 
|  35|0x0000000084300000, 0x0000000084300000, 0x0000000084400000|  0%| F|  |TAMS 0x0000000084300000| PB 0x0000000084300000| Untracked 
|  36|0x0000000084400000, 0x0000000084400000, 0x0000000084500000|  0%| F|  |TAMS 0x0000000084400000| PB 0x0000000084400000| Untracked 
|  37|0x0000000084500000, 0x0000000084500000, 0x0000000084600000|  0%| F|  |TAMS 0x0000000084500000| PB 0x0000000084500000| Untracked 
|  38|0x0000000084600000, 0x0000000084600000, 0x0000000084700000|  0%| F|  |TAMS 0x0000000084600000| PB 0x0000000084600000| Untracked 
|  39|0x0000000084700000, 0x0000000084700000, 0x0000000084800000|  0%| F|  |TAMS 0x0000000084700000| PB 0x0000000084700000| Untracked 
|  40|0x0000000084800000, 0x0000000084800000, 0x0000000084900000|  0%| F|  |TAMS 0x0000000084800000| PB 0x0000000084800000| Untracked 
|  41|0x0000000084900000, 0x0000000084900000, 0x0000000084a00000|  0%| F|  |TAMS 0x0000000084900000| PB 0x0000000084900000| Untracked 
|  42|0x0000000084a00000, 0x0000000084a00000, 0x0000000084b00000|  0%| F|  |TAMS 0x0000000084a00000| PB 0x0000000084a00000| Untracked 
|  43|0x0000000084b00000, 0x0000000084b00000, 0x0000000084c00000|  0%| F|  |TAMS 0x0000000084b00000| PB 0x0000000084b00000| Untracked 
|  44|0x0000000084c00000, 0x0000000084c00000, 0x0000000084d00000|  0%| F|  |TAMS 0x0000000084c00000| PB 0x0000000084c00000| Untracked 
|  45|0x0000000084d00000, 0x0000000084d00000, 0x0000000084e00000|  0%| F|  |TAMS 0x0000000084d00000| PB 0x0000000084d00000| Untracked 
|  46|0x0000000084e00000, 0x0000000084e00000, 0x0000000084f00000|  0%| F|  |TAMS 0x0000000084e00000| PB 0x0000000084e00000| Untracked 
|  47|0x0000000084f00000, 0x0000000084f00000, 0x0000000085000000|  0%| F|  |TAMS 0x0000000084f00000| PB 0x0000000084f00000| Untracked 
|  48|0x0000000085000000, 0x0000000085000000, 0x0000000085100000|  0%| F|  |TAMS 0x0000000085000000| PB 0x0000000085000000| Untracked 
|  49|0x0000000085100000, 0x0000000085100000, 0x0000000085200000|  0%| F|  |TAMS 0x0000000085100000| PB 0x0000000085100000| Untracked 
|  50|0x0000000085200000, 0x0000000085200000, 0x0000000085300000|  0%| F|  |TAMS 0x0000000085200000| PB 0x0000000085200000| Untracked 
|  51|0x0000000085300000, 0x0000000085300000, 0x0000000085400000|  0%| F|  |TAMS 0x0000000085300000| PB 0x0000000085300000| Untracked 
|  52|0x0000000085400000, 0x0000000085400000, 0x0000000085500000|  0%| F|  |TAMS 0x0000000085400000| PB 0x0000000085400000| Untracked 
|  53|0x0000000085500000, 0x0000000085500000, 0x0000000085600000|  0%| F|  |TAMS 0x0000000085500000| PB 0x0000000085500000| Untracked 
|  54|0x0000000085600000, 0x0000000085600000, 0x0000000085700000|  0%| F|  |TAMS 0x0000000085600000| PB 0x0000000085600000| Untracked 
|  55|0x0000000085700000, 0x0000000085700000, 0x0000000085800000|  0%| F|  |TAMS 0x0000000085700000| PB 0x0000000085700000| Untracked 
|  56|0x0000000085800000, 0x0000000085800000, 0x0000000085900000|  0%| F|  |TAMS 0x0000000085800000| PB 0x0000000085800000| Untracked 
|  57|0x0000000085900000, 0x0000000085900000, 0x0000000085a00000|  0%| F|  |TAMS 0x0000000085900000| PB 0x0000000085900000| Untracked 
|  58|0x0000000085a00000, 0x0000000085a00000, 0x0000000085b00000|  0%| F|  |TAMS 0x0000000085a00000| PB 0x0000000085a00000| Untracked 
|  59|0x0000000085b00000, 0x0000000085b00000, 0x0000000085c00000|  0%| F|  |TAMS 0x0000000085b00000| PB 0x0000000085b00000| Untracked 
|  60|0x0000000085c00000, 0x0000000085c00000, 0x0000000085d00000|  0%| F|  |TAMS 0x0000000085c00000| PB 0x0000000085c00000| Untracked 
|  61|0x0000000085d00000, 0x0000000085d00000, 0x0000000085e00000|  0%| F|  |TAMS 0x0000000085d00000| PB 0x0000000085d00000| Untracked 
|  62|0x0000000085e00000, 0x0000000085e00000, 0x0000000085f00000|  0%| F|  |TAMS 0x0000000085e00000| PB 0x0000000085e00000| Untracked 
|  63|0x0000000085f00000, 0x0000000085f00000, 0x0000000086000000|  0%| F|  |TAMS 0x0000000085f00000| PB 0x0000000085f00000| Untracked 
|  64|0x0000000086000000, 0x0000000086000000, 0x0000000086100000|  0%| F|  |TAMS 0x0000000086000000| PB 0x0000000086000000| Untracked 
|  65|0x0000000086100000, 0x0000000086100000, 0x0000000086200000|  0%| F|  |TAMS 0x0000000086100000| PB 0x0000000086100000| Untracked 
|  66|0x0000000086200000, 0x0000000086200000, 0x0000000086300000|  0%| F|  |TAMS 0x0000000086200000| PB 0x0000000086200000| Untracked 
|  67|0x0000000086300000, 0x0000000086300000, 0x0000000086400000|  0%| F|  |TAMS 0x0000000086300000| PB 0x0000000086300000| Untracked 
|  68|0x0000000086400000, 0x0000000086400000, 0x0000000086500000|  0%| F|  |TAMS 0x0000000086400000| PB 0x0000000086400000| Untracked 
|  69|0x0000000086500000, 0x0000000086500000, 0x0000000086600000|  0%| F|  |TAMS 0x0000000086500000| PB 0x0000000086500000| Untracked 
|  70|0x0000000086600000, 0x0000000086600000, 0x0000000086700000|  0%| F|  |TAMS 0x0000000086600000| PB 0x0000000086600000| Untracked 
|  71|0x0000000086700000, 0x0000000086700000, 0x0000000086800000|  0%| F|  |TAMS 0x0000000086700000| PB 0x0000000086700000| Untracked 
|  72|0x0000000086800000, 0x0000000086800000, 0x0000000086900000|  0%| F|  |TAMS 0x0000000086800000| PB 0x0000000086800000| Untracked 
|  73|0x0000000086900000, 0x0000000086900000, 0x0000000086a00000|  0%| F|  |TAMS 0x0000000086900000| PB 0x0000000086900000| Untracked 
|  74|0x0000000086a00000, 0x0000000086a00000, 0x0000000086b00000|  0%| F|  |TAMS 0x0000000086a00000| PB 0x0000000086a00000| Untracked 
|  75|0x0000000086b00000, 0x0000000086b00000, 0x0000000086c00000|  0%| F|  |TAMS 0x0000000086b00000| PB 0x0000000086b00000| Untracked 
|  76|0x0000000086c00000, 0x0000000086c00000, 0x0000000086d00000|  0%| F|  |TAMS 0x0000000086c00000| PB 0x0000000086c00000| Untracked 
|  77|0x0000000086d00000, 0x0000000086d00000, 0x0000000086e00000|  0%| F|  |TAMS 0x0000000086d00000| PB 0x0000000086d00000| Untracked 
|  78|0x0000000086e00000, 0x0000000086e00000, 0x0000000086f00000|  0%| F|  |TAMS 0x0000000086e00000| PB 0x0000000086e00000| Untracked 
|  79|0x0000000086f00000, 0x0000000086f00000, 0x0000000087000000|  0%| F|  |TAMS 0x0000000086f00000| PB 0x0000000086f00000| Untracked 
|  80|0x0000000087000000, 0x0000000087000000, 0x0000000087100000|  0%| F|  |TAMS 0x0000000087000000| PB 0x0000000087000000| Untracked 
|  81|0x0000000087100000, 0x0000000087100000, 0x0000000087200000|  0%| F|  |TAMS 0x0000000087100000| PB 0x0000000087100000| Untracked 
|  82|0x0000000087200000, 0x0000000087200000, 0x0000000087300000|  0%| F|  |TAMS 0x0000000087200000| PB 0x0000000087200000| Untracked 
|  83|0x0000000087300000, 0x0000000087300000, 0x0000000087400000|  0%| F|  |TAMS 0x0000000087300000| PB 0x0000000087300000| Untracked 
|  84|0x0000000087400000, 0x0000000087400000, 0x0000000087500000|  0%| F|  |TAMS 0x0000000087400000| PB 0x0000000087400000| Untracked 
|  85|0x0000000087500000, 0x0000000087500000, 0x0000000087600000|  0%| F|  |TAMS 0x0000000087500000| PB 0x0000000087500000| Untracked 
|  86|0x0000000087600000, 0x0000000087600000, 0x0000000087700000|  0%| F|  |TAMS 0x0000000087600000| PB 0x0000000087600000| Untracked 
|  87|0x0000000087700000, 0x0000000087700000, 0x0000000087800000|  0%| F|  |TAMS 0x0000000087700000| PB 0x0000000087700000| Untracked 
|  88|0x0000000087800000, 0x0000000087800000, 0x0000000087900000|  0%| F|  |TAMS 0x0000000087800000| PB 0x0000000087800000| Untracked 
|  89|0x0000000087900000, 0x0000000087900000, 0x0000000087a00000|  0%| F|  |TAMS 0x0000000087900000| PB 0x0000000087900000| Untracked 
|  90|0x0000000087a00000, 0x0000000087a00000, 0x0000000087b00000|  0%| F|  |TAMS 0x0000000087a00000| PB 0x0000000087a00000| Untracked 
|  91|0x0000000087b00000, 0x0000000087b00000, 0x0000000087c00000|  0%| F|  |TAMS 0x0000000087b00000| PB 0x0000000087b00000| Untracked 
|  92|0x0000000087c00000, 0x0000000087c00000, 0x0000000087d00000|  0%| F|  |TAMS 0x0000000087c00000| PB 0x0000000087c00000| Untracked 
|  93|0x0000000087d00000, 0x0000000087d00000, 0x0000000087e00000|  0%| F|  |TAMS 0x0000000087d00000| PB 0x0000000087d00000| Untracked 
|  94|0x0000000087e00000, 0x0000000087e00000, 0x0000000087f00000|  0%| F|  |TAMS 0x0000000087e00000| PB 0x0000000087e00000| Untracked 
|  95|0x0000000087f00000, 0x0000000087f00000, 0x0000000088000000|  0%| F|  |TAMS 0x0000000087f00000| PB 0x0000000087f00000| Untracked 
|  96|0x0000000088000000, 0x0000000088000000, 0x0000000088100000|  0%| F|  |TAMS 0x0000000088000000| PB 0x0000000088000000| Untracked 
|  97|0x0000000088100000, 0x0000000088100000, 0x0000000088200000|  0%| F|  |TAMS 0x0000000088100000| PB 0x0000000088100000| Untracked 
|  98|0x0000000088200000, 0x0000000088200000, 0x0000000088300000|  0%| F|  |TAMS 0x0000000088200000| PB 0x0000000088200000| Untracked 
|  99|0x0000000088300000, 0x0000000088300000, 0x0000000088400000|  0%| F|  |TAMS 0x0000000088300000| PB 0x0000000088300000| Untracked 
| 100|0x0000000088400000, 0x0000000088500000, 0x0000000088500000|100%| S|CS|TAMS 0x0000000088400000| PB 0x0000000088400000| Complete 
| 101|0x0000000088500000, 0x0000000088600000, 0x0000000088600000|100%| S|CS|TAMS 0x0000000088500000| PB 0x0000000088500000| Complete 
| 102|0x0000000088600000, 0x0000000088700000, 0x0000000088700000|100%| S|CS|TAMS 0x0000000088600000| PB 0x0000000088600000| Complete 
| 103|0x0000000088700000, 0x0000000088700000, 0x0000000088800000|  0%| F|  |TAMS 0x0000000088700000| PB 0x0000000088700000| Untracked 
| 104|0x0000000088800000, 0x0000000088800000, 0x0000000088900000|  0%| F|  |TAMS 0x0000000088800000| PB 0x0000000088800000| Untracked 
| 105|0x0000000088900000, 0x0000000088900000, 0x0000000088a00000|  0%| F|  |TAMS 0x0000000088900000| PB 0x0000000088900000| Untracked 
| 106|0x0000000088a00000, 0x0000000088a00000, 0x0000000088b00000|  0%| F|  |TAMS 0x0000000088a00000| PB 0x0000000088a00000| Untracked 
| 107|0x0000000088b00000, 0x0000000088b74e40, 0x0000000088c00000| 45%| E|  |TAMS 0x0000000088b00000| PB 0x0000000088b00000| Complete 
| 108|0x0000000088c00000, 0x0000000088d00000, 0x0000000088d00000|100%| E|CS|TAMS 0x0000000088c00000| PB 0x0000000088c00000| Complete 
| 109|0x0000000088d00000, 0x0000000088e00000, 0x0000000088e00000|100%| E|CS|TAMS 0x0000000088d00000| PB 0x0000000088d00000| Complete 
| 110|0x0000000088e00000, 0x0000000088f00000, 0x0000000088f00000|100%| E|CS|TAMS 0x0000000088e00000| PB 0x0000000088e00000| Complete 
| 111|0x0000000088f00000, 0x0000000089000000, 0x0000000089000000|100%| E|CS|TAMS 0x0000000088f00000| PB 0x0000000088f00000| Complete 
| 112|0x0000000089000000, 0x0000000089100000, 0x0000000089100000|100%| E|CS|TAMS 0x0000000089000000| PB 0x0000000089000000| Complete 
| 113|0x0000000089100000, 0x0000000089200000, 0x0000000089200000|100%| E|CS|TAMS 0x0000000089100000| PB 0x0000000089100000| Complete 
| 114|0x0000000089200000, 0x0000000089300000, 0x0000000089300000|100%| E|CS|TAMS 0x0000000089200000| PB 0x0000000089200000| Complete 
| 115|0x0000000089300000, 0x0000000089400000, 0x0000000089400000|100%| E|CS|TAMS 0x0000000089300000| PB 0x0000000089300000| Complete 
| 116|0x0000000089400000, 0x0000000089500000, 0x0000000089500000|100%| E|CS|TAMS 0x0000000089400000| PB 0x0000000089400000| Complete 
| 117|0x0000000089500000, 0x0000000089600000, 0x0000000089600000|100%| E|CS|TAMS 0x0000000089500000| PB 0x0000000089500000| Complete 
| 118|0x0000000089600000, 0x0000000089700000, 0x0000000089700000|100%| E|CS|TAMS 0x0000000089600000| PB 0x0000000089600000| Complete 
| 119|0x0000000089700000, 0x0000000089800000, 0x0000000089800000|100%| E|CS|TAMS 0x0000000089700000| PB 0x0000000089700000| Complete 
| 120|0x0000000089800000, 0x0000000089900000, 0x0000000089900000|100%| E|CS|TAMS 0x0000000089800000| PB 0x0000000089800000| Complete 
| 121|0x0000000089900000, 0x0000000089a00000, 0x0000000089a00000|100%| E|CS|TAMS 0x0000000089900000| PB 0x0000000089900000| Complete 
| 122|0x0000000089a00000, 0x0000000089b00000, 0x0000000089b00000|100%| E|CS|TAMS 0x0000000089a00000| PB 0x0000000089a00000| Complete 
| 123|0x0000000089b00000, 0x0000000089c00000, 0x0000000089c00000|100%| E|CS|TAMS 0x0000000089b00000| PB 0x0000000089b00000| Complete 
| 124|0x0000000089c00000, 0x0000000089d00000, 0x0000000089d00000|100%| E|CS|TAMS 0x0000000089c00000| PB 0x0000000089c00000| Complete 
| 125|0x0000000089d00000, 0x0000000089e00000, 0x0000000089e00000|100%| E|CS|TAMS 0x0000000089d00000| PB 0x0000000089d00000| Complete 

Card table byte_map: [0x0000027069ea0000,0x000002706a290000] _byte_map_base: 0x0000027069a90000

Marking Bits: (CMBitMap*) 0x0000027052365070
 Bits: [0x000002706a290000, 0x000002706c210000)

Polling page: 0x00000270502f0000

Metaspace:

Usage:
  Non-class:     11.24 MB used.
      Class:      1.55 MB used.
       Both:     12.79 MB used.

Virtual space:
  Non-class space:       64.00 MB reserved,      11.38 MB ( 18%) committed,  1 nodes.
      Class space:        1.00 GB reserved,       1.75 MB ( <1%) committed,  1 nodes.
             Both:        1.06 GB reserved,      13.12 MB (  1%) committed. 

Chunk freelists:
   Non-Class:  3.75 MB
       Class:  14.23 MB
        Both:  17.98 MB

MaxMetaspaceSize: unlimited
CompressedClassSpaceSize: 1.00 GB
Initial GC threshold: 21.00 MB
Current GC threshold: 21.00 MB
CDS: on
 - commit_granule_bytes: 65536.
 - commit_granule_words: 8192.
 - virtual_space_node_default_size: 8388608.
 - enlarge_chunks_in_place: 1.
 - use_allocation_guard: 0.


Internal statistics:

num_allocs_failed_limit: 0.
num_arena_births: 392.
num_arena_deaths: 0.
num_vsnodes_births: 2.
num_vsnodes_deaths: 0.
num_space_committed: 210.
num_space_uncommitted: 0.
num_chunks_returned_to_freelist: 0.
num_chunks_taken_from_freelist: 763.
num_chunk_merges: 0.
num_chunk_splits: 438.
num_chunks_enlarged: 227.
num_inconsistent_stats: 0.

CodeHeap 'non-profiled nmethods': size=120000Kb used=758Kb max_used=758Kb free=119242Kb
 bounds [0x0000027062240000, 0x00000270624b0000, 0x0000027069770000]
CodeHeap 'profiled nmethods': size=120000Kb used=3763Kb max_used=3763Kb free=116237Kb
 bounds [0x000002705a770000, 0x000002705ab20000, 0x0000027061ca0000]
CodeHeap 'non-nmethods': size=5760Kb used=1414Kb max_used=1439Kb free=4345Kb
 bounds [0x0000027061ca0000, 0x0000027061f10000, 0x0000027062240000]
 total_blobs=2619 nmethods=2110 adapters=413
 compilation: enabled
              stopped_count=0, restarted_count=0
 full_count=0

Compilation events (20 events):
Event: 1.950 Thread 0x000002706ec66610 2059       3       java.lang.module.ModuleDescriptor$Exports::hashCode (36 bytes)
Event: 1.951 Thread 0x000002706ec66610 nmethod 2059 0x000002705ab00110 code [0x000002705ab002e0, 0x000002705ab00568]
Event: 1.951 Thread 0x000002706ec66610 2056       3       jdk.internal.module.Builder::newExports (11 bytes)
Event: 1.951 Thread 0x000002706ec66610 nmethod 2056 0x000002705ab00690 code [0x000002705ab00840, 0x000002705ab00988]
Event: 1.951 Thread 0x000002706ec66610 2057       3       java.lang.module.ModuleDescriptor$1::newExports (14 bytes)
Event: 1.951 Thread 0x000002706ec66610 nmethod 2057 0x000002705ab00a10 code [0x000002705ab00be0, 0x000002705ab00f80]
Event: 1.951 Thread 0x000002706ec66610 2062       3       java.net.URI::hash (33 bytes)
Event: 1.951 Thread 0x000002706ec66610 nmethod 2062 0x000002705ab01110 code [0x000002705ab01300, 0x000002705ab015d8]
Event: 1.951 Thread 0x000002706ec66610 2061       3       java.net.URI::toLower (19 bytes)
Event: 1.952 Thread 0x000002706ec66610 nmethod 2061 0x000002705ab01710 code [0x000002705ab018c0, 0x000002705ab01a48]
Event: 1.952 Thread 0x000002706ec66610 2063       3       jdk.internal.org.objectweb.asm.SymbolTable::putBootstrapMethods (56 bytes)
Event: 1.952 Thread 0x000002706ec66610 nmethod 2063 0x000002705ab01b10 code [0x000002705ab01d20, 0x000002705ab02048]
Event: 1.952 Thread 0x000002706ec66610 2064       3       sun.invoke.util.BytecodeDescriptor::unparseMethod (66 bytes)
Event: 1.953 Thread 0x000002706ec66610 nmethod 2064 0x000002705ab02210 code [0x000002705ab02440, 0x000002705ab02a28]
Event: 1.954 Thread 0x000002706ec66610 2065       3       java.util.regex.Pattern::isSupplementary (21 bytes)
Event: 1.954 Thread 0x000002706ec66610 nmethod 2065 0x000002705ab02d10 code [0x000002705ab02ec0, 0x000002705ab03130]
Event: 1.954 Thread 0x000002706ec66610 2066       3       java.lang.Character::isSurrogate (18 bytes)
Event: 1.954 Thread 0x000002706ec66610 nmethod 2066 0x000002705ab03210 code [0x000002705ab033a0, 0x000002705ab03520]
Event: 1.955 Thread 0x000002706ec66610 2067       3       java.lang.Module::isExported (18 bytes)
Event: 1.955 Thread 0x000002706ec66610 nmethod 2067 0x000002705ab03590 code [0x000002705ab03780, 0x000002705ab03b80]

GC Heap History (2 events):
Event: 1.192 GC heap before
{Heap before GC invocations=0 (full 0):
 garbage-first heap   total 129024K, used 23552K [0x0000000082000000, 0x0000000100000000)
  region size 1024K, 23 young (23552K), 0 survivors (0K)
 Metaspace       used 7332K, committed 7616K, reserved 1114112K
  class space    used 787K, committed 896K, reserved 1048576K
}
Event: 1.207 GC heap after
{Heap after GC invocations=1 (full 0):
 garbage-first heap   total 129024K, used 8703K [0x0000000082000000, 0x0000000100000000)
  region size 1024K, 3 young (3072K), 3 survivors (3072K)
 Metaspace       used 7332K, committed 7616K, reserved 1114112K
  class space    used 787K, committed 896K, reserved 1048576K
}

Dll operation events (12 events):
Event: 0.010 Loaded shared library C:\Program Files\Java\jdk-21\bin\java.dll
Event: 0.050 Loaded shared library C:\Program Files\Java\jdk-21\bin\jsvml.dll
Event: 0.224 Loaded shared library C:\Program Files\Java\jdk-21\bin\zip.dll
Event: 0.232 Loaded shared library C:\Program Files\Java\jdk-21\bin\instrument.dll
Event: 0.242 Loaded shared library C:\Program Files\Java\jdk-21\bin\net.dll
Event: 0.246 Loaded shared library C:\Program Files\Java\jdk-21\bin\nio.dll
Event: 0.254 Loaded shared library C:\Program Files\Java\jdk-21\bin\zip.dll
Event: 0.454 Loaded shared library C:\Program Files\Java\jdk-21\bin\jimage.dll
Event: 0.497 Loaded shared library D:\Program Files\IntelliJ IDEA 2024.2.3\bin\breakgen64.dll
Event: 0.526 Loaded shared library C:\Program Files\Java\jdk-21\bin\extnet.dll
Event: 0.583 Loaded shared library C:\Program Files\Java\jdk-21\bin\management.dll
Event: 0.615 Loaded shared library C:\Program Files\Java\jdk-21\bin\management_ext.dll

Deoptimization events (20 events):
Event: 1.779 Thread 0x000002705230bb30 Uncommon trap: trap_request=0xffffffde fr.pc=0x0000027062288654 relative=0x00000000000004d4
Event: 1.779 Thread 0x000002705230bb30 Uncommon trap: reason=class_check action=maybe_recompile pc=0x0000027062288654 method=java.io.BufferedReader.read()I @ 6 c2
Event: 1.779 Thread 0x000002705230bb30 DEOPT PACKING pc=0x0000027062288654 sp=0x000000ec6c1fe150
Event: 1.779 Thread 0x000002705230bb30 DEOPT UNPACKING pc=0x0000027061cf46a2 sp=0x000000ec6c1fe108 mode 2
Event: 1.779 Thread 0x000002705230bb30 Uncommon trap: trap_request=0xffffffde fr.pc=0x0000027062288654 relative=0x00000000000004d4
Event: 1.779 Thread 0x000002705230bb30 Uncommon trap: reason=class_check action=maybe_recompile pc=0x0000027062288654 method=java.io.BufferedReader.read()I @ 6 c2
Event: 1.779 Thread 0x000002705230bb30 DEOPT PACKING pc=0x0000027062288654 sp=0x000000ec6c1fe150
Event: 1.779 Thread 0x000002705230bb30 DEOPT UNPACKING pc=0x0000027061cf46a2 sp=0x000000ec6c1fe108 mode 2
Event: 1.779 Thread 0x000002705230bb30 Uncommon trap: trap_request=0xffffffde fr.pc=0x0000027062288654 relative=0x00000000000004d4
Event: 1.779 Thread 0x000002705230bb30 Uncommon trap: reason=class_check action=maybe_recompile pc=0x0000027062288654 method=java.io.BufferedReader.read()I @ 6 c2
Event: 1.779 Thread 0x000002705230bb30 DEOPT PACKING pc=0x0000027062288654 sp=0x000000ec6c1fe150
Event: 1.779 Thread 0x000002705230bb30 DEOPT UNPACKING pc=0x0000027061cf46a2 sp=0x000000ec6c1fe108 mode 2
Event: 1.889 Thread 0x000002705230bb30 Uncommon trap: trap_request=0xffffff54 fr.pc=0x00000270622e8bdc relative=0x00000000000015fc
Event: 1.889 Thread 0x000002705230bb30 Uncommon trap: reason=speculate_null_assert action=make_not_entrant pc=0x00000270622e8bdc method=java.util.jar.JarFile.getVersionedEntry(Ljava/lang/String;Ljava/util/jar/JarEntry;)Ljava/util/jar/JarEntry; @ 115 c2
Event: 1.889 Thread 0x000002705230bb30 DEOPT PACKING pc=0x00000270622e8bdc sp=0x000000ec6c1fd470
Event: 1.889 Thread 0x000002705230bb30 DEOPT UNPACKING pc=0x0000027061cf46a2 sp=0x000000ec6c1fd468 mode 2
Event: 1.889 Thread 0x000002705230bb30 Uncommon trap: trap_request=0xffffff45 fr.pc=0x00000270622951c8 relative=0x0000000000000c88
Event: 1.889 Thread 0x000002705230bb30 Uncommon trap: reason=unstable_if action=reinterpret pc=0x00000270622951c8 method=java.util.jar.JarFile.getEntry(Ljava/lang/String;)Ljava/util/zip/ZipEntry; @ 15 c2
Event: 1.890 Thread 0x000002705230bb30 DEOPT PACKING pc=0x00000270622951c8 sp=0x000000ec6c1fd530
Event: 1.890 Thread 0x000002705230bb30 DEOPT UNPACKING pc=0x0000027061cf46a2 sp=0x000000ec6c1fd528 mode 2

Classes loaded (20 events):
Event: 1.891 Loading class java/lang/Thread$Builder$OfVirtual done
Event: 1.891 Loading class java/lang/ThreadBuilders$BaseThreadBuilder
Event: 1.891 Loading class java/lang/ThreadBuilders$BaseThreadBuilder done
Event: 1.891 Loading class java/lang/ThreadBuilders$VirtualThreadBuilder done
Event: 1.891 Loading class java/lang/ThreadBuilders
Event: 1.891 Loading class java/lang/ThreadBuilders done
Event: 1.891 Loading class java/lang/ThreadBuilders$VirtualThreadFactory
Event: 1.891 Loading class java/lang/ThreadBuilders$BaseThreadFactory
Event: 1.891 Loading class java/lang/ThreadBuilders$BaseThreadFactory done
Event: 1.891 Loading class java/lang/ThreadBuilders$VirtualThreadFactory done
Event: 1.907 Loading class java/util/Stack
Event: 1.907 Loading class java/util/Stack done
Event: 1.907 Loading class java/util/Vector$Itr
Event: 1.908 Loading class java/util/Vector$Itr done
Event: 1.944 Loading class org/xml/sax/InputSource
Event: 1.944 Loading class org/xml/sax/InputSource done
Event: 1.945 Loading class java/nio/file/FileSystemNotFoundException
Event: 1.946 Loading class java/nio/file/FileSystemNotFoundException done
Event: 1.949 Loading class java/util/zip/ZipException
Event: 1.949 Loading class java/util/zip/ZipException done

Classes unloaded (0 events):
No events

Classes redefined (0 events):
No events

Internal exceptions (20 events):
Event: 1.635 Thread 0x000002705230bb30 Exception <a 'java/lang/NoSuchMethodError'{0x00000000895c5910}: 'int java.lang.invoke.DirectMethodHandle$Holder.invokeSpecialIFC(java.lang.Object, java.lang.Object, java.lang.Object, java.lang.Object, java.lang.Object)'> (0x00000000895c5910) 
thrown [s\open\src\hotspot\share\interpreter\linkResolver.cpp, line 773]
Event: 1.698 Thread 0x000002705230bb30 Exception <a 'java/lang/NoSuchMethodError'{0x0000000089343968}: 'java.lang.Object java.lang.invoke.DirectMethodHandle$Holder.newInvokeSpecial(java.lang.Object, java.lang.Object, java.lang.Object, java.lang.Object, java.lang.Object, java.lang.Object, java.lang.Object)'> (0x0000000089343968) 
thrown [s\open\src\hotspot\share\interpreter\linkResolver.cpp, line 773]
Event: 1.703 Thread 0x000002705230bb30 Exception <a 'java/lang/NoSuchMethodError'{0x000000008935f4c8}: 'void java.lang.invoke.DirectMethodHandle$Holder.invokeStaticInit(java.lang.Object, java.lang.Object)'> (0x000000008935f4c8) 
thrown [s\open\src\hotspot\share\interpreter\linkResolver.cpp, line 773]
Event: 1.712 Thread 0x000002705230bb30 Exception <a 'java/lang/NoSuchMethodError'{0x000000008939f380}: 'int java.lang.invoke.DirectMethodHandle$Holder.invokeStatic(java.lang.Object, java.lang.Object, java.lang.Object, java.lang.Object)'> (0x000000008939f380) 
thrown [s\open\src\hotspot\share\interpreter\linkResolver.cpp, line 773]
Event: 1.728 Thread 0x000002705230bb30 Exception <a 'java/lang/NoSuchMethodError'{0x00000000892015f8}: 'java.lang.Object java.lang.invoke.DirectMethodHandle$Holder.invokeSpecial(java.lang.Object, java.lang.Object, java.lang.Object, java.lang.Object, java.lang.Object, java.lang.Object, int)'> (0x00000000892015f8) 
thrown [s\open\src\hotspot\share\interpreter\linkResolver.cpp, line 773]
Event: 1.729 Thread 0x000002705230bb30 Exception <a 'java/lang/NoSuchMethodError'{0x000000008920ab00}: 'java.lang.Object java.lang.invoke.DirectMethodHandle$Holder.newInvokeSpecial(java.lang.Object, java.lang.Object, java.lang.Object, java.lang.Object, java.lang.Object, java.lang.Object, int)'> (0x000000008920ab00) 
thrown [s\open\src\hotspot\share\interpreter\linkResolver.cpp, line 773]
Event: 1.730 Thread 0x000002705230bb30 Exception <a 'java/lang/NoSuchMethodError'{0x000000008920f0b0}: 'java.lang.Object java.lang.invoke.DirectMethodHandle$Holder.invokeSpecial(java.lang.Object, java.lang.Object, java.lang.Object, java.lang.Object, java.lang.Object, java.lang.Object, java.lang.Object, int)'> (0x000000008920f0b0) 
thrown [s\open\src\hotspot\share\interpreter\linkResolver.cpp, line 773]
Event: 1.769 Thread 0x000002705230bb30 Exception <a 'java/lang/NoSuchMethodError'{0x0000000089146c00}: 'void java.lang.invoke.DirectMethodHandle$Holder.invokeSpecial(java.lang.Object, java.lang.Object, java.lang.Object, java.lang.Object, java.lang.Object)'> (0x0000000089146c00) 
thrown [s\open\src\hotspot\share\interpreter\linkResolver.cpp, line 773]
Event: 1.808 Thread 0x000002705230bb30 Exception <a 'java/lang/NoSuchMethodError'{0x0000000089021d80}: 'java.lang.Object java.lang.invoke.DirectMethodHandle$Holder.invokeSpecial(java.lang.Object, java.lang.Object, java.lang.Object, int, java.lang.Object)'> (0x0000000089021d80) 
thrown [s\open\src\hotspot\share\interpreter\linkResolver.cpp, line 773]
Event: 1.809 Thread 0x000002705230bb30 Exception <a 'java/lang/NoSuchMethodError'{0x0000000089029578}: 'java.lang.Object java.lang.invoke.DirectMethodHandle$Holder.newInvokeSpecial(java.lang.Object, java.lang.Object, java.lang.Object, int, java.lang.Object)'> (0x0000000089029578) 
thrown [s\open\src\hotspot\share\interpreter\linkResolver.cpp, line 773]
Event: 1.810 Thread 0x000002705230bb30 Exception <a 'java/lang/NoSuchMethodError'{0x0000000089030a30}: 'java.lang.Object java.lang.invoke.Invokers$Holder.linkToTargetMethod(java.lang.Object, java.lang.Object, int, java.lang.Object, java.lang.Object)'> (0x0000000089030a30) 
thrown [s\open\src\hotspot\share\interpreter\linkResolver.cpp, line 773]
Event: 1.812 Thread 0x000002705230bb30 Exception <a 'java/lang/NoSuchMethodError'{0x000000008903df00}: 'java.lang.Object java.lang.invoke.DirectMethodHandle$Holder.newInvokeSpecial(java.lang.Object, int, java.lang.Object)'> (0x000000008903df00) 
thrown [s\open\src\hotspot\share\interpreter\linkResolver.cpp, line 773]
Event: 1.813 Thread 0x000002705230bb30 Exception <a 'java/lang/NoSuchMethodError'{0x0000000089041e50}: 'int java.lang.invoke.DirectMethodHandle$Holder.invokeSpecialIFC(java.lang.Object, java.lang.Object, java.lang.Object, java.lang.Object)'> (0x0000000089041e50) 
thrown [s\open\src\hotspot\share\interpreter\linkResolver.cpp, line 773]
Event: 1.843 Thread 0x000002705230bb30 Exception <a 'java/lang/NoSuchMethodError'{0x0000000088f19c00}: 'void java.lang.invoke.DirectMethodHandle$Holder.invokeInterface(java.lang.Object, java.lang.Object, java.lang.Object)'> (0x0000000088f19c00) 
thrown [s\open\src\hotspot\share\interpreter\linkResolver.cpp, line 773]
Event: 1.866 Thread 0x000002705230bb30 Exception <a 'java/lang/NoSuchMethodError'{0x0000000088f9e6b8}: 'void java.lang.invoke.DirectMethodHandle$Holder.invokeStaticInit(java.lang.Object, java.lang.Object, java.lang.Object)'> (0x0000000088f9e6b8) 
thrown [s\open\src\hotspot\share\interpreter\linkResolver.cpp, line 773]
Event: 1.873 Thread 0x000002705230bb30 Exception <a 'java/lang/NoSuchMethodError'{0x0000000088fe2dc8}: 'java.lang.Object java.lang.invoke.DirectMethodHandle$Holder.invokeVirtual(java.lang.Object, java.lang.Object, java.lang.Object)'> (0x0000000088fe2dc8) 
thrown [s\open\src\hotspot\share\interpreter\linkResolver.cpp, line 773]
Event: 1.878 Thread 0x000002705230bb30 Exception <a 'java/lang/NoSuchMethodError'{0x0000000088ffc0f0}: 'java.lang.Object java.lang.invoke.DirectMethodHandle$Holder.invokeStatic(java.lang.Object, long, java.lang.Object)'> (0x0000000088ffc0f0) 
thrown [s\open\src\hotspot\share\interpreter\linkResolver.cpp, line 773]
Event: 1.879 Thread 0x000002705230bb30 Exception <a 'java/lang/NoSuchMethodError'{0x0000000088fff748}: 'java.lang.Object java.lang.invoke.DirectMethodHandle$Holder.invokeStaticInit(java.lang.Object, long, java.lang.Object)'> (0x0000000088fff748) 
thrown [s\open\src\hotspot\share\interpreter\linkResolver.cpp, line 773]
Event: 1.879 Thread 0x000002705230bb30 Exception <a 'java/lang/NoSuchMethodError'{0x0000000088e05740}: 'java.lang.Object java.lang.invoke.DirectMethodHandle$Holder.newInvokeSpecial(java.lang.Object, long)'> (0x0000000088e05740) 
thrown [s\open\src\hotspot\share\interpreter\linkResolver.cpp, line 773]
Event: 1.892 Thread 0x000002705230bb30 Exception <a 'java/lang/NoSuchMethodError'{0x0000000088e57c68}: 'void java.lang.invoke.DirectMethodHandle$Holder.invokeVirtual(java.lang.Object, java.lang.Object, java.lang.Object, java.lang.Object)'> (0x0000000088e57c68) 
thrown [s\open\src\hotspot\share\interpreter\linkResolver.cpp, line 773]

ZGC Phase Switch (0 events):
No events

VM Operations (20 events):
Event: 1.036 Executing VM operation: ICBufferFull
Event: 1.036 Executing VM operation: ICBufferFull done
Event: 1.121 Executing VM operation: HandshakeAllThreads (Deoptimize)
Event: 1.121 Executing VM operation: HandshakeAllThreads (Deoptimize) done
Event: 1.192 Executing VM operation: G1CollectForAllocation (G1 Evacuation Pause)
Event: 1.207 Executing VM operation: G1CollectForAllocation (G1 Evacuation Pause) done
Event: 1.401 Executing VM operation: HandshakeAllThreads (Deoptimize)
Event: 1.401 Executing VM operation: HandshakeAllThreads (Deoptimize) done
Event: 1.541 Executing VM operation: HandshakeAllThreads (Deoptimize)
Event: 1.541 Executing VM operation: HandshakeAllThreads (Deoptimize) done
Event: 1.778 Executing VM operation: HandshakeAllThreads (Deoptimize)
Event: 1.778 Executing VM operation: HandshakeAllThreads (Deoptimize) done
Event: 1.860 Executing VM operation: ICBufferFull
Event: 1.860 Executing VM operation: ICBufferFull done
Event: 1.930 Executing VM operation: HandshakeAllThreads (Deoptimize)
Event: 1.930 Executing VM operation: HandshakeAllThreads (Deoptimize) done
Event: 1.935 Executing VM operation: HandshakeAllThreads (Deoptimize)
Event: 1.936 Executing VM operation: HandshakeAllThreads (Deoptimize) done
Event: 1.936 Executing VM operation: HandshakeAllThreads (Deoptimize)
Event: 1.936 Executing VM operation: HandshakeAllThreads (Deoptimize) done

Events (17 events):
Event: 0.031 Thread 0x000002705230bb30 Thread added: 0x000002705230bb30
Event: 0.047 Thread 0x000002706ec2f120 Thread added: 0x000002706ec2f120
Event: 0.047 Thread 0x000002706ec301f0 Thread added: 0x000002706ec301f0
Event: 0.048 Thread 0x000002706ec33f80 Thread added: 0x000002706ec33f80
Event: 0.048 Thread 0x000002706ec34c60 Thread added: 0x000002706ec34c60
Event: 0.048 Thread 0x000002706ec35870 Thread added: 0x000002706ec35870
Event: 0.048 Thread 0x000002706ec36630 Thread added: 0x000002706ec36630
Event: 0.048 Thread 0x000002706ec3b8d0 Thread added: 0x000002706ec3b8d0
Event: 0.048 Thread 0x000002706ec66610 Thread added: 0x000002706ec66610
Event: 0.177 Thread 0x000002706ebf2d20 Thread added: 0x000002706ebf2d20
Event: 0.284 Thread 0x0000027073263000 Thread added: 0x0000027073263000
Event: 0.499 Thread 0x00000270736ef1e0 Thread added: 0x00000270736ef1e0
Event: 0.499 Thread 0x000002707359da90 Thread added: 0x000002707359da90
Event: 1.334 Thread 0x0000027073a1a800 Thread added: 0x0000027073a1a800
Event: 1.442 Thread 0x0000027073aa3000 Thread added: 0x0000027073aa3000
Event: 1.512 Thread 0x0000027073fb0e30 Thread added: 0x0000027073fb0e30
Event: 1.536 Thread 0x000002707446a760 Thread added: 0x000002707446a760


Dynamic libraries:
0x00007ff710060000 - 0x00007ff710070000 	C:\Program Files\Java\jdk-21\bin\java.exe
0x00007ffe1a370000 - 0x00007ffe1a568000 	C:\WINDOWS\SYSTEM32\ntdll.dll
0x00007ffe1a170000 - 0x00007ffe1a232000 	C:\WINDOWS\System32\KERNEL32.DLL
0x00007ffe17a10000 - 0x00007ffe17d0e000 	C:\WINDOWS\System32\KERNELBASE.dll
0x00007ffe17ee0000 - 0x00007ffe17fe0000 	C:\WINDOWS\System32\ucrtbase.dll
0x00007ffe126d0000 - 0x00007ffe126e9000 	C:\Program Files\Java\jdk-21\bin\jli.dll
0x00007ffe126f0000 - 0x00007ffe1270b000 	C:\Program Files\Java\jdk-21\bin\VCRUNTIME140.dll
0x00007ffe18720000 - 0x00007ffe187d2000 	C:\WINDOWS\System32\ADVAPI32.dll
0x00007ffe18680000 - 0x00007ffe1871e000 	C:\WINDOWS\System32\msvcrt.dll
0x00007ffe187e0000 - 0x00007ffe18880000 	C:\WINDOWS\System32\sechost.dll
0x00007ffe18890000 - 0x00007ffe189b3000 	C:\WINDOWS\System32\RPCRT4.dll
0x00007ffe18360000 - 0x00007ffe18387000 	C:\WINDOWS\System32\bcrypt.dll
0x00007ffe194e0000 - 0x00007ffe1967d000 	C:\WINDOWS\System32\USER32.dll
0x00007ffe17eb0000 - 0x00007ffe17ed2000 	C:\WINDOWS\System32\win32u.dll
0x00007ffe021d0000 - 0x00007ffe0246a000 	C:\WINDOWS\WinSxS\amd64_microsoft.windows.common-controls_6595b64144ccf1df_6.0.19041.4355_none_60b8b9eb71f62e16\COMCTL32.dll
0x00007ffe1a0d0000 - 0x00007ffe1a0fb000 	C:\WINDOWS\System32\GDI32.dll
0x00007ffe18240000 - 0x00007ffe18357000 	C:\WINDOWS\System32\gdi32full.dll
0x00007ffe17d10000 - 0x00007ffe17dad000 	C:\WINDOWS\System32\msvcp_win.dll
0x00007ffe11d00000 - 0x00007ffe11d0a000 	C:\WINDOWS\SYSTEM32\VERSION.dll
0x00007ffe18650000 - 0x00007ffe1867f000 	C:\WINDOWS\System32\IMM32.DLL
0x00007ffe12690000 - 0x00007ffe1269c000 	C:\Program Files\Java\jdk-21\bin\vcruntime140_1.dll
0x00007ffdf9360000 - 0x00007ffdf93ee000 	C:\Program Files\Java\jdk-21\bin\msvcp140.dll
0x00007ffdbfc20000 - 0x00007ffdc0937000 	C:\Program Files\Java\jdk-21\bin\server\jvm.dll
0x00007ffe1a100000 - 0x00007ffe1a16b000 	C:\WINDOWS\System32\WS2_32.dll
0x00007ffe17870000 - 0x00007ffe178bb000 	C:\WINDOWS\SYSTEM32\POWRPROF.dll
0x00007ffe07ac0000 - 0x00007ffe07ae7000 	C:\WINDOWS\SYSTEM32\WINMM.dll
0x00007ffe17850000 - 0x00007ffe17862000 	C:\WINDOWS\SYSTEM32\UMPDC.dll
0x00007ffe15890000 - 0x00007ffe158a2000 	C:\WINDOWS\SYSTEM32\kernel.appcore.dll
0x00007ffe12680000 - 0x00007ffe1268a000 	C:\Program Files\Java\jdk-21\bin\jimage.dll
0x00007ffe06610000 - 0x00007ffe067f4000 	C:\WINDOWS\SYSTEM32\DBGHELP.DLL
0x00007ffe06150000 - 0x00007ffe06184000 	C:\WINDOWS\SYSTEM32\dbgcore.DLL
0x00007ffe17e20000 - 0x00007ffe17ea2000 	C:\WINDOWS\System32\bcryptPrimitives.dll
0x00007ffe12670000 - 0x00007ffe1267f000 	C:\Program Files\Java\jdk-21\bin\instrument.dll
0x00007ffe12650000 - 0x00007ffe1266f000 	C:\Program Files\Java\jdk-21\bin\java.dll
0x00007ffe19960000 - 0x00007ffe1a0cf000 	C:\WINDOWS\System32\SHELL32.dll
0x00007ffe15a90000 - 0x00007ffe16234000 	C:\WINDOWS\SYSTEM32\windows.storage.dll
0x00007ffe18e30000 - 0x00007ffe19183000 	C:\WINDOWS\System32\combase.dll
0x00007ffe17370000 - 0x00007ffe1739e000 	C:\WINDOWS\SYSTEM32\Wldp.dll
0x00007ffe19340000 - 0x00007ffe1940d000 	C:\WINDOWS\System32\OLEAUT32.dll
0x00007ffe185a0000 - 0x00007ffe1864d000 	C:\WINDOWS\System32\SHCORE.dll
0x00007ffe19470000 - 0x00007ffe194c5000 	C:\WINDOWS\System32\shlwapi.dll
0x00007ffe17940000 - 0x00007ffe17964000 	C:\WINDOWS\SYSTEM32\profapi.dll
0x00007ffdf9280000 - 0x00007ffdf9357000 	C:\Program Files\Java\jdk-21\bin\jsvml.dll
0x00007ffdf9bf0000 - 0x00007ffdf9c08000 	C:\Program Files\Java\jdk-21\bin\zip.dll
0x00007ffe12300000 - 0x00007ffe12310000 	C:\Program Files\Java\jdk-21\bin\net.dll
0x00007ffe0fdf0000 - 0x00007ffe0fefd000 	C:\WINDOWS\SYSTEM32\WINHTTP.dll
0x00007ffe170d0000 - 0x00007ffe1713a000 	C:\WINDOWS\system32\mswsock.dll
0x00007ffdf9c70000 - 0x00007ffdf9c86000 	C:\Program Files\Java\jdk-21\bin\nio.dll
0x00007ffdf9ba0000 - 0x00007ffdf9bba000 	D:\Program Files\IntelliJ IDEA 2024.2.3\bin\breakgen64.dll
0x00007ffe10d70000 - 0x00007ffe10d79000 	C:\Program Files\Java\jdk-21\bin\extnet.dll
0x00007ffe16df0000 - 0x00007ffe16eba000 	C:\WINDOWS\SYSTEM32\DNSAPI.dll
0x00007ffe16db0000 - 0x00007ffe16deb000 	C:\WINDOWS\SYSTEM32\IPHLPAPI.DLL
0x00007ffe18880000 - 0x00007ffe18888000 	C:\WINDOWS\System32\NSI.dll
0x00007ffe0dc80000 - 0x00007ffe0dc8a000 	C:\Windows\System32\rasadhlp.dll
0x00007ffe0dd90000 - 0x00007ffe0de10000 	C:\WINDOWS\System32\fwpuclnt.dll
0x00007ffe10c60000 - 0x00007ffe10c6a000 	C:\Program Files\Java\jdk-21\bin\management.dll
0x00007ffdfb9a0000 - 0x00007ffdfb9ab000 	C:\Program Files\Java\jdk-21\bin\management_ext.dll
0x00007ffe1a240000 - 0x00007ffe1a248000 	C:\WINDOWS\System32\PSAPI.DLL
0x00007ffe172d0000 - 0x00007ffe172e8000 	C:\WINDOWS\SYSTEM32\CRYPTSP.dll
0x00007ffe169f0000 - 0x00007ffe16a24000 	C:\WINDOWS\system32\rsaenh.dll
0x00007ffe178c0000 - 0x00007ffe178ee000 	C:\WINDOWS\SYSTEM32\USERENV.dll
0x00007ffe172c0000 - 0x00007ffe172cc000 	C:\WINDOWS\SYSTEM32\CRYPTBASE.dll
0x00007ffe04a00000 - 0x00007ffe04a17000 	C:\WINDOWS\system32\napinsp.dll
0x00007ffe02840000 - 0x00007ffe0285b000 	C:\WINDOWS\system32\pnrpnsp.dll
0x00007ffe02800000 - 0x00007ffe02815000 	C:\WINDOWS\system32\wshbth.dll
0x00007ffe14b10000 - 0x00007ffe14b2d000 	C:\WINDOWS\system32\NLAapi.dll
0x00007ffe02470000 - 0x00007ffe02482000 	C:\WINDOWS\System32\winrnr.dll
0x00007ffe065b0000 - 0x00007ffe06603000 	C:\WINDOWS\SYSTEM32\pdh.dll

dbghelp: loaded successfully - version: 4.0.5 - missing functions: none
symbol engine: initialized successfully - sym options: 0x614 - pdb path: .;C:\Program Files\Java\jdk-21\bin;C:\WINDOWS\SYSTEM32;C:\WINDOWS\WinSxS\amd64_microsoft.windows.common-controls_6595b64144ccf1df_6.0.19041.4355_none_60b8b9eb71f62e16;C:\Program Files\Java\jdk-21\bin\server;D:\Program Files\IntelliJ IDEA 2024.2.3\bin

VM Arguments:
jvm_args: --enable-preview -javaagent:D:\Program Files\IntelliJ IDEA 2024.2.3\lib\idea_rt.jar=58919:D:\Program Files\IntelliJ IDEA 2024.2.3\bin -Dfile.encoding=UTF-8 -Dsun.stdout.encoding=UTF-8 -Dsun.stderr.encoding=UTF-8 
java_command: com.PhD_UAE.PhD.PhDApplication
java_class_path (initial): D:\Phd_back\target\classes;C:\Users\lenovo\.m2\repository\org\springframework\boot\spring-boot-starter-data-jpa\3.3.4\spring-boot-starter-data-jpa-3.3.4.jar;C:\Users\lenovo\.m2\repository\org\springframework\boot\spring-boot-starter-aop\3.3.4\spring-boot-starter-aop-3.3.4.jar;C:\Users\lenovo\.m2\repository\org\aspectj\aspectjweaver\1.9.22.1\aspectjweaver-1.9.22.1.jar;C:\Users\lenovo\.m2\repository\org\springframework\boot\spring-boot-starter-jdbc\3.3.4\spring-boot-starter-jdbc-3.3.4.jar;C:\Users\lenovo\.m2\repository\com\zaxxer\HikariCP\5.1.0\HikariCP-5.1.0.jar;C:\Users\lenovo\.m2\repository\org\springframework\spring-jdbc\6.1.13\spring-jdbc-6.1.13.jar;C:\Users\lenovo\.m2\repository\org\hibernate\orm\hibernate-core\6.5.3.Final\hibernate-core-6.5.3.Final.jar;C:\Users\lenovo\.m2\repository\jakarta\persistence\jakarta.persistence-api\3.1.0\jakarta.persistence-api-3.1.0.jar;C:\Users\lenovo\.m2\repository\jakarta\transaction\jakarta.transaction-api\2.0.1\jakarta.transaction-api-2.0.1.jar;C:\Users\lenovo\.m2\repository\org\jboss\logging\jboss-logging\3.5.3.Final\jboss-logging-3.5.3.Final.jar;C:\Users\lenovo\.m2\repository\org\hibernate\common\hibernate-commons-annotations\6.0.6.Final\hibernate-commons-annotations-6.0.6.Final.jar;C:\Users\lenovo\.m2\repository\io\smallrye\jandex\3.1.2\jandex-3.1.2.jar;C:\Users\lenovo\.m2\repository\com\fasterxml\classmate\1.7.0\classmate-1.7.0.jar;C:\Users\lenovo\.m2\repository\net\bytebuddy\byte-buddy\1.14.19\byte-buddy-1.14.19.jar;C:\Users\lenovo\.m2\repository\org\glassfish\jaxb\jaxb-runtime\4.0.5\jaxb-runtime-4.0.5.jar;C:\Users\lenovo\.m2\repository\org\glassfish\jaxb\jaxb-core\4.0.5\jaxb-core-4.0.5.jar;C:\Users\lenovo\.m2\repository\org\glassfish\jaxb\txw2\4.0.5\txw2-4.0.5.jar;C:\Users\lenovo\.m2\repository\com\sun\istack\istack-commons-runtime\4.1.2\istack-commons-runtime-4.1.2.jar;C:\Users\lenovo\.m2\repository\jakarta\inject\jakarta.inject-api\2.0.1\jakarta.inject-api-2.0.1.jar;C:\Users\lenovo\.m2\repository\org\antlr\antlr4-runtime\4.13.0\antlr4-runtime-4.13.0.jar;C:\Users\lenovo\.m2\repository\org\springframework\data\spring-data-jpa\3.3.4\spring-data-jpa-3.3.4.jar;C:\Users\lenovo\.m2\repository\org\springframework\data\spring-data-commons\3.3.4\spring-data-commons-3.3.4.jar;C:\Users\lenovo\.m2\repository\org\springframework\spring-orm\6.1.13\spring-orm-6.1.13.jar;C:\Users\lenovo\.m2\repository\org\springframework\spring-context\6.1.13\spring-context-6.1.13.jar;C:\Users\lenovo\.m2\repository\org\springframework\spring-tx\6.1.13\spring-tx-6.1.13.jar;C:\Users\lenovo\.m2\repository\org\springframework\spring-beans\6.1.13\spring-beans-6.1.13.jar;C:\Users\lenovo\.m2\repository\jakarta\annotation\jakarta.annotation-api\2.1.1\jakarta.annotation-api-2.1.1.jar;C:\Users\lenovo\.m2\repository\org\springframework\spring-aspects\6.1.13\spring-aspects-6.1.13.jar;C:\Users\lenovo\.m2\repository\org\springframework\boot\spring-boot-starter-web\3.3.4\spring-boot-starter-web-3.3.4.jar;C:\Users\lenovo\.m2\repository\org\springframework\boot\spring-boot-starter\3.3.4\spring-boot-starter-3.3.4.jar;C:\Users\lenovo\.m2\repository\org\springframework\boot\spring-boot\3.3.4\spring-boot-3.3.4.jar;C:\Users\lenovo\.m2\repository\org\springframework\boot\spring-boot-autoconfigure\3.3.4\spring-boot-autoconfigure-3.3.4.jar;C:\Users\lenovo\.m2\repository\org\springframework\boot\spring-boot-starter-logging\3.3.4\spring-boot-starter-logging-3.3.4.jar;C:\Users\lenovo\.m2\repository\ch\qos\logback\logback-classic\1.5.8\logback-classic-1.5.8.jar;C:\Users\lenovo\.m2\repository\ch\qos\logback\logback-core\1.5.8\logback-core-1.5.8.jar;C:\Users\lenovo\.m2\repository\org\apache\logging\log4j\log4j-to-slf4j\2.23.1\log4j-to-slf4j-2.23.1.jar;C:\Users\lenovo\.m2\repository\org\apache\logging\log4j\log4j-api\2.23.1\log4j-api-2.23.1.jar;C:\Users\lenovo\.m2\repository\org\slf4j\jul-to-slf4j\2.0.16\jul-to-slf4j-2.0.16.jar;C:\Users\lenovo\.m2\repository\org\yaml\snakeyaml\2.2\snakeyaml-2.2.jar;C:\Users\lenovo\.m2\repository\org\springframework\boot\spring-boot-starter-json\3.3.4\spring-boot-starter-json-3.3.4.jar;C:\Users\lenovo\.m2\repository\com\fasterxml\jackson\core\jackson-databind\2.17.2\jackson-databind-2.17.2.jar;C:\Users\lenovo\.m2\repository\com\fasterxml\jackson\core\jackson-annotations\2.17.2\jackson-annotations-2.17.2.jar;C:\Users\lenovo\.m2\repository\com\fasterxml\jackson\core\jackson-core\2.17.2\jackson-core-2.17.2.jar;C:\Users\lenovo\.m2\repository\com\fasterxml\jackson\datatype\jackson-datatype-jdk8\2.17.2\jackson-datatype-jdk8-2.17.2.jar;C:\Users\lenovo\.m2\repository\com\fasterxml\jackson\datatype\jackson-datatype-jsr310\2.17.2\jackson-datatype-jsr310-2.17.2.jar;C:\Users\lenovo\.m2\repository\com\fasterxml\jackson\module\jackson-module-parameter-names\2.17.2\jackson-module-parameter-names-2.17.2.jar;C:\Users\lenovo\.m2\repository\org\springframework\boot\spring-boot-starter-tomcat\3.3.4\spring-boot-starter-tomcat-3.3.4.jar;C:\Users\lenovo\.m2\repository\org\apache\tomcat\embed\tomcat-embed-core\10.1.30\tomcat-embed-core-10.1.30.jar;C:\Users\lenovo\.m2\repository\org\apache\tomcat\embed\tomcat-embed-el\10.1.30\tomcat-embed-el-10.1.30.jar;C:\Users\lenovo\.m2\repository\org\apache\tomcat\embed\tomcat-embed-websocket\10.1.30\tomcat-embed-websocket-10.1.30.jar;C:\Users\lenovo\.m2\repository\org\springframework\spring-web\6.1.13\spring-web-6.1.13.jar;C:\Users\lenovo\.m2\repository\io\micrometer\micrometer-observation\1.13.4\micrometer-observation-1.13.4.jar;C:\Users\lenovo\.m2\repository\io\micrometer\micrometer-commons\1.13.4\micrometer-commons-1.13.4.jar;C:\Users\lenovo\.m2\repository\org\springframework\spring-webmvc\6.1.13\spring-webmvc-6.1.13.jar;C:\Users\lenovo\.m2\repository\org\springframework\spring-expression\6.1.13\spring-expression-6.1.13.jar;C:\Users\lenovo\.m2\repository\com\mysql\mysql-connector-j\8.3.0\mysql-connector-j-8.3.0.jar;C:\Users\lenovo\.m2\repository\com\itextpdf\kernel\7.1.11\kernel-7.1.11.jar;C:\Users\lenovo\.m2\repository\com\itextpdf\io\7.1.11\io-7.1.11.jar;C:\Users\lenovo\.m2\repository\org\bouncycastle\bcpkix-jdk15on\1.64\bcpkix-jdk15on-1.64.jar;C:\Users\lenovo\.m2\repository\org\bouncycastle\bcprov-jdk15on\1.64\bcprov-jdk15on-1.64.jar;C:\Users\lenovo\.m2\repository\org\slf4j\slf4j-api\2.0.16\slf4j-api-2.0.16.jar;C:\Users\lenovo\.m2\repository\com\itextpdf\layout\7.1.11\layout-7.1.11.jar;C:\Users\lenovo\.m2\repository\org\projectlombok\lombok\1.18.34\lombok-1.18.34.jar;C:\Users\lenovo\.m2\repository\jakarta\xml\bind\jakarta.xml.bind-api\4.0.2\jakarta.xml.bind-api-4.0.2.jar;C:\Users\lenovo\.m2\repository\jakarta\activation\jakarta.activation-api\2.1.3\jakarta.activation-api-2.1.3.jar;C:\Users\lenovo\.m2\repository\org\springframework\spring-core\6.1.13\spring-core-6.1.13.jar;C:\Users\lenovo\.m2\repository\org\springframework\spring-jcl\6.1.13\spring-jcl-6.1.13.jar;C:\Users\lenovo\.m2\repository\org\springframework\boot\spring-boot-starter-security\3.3.4\spring-boot-starter-security-3.3.4.jar;C:\Users\lenovo\.m2\repository\org\springframework\spring-aop\6.1.13\spring-aop-6.1.13.jar;C:\Users\lenovo\.m2\repository\org\springframework\security\spring-security-config\6.3.3\spring-security-config-6.3.3.jar;C:\Users\lenovo\.m2\repository\org\springframework\security\spring-security-core\6.3.3\spring-security-core-6.3.3.jar;C:\Users\lenovo\.m2\repository\org\springframework\security\spring-security-crypto\6.3.3\spring-security-crypto-6.3.3.jar;C:\Users\lenovo\.m2\repository\org\springframework\security\spring-security-web\6.3.3\spring-security-web-6.3.3.jar;C:\Users\lenovo\.m2\repository\org\springframework\boot\spring-boot-starter-mail\3.3.4\spring-boot-starter-mail-3.3.4.jar;C:\Users\lenovo\.m2\repository\org\springframework\spring-context-support\6.1.13\spring-context-support-6.1.13.jar;C:\Users\lenovo\.m2\repository\org\eclipse\angus\jakarta.mail\2.0.3\jakarta.mail-2.0.3.jar;C:\Users\lenovo\.m2\repository\org\eclipse\angus\angus-activation\2.0.2\angus-activation-2.0.2.jar
Launcher Type: SUN_STANDARD

[Global flags]
     intx CICompilerCount                          = 4                                         {product} {ergonomic}
     uint ConcGCThreads                            = 2                                         {product} {ergonomic}
     uint G1ConcRefinementThreads                  = 8                                         {product} {ergonomic}
   size_t G1HeapRegionSize                         = 1048576                                   {product} {ergonomic}
    uintx GCDrainStackTargetSize                   = 64                                        {product} {ergonomic}
   size_t InitialHeapSize                          = 132120576                                 {product} {ergonomic}
   size_t MarkStackSize                            = 4194304                                   {product} {ergonomic}
   size_t MaxHeapSize                              = 2113929216                                {product} {ergonomic}
   size_t MaxNewSize                               = 1267728384                                {product} {ergonomic}
   size_t MinHeapDeltaBytes                        = 1048576                                   {product} {ergonomic}
   size_t MinHeapSize                              = 8388608                                   {product} {ergonomic}
    uintx NonNMethodCodeHeapSize                   = 5839372                                {pd product} {ergonomic}
    uintx NonProfiledCodeHeapSize                  = 122909434                              {pd product} {ergonomic}
    uintx ProfiledCodeHeapSize                     = 122909434                              {pd product} {ergonomic}
    uintx ReservedCodeCacheSize                    = 251658240                              {pd product} {ergonomic}
     bool SegmentedCodeCache                       = true                                      {product} {ergonomic}
   size_t SoftMaxHeapSize                          = 2113929216                             {manageable} {ergonomic}
     bool UseCompressedOops                        = true                           {product lp64_product} {ergonomic}
     bool UseG1GC                                  = true                                      {product} {ergonomic}
     bool UseLargePagesIndividualAllocation        = false                                  {pd product} {ergonomic}

Logging:
Log output configuration:
 #0: stdout all=warning uptime,level,tags foldmultilines=false
 #1: stderr all=off uptime,level,tags foldmultilines=false

Environment Variables:
PATH=C:\Users\lenovo\AppData\Local\Programs\Python\Python312\Scripts\;C:\Users\lenovo\AppData\Local\Programs\Python\Python312\;C:\Program Files\Common Files\Oracle\Java\javapath;C:\oraclexe\app\oracle\product\11.2.0\server\bin;C:\ProgramData\watcom-1.3\binnt;C:\ProgramData\watcom-1.3\binw;C:\watcom-1.3\binnt;C:\watcom-1.3\binw;C:\WINDOWS\system32;C:\WINDOWS;C:\WINDOWS\System32\Wbem;C:\WINDOWS\System32\WindowsPowerShell\v1.0\;C:\WINDOWS\System32\OpenSSH\;C:\Program Files\MySQL\MySQL Server 5.5\bin;C:\MinGW\bin;C:\ProgramData\chocolatey\bin;C:\xampp\php;C:\Program Files\MongoDB\Server\7.0;C:\Program Files\Apache Software Foundation\Tomcat 11.0\bin;C:\Program Files\Git\cmd;D:\Program Files\heroku\bin;C:\Program Files\Docker\Docker\resources\bin;D:\Program Files\apache-maven-3.9.9\bin;C:\Users\lenovo\AppData\Roaming\nvm;C:\Program Files\nodejs;C:\Program Files\PowerShell\7\;C:\Users\lenovo\AppData\Local\Programs\Python\Python312\Scripts\;C:\Users\lenovo\AppData\Local\Programs\Python\Python312\;C:\Users\lenovo\AppData\Local\Programs\Python\Launcher\;C:\Users\lenovo\AppData\Local\Microsoft\WindowsApps;C:\Users\lenovo\Downloads\GnuWin32\GnuWin32\bin;C:\Program Files (x86)\GnuWin32\bin;C:\MinGW\bin;C:\MinGW\msys\1.0\bin;C:\MinGW\bin;C:\Users\lenovo\AppData\Local\Programs\Microsoft VS Code\bin;C:\Program Files\JetBrains\IntelliJ IDEA Community Edition 2023.3.4\bin;;C:\Users\lenovo\Downloads\java;C:\xampp\php;C:\Users\lenovo\AppData\Local\ComposerSetup\bin;C:\Users\lenovo\AppData\Roaming\Composer\vendor\bin;C:\Program Files\Java\jdk-21\bin;D:\Program Files\IntelliJ IDEA 2024.2.3\bin;;D:\Program Files\heroku\bin;C:\Program Files\Docker\Docker\resources\bin;C:\Users\lenovo\AppData\Roaming\npm;C:\Users\lenovo\AppData\Roaming\nvm;C:\Program Files\nodejs
USERNAME=lenovo
OS=Windows_NT
PROCESSOR_IDENTIFIER=Intel64 Family 6 Model 142 Stepping 10, GenuineIntel
TMP=C:\Users\lenovo\AppData\Local\Temp
TEMP=C:\Users\lenovo\AppData\Local\Temp




Periodic native trim disabled

---------------  S Y S T E M  ---------------

OS:
 Windows 10 , 64 bit Build 19041 (10.0.19041.4957)
OS uptime: 0 days 0:15 hours

CPU: total 8 (initial active 8) (4 cores per cpu, 2 threads per core) family 6 model 142 stepping 10 microcode 0xb4, cx8, cmov, fxsr, ht, mmx, 3dnowpref, sse, sse2, sse3, ssse3, sse4.1, sse4.2, popcnt, lzcnt, tsc, tscinvbit, avx, avx2, aes, erms, clmul, bmi1, bmi2, adx, fma, vzeroupper, clflush, clflushopt, rdtscp, f16c
Processor Information for all 8 processors :
  Max Mhz: 1801, Current Mhz: 1801, Mhz Limit: 1801

Memory: 4k page, system-wide physical 8058M (475M free)
TotalPageFile size 10106M (AvailPageFile size 5M)
current process WorkingSet (physical memory assigned to process): 107M, peak: 107M
current process commit charge ("private bytes"): 242M, peak: 243M

vm_info: Java HotSpot(TM) 64-Bit Server VM (21.0.2+13-LTS-58) for windows-amd64 JRE (21.0.2+13-LTS-58), built on 2024-01-05T18:32:24Z by "mach5one" with MS VC++ 17.1 (VS2022)

END.
