#
# There is insufficient memory for the Java Runtime Environment to continue.
# Native memory allocation (malloc) failed to allocate 334592 bytes for Chunk::new
# Possible reasons:
#   The system is out of physical RAM or swap space
#   The process is running with CompressedOops enabled, and the Java Heap may be blocking the growth of the native heap
# Possible solutions:
#   Reduce memory load on the system
#   Increase physical memory or swap space
#   Check if swap backing store is full
#   Decrease Java heap size (-Xmx/-Xms)
#   Decrease number of Java threads
#   Decrease Java thread stack sizes (-Xss)
#   Set larger code cache with -XX:ReservedCodeCacheSize=
#   JVM is running with Unscaled Compressed Oops mode in which the Java heap is
#     placed in the first 4GB address space. The Java Heap base address is the
#     maximum limit for the native heap growth. Please use -XX:HeapBaseMinAddress
#     to set the Java Heap base and to place the Java Heap above 4GB virtual address.
# This output file may be truncated or incomplete.
#
#  Out of Memory Error (arena.cpp:168), pid=12364, tid=2156
#
# JRE version: Java(TM) SE Runtime Environment (21.0.2+13) (build 21.0.2+13-LTS-58)
# Java VM: Java HotSpot(TM) 64-Bit Server VM (21.0.2+13-LTS-58, mixed mode, sharing, tiered, compressed oops, compressed class ptrs, g1 gc, windows-amd64)
# No core dump will be written. Minidumps are not enabled by default on client versions of Windows
#

---------------  S U M M A R Y ------------

Command Line: --enable-preview -javaagent:D:\Program Files\IntelliJ IDEA 2024.2.3\lib\idea_rt.jar=62912:D:\Program Files\IntelliJ IDEA 2024.2.3\bin -Dfile.encoding=UTF-8 -Dsun.stdout.encoding=UTF-8 -Dsun.stderr.encoding=UTF-8 com.PhD_UAE.PhD.PhDApplication

Host: Intel(R) Core(TM) i5-8250U CPU @ 1.60GHz, 8 cores, 7G,  Windows 10 , 64 bit Build 19041 (10.0.19041.4957)
Time: Fri Nov  1 11:12:40 2024 Maroc (heure d64 bit Build 19041 (10.0.19041.4957) elapsed time: 0.471569 seconds (0d 0h 0m 0s)

---------------  T H R E A D  ---------------

Current thread (0x000001faa9b62010):  JavaThread "C2 CompilerThread1" daemon [_thread_in_native, id=2156, stack(0x0000009b1e700000,0x0000009b1e800000) (1024K)]


Current CompileTask:
C2:    471  724       4       java.io.DataInputStream::readFully (59 bytes)

Stack: [0x0000009b1e700000,0x0000009b1e800000]
Native frames: (J=compiled Java code, j=interpreted, Vv=VM code, C=native code)
V  [jvm.dll+0x6cade9]
V  [jvm.dll+0x8569c1]
V  [jvm.dll+0x858d2e]
V  [jvm.dll+0x859413]
V  [jvm.dll+0x280e56]
V  [jvm.dll+0xc3f3d]
V  [jvm.dll+0xc4473]
V  [jvm.dll+0x3b5c2c]
V  [jvm.dll+0x382855]
V  [jvm.dll+0x381cca]
V  [jvm.dll+0x249bd0]
V  [jvm.dll+0x2491b1]
V  [jvm.dll+0x1c9634]
V  [jvm.dll+0x258859]
V  [jvm.dll+0x256e3a]
V  [jvm.dll+0x3ef6c6]
V  [jvm.dll+0x7ff568]
V  [jvm.dll+0x6c953d]
C  [ucrtbase.dll+0x21bb2]
C  [KERNEL32.DLL+0x17374]
C  [ntdll.dll+0x4cc91]


---------------  P R O C E S S  ---------------

Threads class SMR info:
_java_thread_list=0x000001faef40ace0, length=13, elements={
0x000001fa8b0cd500, 0x000001faa9b43d50, 0x000001faa9b44c70, 0x000001faa9b471e0,
0x000001faa9b4a3f0, 0x000001faa9b4ae50, 0x000001faa9b4c050, 0x000001faa9b54b40,
0x000001faa9b63b50, 0x000001faef0e78d0, 0x000001faa9b62010, 0x000001faef408090,
0x000001faef39c430
}

Java Threads: ( => current thread )
  0x000001fa8b0cd500 JavaThread "main"                              [_thread_in_Java, id=11472, stack(0x0000009b1d600000,0x0000009b1d700000) (1024K)]
  0x000001faa9b43d50 JavaThread "Reference Handler"          daemon [_thread_blocked, id=8448, stack(0x0000009b1de00000,0x0000009b1df00000) (1024K)]
  0x000001faa9b44c70 JavaThread "Finalizer"                  daemon [_thread_blocked, id=15956, stack(0x0000009b1df00000,0x0000009b1e000000) (1024K)]
  0x000001faa9b471e0 JavaThread "Signal Dispatcher"          daemon [_thread_blocked, id=15408, stack(0x0000009b1e000000,0x0000009b1e100000) (1024K)]
  0x000001faa9b4a3f0 JavaThread "Attach Listener"            daemon [_thread_blocked, id=13456, stack(0x0000009b1e100000,0x0000009b1e200000) (1024K)]
  0x000001faa9b4ae50 JavaThread "Service Thread"             daemon [_thread_blocked, id=720, stack(0x0000009b1e200000,0x0000009b1e300000) (1024K)]
  0x000001faa9b4c050 JavaThread "Monitor Deflation Thread"   daemon [_thread_blocked, id=16140, stack(0x0000009b1e300000,0x0000009b1e400000) (1024K)]
  0x000001faa9b54b40 JavaThread "C2 CompilerThread0"         daemon [_thread_blocked, id=14864, stack(0x0000009b1e400000,0x0000009b1e500000) (1024K)]
  0x000001faa9b63b50 JavaThread "C1 CompilerThread0"         daemon [_thread_blocked, id=1992, stack(0x0000009b1e500000,0x0000009b1e600000) (1024K)]
  0x000001faef0e78d0 JavaThread "Common-Cleaner"             daemon [_thread_blocked, id=3900, stack(0x0000009b1e600000,0x0000009b1e700000) (1024K)]
=>0x000001faa9b62010 JavaThread "C2 CompilerThread1"         daemon [_thread_in_native, id=2156, stack(0x0000009b1e700000,0x0000009b1e800000) (1024K)]
  0x000001faef408090 JavaThread "Monitor Ctrl-Break"         daemon [_thread_in_native, id=9580, stack(0x0000009b1e800000,0x0000009b1e900000) (1024K)]
  0x000001faef39c430 JavaThread "Notification Thread"        daemon [_thread_blocked, id=11816, stack(0x0000009b1e900000,0x0000009b1ea00000) (1024K)]
Total: 13

Other Threads:
  0x000001faa9b1fd20 VMThread "VM Thread"                           [id=5888, stack(0x0000009b1dd00000,0x0000009b1de00000) (1024K)]
  0x000001faa9b09c90 WatcherThread "VM Periodic Task Thread"        [id=2484, stack(0x0000009b1dc00000,0x0000009b1dd00000) (1024K)]
  0x000001fa8d253550 WorkerThread "GC Thread#0"                     [id=7480, stack(0x0000009b1d700000,0x0000009b1d800000) (1024K)]
  0x000001fa8b18dee0 ConcurrentGCThread "G1 Main Marker"            [id=10936, stack(0x0000009b1d800000,0x0000009b1d900000) (1024K)]
  0x000001fa8b18e9e0 WorkerThread "G1 Conc#0"                       [id=5184, stack(0x0000009b1d900000,0x0000009b1da00000) (1024K)]
  0x000001fa8d2be7e0 ConcurrentGCThread "G1 Refine#0"               [id=11656, stack(0x0000009b1da00000,0x0000009b1db00000) (1024K)]
  0x000001faa99de5a0 ConcurrentGCThread "G1 Service"                [id=7196, stack(0x0000009b1db00000,0x0000009b1dc00000) (1024K)]
Total: 7

Threads with active compile tasks:
C2 CompilerThread1      513  724       4       java.io.DataInputStream::readFully (59 bytes)
Total: 1

VM state: not at safepoint (normal execution)

VM Mutex/Monitor currently owned by a thread: None

Heap address: 0x0000000082000000, size: 2016 MB, Compressed Oops mode: 32-bit

CDS archive(s) mapped at: [0x000001faaa000000-0x000001faaac90000-0x000001faaac90000), size 13172736, SharedBaseAddress: 0x000001faaa000000, ArchiveRelocationMode: 1.
Compressed class space mapped at: 0x000001faab000000-0x000001faeb000000, reserved size: 1073741824
Narrow klass base: 0x000001faaa000000, Narrow klass shift: 0, Narrow klass range: 0x100000000

GC Precious Log:
 CardTable entry size: 512
 Card Set container configuration: InlinePtr #cards 5 size 8 Array Of Cards #cards 12 size 40 Howl #buckets 4 coarsen threshold 1843 Howl Bitmap #cards 512 size 80 coarsen threshold 460 Card regions per heap region 1 cards per card region 2048
 CPUs: 8 total, 8 available
 Memory: 8058M
 Large Page Support: Disabled
 NUMA Support: Disabled
 Compressed Oops: Enabled (32-bit)
 Heap Region Size: 1M
 Heap Min Capacity: 8M
 Heap Initial Capacity: 126M
 Heap Max Capacity: 2016M
 Pre-touch: Disabled
 Parallel Workers: 8
 Concurrent Workers: 2
 Concurrent Refinement Workers: 8
 Periodic GC: Disabled

Heap:
 garbage-first heap   total 129024K, used 12288K [0x0000000082000000, 0x0000000100000000)
  region size 1024K, 12 young (12288K), 0 survivors (0K)
 Metaspace       used 3096K, committed 3264K, reserved 1114112K
  class space    used 298K, committed 384K, reserved 1048576K

Heap Regions: E=young(eden), S=young(survivor), O=old, HS=humongous(starts), HC=humongous(continues), CS=collection set, F=free, TAMS=top-at-mark-start, PB=parsable bottom
|   0|0x0000000082000000, 0x0000000082100000, 0x0000000082100000|100%|HS|  |TAMS 0x0000000082000000| PB 0x0000000082000000| Complete 
|   1|0x0000000082100000, 0x0000000082100000, 0x0000000082200000|  0%| F|  |TAMS 0x0000000082100000| PB 0x0000000082100000| Untracked 
|   2|0x0000000082200000, 0x0000000082200000, 0x0000000082300000|  0%| F|  |TAMS 0x0000000082200000| PB 0x0000000082200000| Untracked 
|   3|0x0000000082300000, 0x0000000082300000, 0x0000000082400000|  0%| F|  |TAMS 0x0000000082300000| PB 0x0000000082300000| Untracked 
|   4|0x0000000082400000, 0x0000000082400000, 0x0000000082500000|  0%| F|  |TAMS 0x0000000082400000| PB 0x0000000082400000| Untracked 
|   5|0x0000000082500000, 0x0000000082500000, 0x0000000082600000|  0%| F|  |TAMS 0x0000000082500000| PB 0x0000000082500000| Untracked 
|   6|0x0000000082600000, 0x0000000082600000, 0x0000000082700000|  0%| F|  |TAMS 0x0000000082600000| PB 0x0000000082600000| Untracked 
|   7|0x0000000082700000, 0x0000000082700000, 0x0000000082800000|  0%| F|  |TAMS 0x0000000082700000| PB 0x0000000082700000| Untracked 
|   8|0x0000000082800000, 0x0000000082800000, 0x0000000082900000|  0%| F|  |TAMS 0x0000000082800000| PB 0x0000000082800000| Untracked 
|   9|0x0000000082900000, 0x0000000082900000, 0x0000000082a00000|  0%| F|  |TAMS 0x0000000082900000| PB 0x0000000082900000| Untracked 
|  10|0x0000000082a00000, 0x0000000082a00000, 0x0000000082b00000|  0%| F|  |TAMS 0x0000000082a00000| PB 0x0000000082a00000| Untracked 
|  11|0x0000000082b00000, 0x0000000082b00000, 0x0000000082c00000|  0%| F|  |TAMS 0x0000000082b00000| PB 0x0000000082b00000| Untracked 
|  12|0x0000000082c00000, 0x0000000082c00000, 0x0000000082d00000|  0%| F|  |TAMS 0x0000000082c00000| PB 0x0000000082c00000| Untracked 
|  13|0x0000000082d00000, 0x0000000082d00000, 0x0000000082e00000|  0%| F|  |TAMS 0x0000000082d00000| PB 0x0000000082d00000| Untracked 
|  14|0x0000000082e00000, 0x0000000082e00000, 0x0000000082f00000|  0%| F|  |TAMS 0x0000000082e00000| PB 0x0000000082e00000| Untracked 
|  15|0x0000000082f00000, 0x0000000082f00000, 0x0000000083000000|  0%| F|  |TAMS 0x0000000082f00000| PB 0x0000000082f00000| Untracked 
|  16|0x0000000083000000, 0x0000000083000000, 0x0000000083100000|  0%| F|  |TAMS 0x0000000083000000| PB 0x0000000083000000| Untracked 
|  17|0x0000000083100000, 0x0000000083100000, 0x0000000083200000|  0%| F|  |TAMS 0x0000000083100000| PB 0x0000000083100000| Untracked 
|  18|0x0000000083200000, 0x0000000083200000, 0x0000000083300000|  0%| F|  |TAMS 0x0000000083200000| PB 0x0000000083200000| Untracked 
|  19|0x0000000083300000, 0x0000000083300000, 0x0000000083400000|  0%| F|  |TAMS 0x0000000083300000| PB 0x0000000083300000| Untracked 
|  20|0x0000000083400000, 0x0000000083400000, 0x0000000083500000|  0%| F|  |TAMS 0x0000000083400000| PB 0x0000000083400000| Untracked 
|  21|0x0000000083500000, 0x0000000083500000, 0x0000000083600000|  0%| F|  |TAMS 0x0000000083500000| PB 0x0000000083500000| Untracked 
|  22|0x0000000083600000, 0x0000000083600000, 0x0000000083700000|  0%| F|  |TAMS 0x0000000083600000| PB 0x0000000083600000| Untracked 
|  23|0x0000000083700000, 0x0000000083700000, 0x0000000083800000|  0%| F|  |TAMS 0x0000000083700000| PB 0x0000000083700000| Untracked 
|  24|0x0000000083800000, 0x0000000083800000, 0x0000000083900000|  0%| F|  |TAMS 0x0000000083800000| PB 0x0000000083800000| Untracked 
|  25|0x0000000083900000, 0x0000000083900000, 0x0000000083a00000|  0%| F|  |TAMS 0x0000000083900000| PB 0x0000000083900000| Untracked 
|  26|0x0000000083a00000, 0x0000000083a00000, 0x0000000083b00000|  0%| F|  |TAMS 0x0000000083a00000| PB 0x0000000083a00000| Untracked 
|  27|0x0000000083b00000, 0x0000000083b00000, 0x0000000083c00000|  0%| F|  |TAMS 0x0000000083b00000| PB 0x0000000083b00000| Untracked 
|  28|0x0000000083c00000, 0x0000000083c00000, 0x0000000083d00000|  0%| F|  |TAMS 0x0000000083c00000| PB 0x0000000083c00000| Untracked 
|  29|0x0000000083d00000, 0x0000000083d00000, 0x0000000083e00000|  0%| F|  |TAMS 0x0000000083d00000| PB 0x0000000083d00000| Untracked 
|  30|0x0000000083e00000, 0x0000000083e00000, 0x0000000083f00000|  0%| F|  |TAMS 0x0000000083e00000| PB 0x0000000083e00000| Untracked 
|  31|0x0000000083f00000, 0x0000000083f00000, 0x0000000084000000|  0%| F|  |TAMS 0x0000000083f00000| PB 0x0000000083f00000| Untracked 
|  32|0x0000000084000000, 0x0000000084000000, 0x0000000084100000|  0%| F|  |TAMS 0x0000000084000000| PB 0x0000000084000000| Untracked 
|  33|0x0000000084100000, 0x0000000084100000, 0x0000000084200000|  0%| F|  |TAMS 0x0000000084100000| PB 0x0000000084100000| Untracked 
|  34|0x0000000084200000, 0x0000000084200000, 0x0000000084300000|  0%| F|  |TAMS 0x0000000084200000| PB 0x0000000084200000| Untracked 
|  35|0x0000000084300000, 0x0000000084300000, 0x0000000084400000|  0%| F|  |TAMS 0x0000000084300000| PB 0x0000000084300000| Untracked 
|  36|0x0000000084400000, 0x0000000084400000, 0x0000000084500000|  0%| F|  |TAMS 0x0000000084400000| PB 0x0000000084400000| Untracked 
|  37|0x0000000084500000, 0x0000000084500000, 0x0000000084600000|  0%| F|  |TAMS 0x0000000084500000| PB 0x0000000084500000| Untracked 
|  38|0x0000000084600000, 0x0000000084600000, 0x0000000084700000|  0%| F|  |TAMS 0x0000000084600000| PB 0x0000000084600000| Untracked 
|  39|0x0000000084700000, 0x0000000084700000, 0x0000000084800000|  0%| F|  |TAMS 0x0000000084700000| PB 0x0000000084700000| Untracked 
|  40|0x0000000084800000, 0x0000000084800000, 0x0000000084900000|  0%| F|  |TAMS 0x0000000084800000| PB 0x0000000084800000| Untracked 
|  41|0x0000000084900000, 0x0000000084900000, 0x0000000084a00000|  0%| F|  |TAMS 0x0000000084900000| PB 0x0000000084900000| Untracked 
|  42|0x0000000084a00000, 0x0000000084a00000, 0x0000000084b00000|  0%| F|  |TAMS 0x0000000084a00000| PB 0x0000000084a00000| Untracked 
|  43|0x0000000084b00000, 0x0000000084b00000, 0x0000000084c00000|  0%| F|  |TAMS 0x0000000084b00000| PB 0x0000000084b00000| Untracked 
|  44|0x0000000084c00000, 0x0000000084c00000, 0x0000000084d00000|  0%| F|  |TAMS 0x0000000084c00000| PB 0x0000000084c00000| Untracked 
|  45|0x0000000084d00000, 0x0000000084d00000, 0x0000000084e00000|  0%| F|  |TAMS 0x0000000084d00000| PB 0x0000000084d00000| Untracked 
|  46|0x0000000084e00000, 0x0000000084e00000, 0x0000000084f00000|  0%| F|  |TAMS 0x0000000084e00000| PB 0x0000000084e00000| Untracked 
|  47|0x0000000084f00000, 0x0000000084f00000, 0x0000000085000000|  0%| F|  |TAMS 0x0000000084f00000| PB 0x0000000084f00000| Untracked 
|  48|0x0000000085000000, 0x0000000085000000, 0x0000000085100000|  0%| F|  |TAMS 0x0000000085000000| PB 0x0000000085000000| Untracked 
|  49|0x0000000085100000, 0x0000000085100000, 0x0000000085200000|  0%| F|  |TAMS 0x0000000085100000| PB 0x0000000085100000| Untracked 
|  50|0x0000000085200000, 0x0000000085200000, 0x0000000085300000|  0%| F|  |TAMS 0x0000000085200000| PB 0x0000000085200000| Untracked 
|  51|0x0000000085300000, 0x0000000085300000, 0x0000000085400000|  0%| F|  |TAMS 0x0000000085300000| PB 0x0000000085300000| Untracked 
|  52|0x0000000085400000, 0x0000000085400000, 0x0000000085500000|  0%| F|  |TAMS 0x0000000085400000| PB 0x0000000085400000| Untracked 
|  53|0x0000000085500000, 0x0000000085500000, 0x0000000085600000|  0%| F|  |TAMS 0x0000000085500000| PB 0x0000000085500000| Untracked 
|  54|0x0000000085600000, 0x0000000085600000, 0x0000000085700000|  0%| F|  |TAMS 0x0000000085600000| PB 0x0000000085600000| Untracked 
|  55|0x0000000085700000, 0x0000000085700000, 0x0000000085800000|  0%| F|  |TAMS 0x0000000085700000| PB 0x0000000085700000| Untracked 
|  56|0x0000000085800000, 0x0000000085800000, 0x0000000085900000|  0%| F|  |TAMS 0x0000000085800000| PB 0x0000000085800000| Untracked 
|  57|0x0000000085900000, 0x0000000085900000, 0x0000000085a00000|  0%| F|  |TAMS 0x0000000085900000| PB 0x0000000085900000| Untracked 
|  58|0x0000000085a00000, 0x0000000085a00000, 0x0000000085b00000|  0%| F|  |TAMS 0x0000000085a00000| PB 0x0000000085a00000| Untracked 
|  59|0x0000000085b00000, 0x0000000085b00000, 0x0000000085c00000|  0%| F|  |TAMS 0x0000000085b00000| PB 0x0000000085b00000| Untracked 
|  60|0x0000000085c00000, 0x0000000085c00000, 0x0000000085d00000|  0%| F|  |TAMS 0x0000000085c00000| PB 0x0000000085c00000| Untracked 
|  61|0x0000000085d00000, 0x0000000085d00000, 0x0000000085e00000|  0%| F|  |TAMS 0x0000000085d00000| PB 0x0000000085d00000| Untracked 
|  62|0x0000000085e00000, 0x0000000085e00000, 0x0000000085f00000|  0%| F|  |TAMS 0x0000000085e00000| PB 0x0000000085e00000| Untracked 
|  63|0x0000000085f00000, 0x0000000085f00000, 0x0000000086000000|  0%| F|  |TAMS 0x0000000085f00000| PB 0x0000000085f00000| Untracked 
|  64|0x0000000086000000, 0x0000000086000000, 0x0000000086100000|  0%| F|  |TAMS 0x0000000086000000| PB 0x0000000086000000| Untracked 
|  65|0x0000000086100000, 0x0000000086100000, 0x0000000086200000|  0%| F|  |TAMS 0x0000000086100000| PB 0x0000000086100000| Untracked 
|  66|0x0000000086200000, 0x0000000086200000, 0x0000000086300000|  0%| F|  |TAMS 0x0000000086200000| PB 0x0000000086200000| Untracked 
|  67|0x0000000086300000, 0x0000000086300000, 0x0000000086400000|  0%| F|  |TAMS 0x0000000086300000| PB 0x0000000086300000| Untracked 
|  68|0x0000000086400000, 0x0000000086400000, 0x0000000086500000|  0%| F|  |TAMS 0x0000000086400000| PB 0x0000000086400000| Untracked 
|  69|0x0000000086500000, 0x0000000086500000, 0x0000000086600000|  0%| F|  |TAMS 0x0000000086500000| PB 0x0000000086500000| Untracked 
|  70|0x0000000086600000, 0x0000000086600000, 0x0000000086700000|  0%| F|  |TAMS 0x0000000086600000| PB 0x0000000086600000| Untracked 
|  71|0x0000000086700000, 0x0000000086700000, 0x0000000086800000|  0%| F|  |TAMS 0x0000000086700000| PB 0x0000000086700000| Untracked 
|  72|0x0000000086800000, 0x0000000086800000, 0x0000000086900000|  0%| F|  |TAMS 0x0000000086800000| PB 0x0000000086800000| Untracked 
|  73|0x0000000086900000, 0x0000000086900000, 0x0000000086a00000|  0%| F|  |TAMS 0x0000000086900000| PB 0x0000000086900000| Untracked 
|  74|0x0000000086a00000, 0x0000000086a00000, 0x0000000086b00000|  0%| F|  |TAMS 0x0000000086a00000| PB 0x0000000086a00000| Untracked 
|  75|0x0000000086b00000, 0x0000000086b00000, 0x0000000086c00000|  0%| F|  |TAMS 0x0000000086b00000| PB 0x0000000086b00000| Untracked 
|  76|0x0000000086c00000, 0x0000000086c00000, 0x0000000086d00000|  0%| F|  |TAMS 0x0000000086c00000| PB 0x0000000086c00000| Untracked 
|  77|0x0000000086d00000, 0x0000000086d00000, 0x0000000086e00000|  0%| F|  |TAMS 0x0000000086d00000| PB 0x0000000086d00000| Untracked 
|  78|0x0000000086e00000, 0x0000000086e00000, 0x0000000086f00000|  0%| F|  |TAMS 0x0000000086e00000| PB 0x0000000086e00000| Untracked 
|  79|0x0000000086f00000, 0x0000000086f00000, 0x0000000087000000|  0%| F|  |TAMS 0x0000000086f00000| PB 0x0000000086f00000| Untracked 
|  80|0x0000000087000000, 0x0000000087000000, 0x0000000087100000|  0%| F|  |TAMS 0x0000000087000000| PB 0x0000000087000000| Untracked 
|  81|0x0000000087100000, 0x0000000087100000, 0x0000000087200000|  0%| F|  |TAMS 0x0000000087100000| PB 0x0000000087100000| Untracked 
|  82|0x0000000087200000, 0x0000000087200000, 0x0000000087300000|  0%| F|  |TAMS 0x0000000087200000| PB 0x0000000087200000| Untracked 
|  83|0x0000000087300000, 0x0000000087300000, 0x0000000087400000|  0%| F|  |TAMS 0x0000000087300000| PB 0x0000000087300000| Untracked 
|  84|0x0000000087400000, 0x0000000087400000, 0x0000000087500000|  0%| F|  |TAMS 0x0000000087400000| PB 0x0000000087400000| Untracked 
|  85|0x0000000087500000, 0x0000000087500000, 0x0000000087600000|  0%| F|  |TAMS 0x0000000087500000| PB 0x0000000087500000| Untracked 
|  86|0x0000000087600000, 0x0000000087600000, 0x0000000087700000|  0%| F|  |TAMS 0x0000000087600000| PB 0x0000000087600000| Untracked 
|  87|0x0000000087700000, 0x0000000087700000, 0x0000000087800000|  0%| F|  |TAMS 0x0000000087700000| PB 0x0000000087700000| Untracked 
|  88|0x0000000087800000, 0x0000000087800000, 0x0000000087900000|  0%| F|  |TAMS 0x0000000087800000| PB 0x0000000087800000| Untracked 
|  89|0x0000000087900000, 0x0000000087900000, 0x0000000087a00000|  0%| F|  |TAMS 0x0000000087900000| PB 0x0000000087900000| Untracked 
|  90|0x0000000087a00000, 0x0000000087a00000, 0x0000000087b00000|  0%| F|  |TAMS 0x0000000087a00000| PB 0x0000000087a00000| Untracked 
|  91|0x0000000087b00000, 0x0000000087b00000, 0x0000000087c00000|  0%| F|  |TAMS 0x0000000087b00000| PB 0x0000000087b00000| Untracked 
|  92|0x0000000087c00000, 0x0000000087c00000, 0x0000000087d00000|  0%| F|  |TAMS 0x0000000087c00000| PB 0x0000000087c00000| Untracked 
|  93|0x0000000087d00000, 0x0000000087d00000, 0x0000000087e00000|  0%| F|  |TAMS 0x0000000087d00000| PB 0x0000000087d00000| Untracked 
|  94|0x0000000087e00000, 0x0000000087e00000, 0x0000000087f00000|  0%| F|  |TAMS 0x0000000087e00000| PB 0x0000000087e00000| Untracked 
|  95|0x0000000087f00000, 0x0000000087f00000, 0x0000000088000000|  0%| F|  |TAMS 0x0000000087f00000| PB 0x0000000087f00000| Untracked 
|  96|0x0000000088000000, 0x0000000088000000, 0x0000000088100000|  0%| F|  |TAMS 0x0000000088000000| PB 0x0000000088000000| Untracked 
|  97|0x0000000088100000, 0x0000000088100000, 0x0000000088200000|  0%| F|  |TAMS 0x0000000088100000| PB 0x0000000088100000| Untracked 
|  98|0x0000000088200000, 0x0000000088200000, 0x0000000088300000|  0%| F|  |TAMS 0x0000000088200000| PB 0x0000000088200000| Untracked 
|  99|0x0000000088300000, 0x0000000088300000, 0x0000000088400000|  0%| F|  |TAMS 0x0000000088300000| PB 0x0000000088300000| Untracked 
| 100|0x0000000088400000, 0x0000000088400000, 0x0000000088500000|  0%| F|  |TAMS 0x0000000088400000| PB 0x0000000088400000| Untracked 
| 101|0x0000000088500000, 0x0000000088500000, 0x0000000088600000|  0%| F|  |TAMS 0x0000000088500000| PB 0x0000000088500000| Untracked 
| 102|0x0000000088600000, 0x0000000088600000, 0x0000000088700000|  0%| F|  |TAMS 0x0000000088600000| PB 0x0000000088600000| Untracked 
| 103|0x0000000088700000, 0x0000000088700000, 0x0000000088800000|  0%| F|  |TAMS 0x0000000088700000| PB 0x0000000088700000| Untracked 
| 104|0x0000000088800000, 0x0000000088800000, 0x0000000088900000|  0%| F|  |TAMS 0x0000000088800000| PB 0x0000000088800000| Untracked 
| 105|0x0000000088900000, 0x0000000088900000, 0x0000000088a00000|  0%| F|  |TAMS 0x0000000088900000| PB 0x0000000088900000| Untracked 
| 106|0x0000000088a00000, 0x0000000088a00000, 0x0000000088b00000|  0%| F|  |TAMS 0x0000000088a00000| PB 0x0000000088a00000| Untracked 
| 107|0x0000000088b00000, 0x0000000088b00000, 0x0000000088c00000|  0%| F|  |TAMS 0x0000000088b00000| PB 0x0000000088b00000| Untracked 
| 108|0x0000000088c00000, 0x0000000088c00000, 0x0000000088d00000|  0%| F|  |TAMS 0x0000000088c00000| PB 0x0000000088c00000| Untracked 
| 109|0x0000000088d00000, 0x0000000088d00000, 0x0000000088e00000|  0%| F|  |TAMS 0x0000000088d00000| PB 0x0000000088d00000| Untracked 
| 110|0x0000000088e00000, 0x0000000088e00000, 0x0000000088f00000|  0%| F|  |TAMS 0x0000000088e00000| PB 0x0000000088e00000| Untracked 
| 111|0x0000000088f00000, 0x0000000088f00000, 0x0000000089000000|  0%| F|  |TAMS 0x0000000088f00000| PB 0x0000000088f00000| Untracked 
| 112|0x0000000089000000, 0x0000000089000000, 0x0000000089100000|  0%| F|  |TAMS 0x0000000089000000| PB 0x0000000089000000| Untracked 
| 113|0x0000000089100000, 0x0000000089176458, 0x0000000089200000| 46%| E|  |TAMS 0x0000000089100000| PB 0x0000000089100000| Complete 
| 114|0x0000000089200000, 0x0000000089300000, 0x0000000089300000|100%| E|CS|TAMS 0x0000000089200000| PB 0x0000000089200000| Complete 
| 115|0x0000000089300000, 0x0000000089400000, 0x0000000089400000|100%| E|CS|TAMS 0x0000000089300000| PB 0x0000000089300000| Complete 
| 116|0x0000000089400000, 0x0000000089500000, 0x0000000089500000|100%| E|CS|TAMS 0x0000000089400000| PB 0x0000000089400000| Complete 
| 117|0x0000000089500000, 0x0000000089600000, 0x0000000089600000|100%| E|CS|TAMS 0x0000000089500000| PB 0x0000000089500000| Complete 
| 118|0x0000000089600000, 0x0000000089700000, 0x0000000089700000|100%| E|CS|TAMS 0x0000000089600000| PB 0x0000000089600000| Complete 
| 119|0x0000000089700000, 0x0000000089800000, 0x0000000089800000|100%| E|CS|TAMS 0x0000000089700000| PB 0x0000000089700000| Complete 
| 120|0x0000000089800000, 0x0000000089900000, 0x0000000089900000|100%| E|CS|TAMS 0x0000000089800000| PB 0x0000000089800000| Complete 
| 121|0x0000000089900000, 0x0000000089a00000, 0x0000000089a00000|100%| E|CS|TAMS 0x0000000089900000| PB 0x0000000089900000| Complete 
| 122|0x0000000089a00000, 0x0000000089b00000, 0x0000000089b00000|100%| E|CS|TAMS 0x0000000089a00000| PB 0x0000000089a00000| Complete 
| 123|0x0000000089b00000, 0x0000000089c00000, 0x0000000089c00000|100%| E|CS|TAMS 0x0000000089b00000| PB 0x0000000089b00000| Complete 
| 124|0x0000000089c00000, 0x0000000089d00000, 0x0000000089d00000|100%| E|CS|TAMS 0x0000000089c00000| PB 0x0000000089c00000| Complete 
| 125|0x0000000089d00000, 0x0000000089e00000, 0x0000000089e00000|100%| E|CS|TAMS 0x0000000089d00000| PB 0x0000000089d00000| Complete 

Card table byte_map: [0x000001faa4d80000,0x000001faa5170000] _byte_map_base: 0x000001faa4970000

Marking Bits: (CMBitMap*) 0x000001fa8d253c50
 Bits: [0x000001faa5170000, 0x000001faa70f0000)

Polling page: 0x000001fa8c9c0000

Metaspace:

Usage:
  Non-class:      2.75 MB used.
      Class:    303.58 KB used.
       Both:      3.05 MB used.

Virtual space:
  Non-class space:       64.00 MB reserved,       2.88 MB (  4%) committed,  1 nodes.
      Class space:        1.00 GB reserved,     384.00 KB ( <1%) committed,  1 nodes.
             Both:        1.06 GB reserved,       3.25 MB ( <1%) committed. 

Chunk freelists:
   Non-Class:  10.96 MB
       Class:  15.57 MB
        Both:  26.53 MB

MaxMetaspaceSize: unlimited
CompressedClassSpaceSize: 1.00 GB
Initial GC threshold: 21.00 MB
Current GC threshold: 21.00 MB
CDS: on
 - commit_granule_bytes: 65536.
 - commit_granule_words: 8192.
 - virtual_space_node_default_size: 8388608.
 - enlarge_chunks_in_place: 1.
 - use_allocation_guard: 0.


Internal statistics:

num_allocs_failed_limit: 0.
num_arena_births: 98.
num_arena_deaths: 0.
num_vsnodes_births: 2.
num_vsnodes_deaths: 0.
num_space_committed: 52.
num_space_uncommitted: 0.
num_chunks_returned_to_freelist: 0.
num_chunks_taken_from_freelist: 180.
num_chunk_merges: 0.
num_chunk_splits: 108.
num_chunks_enlarged: 47.
num_inconsistent_stats: 0.

CodeHeap 'non-profiled nmethods': size=120000Kb used=305Kb max_used=305Kb free=119694Kb
 bounds [0x000001fa9d130000, 0x000001fa9d3a0000, 0x000001faa4660000]
CodeHeap 'profiled nmethods': size=120000Kb used=1288Kb max_used=1288Kb free=118712Kb
 bounds [0x000001fa95660000, 0x000001fa958d0000, 0x000001fa9cb90000]
CodeHeap 'non-nmethods': size=5760Kb used=1358Kb max_used=1374Kb free=4401Kb
 bounds [0x000001fa9cb90000, 0x000001fa9ce00000, 0x000001fa9d130000]
 total_blobs=1270 nmethods=807 adapters=368
 compilation: enabled
              stopped_count=0, restarted_count=0
 full_count=0

Compilation events (20 events):
Event: 0.456 Thread 0x000001faa9b63b50  734       3       jdk.internal.jimage.ImageReader::requireOpen (18 bytes)
Event: 0.456 Thread 0x000001faa9b63b50 nmethod 734 0x000001fa95783710 code [0x000001fa957838c0, 0x000001fa95783ae8]
Event: 0.456 Thread 0x000001faa9b63b50  747       3       java.time.temporal.ValueRange::isValidValue (24 bytes)
Event: 0.457 Thread 0x000001faa9b63b50 nmethod 747 0x000001fa95783c10 code [0x000001fa95783dc0, 0x000001fa95783f90]
Event: 0.457 Thread 0x000001faa9b63b50  744       1       java.time.zone.ZoneOffsetTransition::getDateTimeBefore (5 bytes)
Event: 0.457 Thread 0x000001faa9b63b50 nmethod 744 0x000001fa9d175710 code [0x000001fa9d1758a0, 0x000001fa9d175968]
Event: 0.457 Thread 0x000001faa9b63b50  737       3       java.lang.Integer::valueOf (32 bytes)
Event: 0.457 Thread 0x000001faa9b63b50 nmethod 737 0x000001fa95784010 code [0x000001fa957841e0, 0x000001fa957844f0]
Event: 0.457 Thread 0x000001faa9b63b50  736       3       java.lang.invoke.Invokers$Holder::linkToTargetMethod (8 bytes)
Event: 0.457 Thread 0x000001faa9b63b50 nmethod 736 0x000001fa95784610 code [0x000001fa957847e0, 0x000001fa95784ad0]
Event: 0.459 Thread 0x000001faa9b63b50  752       3       sun.invoke.util.BytecodeDescriptor::unparseSig (49 bytes)
Event: 0.460 Thread 0x000001faa9b54b40 nmethod 722 0x000001fa9d175a10 code [0x000001fa9d175be0, 0x000001fa9d176168]
Event: 0.460 Thread 0x000001faa9b63b50 nmethod 752 0x000001fa95784b90 code [0x000001fa95784dc0, 0x000001fa95785238]
Event: 0.460 Thread 0x000001faa9b63b50  753       3       java.lang.invoke.LambdaForm::uncustomize (57 bytes)
Event: 0.460 Thread 0x000001faa9b54b40  725   !   4       java.io.BufferedInputStream::read (69 bytes)
Event: 0.460 Thread 0x000001faa9b63b50 nmethod 753 0x000001fa95785490 code [0x000001fa95785660, 0x000001fa95785978]
Event: 0.464 Thread 0x000001faa9b63b50  754   !   3       java.util.zip.Inflater::needsInput (55 bytes)
Event: 0.464 Thread 0x000001faa9b63b50 nmethod 754 0x000001fa95785a90 code [0x000001fa95785c40, 0x000001fa95785ff8]
Event: 0.464 Thread 0x000001faa9b63b50  755   !   3       java.util.zip.Inflater::inflate (456 bytes)
Event: 0.466 Thread 0x000001faa9b63b50 nmethod 755 0x000001fa95786110 code [0x000001fa95786500, 0x000001fa95788240]

GC Heap History (0 events):
No events

Dll operation events (10 events):
Event: 0.015 Loaded shared library C:\Program Files\Java\jdk-21\bin\java.dll
Event: 0.058 Loaded shared library C:\Program Files\Java\jdk-21\bin\jsvml.dll
Event: 0.143 Loaded shared library C:\Program Files\Java\jdk-21\bin\zip.dll
Event: 0.149 Loaded shared library C:\Program Files\Java\jdk-21\bin\instrument.dll
Event: 0.154 Loaded shared library C:\Program Files\Java\jdk-21\bin\net.dll
Event: 0.156 Loaded shared library C:\Program Files\Java\jdk-21\bin\nio.dll
Event: 0.159 Loaded shared library C:\Program Files\Java\jdk-21\bin\zip.dll
Event: 0.281 Loaded shared library D:\Program Files\IntelliJ IDEA 2024.2.3\bin\breakgen64.dll
Event: 0.291 Loaded shared library C:\Program Files\Java\jdk-21\bin\extnet.dll
Event: 0.330 Loaded shared library C:\Program Files\Java\jdk-21\bin\jimage.dll

Deoptimization events (20 events):
Event: 0.283 Thread 0x000001fa8b0cd500 DEOPT PACKING pc=0x000001fa9d1316e4 sp=0x0000009b1d6feed0
Event: 0.283 Thread 0x000001fa8b0cd500 DEOPT UNPACKING pc=0x000001fa9cbe46a2 sp=0x0000009b1d6fee10 mode 2
Event: 0.310 Thread 0x000001fa8b0cd500 DEOPT PACKING pc=0x000001fa956b32c8 sp=0x0000009b1d6fc600
Event: 0.310 Thread 0x000001fa8b0cd500 DEOPT UNPACKING pc=0x000001fa9cbe4e42 sp=0x0000009b1d6fbbc0 mode 0
Event: 0.333 Thread 0x000001fa8b0cd500 Uncommon trap: trap_request=0xffffff45 fr.pc=0x000001fa9d148298 relative=0x0000000000000078
Event: 0.333 Thread 0x000001fa8b0cd500 Uncommon trap: reason=unstable_if action=reinterpret pc=0x000001fa9d148298 method=java.io.WinNTFileSystem.isSlash(C)Z @ 9 c2
Event: 0.333 Thread 0x000001fa8b0cd500 DEOPT PACKING pc=0x000001fa9d148298 sp=0x0000009b1d6fdbe0
Event: 0.333 Thread 0x000001fa8b0cd500 DEOPT UNPACKING pc=0x000001fa9cbe46a2 sp=0x0000009b1d6fdb68 mode 2
Event: 0.334 Thread 0x000001fa8b0cd500 DEOPT PACKING pc=0x000001fa956abb3c sp=0x0000009b1d6fcf60
Event: 0.334 Thread 0x000001fa8b0cd500 DEOPT UNPACKING pc=0x000001fa9cbe4e42 sp=0x0000009b1d6fc3f0 mode 0
Event: 0.336 Thread 0x000001fa8b0cd500 DEOPT PACKING pc=0x000001fa956abb3c sp=0x0000009b1d6f9720
Event: 0.336 Thread 0x000001fa8b0cd500 DEOPT UNPACKING pc=0x000001fa9cbe4e42 sp=0x0000009b1d6f8bb0 mode 0
Event: 0.377 Thread 0x000001fa8b0cd500 Uncommon trap: trap_request=0xffffff6e fr.pc=0x000001fa9d15852c relative=0x000000000000018c
Event: 0.377 Thread 0x000001fa8b0cd500 Uncommon trap: reason=loop_limit_check action=maybe_recompile pc=0x000001fa9d15852c method=java.lang.StringLatin1.lastIndexOf([BII)I @ 19 c2
Event: 0.377 Thread 0x000001fa8b0cd500 DEOPT PACKING pc=0x000001fa9d15852c sp=0x0000009b1d6fcb60
Event: 0.377 Thread 0x000001fa8b0cd500 DEOPT UNPACKING pc=0x000001fa9cbe46a2 sp=0x0000009b1d6fcae0 mode 2
Event: 0.417 Thread 0x000001fa8b0cd500 Uncommon trap: trap_request=0xffffff6e fr.pc=0x000001fa9d1628e4 relative=0x0000000000000424
Event: 0.417 Thread 0x000001fa8b0cd500 Uncommon trap: reason=loop_limit_check action=maybe_recompile pc=0x000001fa9d1628e4 method=java.lang.StringLatin1.indexOf([BI[BII)I @ 37 c2
Event: 0.417 Thread 0x000001fa8b0cd500 DEOPT PACKING pc=0x000001fa9d1628e4 sp=0x0000009b1d6fdc90
Event: 0.417 Thread 0x000001fa8b0cd500 DEOPT UNPACKING pc=0x000001fa9cbe46a2 sp=0x0000009b1d6fdbf0 mode 2

Classes loaded (20 events):
Event: 0.444 Loading class sun/util/calendar/ZoneInfoFile$Checksum
Event: 0.444 Loading class sun/util/calendar/ZoneInfoFile$Checksum done
Event: 0.445 Loading class java/time/zone/ZoneRulesProvider
Event: 0.445 Loading class java/time/zone/ZoneRulesProvider done
Event: 0.445 Loading class java/time/zone/ZoneRulesProvider$1
Event: 0.445 Loading class java/time/zone/ZoneRulesProvider$1 done
Event: 0.445 Loading class java/time/zone/TzdbZoneRulesProvider
Event: 0.445 Loading class java/time/zone/TzdbZoneRulesProvider done
Event: 0.448 Loading class java/util/Arrays$ArrayItr
Event: 0.448 Loading class java/util/Arrays$ArrayItr done
Event: 0.450 Loading class java/time/zone/Ser
Event: 0.451 Loading class java/io/Externalizable
Event: 0.451 Loading class java/io/Externalizable done
Event: 0.451 Loading class java/time/zone/Ser done
Event: 0.452 Loading class java/time/zone/ZoneOffsetTransition
Event: 0.452 Loading class java/time/zone/ZoneOffsetTransition done
Event: 0.461 Loading class java/util/concurrent/atomic/AtomicReference
Event: 0.461 Loading class java/util/concurrent/atomic/AtomicReference done
Event: 0.467 Loading class java/lang/NumberFormatException
Event: 0.467 Loading class java/lang/NumberFormatException done

Classes unloaded (0 events):
No events

Classes redefined (0 events):
No events

Internal exceptions (7 events):
Event: 0.273 Thread 0x000001fa8b0cd500 Exception <a 'java/lang/NoSuchMethodError'{0x00000000897a7cf8}: 'void java.lang.invoke.DirectMethodHandle$Holder.invokeStatic(java.lang.Object, java.lang.Object, java.lang.Object)'> (0x00000000897a7cf8) 
thrown [s\open\src\hotspot\share\interpreter\linkResolver.cpp, line 773]
Event: 0.277 Thread 0x000001fa8b0cd500 Exception <a 'java/lang/NoSuchMethodError'{0x00000000897bf200}: 'java.lang.Object java.lang.invoke.Invokers$Holder.invokeExact_MT(java.lang.Object, java.lang.Object, java.lang.Object, java.lang.Object, java.lang.Object)'> (0x00000000897bf200) 
thrown [s\open\src\hotspot\share\interpreter\linkResolver.cpp, line 773]
Event: 0.293 Thread 0x000001faef408090 Exception <a 'java/lang/NoSuchMethodError'{0x0000000089608a08}: 'void java.lang.invoke.DirectMethodHandle$Holder.invokeStatic(java.lang.Object, java.lang.Object)'> (0x0000000089608a08) 
thrown [s\open\src\hotspot\share\interpreter\linkResolver.cpp, line 773]
Event: 0.379 Thread 0x000001fa8b0cd500 Exception <a 'java/lang/ClassNotFoundException'{0x000000008942e8e8}: javax/smartcardio/CardPermission> (0x000000008942e8e8) 
thrown [s\open\src\hotspot\share\classfile\systemDictionary.cpp, line 312]
Event: 0.383 Thread 0x000001fa8b0cd500 Exception <a 'java/io/FileNotFoundException'{0x000000008943d208}> (0x000000008943d208) 
thrown [s\open\src\hotspot\share\prims\jni.cpp, line 520]
Event: 0.409 Thread 0x000001fa8b0cd500 Exception <a 'java/lang/NoSuchMethodError'{0x00000000894c7130}: 'java.lang.Object java.lang.invoke.DirectMethodHandle$Holder.invokeSpecial(java.lang.Object, java.lang.Object, java.lang.Object, long, java.lang.Object)'> (0x00000000894c7130) 
thrown [s\open\src\hotspot\share\interpreter\linkResolver.cpp, line 773]
Event: 0.409 Thread 0x000001fa8b0cd500 Exception <a 'java/lang/NoSuchMethodError'{0x00000000894caa80}: 'java.lang.Object java.lang.invoke.Invokers$Holder.linkToTargetMethod(java.lang.Object, long, java.lang.Object, java.lang.Object)'> (0x00000000894caa80) 
thrown [s\open\src\hotspot\share\interpreter\linkResolver.cpp, line 773]

ZGC Phase Switch (0 events):
No events

VM Operations (4 events):
Event: 0.125 Executing VM operation: HandshakeAllThreads (Deoptimize)
Event: 0.125 Executing VM operation: HandshakeAllThreads (Deoptimize) done
Event: 0.333 Executing VM operation: HandshakeAllThreads (Deoptimize)
Event: 0.333 Executing VM operation: HandshakeAllThreads (Deoptimize) done

Events (13 events):
Event: 0.041 Thread 0x000001fa8b0cd500 Thread added: 0x000001fa8b0cd500
Event: 0.056 Thread 0x000001faa9b43d50 Thread added: 0x000001faa9b43d50
Event: 0.056 Thread 0x000001faa9b44c70 Thread added: 0x000001faa9b44c70
Event: 0.056 Thread 0x000001faa9b471e0 Thread added: 0x000001faa9b471e0
Event: 0.056 Thread 0x000001faa9b4a3f0 Thread added: 0x000001faa9b4a3f0
Event: 0.056 Thread 0x000001faa9b4ae50 Thread added: 0x000001faa9b4ae50
Event: 0.056 Thread 0x000001faa9b4c050 Thread added: 0x000001faa9b4c050
Event: 0.056 Thread 0x000001faa9b54b40 Thread added: 0x000001faa9b54b40
Event: 0.056 Thread 0x000001faa9b63b50 Thread added: 0x000001faa9b63b50
Event: 0.118 Thread 0x000001faef0e78d0 Thread added: 0x000001faef0e78d0
Event: 0.175 Thread 0x000001faa9b62010 Thread added: 0x000001faa9b62010
Event: 0.282 Thread 0x000001faef408090 Thread added: 0x000001faef408090
Event: 0.282 Thread 0x000001faef39c430 Thread added: 0x000001faef39c430


Dynamic libraries:
0x00007ff7a4e50000 - 0x00007ff7a4e60000 	C:\Program Files\Java\jdk-21\bin\java.exe
0x00007ffd3b830000 - 0x00007ffd3ba28000 	C:\WINDOWS\SYSTEM32\ntdll.dll
0x00007ffd3afe0000 - 0x00007ffd3b0a2000 	C:\WINDOWS\System32\KERNEL32.DLL
0x00007ffd393f0000 - 0x00007ffd396ee000 	C:\WINDOWS\System32\KERNELBASE.dll
0x00007ffd39010000 - 0x00007ffd39110000 	C:\WINDOWS\System32\ucrtbase.dll
0x00007ffd36110000 - 0x00007ffd3612b000 	C:\Program Files\Java\jdk-21\bin\VCRUNTIME140.dll
0x00007ffd360f0000 - 0x00007ffd36109000 	C:\Program Files\Java\jdk-21\bin\jli.dll
0x00007ffd3a1d0000 - 0x00007ffd3a282000 	C:\WINDOWS\System32\ADVAPI32.dll
0x00007ffd3b420000 - 0x00007ffd3b4be000 	C:\WINDOWS\System32\msvcrt.dll
0x00007ffd3b650000 - 0x00007ffd3b6f0000 	C:\WINDOWS\System32\sechost.dll
0x00007ffd3b170000 - 0x00007ffd3b293000 	C:\WINDOWS\System32\RPCRT4.dll
0x00007ffd393c0000 - 0x00007ffd393e7000 	C:\WINDOWS\System32\bcrypt.dll
0x00007ffd3a290000 - 0x00007ffd3a42d000 	C:\WINDOWS\System32\USER32.dll
0x00007ffd39390000 - 0x00007ffd393b2000 	C:\WINDOWS\System32\win32u.dll
0x00007ffd24970000 - 0x00007ffd24c0a000 	C:\WINDOWS\WinSxS\amd64_microsoft.windows.common-controls_6595b64144ccf1df_6.0.19041.4355_none_60b8b9eb71f62e16\COMCTL32.dll
0x00007ffd3b6f0000 - 0x00007ffd3b71b000 	C:\WINDOWS\System32\GDI32.dll
0x00007ffd39270000 - 0x00007ffd39387000 	C:\WINDOWS\System32\gdi32full.dll
0x00007ffd39760000 - 0x00007ffd397fd000 	C:\WINDOWS\System32\msvcp_win.dll
0x00007ffd33110000 - 0x00007ffd3311a000 	C:\WINDOWS\SYSTEM32\VERSION.dll
0x00007ffd3b4c0000 - 0x00007ffd3b4ef000 	C:\WINDOWS\System32\IMM32.DLL
0x00007ffd36520000 - 0x00007ffd3652c000 	C:\Program Files\Java\jdk-21\bin\vcruntime140_1.dll
0x00007ffd32680000 - 0x00007ffd3270e000 	C:\Program Files\Java\jdk-21\bin\msvcp140.dll
0x00007ffceaba0000 - 0x00007ffceb8b7000 	C:\Program Files\Java\jdk-21\bin\server\jvm.dll
0x00007ffd3b2a0000 - 0x00007ffd3b30b000 	C:\WINDOWS\System32\WS2_32.dll
0x00007ffd38d30000 - 0x00007ffd38d7b000 	C:\WINDOWS\SYSTEM32\POWRPROF.dll
0x00007ffd28dd0000 - 0x00007ffd28df7000 	C:\WINDOWS\SYSTEM32\WINMM.dll
0x00007ffd38d10000 - 0x00007ffd38d22000 	C:\WINDOWS\SYSTEM32\UMPDC.dll
0x00007ffd36d50000 - 0x00007ffd36d62000 	C:\WINDOWS\SYSTEM32\kernel.appcore.dll
0x00007ffd360e0000 - 0x00007ffd360ea000 	C:\Program Files\Java\jdk-21\bin\jimage.dll
0x00007ffd28ed0000 - 0x00007ffd290b4000 	C:\WINDOWS\SYSTEM32\DBGHELP.DLL
0x00007ffd28720000 - 0x00007ffd28754000 	C:\WINDOWS\SYSTEM32\dbgcore.DLL
0x00007ffd38f80000 - 0x00007ffd39002000 	C:\WINDOWS\System32\bcryptPrimitives.dll
0x00007ffd360a0000 - 0x00007ffd360af000 	C:\Program Files\Java\jdk-21\bin\instrument.dll
0x00007ffd36080000 - 0x00007ffd3609f000 	C:\Program Files\Java\jdk-21\bin\java.dll
0x00007ffd39850000 - 0x00007ffd39fbf000 	C:\WINDOWS\System32\SHELL32.dll
0x00007ffd36f50000 - 0x00007ffd376f4000 	C:\WINDOWS\SYSTEM32\windows.storage.dll
0x00007ffd3a600000 - 0x00007ffd3a953000 	C:\WINDOWS\System32\combase.dll
0x00007ffd38830000 - 0x00007ffd3885e000 	C:\WINDOWS\SYSTEM32\Wldp.dll
0x00007ffd3b580000 - 0x00007ffd3b64d000 	C:\WINDOWS\System32\OLEAUT32.dll
0x00007ffd3b0c0000 - 0x00007ffd3b16d000 	C:\WINDOWS\System32\SHCORE.dll
0x00007ffd3b3c0000 - 0x00007ffd3b415000 	C:\WINDOWS\System32\shlwapi.dll
0x00007ffd38e00000 - 0x00007ffd38e24000 	C:\WINDOWS\SYSTEM32\profapi.dll
0x00007ffd19010000 - 0x00007ffd190e7000 	C:\Program Files\Java\jdk-21\bin\jsvml.dll
0x00007ffd34010000 - 0x00007ffd34028000 	C:\Program Files\Java\jdk-21\bin\zip.dll
0x00007ffd36070000 - 0x00007ffd36080000 	C:\Program Files\Java\jdk-21\bin\net.dll
0x00007ffd31600000 - 0x00007ffd3170d000 	C:\WINDOWS\SYSTEM32\WINHTTP.dll
0x00007ffd38590000 - 0x00007ffd385fa000 	C:\WINDOWS\system32\mswsock.dll
0x00007ffd342a0000 - 0x00007ffd342b6000 	C:\Program Files\Java\jdk-21\bin\nio.dll
0x00007ffd25d10000 - 0x00007ffd25d2a000 	D:\Program Files\IntelliJ IDEA 2024.2.3\bin\breakgen64.dll
0x00007ffd36060000 - 0x00007ffd36069000 	C:\Program Files\Java\jdk-21\bin\extnet.dll

dbghelp: loaded successfully - version: 4.0.5 - missing functions: none
symbol engine: initialized successfully - sym options: 0x614 - pdb path: .;C:\Program Files\Java\jdk-21\bin;C:\WINDOWS\SYSTEM32;C:\WINDOWS\WinSxS\amd64_microsoft.windows.common-controls_6595b64144ccf1df_6.0.19041.4355_none_60b8b9eb71f62e16;C:\Program Files\Java\jdk-21\bin\server;D:\Program Files\IntelliJ IDEA 2024.2.3\bin

VM Arguments:
jvm_args: --enable-preview -javaagent:D:\Program Files\IntelliJ IDEA 2024.2.3\lib\idea_rt.jar=62912:D:\Program Files\IntelliJ IDEA 2024.2.3\bin -Dfile.encoding=UTF-8 -Dsun.stdout.encoding=UTF-8 -Dsun.stderr.encoding=UTF-8 
java_command: com.PhD_UAE.PhD.PhDApplication
java_class_path (initial): C:\Users\lenovo\Desktop\Phd_back\target\classes;C:\Users\lenovo\.m2\repository\org\springframework\boot\spring-boot-starter-data-jpa\3.3.4\spring-boot-starter-data-jpa-3.3.4.jar;C:\Users\lenovo\.m2\repository\org\springframework\boot\spring-boot-starter-aop\3.3.4\spring-boot-starter-aop-3.3.4.jar;C:\Users\lenovo\.m2\repository\org\aspectj\aspectjweaver\1.9.22.1\aspectjweaver-1.9.22.1.jar;C:\Users\lenovo\.m2\repository\org\springframework\boot\spring-boot-starter-jdbc\3.3.4\spring-boot-starter-jdbc-3.3.4.jar;C:\Users\lenovo\.m2\repository\com\zaxxer\HikariCP\5.1.0\HikariCP-5.1.0.jar;C:\Users\lenovo\.m2\repository\org\springframework\spring-jdbc\6.1.13\spring-jdbc-6.1.13.jar;C:\Users\lenovo\.m2\repository\org\hibernate\orm\hibernate-core\6.5.3.Final\hibernate-core-6.5.3.Final.jar;C:\Users\lenovo\.m2\repository\jakarta\persistence\jakarta.persistence-api\3.1.0\jakarta.persistence-api-3.1.0.jar;C:\Users\lenovo\.m2\repository\jakarta\transaction\jakarta.transaction-api\2.0.1\jakarta.transaction-api-2.0.1.jar;C:\Users\lenovo\.m2\repository\org\jboss\logging\jboss-logging\3.5.3.Final\jboss-logging-3.5.3.Final.jar;C:\Users\lenovo\.m2\repository\org\hibernate\common\hibernate-commons-annotations\6.0.6.Final\hibernate-commons-annotations-6.0.6.Final.jar;C:\Users\lenovo\.m2\repository\io\smallrye\jandex\3.1.2\jandex-3.1.2.jar;C:\Users\lenovo\.m2\repository\com\fasterxml\classmate\1.7.0\classmate-1.7.0.jar;C:\Users\lenovo\.m2\repository\net\bytebuddy\byte-buddy\1.14.19\byte-buddy-1.14.19.jar;C:\Users\lenovo\.m2\repository\org\glassfish\jaxb\jaxb-runtime\4.0.5\jaxb-runtime-4.0.5.jar;C:\Users\lenovo\.m2\repository\org\glassfish\jaxb\jaxb-core\4.0.5\jaxb-core-4.0.5.jar;C:\Users\lenovo\.m2\repository\org\eclipse\angus\angus-activation\2.0.2\angus-activation-2.0.2.jar;C:\Users\lenovo\.m2\repository\org\glassfish\jaxb\txw2\4.0.5\txw2-4.0.5.jar;C:\Users\lenovo\.m2\repository\com\sun\istack\istack-commons-runtime\4.1.2\istack-commons-runtime-4.1.2.jar;C:\Users\lenovo\.m2\repository\jakarta\inject\jakarta.inject-api\2.0.1\jakarta.inject-api-2.0.1.jar;C:\Users\lenovo\.m2\repository\org\antlr\antlr4-runtime\4.13.0\antlr4-runtime-4.13.0.jar;C:\Users\lenovo\.m2\repository\org\springframework\data\spring-data-jpa\3.3.4\spring-data-jpa-3.3.4.jar;C:\Users\lenovo\.m2\repository\org\springframework\data\spring-data-commons\3.3.4\spring-data-commons-3.3.4.jar;C:\Users\lenovo\.m2\repository\org\springframework\spring-orm\6.1.13\spring-orm-6.1.13.jar;C:\Users\lenovo\.m2\repository\org\springframework\spring-context\6.1.13\spring-context-6.1.13.jar;C:\Users\lenovo\.m2\repository\org\springframework\spring-tx\6.1.13\spring-tx-6.1.13.jar;C:\Users\lenovo\.m2\repository\org\springframework\spring-beans\6.1.13\spring-beans-6.1.13.jar;C:\Users\lenovo\.m2\repository\jakarta\annotation\jakarta.annotation-api\2.1.1\jakarta.annotation-api-2.1.1.jar;C:\Users\lenovo\.m2\repository\org\slf4j\slf4j-api\2.0.16\slf4j-api-2.0.16.jar;C:\Users\lenovo\.m2\repository\org\springframework\spring-aspects\6.1.13\spring-aspects-6.1.13.jar;C:\Users\lenovo\.m2\repository\org\springframework\boot\spring-boot-starter-web\3.3.4\spring-boot-starter-web-3.3.4.jar;C:\Users\lenovo\.m2\repository\org\springframework\boot\spring-boot-starter\3.3.4\spring-boot-starter-3.3.4.jar;C:\Users\lenovo\.m2\repository\org\springframework\boot\spring-boot\3.3.4\spring-boot-3.3.4.jar;C:\Users\lenovo\.m2\repository\org\springframework\boot\spring-boot-autoconfigure\3.3.4\spring-boot-autoconfigure-3.3.4.jar;C:\Users\lenovo\.m2\repository\org\springframework\boot\spring-boot-starter-logging\3.3.4\spring-boot-starter-logging-3.3.4.jar;C:\Users\lenovo\.m2\repository\ch\qos\logback\logback-classic\1.5.8\logback-classic-1.5.8.jar;C:\Users\lenovo\.m2\repository\ch\qos\logback\logback-core\1.5.8\logback-core-1.5.8.jar;C:\Users\lenovo\.m2\repository\org\apache\logging\log4j\log4j-to-slf4j\2.23.1\log4j-to-slf4j-2.23.1.jar;C:\Users\lenovo\.m2\repository\org\apache\logging\log4j\log4j-api\2.23.1\log4j-api-2.23.1.jar;C:\Users\lenovo\.m2\repository\org\slf4j\jul-to-slf4j\2.0.16\jul-to-slf4j-2.0.16.jar;C:\Users\lenovo\.m2\repository\org\yaml\snakeyaml\2.2\snakeyaml-2.2.jar;C:\Users\lenovo\.m2\repository\org\springframework\boot\spring-boot-starter-json\3.3.4\spring-boot-starter-json-3.3.4.jar;C:\Users\lenovo\.m2\repository\com\fasterxml\jackson\core\jackson-databind\2.17.2\jackson-databind-2.17.2.jar;C:\Users\lenovo\.m2\repository\com\fasterxml\jackson\core\jackson-annotations\2.17.2\jackson-annotations-2.17.2.jar;C:\Users\lenovo\.m2\repository\com\fasterxml\jackson\core\jackson-core\2.17.2\jackson-core-2.17.2.jar;C:\Users\lenovo\.m2\repository\com\fasterxml\jackson\datatype\jackson-datatype-jdk8\2.17.2\jackson-datatype-jdk8-2.17.2.jar;C:\Users\lenovo\.m2\repository\com\fasterxml\jackson\datatype\jackson-datatype-jsr310\2.17.2\jackson-datatype-jsr310-2.17.2.jar;C:\Users\lenovo\.m2\repository\com\fasterxml\jackson\module\jackson-module-parameter-names\2.17.2\jackson-module-parameter-names-2.17.2.jar;C:\Users\lenovo\.m2\repository\org\springframework\boot\spring-boot-starter-tomcat\3.3.4\spring-boot-starter-tomcat-3.3.4.jar;C:\Users\lenovo\.m2\repository\org\apache\tomcat\embed\tomcat-embed-core\10.1.30\tomcat-embed-core-10.1.30.jar;C:\Users\lenovo\.m2\repository\org\apache\tomcat\embed\tomcat-embed-el\10.1.30\tomcat-embed-el-10.1.30.jar;C:\Users\lenovo\.m2\repository\org\apache\tomcat\embed\tomcat-embed-websocket\10.1.30\tomcat-embed-websocket-10.1.30.jar;C:\Users\lenovo\.m2\repository\org\springframework\spring-web\6.1.13\spring-web-6.1.13.jar;C:\Users\lenovo\.m2\repository\io\micrometer\micrometer-observation\1.13.4\micrometer-observation-1.13.4.jar;C:\Users\lenovo\.m2\repository\io\micrometer\micrometer-commons\1.13.4\micrometer-commons-1.13.4.jar;C:\Users\lenovo\.m2\repository\org\springframework\spring-webmvc\6.1.13\spring-webmvc-6.1.13.jar;C:\Users\lenovo\.m2\repository\org\springframework\spring-expression\6.1.13\spring-expression-6.1.13.jar;C:\Users\lenovo\.m2\repository\com\mysql\mysql-connector-j\8.3.0\mysql-connector-j-8.3.0.jar;C:\Users\lenovo\.m2\repository\org\projectlombok\lombok\1.18.34\lombok-1.18.34.jar;C:\Users\lenovo\.m2\repository\jakarta\xml\bind\jakarta.xml.bind-api\4.0.2\jakarta.xml.bind-api-4.0.2.jar;C:\Users\lenovo\.m2\repository\jakarta\activation\jakarta.activation-api\2.1.3\jakarta.activation-api-2.1.3.jar;C:\Users\lenovo\.m2\repository\org\springframework\spring-core\6.1.13\spring-core-6.1.13.jar;C:\Users\lenovo\.m2\repository\org\springframework\spring-jcl\6.1.13\spring-jcl-6.1.13.jar;C:\Users\lenovo\.m2\repository\org\springframework\boot\spring-boot-starter-security\3.3.4\spring-boot-starter-security-3.3.4.jar;C:\Users\lenovo\.m2\repository\org\springframework\spring-aop\6.1.13\spring-aop-6.1.13.jar;C:\Users\lenovo\.m2\repository\org\springframework\security\spring-security-config\6.3.3\spring-security-config-6.3.3.jar;C:\Users\lenovo\.m2\repository\org\springframework\security\spring-security-core\6.3.3\spring-security-core-6.3.3.jar;C:\Users\lenovo\.m2\repository\org\springframework\security\spring-security-crypto\6.3.3\spring-security-crypto-6.3.3.jar;C:\Users\lenovo\.m2\repository\org\springframework\security\spring-security-web\6.3.3\spring-security-web-6.3.3.jar
Launcher Type: SUN_STANDARD

[Global flags]
     intx CICompilerCount                          = 4                                         {product} {ergonomic}
     uint ConcGCThreads                            = 2                                         {product} {ergonomic}
     uint G1ConcRefinementThreads                  = 8                                         {product} {ergonomic}
   size_t G1HeapRegionSize                         = 1048576                                   {product} {ergonomic}
    uintx GCDrainStackTargetSize                   = 64                                        {product} {ergonomic}
   size_t InitialHeapSize                          = 132120576                                 {product} {ergonomic}
   size_t MarkStackSize                            = 4194304                                   {product} {ergonomic}
   size_t MaxHeapSize                              = 2113929216                                {product} {ergonomic}
   size_t MaxNewSize                               = 1267728384                                {product} {ergonomic}
   size_t MinHeapDeltaBytes                        = 1048576                                   {product} {ergonomic}
   size_t MinHeapSize                              = 8388608                                   {product} {ergonomic}
    uintx NonNMethodCodeHeapSize                   = 5839372                                {pd product} {ergonomic}
    uintx NonProfiledCodeHeapSize                  = 122909434                              {pd product} {ergonomic}
    uintx ProfiledCodeHeapSize                     = 122909434                              {pd product} {ergonomic}
    uintx ReservedCodeCacheSize                    = 251658240                              {pd product} {ergonomic}
     bool SegmentedCodeCache                       = true                                      {product} {ergonomic}
   size_t SoftMaxHeapSize                          = 2113929216                             {manageable} {ergonomic}
     bool UseCompressedOops                        = true                           {product lp64_product} {ergonomic}
     bool UseG1GC                                  = true                                      {product} {ergonomic}
     bool UseLargePagesIndividualAllocation        = false                                  {pd product} {ergonomic}

Logging:
Log output configuration:
 #0: stdout all=warning uptime,level,tags foldmultilines=false
 #1: stderr all=off uptime,level,tags foldmultilines=false

Environment Variables:
PATH=C:\Users\lenovo\AppData\Local\Programs\Python\Python312\Scripts\;C:\Users\lenovo\AppData\Local\Programs\Python\Python312\;C:\Program Files\Common Files\Oracle\Java\javapath;C:\oraclexe\app\oracle\product\11.2.0\server\bin;C:\ProgramData\watcom-1.3\binnt;C:\ProgramData\watcom-1.3\binw;C:\watcom-1.3\binnt;C:\watcom-1.3\binw;C:\WINDOWS\system32;C:\WINDOWS;C:\WINDOWS\System32\Wbem;C:\WINDOWS\System32\WindowsPowerShell\v1.0\;C:\WINDOWS\System32\OpenSSH\;C:\Program Files\MySQL\MySQL Server 5.5\bin;C:\MinGW\bin;C:\ProgramData\chocolatey\bin;C:\xampp\php;C:\Program Files\MongoDB\Server\7.0;C:\Program Files\Apache Software Foundation\Tomcat 11.0\bin;C:\Program Files\Git\cmd;C:\Program Files\PowerShell\7\;D:\Program Files\heroku\bin;C:\Program Files\Docker\Docker\resources\bin;D:\Program Files\apache-maven-3.9.9\bin;C:\Users\lenovo\AppData\Roaming\nvm;C:\Program Files\nodejs;C:\Users\lenovo\AppData\Local\Programs\Python\Python312\Scripts\;C:\Users\lenovo\AppData\Local\Programs\Python\Python312\;C:\Users\lenovo\AppData\Local\Programs\Python\Launcher\;C:\Users\lenovo\AppData\Local\Microsoft\WindowsApps;C:\Users\lenovo\Downloads\GnuWin32\GnuWin32\bin;C:\Program Files (x86)\GnuWin32\bin;C:\MinGW\bin;C:\MinGW\msys\1.0\bin;C:\MinGW\bin;C:\Users\lenovo\AppData\Local\Programs\Microsoft VS Code\bin;C:\Program Files\JetBrains\IntelliJ IDEA Community Edition 2023.3.4\bin;;C:\Users\lenovo\Downloads\java;C:\xampp\php;C:\Users\lenovo\AppData\Local\ComposerSetup\bin;C:\Users\lenovo\AppData\Roaming\Composer\vendor\bin;C:\Program Files\Java\jdk-21\bin;D:\Program Files\IntelliJ IDEA 2024.2.3\bin;;D:\Program Files\heroku\bin;C:\Program Files\Docker\Docker\resources\bin;C:\Users\lenovo\AppData\Roaming\npm;C:\Users\lenovo\AppData\Roaming\nvm;C:\Program Files\nodejs
USERNAME=lenovo
OS=Windows_NT
PROCESSOR_IDENTIFIER=Intel64 Family 6 Model 142 Stepping 10, GenuineIntel
TMP=C:\Users\lenovo\AppData\Local\Temp
TEMP=C:\Users\lenovo\AppData\Local\Temp




Periodic native trim disabled

---------------  S Y S T E M  ---------------

OS:
 Windows 10 , 64 bit Build 19041 (10.0.19041.4957)
OS uptime: 0 days 13:21 hours

CPU: total 8 (initial active 8) (4 cores per cpu, 2 threads per core) family 6 model 142 stepping 10 microcode 0xb4, cx8, cmov, fxsr, ht, mmx, 3dnowpref, sse, sse2, sse3, ssse3, sse4.1, sse4.2, popcnt, lzcnt, tsc, tscinvbit, avx, avx2, aes, erms, clmul, bmi1, bmi2, adx, fma, vzeroupper, clflush, clflushopt, rdtscp, f16c
Processor Information for all 8 processors :
  Max Mhz: 1801, Current Mhz: 1801, Mhz Limit: 1801

Memory: 4k page, system-wide physical 8058M (606M free)
TotalPageFile size 10106M (AvailPageFile size 3M)
current process WorkingSet (physical memory assigned to process): 60M, peak: 60M
current process commit charge ("private bytes"): 218M, peak: 218M

vm_info: Java HotSpot(TM) 64-Bit Server VM (21.0.2+13-LTS-58) for windows-amd64 JRE (21.0.2+13-LTS-58), built on 2024-01-05T18:32:24Z by "mach5one" with MS VC++ 17.1 (VS2022)

END.
