#
# There is insufficient memory for the Java Runtime Environment to continue.
# Native memory allocation (malloc) failed to allocate 1790576 bytes for Chunk::new
# Possible reasons:
#   The system is out of physical RAM or swap space
#   The process is running with CompressedOops enabled, and the Java Heap may be blocking the growth of the native heap
# Possible solutions:
#   Reduce memory load on the system
#   Increase physical memory or swap space
#   Check if swap backing store is full
#   Decrease Java heap size (-Xmx/-Xms)
#   Decrease number of Java threads
#   Decrease Java thread stack sizes (-Xss)
#   Set larger code cache with -XX:ReservedCodeCacheSize=
#   JVM is running with Unscaled Compressed Oops mode in which the Java heap is
#     placed in the first 4GB address space. The Java Heap base address is the
#     maximum limit for the native heap growth. Please use -XX:HeapBaseMinAddress
#     to set the Java Heap base and to place the Java Heap above 4GB virtual address.
# This output file may be truncated or incomplete.
#
#  Out of Memory Error (arena.cpp:168), pid=17100, tid=404
#
# JRE version: Java(TM) SE Runtime Environment (21.0.2+13) (build 21.0.2+13-LTS-58)
# Java VM: Java HotSpot(TM) 64-Bit Server VM (21.0.2+13-LTS-58, mixed mode, sharing, tiered, compressed oops, compressed class ptrs, g1 gc, windows-amd64)
# No core dump will be written. Minidumps are not enabled by default on client versions of Windows
#

---------------  S U M M A R Y ------------

Command Line: --enable-preview -javaagent:D:\Program Files\IntelliJ IDEA 2024.2.3\lib\idea_rt.jar=60506:D:\Program Files\IntelliJ IDEA 2024.2.3\bin -Dfile.encoding=UTF-8 -Dsun.stdout.encoding=UTF-8 -Dsun.stderr.encoding=UTF-8 com.PhD_UAE.PhD.PhDApplication

Host: Intel(R) Core(TM) i5-8250U CPU @ 1.60GHz, 8 cores, 7G,  Windows 10 , 64 bit Build 19041 (10.0.19041.4957)
Time: Sun Nov  3 17:23:04 2024 Maroc (heure d64 bit Build 19041 (10.0.19041.4957) elapsed time: 8.046054 seconds (0d 0h 0m 8s)

---------------  T H R E A D  ---------------

Current thread (0x000001617971f760):  JavaThread "C2 CompilerThread2" daemon [_thread_in_native, id=404, stack(0x0000003c62900000,0x0000003c62a00000) (1024K)]


Current CompileTask:
C2:   8046 6328   !   4       org.springframework.core.annotation.AnnotationsScanner::processMethodHierarchy (276 bytes)

Stack: [0x0000003c62900000,0x0000003c62a00000]
Native frames: (J=compiled Java code, j=interpreted, Vv=VM code, C=native code)
V  [jvm.dll+0x6cade9]
V  [jvm.dll+0x8569c1]
V  [jvm.dll+0x858d2e]
V  [jvm.dll+0x859413]
V  [jvm.dll+0x280e56]
V  [jvm.dll+0xc3f3d]
V  [jvm.dll+0xc4473]
V  [jvm.dll+0x3b5bf2]
V  [jvm.dll+0x382855]
V  [jvm.dll+0x381cca]
V  [jvm.dll+0x249bd0]
V  [jvm.dll+0x2491b1]
V  [jvm.dll+0x1c9634]
V  [jvm.dll+0x258859]
V  [jvm.dll+0x256e3a]
V  [jvm.dll+0x3ef6c6]
V  [jvm.dll+0x7ff568]
V  [jvm.dll+0x6c953d]
C  [ucrtbase.dll+0x21bb2]
C  [KERNEL32.DLL+0x17374]
C  [ntdll.dll+0x4cc91]


---------------  P R O C E S S  ---------------

Threads class SMR info:
_java_thread_list=0x000001617b52cba0, length=17, elements={
0x0000016114c18e30, 0x00000161315501b0, 0x0000016131551280, 0x0000016131555110,
0x0000016131555df0, 0x0000016131556bb0, 0x00000161315577c0, 0x000001613156a2c0,
0x000001613158cd80, 0x000001613151c100, 0x00000161318d8b10, 0x00000161319bcd70,
0x00000161319bd3e0, 0x000001617a586ce0, 0x000001617adc5030, 0x0000016131926870,
0x000001617971f760
}

Java Threads: ( => current thread )
  0x0000016114c18e30 JavaThread "main"                              [_thread_in_Java, id=23816, stack(0x0000003c60f00000,0x0000003c61000000) (1024K)]
  0x00000161315501b0 JavaThread "Reference Handler"          daemon [_thread_blocked, id=18196, stack(0x0000003c61700000,0x0000003c61800000) (1024K)]
  0x0000016131551280 JavaThread "Finalizer"                  daemon [_thread_blocked, id=27056, stack(0x0000003c61800000,0x0000003c61900000) (1024K)]
  0x0000016131555110 JavaThread "Signal Dispatcher"          daemon [_thread_blocked, id=10520, stack(0x0000003c61900000,0x0000003c61a00000) (1024K)]
  0x0000016131555df0 JavaThread "Attach Listener"            daemon [_thread_blocked, id=18548, stack(0x0000003c61a00000,0x0000003c61b00000) (1024K)]
  0x0000016131556bb0 JavaThread "Service Thread"             daemon [_thread_blocked, id=14960, stack(0x0000003c61b00000,0x0000003c61c00000) (1024K)]
  0x00000161315577c0 JavaThread "Monitor Deflation Thread"   daemon [_thread_blocked, id=11400, stack(0x0000003c61c00000,0x0000003c61d00000) (1024K)]
  0x000001613156a2c0 JavaThread "C2 CompilerThread0"         daemon [_thread_in_vm, id=23536, stack(0x0000003c61d00000,0x0000003c61e00000) (1024K)]
  0x000001613158cd80 JavaThread "C1 CompilerThread0"         daemon [_thread_blocked, id=22180, stack(0x0000003c61e00000,0x0000003c61f00000) (1024K)]
  0x000001613151c100 JavaThread "Common-Cleaner"             daemon [_thread_blocked, id=23420, stack(0x0000003c61f00000,0x0000003c62000000) (1024K)]
  0x00000161318d8b10 JavaThread "C2 CompilerThread1"         daemon [_thread_in_native, id=17312, stack(0x0000003c62000000,0x0000003c62100000) (1024K)]
  0x00000161319bcd70 JavaThread "Monitor Ctrl-Break"         daemon [_thread_in_native, id=11128, stack(0x0000003c62100000,0x0000003c62200000) (1024K)]
  0x00000161319bd3e0 JavaThread "Notification Thread"        daemon [_thread_blocked, id=8164, stack(0x0000003c62200000,0x0000003c62300000) (1024K)]
  0x000001617a586ce0 JavaThread "mysql-cj-abandoned-connection-cleanup" daemon [_thread_blocked, id=9728, stack(0x0000003c62c00000,0x0000003c62d00000) (1024K)]
  0x000001617adc5030 JavaThread "HikariPool-1 housekeeper"   daemon [_thread_blocked, id=18720, stack(0x0000003c62e00000,0x0000003c62f00000) (1024K)]
  0x0000016131926870 JavaThread "HikariPool-1 connection adder" daemon [_thread_blocked, id=24212, stack(0x0000003c62f00000,0x0000003c63000000) (1024K)]
=>0x000001617971f760 JavaThread "C2 CompilerThread2"         daemon [_thread_in_native, id=404, stack(0x0000003c62900000,0x0000003c62a00000) (1024K)]
Total: 17

Other Threads:
  0x00000161315326b0 VMThread "VM Thread"                           [id=27048, stack(0x0000003c61600000,0x0000003c61700000) (1024K)]
  0x000001613151ac00 WatcherThread "VM Periodic Task Thread"        [id=12976, stack(0x0000003c61500000,0x0000003c61600000) (1024K)]
  0x0000016114c70f00 WorkerThread "GC Thread#0"                     [id=26604, stack(0x0000003c61000000,0x0000003c61100000) (1024K)]
  0x00000161778fb3d0 WorkerThread "GC Thread#1"                     [id=13324, stack(0x0000003c62300000,0x0000003c62400000) (1024K)]
  0x00000161778fb770 WorkerThread "GC Thread#2"                     [id=2552, stack(0x0000003c62400000,0x0000003c62500000) (1024K)]
  0x00000161779ed880 WorkerThread "GC Thread#3"                     [id=13100, stack(0x0000003c62500000,0x0000003c62600000) (1024K)]
  0x00000161779edc20 WorkerThread "GC Thread#4"                     [id=24112, stack(0x0000003c62600000,0x0000003c62700000) (1024K)]
  0x00000161779b3880 WorkerThread "GC Thread#5"                     [id=18324, stack(0x0000003c62700000,0x0000003c62800000) (1024K)]
  0x00000161782d4bd0 WorkerThread "GC Thread#6"                     [id=16744, stack(0x0000003c62a00000,0x0000003c62b00000) (1024K)]
  0x000001617814b110 WorkerThread "GC Thread#7"                     [id=13832, stack(0x0000003c62b00000,0x0000003c62c00000) (1024K)]
  0x0000016114c81c90 ConcurrentGCThread "G1 Main Marker"            [id=10304, stack(0x0000003c61100000,0x0000003c61200000) (1024K)]
  0x0000016114c82f30 WorkerThread "G1 Conc#0"                       [id=7228, stack(0x0000003c61200000,0x0000003c61300000) (1024K)]
  0x000001617865f750 WorkerThread "G1 Conc#1"                       [id=6208, stack(0x0000003c62800000,0x0000003c62900000) (1024K)]
  0x0000016114cdeb30 ConcurrentGCThread "G1 Refine#0"               [id=20052, stack(0x0000003c61300000,0x0000003c61400000) (1024K)]
  0x00000161313ec0e0 ConcurrentGCThread "G1 Service"                [id=21368, stack(0x0000003c61400000,0x0000003c61500000) (1024K)]
Total: 15

Threads with active compile tasks:
C2 CompilerThread0     8072 6275       4       org.springframework.core.BridgeMethodResolver::resolveBridgeMethod (180 bytes)
C2 CompilerThread1     8072 6301       4       org.springframework.core.annotation.AnnotationsScanner::isKnownEmpty (63 bytes)
C2 CompilerThread2     8072 6328   !   4       org.springframework.core.annotation.AnnotationsScanner::processMethodHierarchy (276 bytes)
Total: 3

VM state: not at safepoint (normal execution)

VM Mutex/Monitor currently owned by a thread: None

Heap address: 0x0000000082000000, size: 2016 MB, Compressed Oops mode: 32-bit

CDS archive(s) mapped at: [0x0000016132000000-0x0000016132c90000-0x0000016132c90000), size 13172736, SharedBaseAddress: 0x0000016132000000, ArchiveRelocationMode: 1.
Compressed class space mapped at: 0x0000016133000000-0x0000016173000000, reserved size: 1073741824
Narrow klass base: 0x0000016132000000, Narrow klass shift: 0, Narrow klass range: 0x100000000

GC Precious Log:
 CardTable entry size: 512
 Card Set container configuration: InlinePtr #cards 5 size 8 Array Of Cards #cards 12 size 40 Howl #buckets 4 coarsen threshold 1843 Howl Bitmap #cards 512 size 80 coarsen threshold 460 Card regions per heap region 1 cards per card region 2048
 CPUs: 8 total, 8 available
 Memory: 8058M
 Large Page Support: Disabled
 NUMA Support: Disabled
 Compressed Oops: Enabled (32-bit)
 Heap Region Size: 1M
 Heap Min Capacity: 8M
 Heap Initial Capacity: 126M
 Heap Max Capacity: 2016M
 Pre-touch: Disabled
 Parallel Workers: 8
 Concurrent Workers: 2
 Concurrent Refinement Workers: 8
 Periodic GC: Disabled

Heap:
 garbage-first heap   total 66560K, used 28918K [0x0000000082000000, 0x0000000100000000)
  region size 1024K, 6 young (6144K), 4 survivors (4096K)
 Metaspace       used 60091K, committed 60736K, reserved 1114112K
  class space    used 8030K, committed 8320K, reserved 1048576K

Heap Regions: E=young(eden), S=young(survivor), O=old, HS=humongous(starts), HC=humongous(continues), CS=collection set, F=free, TAMS=top-at-mark-start, PB=parsable bottom
|   0|0x0000000082000000, 0x0000000082100000, 0x0000000082100000|100%|HS|  |TAMS 0x0000000082000000| PB 0x0000000082000000| Complete 
|   1|0x0000000082100000, 0x0000000082200000, 0x0000000082200000|100%| O|  |TAMS 0x0000000082100000| PB 0x0000000082100000| Untracked 
|   2|0x0000000082200000, 0x0000000082300000, 0x0000000082300000|100%| O|  |TAMS 0x0000000082200000| PB 0x0000000082200000| Untracked 
|   3|0x0000000082300000, 0x0000000082400000, 0x0000000082400000|100%| O|  |TAMS 0x0000000082300000| PB 0x0000000082300000| Untracked 
|   4|0x0000000082400000, 0x0000000082500000, 0x0000000082500000|100%| O|  |TAMS 0x0000000082400000| PB 0x0000000082400000| Untracked 
|   5|0x0000000082500000, 0x0000000082600000, 0x0000000082600000|100%| O|  |TAMS 0x0000000082500000| PB 0x0000000082500000| Untracked 
|   6|0x0000000082600000, 0x0000000082700000, 0x0000000082700000|100%| O|  |TAMS 0x0000000082600000| PB 0x0000000082600000| Untracked 
|   7|0x0000000082700000, 0x0000000082800000, 0x0000000082800000|100%| O|  |TAMS 0x0000000082700000| PB 0x0000000082700000| Untracked 
|   8|0x0000000082800000, 0x0000000082900000, 0x0000000082900000|100%| O|  |TAMS 0x0000000082800000| PB 0x0000000082800000| Untracked 
|   9|0x0000000082900000, 0x0000000082a00000, 0x0000000082a00000|100%| O|  |TAMS 0x0000000082900000| PB 0x0000000082900000| Untracked 
|  10|0x0000000082a00000, 0x0000000082b00000, 0x0000000082b00000|100%| O|  |TAMS 0x0000000082a00000| PB 0x0000000082a00000| Untracked 
|  11|0x0000000082b00000, 0x0000000082c00000, 0x0000000082c00000|100%| O|  |TAMS 0x0000000082b00000| PB 0x0000000082b00000| Untracked 
|  12|0x0000000082c00000, 0x0000000082d00000, 0x0000000082d00000|100%| O|  |TAMS 0x0000000082c00000| PB 0x0000000082c00000| Untracked 
|  13|0x0000000082d00000, 0x0000000082e00000, 0x0000000082e00000|100%| O|  |TAMS 0x0000000082d00000| PB 0x0000000082d00000| Untracked 
|  14|0x0000000082e00000, 0x0000000082f00000, 0x0000000082f00000|100%| O|  |TAMS 0x0000000082e00000| PB 0x0000000082e00000| Untracked 
|  15|0x0000000082f00000, 0x0000000083000000, 0x0000000083000000|100%| O|  |TAMS 0x0000000082f00000| PB 0x0000000082f00000| Untracked 
|  16|0x0000000083000000, 0x0000000083100000, 0x0000000083100000|100%| O|  |TAMS 0x0000000083000000| PB 0x0000000083000000| Untracked 
|  17|0x0000000083100000, 0x0000000083200000, 0x0000000083200000|100%| O|  |TAMS 0x0000000083100000| PB 0x0000000083100000| Untracked 
|  18|0x0000000083200000, 0x0000000083300000, 0x0000000083300000|100%| O|  |TAMS 0x0000000083200000| PB 0x0000000083200000| Untracked 
|  19|0x0000000083300000, 0x0000000083400000, 0x0000000083400000|100%| O|  |TAMS 0x0000000083300000| PB 0x0000000083300000| Untracked 
|  20|0x0000000083400000, 0x0000000083500000, 0x0000000083500000|100%| O|  |TAMS 0x0000000083400000| PB 0x0000000083400000| Untracked 
|  21|0x0000000083500000, 0x0000000083600000, 0x0000000083600000|100%| O|  |TAMS 0x0000000083500000| PB 0x0000000083500000| Untracked 
|  22|0x0000000083600000, 0x0000000083700000, 0x0000000083700000|100%| O|Cm|TAMS 0x0000000083600000| PB 0x0000000083600000| Complete 
|  23|0x0000000083700000, 0x000000008373da28, 0x0000000083800000| 24%| O|  |TAMS 0x0000000083700000| PB 0x0000000083700000| Untracked 
|  24|0x0000000083800000, 0x0000000083800000, 0x0000000083900000|  0%| F|  |TAMS 0x0000000083800000| PB 0x0000000083800000| Untracked 
|  25|0x0000000083900000, 0x0000000083900000, 0x0000000083a00000|  0%| F|  |TAMS 0x0000000083900000| PB 0x0000000083900000| Untracked 
|  26|0x0000000083a00000, 0x0000000083a00000, 0x0000000083b00000|  0%| F|  |TAMS 0x0000000083a00000| PB 0x0000000083a00000| Untracked 
|  27|0x0000000083b00000, 0x0000000083b00000, 0x0000000083c00000|  0%| F|  |TAMS 0x0000000083b00000| PB 0x0000000083b00000| Untracked 
|  28|0x0000000083c00000, 0x0000000083c00000, 0x0000000083d00000|  0%| F|  |TAMS 0x0000000083c00000| PB 0x0000000083c00000| Untracked 
|  29|0x0000000083d00000, 0x0000000083d00000, 0x0000000083e00000|  0%| F|  |TAMS 0x0000000083d00000| PB 0x0000000083d00000| Untracked 
|  30|0x0000000083e00000, 0x0000000083e00000, 0x0000000083f00000|  0%| F|  |TAMS 0x0000000083e00000| PB 0x0000000083e00000| Untracked 
|  31|0x0000000083f00000, 0x0000000083f00000, 0x0000000084000000|  0%| F|  |TAMS 0x0000000083f00000| PB 0x0000000083f00000| Untracked 
|  32|0x0000000084000000, 0x0000000084000000, 0x0000000084100000|  0%| F|  |TAMS 0x0000000084000000| PB 0x0000000084000000| Untracked 
|  33|0x0000000084100000, 0x0000000084100000, 0x0000000084200000|  0%| F|  |TAMS 0x0000000084100000| PB 0x0000000084100000| Untracked 
|  34|0x0000000084200000, 0x0000000084200000, 0x0000000084300000|  0%| F|  |TAMS 0x0000000084200000| PB 0x0000000084200000| Untracked 
|  35|0x0000000084300000, 0x0000000084300000, 0x0000000084400000|  0%| F|  |TAMS 0x0000000084300000| PB 0x0000000084300000| Untracked 
|  36|0x0000000084400000, 0x0000000084400000, 0x0000000084500000|  0%| F|  |TAMS 0x0000000084400000| PB 0x0000000084400000| Untracked 
|  37|0x0000000084500000, 0x0000000084500000, 0x0000000084600000|  0%| F|  |TAMS 0x0000000084500000| PB 0x0000000084500000| Untracked 
|  38|0x0000000084600000, 0x0000000084600000, 0x0000000084700000|  0%| F|  |TAMS 0x0000000084600000| PB 0x0000000084600000| Untracked 
|  39|0x0000000084700000, 0x0000000084700000, 0x0000000084800000|  0%| F|  |TAMS 0x0000000084700000| PB 0x0000000084700000| Untracked 
|  40|0x0000000084800000, 0x0000000084800000, 0x0000000084900000|  0%| F|  |TAMS 0x0000000084800000| PB 0x0000000084800000| Untracked 
|  41|0x0000000084900000, 0x0000000084900000, 0x0000000084a00000|  0%| F|  |TAMS 0x0000000084900000| PB 0x0000000084900000| Untracked 
|  42|0x0000000084a00000, 0x0000000084b00000, 0x0000000084b00000|100%| S|CS|TAMS 0x0000000084a00000| PB 0x0000000084a00000| Complete 
|  43|0x0000000084b00000, 0x0000000084c00000, 0x0000000084c00000|100%| S|CS|TAMS 0x0000000084b00000| PB 0x0000000084b00000| Complete 
|  44|0x0000000084c00000, 0x0000000084d00000, 0x0000000084d00000|100%| S|CS|TAMS 0x0000000084c00000| PB 0x0000000084c00000| Complete 
|  45|0x0000000084d00000, 0x0000000084e00000, 0x0000000084e00000|100%| S|CS|TAMS 0x0000000084d00000| PB 0x0000000084d00000| Complete 
|  46|0x0000000084e00000, 0x0000000084e00000, 0x0000000084f00000|  0%| F|  |TAMS 0x0000000084e00000| PB 0x0000000084e00000| Untracked 
|  47|0x0000000084f00000, 0x0000000084f00000, 0x0000000085000000|  0%| F|  |TAMS 0x0000000084f00000| PB 0x0000000084f00000| Untracked 
|  48|0x0000000085000000, 0x0000000085000000, 0x0000000085100000|  0%| F|  |TAMS 0x0000000085000000| PB 0x0000000085000000| Untracked 
|  49|0x0000000085100000, 0x0000000085100000, 0x0000000085200000|  0%| F|  |TAMS 0x0000000085100000| PB 0x0000000085100000| Untracked 
|  50|0x0000000085200000, 0x0000000085200000, 0x0000000085300000|  0%| F|  |TAMS 0x0000000085200000| PB 0x0000000085200000| Untracked 
|  51|0x0000000085300000, 0x0000000085300000, 0x0000000085400000|  0%| F|  |TAMS 0x0000000085300000| PB 0x0000000085300000| Untracked 
|  52|0x0000000085400000, 0x0000000085400000, 0x0000000085500000|  0%| F|  |TAMS 0x0000000085400000| PB 0x0000000085400000| Untracked 
|  53|0x0000000085500000, 0x0000000085500000, 0x0000000085600000|  0%| F|  |TAMS 0x0000000085500000| PB 0x0000000085500000| Untracked 
|  54|0x0000000085600000, 0x0000000085600000, 0x0000000085700000|  0%| F|  |TAMS 0x0000000085600000| PB 0x0000000085600000| Untracked 
|  55|0x0000000085700000, 0x0000000085700000, 0x0000000085800000|  0%| F|  |TAMS 0x0000000085700000| PB 0x0000000085700000| Untracked 
|  56|0x0000000085800000, 0x0000000085800000, 0x0000000085900000|  0%| F|  |TAMS 0x0000000085800000| PB 0x0000000085800000| Untracked 
|  72|0x0000000086800000, 0x0000000086800000, 0x0000000086900000|  0%| F|  |TAMS 0x0000000086800000| PB 0x0000000086800000| Untracked 
|  73|0x0000000086900000, 0x0000000086900000, 0x0000000086a00000|  0%| F|  |TAMS 0x0000000086900000| PB 0x0000000086900000| Untracked 
|  74|0x0000000086a00000, 0x0000000086a00000, 0x0000000086b00000|  0%| F|  |TAMS 0x0000000086a00000| PB 0x0000000086a00000| Untracked 
|  75|0x0000000086b00000, 0x0000000086b00000, 0x0000000086c00000|  0%| F|  |TAMS 0x0000000086b00000| PB 0x0000000086b00000| Untracked 
|  76|0x0000000086c00000, 0x0000000086c00000, 0x0000000086d00000|  0%| F|  |TAMS 0x0000000086c00000| PB 0x0000000086c00000| Untracked 
|  77|0x0000000086d00000, 0x0000000086d80800, 0x0000000086e00000| 50%| E|  |TAMS 0x0000000086d00000| PB 0x0000000086d00000| Complete 
|  78|0x0000000086e00000, 0x0000000086f00000, 0x0000000086f00000|100%| E|CS|TAMS 0x0000000086e00000| PB 0x0000000086e00000| Complete 
| 125|0x0000000089d00000, 0x0000000089e00000, 0x0000000089e00000|100%| E|CS|TAMS 0x0000000089d00000| PB 0x0000000089d00000| Complete 

Card table byte_map: [0x000001612c7a0000,0x000001612cb90000] _byte_map_base: 0x000001612c390000

Marking Bits: (CMBitMap*) 0x0000016114c71600
 Bits: [0x000001612cb90000, 0x000001612eb10000)

Polling page: 0x0000016112b40000

Metaspace:

Usage:
  Non-class:     50.84 MB used.
      Class:      7.84 MB used.
       Both:     58.68 MB used.

Virtual space:
  Non-class space:       64.00 MB reserved,      51.19 MB ( 80%) committed,  1 nodes.
      Class space:        1.00 GB reserved,       8.12 MB ( <1%) committed,  1 nodes.
             Both:        1.06 GB reserved,      59.31 MB (  5%) committed. 

Chunk freelists:
   Non-Class:  11.97 MB
       Class:  7.91 MB
        Both:  19.88 MB

MaxMetaspaceSize: unlimited
CompressedClassSpaceSize: 1.00 GB
Initial GC threshold: 21.00 MB
Current GC threshold: 98.69 MB
CDS: on
 - commit_granule_bytes: 65536.
 - commit_granule_words: 8192.
 - virtual_space_node_default_size: 8388608.
 - enlarge_chunks_in_place: 1.
 - use_allocation_guard: 0.


Internal statistics:

num_allocs_failed_limit: 12.
num_arena_births: 872.
num_arena_deaths: 0.
num_vsnodes_births: 2.
num_vsnodes_deaths: 0.
num_space_committed: 949.
num_space_uncommitted: 0.
num_chunks_returned_to_freelist: 12.
num_chunks_taken_from_freelist: 3085.
num_chunk_merges: 12.
num_chunk_splits: 2205.
num_chunks_enlarged: 1694.
num_inconsistent_stats: 0.

CodeHeap 'non-profiled nmethods': size=120000Kb used=3496Kb max_used=3762Kb free=116503Kb
 bounds [0x0000016124b50000, 0x0000016124f00000, 0x000001612c080000]
CodeHeap 'profiled nmethods': size=120000Kb used=10923Kb max_used=11644Kb free=109076Kb
 bounds [0x000001611d080000, 0x000001611dbe0000, 0x00000161245b0000]
CodeHeap 'non-nmethods': size=5760Kb used=1663Kb max_used=1749Kb free=4096Kb
 bounds [0x00000161245b0000, 0x0000016124820000, 0x0000016124b50000]
 total_blobs=6597 nmethods=5895 adapters=605
 compilation: enabled
              stopped_count=0, restarted_count=0
 full_count=0

Compilation events (20 events):
Event: 8.006 Thread 0x000001613158cd80 6549       2       java.lang.invoke.MethodHandles$Lookup::getDirectMethod (18 bytes)
Event: 8.007 Thread 0x000001613158cd80 nmethod 6549 0x000001611dbdf210 code [0x000001611dbdf3c0, 0x000001611dbdf4f0]
Event: 8.015 Thread 0x00000161318d8b10 nmethod 6274 0x0000016124eeba90 code [0x0000016124eec660, 0x0000016124ef3d70]
Event: 8.016 Thread 0x00000161318d8b10 6343       4       java.util.Optional::orElse (16 bytes)
Event: 8.016 Thread 0x00000161318d8b10 nmethod 6343 0x0000016124efa790 code [0x0000016124efa920, 0x0000016124efa9c0]
Event: 8.016 Thread 0x00000161318d8b10 6396       4       java.util.stream.ReferencePipeline$7$1::cancellationRequested (15 bytes)
Event: 8.017 Thread 0x00000161318d8b10 nmethod 6396 0x0000016124efaa90 code [0x0000016124efac20, 0x0000016124efacd8]
Event: 8.017 Thread 0x00000161318d8b10 6393       4       java.util.stream.Sink$ChainedReference::cancellationRequested (10 bytes)
Event: 8.017 Thread 0x00000161318d8b10 nmethod 6393 0x0000016124efad90 code [0x0000016124efaf20, 0x0000016124efafd0]
Event: 8.017 Thread 0x00000161318d8b10 6450       4       java.lang.Class::getInterfaces (6 bytes)
Event: 8.022 Thread 0x00000161318d8b10 nmethod 6450 0x0000016124efb090 code [0x0000016124efb260, 0x0000016124efb6b0]
Event: 8.022 Thread 0x00000161318d8b10 6432       4       java.util.stream.AbstractPipeline::spliterator (116 bytes)
Event: 8.025 Thread 0x00000161318d8b10 nmethod 6432 0x0000016124efb910 code [0x0000016124efbac0, 0x0000016124efbe38]
Event: 8.025 Thread 0x00000161318d8b10 6367       4       org.springframework.util.ObjectUtils::nullSafeHashCode (174 bytes)
Event: 8.026 Thread 0x00000161318d8b10 nmethod 6367 0x0000016124efc090 code [0x0000016124efc220, 0x0000016124efc370]
Event: 8.026 Thread 0x00000161318d8b10 6475       4       java.util.Spliterators$ArraySpliterator::tryAdvance (58 bytes)
Event: 8.027 Thread 0x00000161318d8b10 nmethod 6475 0x0000016124efc490 code [0x0000016124efc620, 0x0000016124efc788]
Event: 8.027 Thread 0x00000161318d8b10 6500       4       java.util.stream.AbstractPipeline::close (48 bytes)
Event: 8.035 Thread 0x00000161318d8b10 nmethod 6500 0x0000016124c05a90 code [0x0000016124c05c40, 0x0000016124c05ee0]
Event: 8.035 Thread 0x00000161318d8b10 6452       4       java.util.concurrent.ConcurrentMap::computeIfAbsent (51 bytes)

GC Heap History (20 events):
Event: 0.771 GC heap before
{Heap before GC invocations=0 (full 0):
 garbage-first heap   total 129024K, used 23552K [0x0000000082000000, 0x0000000100000000)
  region size 1024K, 23 young (23552K), 0 survivors (0K)
 Metaspace       used 6843K, committed 7104K, reserved 1114112K
  class space    used 803K, committed 896K, reserved 1048576K
}
Event: 0.778 GC heap after
{Heap after GC invocations=1 (full 0):
 garbage-first heap   total 129024K, used 7338K [0x0000000082000000, 0x0000000100000000)
  region size 1024K, 3 young (3072K), 3 survivors (3072K)
 Metaspace       used 6843K, committed 7104K, reserved 1114112K
  class space    used 803K, committed 896K, reserved 1048576K
}
Event: 1.289 GC heap before
{Heap before GC invocations=1 (full 0):
 garbage-first heap   total 129024K, used 34986K [0x0000000082000000, 0x0000000100000000)
  region size 1024K, 31 young (31744K), 3 survivors (3072K)
 Metaspace       used 14300K, committed 14656K, reserved 1114112K
  class space    used 1713K, committed 1856K, reserved 1048576K
}
Event: 1.297 GC heap after
{Heap after GC invocations=2 (full 0):
 garbage-first heap   total 129024K, used 9825K [0x0000000082000000, 0x0000000100000000)
  region size 1024K, 3 young (3072K), 3 survivors (3072K)
 Metaspace       used 14300K, committed 14656K, reserved 1114112K
  class space    used 1713K, committed 1856K, reserved 1048576K
}
Event: 2.603 GC heap before
{Heap before GC invocations=2 (full 0):
 garbage-first heap   total 129024K, used 53857K [0x0000000082000000, 0x0000000100000000)
  region size 1024K, 47 young (48128K), 3 survivors (3072K)
 Metaspace       used 21199K, committed 21504K, reserved 1114112K
  class space    used 2570K, committed 2688K, reserved 1048576K
}
Event: 2.620 GC heap after
{Heap after GC invocations=3 (full 0):
 garbage-first heap   total 129024K, used 14016K [0x0000000082000000, 0x0000000100000000)
  region size 1024K, 7 young (7168K), 7 survivors (7168K)
 Metaspace       used 21199K, committed 21504K, reserved 1114112K
  class space    used 2570K, committed 2688K, reserved 1048576K
}
Event: 3.727 GC heap before
{Heap before GC invocations=4 (full 0):
 garbage-first heap   total 55296K, used 39616K [0x0000000082000000, 0x0000000100000000)
  region size 1024K, 32 young (32768K), 7 survivors (7168K)
 Metaspace       used 25802K, committed 26240K, reserved 1114112K
  class space    used 3218K, committed 3392K, reserved 1048576K
}
Event: 3.746 GC heap after
{Heap after GC invocations=5 (full 0):
 garbage-first heap   total 55296K, used 16851K [0x0000000082000000, 0x0000000100000000)
  region size 1024K, 3 young (3072K), 3 survivors (3072K)
 Metaspace       used 25802K, committed 26240K, reserved 1114112K
  class space    used 3218K, committed 3392K, reserved 1048576K
}
Event: 4.414 GC heap before
{Heap before GC invocations=5 (full 0):
 garbage-first heap   total 55296K, used 41427K [0x0000000082000000, 0x0000000100000000)
  region size 1024K, 27 young (27648K), 3 survivors (3072K)
 Metaspace       used 30459K, committed 31040K, reserved 1114112K
  class space    used 3827K, committed 4096K, reserved 1048576K
}
Event: 4.423 GC heap after
{Heap after GC invocations=6 (full 0):
 garbage-first heap   total 55296K, used 18668K [0x0000000082000000, 0x0000000100000000)
  region size 1024K, 3 young (3072K), 3 survivors (3072K)
 Metaspace       used 30459K, committed 31040K, reserved 1114112K
  class space    used 3827K, committed 4096K, reserved 1048576K
}
Event: 4.922 GC heap before
{Heap before GC invocations=6 (full 0):
 garbage-first heap   total 55296K, used 36076K [0x0000000082000000, 0x0000000100000000)
  region size 1024K, 21 young (21504K), 3 survivors (3072K)
 Metaspace       used 35424K, committed 35968K, reserved 1114112K
  class space    used 4607K, committed 4864K, reserved 1048576K
}
Event: 4.928 GC heap after
{Heap after GC invocations=7 (full 0):
 garbage-first heap   total 55296K, used 19692K [0x0000000082000000, 0x0000000100000000)
  region size 1024K, 2 young (2048K), 2 survivors (2048K)
 Metaspace       used 35424K, committed 35968K, reserved 1114112K
  class space    used 4607K, committed 4864K, reserved 1048576K
}
Event: 5.941 GC heap before
{Heap before GC invocations=8 (full 0):
 garbage-first heap   total 55296K, used 44268K [0x0000000082000000, 0x0000000100000000)
  region size 1024K, 27 young (27648K), 2 survivors (2048K)
 Metaspace       used 42467K, committed 43072K, reserved 1114112K
  class space    used 5569K, committed 5824K, reserved 1048576K
}
Event: 5.954 GC heap after
{Heap after GC invocations=9 (full 0):
 garbage-first heap   total 66560K, used 22325K [0x0000000082000000, 0x0000000100000000)
  region size 1024K, 4 young (4096K), 4 survivors (4096K)
 Metaspace       used 42467K, committed 43072K, reserved 1114112K
  class space    used 5569K, committed 5824K, reserved 1048576K
}
Event: 6.936 GC heap before
{Heap before GC invocations=9 (full 0):
 garbage-first heap   total 66560K, used 55093K [0x0000000082000000, 0x0000000100000000)
  region size 1024K, 37 young (37888K), 4 survivors (4096K)
 Metaspace       used 51519K, committed 52160K, reserved 1114112K
  class space    used 6902K, committed 7168K, reserved 1048576K
}
Event: 6.945 GC heap after
{Heap after GC invocations=10 (full 0):
 garbage-first heap   total 66560K, used 24122K [0x0000000082000000, 0x0000000100000000)
  region size 1024K, 2 young (2048K), 2 survivors (2048K)
 Metaspace       used 51519K, committed 52160K, reserved 1114112K
  class space    used 6902K, committed 7168K, reserved 1048576K
}
Event: 7.571 GC heap before
{Heap before GC invocations=10 (full 0):
 garbage-first heap   total 66560K, used 56890K [0x0000000082000000, 0x0000000100000000)
  region size 1024K, 34 young (34816K), 2 survivors (2048K)
 Metaspace       used 56414K, committed 57088K, reserved 1114112K
  class space    used 7555K, committed 7872K, reserved 1048576K
}
Event: 7.577 GC heap after
{Heap after GC invocations=11 (full 0):
 garbage-first heap   total 66560K, used 26170K [0x0000000082000000, 0x0000000100000000)
  region size 1024K, 4 young (4096K), 4 survivors (4096K)
 Metaspace       used 56414K, committed 57088K, reserved 1114112K
  class space    used 7555K, committed 7872K, reserved 1048576K
}
Event: 7.986 GC heap before
{Heap before GC invocations=11 (full 0):
 garbage-first heap   total 66560K, used 44602K [0x0000000082000000, 0x0000000100000000)
  region size 1024K, 23 young (23552K), 4 survivors (4096K)
 Metaspace       used 59559K, committed 60160K, reserved 1114112K
  class space    used 7929K, committed 8192K, reserved 1048576K
}
Event: 7.998 GC heap after
{Heap after GC invocations=12 (full 0):
 garbage-first heap   total 66560K, used 27894K [0x0000000082000000, 0x0000000100000000)
  region size 1024K, 4 young (4096K), 4 survivors (4096K)
 Metaspace       used 59559K, committed 60160K, reserved 1114112K
  class space    used 7929K, committed 8192K, reserved 1048576K
}

Dll operation events (14 events):
Event: 0.009 Loaded shared library C:\Program Files\Java\jdk-21\bin\java.dll
Event: 0.047 Loaded shared library C:\Program Files\Java\jdk-21\bin\jsvml.dll
Event: 0.135 Loaded shared library C:\Program Files\Java\jdk-21\bin\zip.dll
Event: 0.138 Loaded shared library C:\Program Files\Java\jdk-21\bin\instrument.dll
Event: 0.143 Loaded shared library C:\Program Files\Java\jdk-21\bin\net.dll
Event: 0.144 Loaded shared library C:\Program Files\Java\jdk-21\bin\nio.dll
Event: 0.147 Loaded shared library C:\Program Files\Java\jdk-21\bin\zip.dll
Event: 0.226 Loaded shared library D:\Program Files\IntelliJ IDEA 2024.2.3\bin\breakgen64.dll
Event: 0.237 Loaded shared library C:\Program Files\Java\jdk-21\bin\extnet.dll
Event: 0.268 Loaded shared library C:\Program Files\Java\jdk-21\bin\jimage.dll
Event: 1.550 Loaded shared library C:\Program Files\Java\jdk-21\bin\sunmscapi.dll
Event: 4.134 Loaded shared library C:\Program Files\Java\jdk-21\bin\management.dll
Event: 4.136 Loaded shared library C:\Program Files\Java\jdk-21\bin\management_ext.dll
Event: 4.755 Loaded shared library C:\Program Files\Java\jdk-21\bin\verify.dll

Deoptimization events (20 events):
Event: 7.971 Thread 0x0000016114c18e30 Uncommon trap: trap_request=0xffffffc6 fr.pc=0x0000016124ecc13c relative=0x00000000000009dc
Event: 7.971 Thread 0x0000016114c18e30 Uncommon trap: reason=bimorphic_or_optimized_type_check action=maybe_recompile pc=0x0000016124ecc13c method=java.util.regex.Matcher.search(I)Z @ 121 c2
Event: 7.971 Thread 0x0000016114c18e30 DEOPT PACKING pc=0x0000016124ecc13c sp=0x0000003c60ffb310
Event: 7.971 Thread 0x0000016114c18e30 DEOPT UNPACKING pc=0x00000161246046a2 sp=0x0000003c60ffb2d0 mode 2
Event: 7.972 Thread 0x0000016114c18e30 Uncommon trap: trap_request=0xffffffc6 fr.pc=0x0000016124ecc13c relative=0x00000000000009dc
Event: 7.972 Thread 0x0000016114c18e30 Uncommon trap: reason=bimorphic_or_optimized_type_check action=maybe_recompile pc=0x0000016124ecc13c method=java.util.regex.Matcher.search(I)Z @ 121 c2
Event: 7.972 Thread 0x0000016114c18e30 DEOPT PACKING pc=0x0000016124ecc13c sp=0x0000003c60ffb0a0
Event: 7.972 Thread 0x0000016114c18e30 DEOPT UNPACKING pc=0x00000161246046a2 sp=0x0000003c60ffb060 mode 2
Event: 7.972 Thread 0x0000016114c18e30 Uncommon trap: trap_request=0xffffffc6 fr.pc=0x0000016124ecc13c relative=0x00000000000009dc
Event: 7.972 Thread 0x0000016114c18e30 Uncommon trap: reason=bimorphic_or_optimized_type_check action=maybe_recompile pc=0x0000016124ecc13c method=java.util.regex.Matcher.search(I)Z @ 121 c2
Event: 7.972 Thread 0x0000016114c18e30 DEOPT PACKING pc=0x0000016124ecc13c sp=0x0000003c60ffb0a0
Event: 7.972 Thread 0x0000016114c18e30 DEOPT UNPACKING pc=0x00000161246046a2 sp=0x0000003c60ffb060 mode 2
Event: 7.972 Thread 0x0000016114c18e30 Uncommon trap: trap_request=0xffffffc6 fr.pc=0x0000016124ecc13c relative=0x00000000000009dc
Event: 7.972 Thread 0x0000016114c18e30 Uncommon trap: reason=bimorphic_or_optimized_type_check action=maybe_recompile pc=0x0000016124ecc13c method=java.util.regex.Matcher.search(I)Z @ 121 c2
Event: 7.972 Thread 0x0000016114c18e30 DEOPT PACKING pc=0x0000016124ecc13c sp=0x0000003c60ffb0a0
Event: 7.972 Thread 0x0000016114c18e30 DEOPT UNPACKING pc=0x00000161246046a2 sp=0x0000003c60ffb060 mode 2
Event: 8.004 Thread 0x0000016114c18e30 Uncommon trap: trap_request=0xffffffc6 fr.pc=0x0000016124e8f880 relative=0x0000000000001180
Event: 8.004 Thread 0x0000016114c18e30 Uncommon trap: reason=bimorphic_or_optimized_type_check action=maybe_recompile pc=0x0000016124e8f880 method=java.util.stream.StreamSpliterators$AbstractWrappingSpliterator.doAdvance()Z @ 37 c2
Event: 8.004 Thread 0x0000016114c18e30 DEOPT PACKING pc=0x0000016124e8f880 sp=0x0000003c60ffb310
Event: 8.004 Thread 0x0000016114c18e30 DEOPT UNPACKING pc=0x00000161246046a2 sp=0x0000003c60ffb278 mode 2

Classes loaded (20 events):
Event: 7.795 Loading class java/util/WeakHashMap$HashIterator done
Event: 7.795 Loading class java/util/WeakHashMap$KeyIterator done
Event: 7.795 Loading class java/util/WeakHashMap$EntrySet
Event: 7.795 Loading class java/util/WeakHashMap$EntrySet done
Event: 7.795 Loading class java/util/WeakHashMap$EntryIterator
Event: 7.795 Loading class java/util/WeakHashMap$EntryIterator done
Event: 7.927 Loading class java/lang/Package$1PackageInfoProxy
Event: 7.927 Loading class java/lang/Package$1PackageInfoProxy done
Event: 7.944 Loading class java/util/stream/ReduceOps$5
Event: 7.944 Loading class java/util/stream/ReduceOps$5 done
Event: 7.944 Loading class java/util/stream/ReduceOps$CountingSink$OfRef
Event: 7.944 Loading class java/util/stream/ReduceOps$CountingSink
Event: 7.944 Loading class java/util/stream/ReduceOps$CountingSink done
Event: 7.944 Loading class java/util/stream/ReduceOps$CountingSink$OfRef done
Event: 7.966 Loading class java/lang/invoke/WrongMethodTypeException
Event: 7.966 Loading class java/lang/invoke/WrongMethodTypeException done
Event: 7.973 Loading class java/lang/Character$UnicodeBlock
Event: 7.974 Loading class java/lang/Character$Subset
Event: 7.974 Loading class java/lang/Character$Subset done
Event: 7.975 Loading class java/lang/Character$UnicodeBlock done

Classes unloaded (0 events):
No events

Classes redefined (0 events):
No events

Internal exceptions (20 events):
Event: 7.195 Thread 0x0000016114c18e30 Exception <a 'java/lang/NoSuchMethodError'{0x0000000084c7d1c8}: 'int java.lang.invoke.DirectMethodHandle$Holder.invokeStatic(java.lang.Object, int, java.lang.Object)'> (0x0000000084c7d1c8) 
thrown [s\open\src\hotspot\share\interpreter\linkResolver.cpp, line 773]
Event: 7.197 Thread 0x0000016114c18e30 Exception <a 'java/lang/NoSuchMethodError'{0x0000000084c95f08}: 'java.lang.Object java.lang.invoke.DirectMethodHandle$Holder.newInvokeSpecial(java.lang.Object, java.lang.Object, java.lang.Object, java.lang.Object, java.lang.Object, int, java.lang.Object)'> (0x0000000084c95f08) 
thrown [s\open\src\hotspot\share\interpreter\linkResolver.cpp, line 773]
Event: 7.200 Thread 0x0000016114c18e30 Exception <a 'java/lang/NoSuchMethodError'{0x0000000084cd4230}: 'java.lang.Object java.lang.invoke.DirectMethodHandle$Holder.newInvokeSpecial(java.lang.Object, java.lang.Object, java.lang.Object, java.lang.Object, java.lang.Object, java.lang.Object, java.lang.Object, java.lang.Object, java.lang.Object, java.lang.Object, java.lang.Object, java.lang.Object)'> (0x0000000084cd4230) 
thrown [s\open\src\hotspot\share\interpreter\linkResolver.cpp, line 773]
Event: 7.200 Thread 0x0000016114c18e30 Exception <a 'java/lang/NoSuchMethodError'{0x0000000084cd92d8}: 'java.lang.Object java.lang.invoke.DirectMethodHandle$Holder.invokeSpecial(java.lang.Object, java.lang.Object, java.lang.Object, java.lang.Object, java.lang.Object, java.lang.Object, java.lang.Object, java.lang.Object, java.lang.Object, java.lang.Object, java.lang.Object, java.lang.Object, java.lang.Object)'> (0x0000000084cd92d8) 
thrown [s\open\src\hotspot\share\interpreter\linkResolver.cpp, line 773]
Event: 7.200 Thread 0x0000016114c18e30 Exception <a 'java/lang/NoSuchMethodError'{0x0000000084cddfc0}: 'java.lang.Object java.lang.invoke.Invokers$Holder.linkToTargetMethod(java.lang.Object, java.lang.Object, java.lang.Object, java.lang.Object, java.lang.Object, java.lang.Object, java.lang.Object, java.lang.Object, java.lang.Object, java.lang.Object, java.lang.Object, java.lang.Object)'> (0x0000000084cddfc0) 
thrown [s\open\src\hotspot\share\interpreter\linkResolver.cpp, line 773]
Event: 7.227 Thread 0x0000016114c18e30 Exception <a 'java/lang/IncompatibleClassChangeError'{0x0000000084a67a88}: Found class java.lang.Object, but interface was expected> (0x0000000084a67a88) 
thrown [s\open\src\hotspot\share\interpreter\linkResolver.cpp, line 840]
Event: 7.237 Thread 0x0000016114c18e30 Exception <a 'java/lang/NoSuchMethodError'{0x0000000084af8638}: 'java.lang.Object java.lang.invoke.DirectMethodHandle$Holder.newInvokeSpecial(java.lang.Object, java.lang.Object, int, java.lang.Object, int, java.lang.Object, java.lang.Object)'> (0x0000000084af8638) 
thrown [s\open\src\hotspot\share\interpreter\linkResolver.cpp, line 773]
Event: 7.247 Thread 0x0000016114c18e30 Exception <a 'java/lang/NoSuchMethodError'{0x000000008497e148}: 'java.lang.Object java.lang.invoke.DirectMethodHandle$Holder.newInvokeSpecial(java.lang.Object, java.lang.Object, java.lang.Object, java.lang.Object, java.lang.Object, java.lang.Object, java.lang.Object, int)'> (0x000000008497e148) 
thrown [s\open\src\hotspot\share\interpreter\linkResolver.cpp, line 773]
Event: 7.247 Thread 0x0000016114c18e30 Exception <a 'java/lang/NoSuchMethodError'{0x0000000084983218}: 'java.lang.Object java.lang.invoke.DirectMethodHandle$Holder.invokeSpecial(java.lang.Object, java.lang.Object, java.lang.Object, java.lang.Object, java.lang.Object, java.lang.Object, java.lang.Object, java.lang.Object, int)'> (0x0000000084983218) 
thrown [s\open\src\hotspot\share\interpreter\linkResolver.cpp, line 773]
Event: 7.247 Thread 0x0000016114c18e30 Exception <a 'java/lang/NoSuchMethodError'{0x0000000084987a40}: 'java.lang.Object java.lang.invoke.Invokers$Holder.linkToTargetMethod(java.lang.Object, java.lang.Object, java.lang.Object, java.lang.Object, java.lang.Object, java.lang.Object, int, java.lang.Object)'> (0x0000000084987a40) 
thrown [s\open\src\hotspot\share\interpreter\linkResolver.cpp, line 773]
Event: 7.280 Thread 0x0000016114c18e30 Exception <a 'java/lang/NoSuchMethodError'{0x00000000848f3470}: 'void java.lang.invoke.DirectMethodHandle$Holder.invokeInterface(java.lang.Object, java.lang.Object)'> (0x00000000848f3470) 
thrown [s\open\src\hotspot\share\interpreter\linkResolver.cpp, line 773]
Event: 7.530 Thread 0x0000016114c18e30 Exception <a 'java/lang/NoSuchMethodError'{0x00000000842de028}: 'java.lang.Object java.lang.invoke.DirectMethodHandle$Holder.invokeSpecial(java.lang.Object, java.lang.Object, int, java.lang.Object, int)'> (0x00000000842de028) 
thrown [s\open\src\hotspot\share\interpreter\linkResolver.cpp, line 773]
Event: 7.600 Thread 0x0000016114c18e30 Implicit null exception at 0x0000016124e46c61 to 0x0000016124e47180
Event: 7.600 Thread 0x0000016114c18e30 Implicit null exception at 0x0000016124e4c340 to 0x0000016124e4c378
Event: 7.624 Thread 0x0000016114c18e30 Exception <a 'java/lang/IncompatibleClassChangeError'{0x0000000086c58ba0}: Found class java.lang.Object, but interface was expected> (0x0000000086c58ba0) 
thrown [s\open\src\hotspot\share\interpreter\linkResolver.cpp, line 840]
Event: 7.634 Thread 0x0000016114c18e30 Exception <a 'java/lang/IncompatibleClassChangeError'{0x0000000086cc94f8}: Found class java.lang.Object, but interface was expected> (0x0000000086cc94f8) 
thrown [s\open\src\hotspot\share\interpreter\linkResolver.cpp, line 840]
Event: 7.660 Thread 0x0000016114c18e30 Implicit null exception at 0x0000016124b69e97 to 0x0000016124b6a110
Event: 7.673 Thread 0x0000016114c18e30 Exception <a 'java/lang/IncompatibleClassChangeError'{0x0000000086a21268}: Found class java.lang.Object, but interface was expected> (0x0000000086a21268) 
thrown [s\open\src\hotspot\share\interpreter\linkResolver.cpp, line 840]
Event: 7.920 Thread 0x0000016114c18e30 Exception <a 'java/lang/IncompatibleClassChangeError'{0x000000008519a238}: Found class java.lang.Object, but interface was expected> (0x000000008519a238) 
thrown [s\open\src\hotspot\share\interpreter\linkResolver.cpp, line 840]
Event: 8.004 Thread 0x0000016114c18e30 Exception <a 'java/lang/IncompatibleClassChangeError'{0x0000000089d234c8}: Found class java.lang.Object, but interface was expected> (0x0000000089d234c8) 
thrown [s\open\src\hotspot\share\interpreter\linkResolver.cpp, line 840]

ZGC Phase Switch (0 events):
No events

VM Operations (20 events):
Event: 7.293 Executing VM operation: HandshakeAllThreads (Deoptimize)
Event: 7.293 Executing VM operation: HandshakeAllThreads (Deoptimize) done
Event: 7.360 Executing VM operation: HandshakeAllThreads (Deoptimize)
Event: 7.360 Executing VM operation: HandshakeAllThreads (Deoptimize) done
Event: 7.571 Executing VM operation: G1CollectForAllocation (G1 Evacuation Pause)
Event: 7.577 Executing VM operation: G1CollectForAllocation (G1 Evacuation Pause) done
Event: 7.784 Executing VM operation: HandshakeAllThreads (Deoptimize)
Event: 7.784 Executing VM operation: HandshakeAllThreads (Deoptimize) done
Event: 7.922 Executing VM operation: ICBufferFull
Event: 7.923 Executing VM operation: ICBufferFull done
Event: 7.931 Executing VM operation: HandshakeAllThreads (Deoptimize)
Event: 7.931 Executing VM operation: HandshakeAllThreads (Deoptimize) done
Event: 7.932 Executing VM operation: HandshakeAllThreads (Deoptimize)
Event: 7.932 Executing VM operation: HandshakeAllThreads (Deoptimize) done
Event: 7.986 Executing VM operation: CollectForMetadataAllocation (Metadata GC Threshold)
Event: 7.998 Executing VM operation: CollectForMetadataAllocation (Metadata GC Threshold) done
Event: 8.020 Executing VM operation: CollectForMetadataAllocation (Metadata GC Threshold)
Event: 8.020 Executing VM operation: CollectForMetadataAllocation (Metadata GC Threshold) done
Event: 8.028 Executing VM operation: G1PauseRemark
Event: 8.035 Executing VM operation: G1PauseRemark done

Events (20 events):
Event: 8.034 Thread 0x00000161315326b0 flushing nmethod 0x0000016124cc4a90
Event: 8.034 Thread 0x00000161315326b0 flushing nmethod 0x0000016124cc3b90
Event: 8.034 Thread 0x00000161315326b0 flushing nmethod 0x0000016124cb6090
Event: 8.034 Thread 0x00000161315326b0 flushing nmethod 0x0000016124cb2490
Event: 8.034 Thread 0x00000161315326b0 flushing nmethod 0x0000016124cb1c10
Event: 8.034 Thread 0x00000161315326b0 flushing nmethod 0x0000016124caec10
Event: 8.034 Thread 0x00000161315326b0 flushing nmethod 0x0000016124c9eb10
Event: 8.034 Thread 0x00000161315326b0 flushing nmethod 0x0000016124c94910
Event: 8.034 Thread 0x00000161315326b0 flushing nmethod 0x0000016124c6ef90
Event: 8.034 Thread 0x00000161315326b0 flushing nmethod 0x0000016124c69a10
Event: 8.034 Thread 0x00000161315326b0 flushing nmethod 0x0000016124c68c10
Event: 8.034 Thread 0x00000161315326b0 flushing nmethod 0x0000016124c41d10
Event: 8.034 Thread 0x00000161315326b0 flushing nmethod 0x0000016124c3d390
Event: 8.034 Thread 0x00000161315326b0 flushing nmethod 0x0000016124c0c690
Event: 8.034 Thread 0x00000161315326b0 flushing nmethod 0x0000016124c07610
Event: 8.034 Thread 0x00000161315326b0 flushing nmethod 0x0000016124c05a90
Event: 8.034 Thread 0x00000161315326b0 flushing nmethod 0x0000016124bd3110
Event: 8.034 Thread 0x00000161315326b0 flushing nmethod 0x0000016124bc0410
Event: 8.034 Thread 0x00000161315326b0 flushing nmethod 0x0000016124baf890
Event: 8.034 Thread 0x00000161315326b0 flushing nmethod 0x0000016124b50a10


Dynamic libraries:
0x00007ff7d7410000 - 0x00007ff7d7420000 	C:\Program Files\Java\jdk-21\bin\java.exe
0x00007ffa58b70000 - 0x00007ffa58d68000 	C:\WINDOWS\SYSTEM32\ntdll.dll
0x00007ffa58840000 - 0x00007ffa58902000 	C:\WINDOWS\System32\KERNEL32.DLL
0x00007ffa565a0000 - 0x00007ffa5689e000 	C:\WINDOWS\System32\KERNELBASE.dll
0x00007ffa56a20000 - 0x00007ffa56b20000 	C:\WINDOWS\System32\ucrtbase.dll
0x00007ffa50fd0000 - 0x00007ffa50fe9000 	C:\Program Files\Java\jdk-21\bin\jli.dll
0x00007ffa4fb80000 - 0x00007ffa4fb9b000 	C:\Program Files\Java\jdk-21\bin\VCRUNTIME140.dll
0x00007ffa56b90000 - 0x00007ffa56c42000 	C:\WINDOWS\System32\ADVAPI32.dll
0x00007ffa57fc0000 - 0x00007ffa5805e000 	C:\WINDOWS\System32\msvcrt.dll
0x00007ffa576f0000 - 0x00007ffa57790000 	C:\WINDOWS\System32\sechost.dll
0x00007ffa58a00000 - 0x00007ffa58b23000 	C:\WINDOWS\System32\RPCRT4.dll
0x00007ffa56400000 - 0x00007ffa56427000 	C:\WINDOWS\System32\bcrypt.dll
0x00007ffa56ef0000 - 0x00007ffa5708d000 	C:\WINDOWS\System32\USER32.dll
0x00007ffa568a0000 - 0x00007ffa568c2000 	C:\WINDOWS\System32\win32u.dll
0x00007ffa421b0000 - 0x00007ffa4244a000 	C:\WINDOWS\WinSxS\amd64_microsoft.windows.common-controls_6595b64144ccf1df_6.0.19041.4355_none_60b8b9eb71f62e16\COMCTL32.dll
0x00007ffa58420000 - 0x00007ffa5844b000 	C:\WINDOWS\System32\GDI32.dll
0x00007ffa56430000 - 0x00007ffa56547000 	C:\WINDOWS\System32\gdi32full.dll
0x00007ffa56980000 - 0x00007ffa56a1d000 	C:\WINDOWS\System32\msvcp_win.dll
0x00007ffa50600000 - 0x00007ffa5060a000 	C:\WINDOWS\SYSTEM32\VERSION.dll
0x00007ffa56ec0000 - 0x00007ffa56eef000 	C:\WINDOWS\System32\IMM32.DLL
0x00007ffa50f60000 - 0x00007ffa50f6c000 	C:\Program Files\Java\jdk-21\bin\vcruntime140_1.dll
0x00007ffa29340000 - 0x00007ffa293ce000 	C:\Program Files\Java\jdk-21\bin\msvcp140.dll
0x00007ffa28620000 - 0x00007ffa29337000 	C:\Program Files\Java\jdk-21\bin\server\jvm.dll
0x00007ffa58910000 - 0x00007ffa5897b000 	C:\WINDOWS\System32\WS2_32.dll
0x00007ffa56070000 - 0x00007ffa560bb000 	C:\WINDOWS\SYSTEM32\POWRPROF.dll
0x00007ffa45610000 - 0x00007ffa45637000 	C:\WINDOWS\SYSTEM32\WINMM.dll
0x00007ffa56050000 - 0x00007ffa56062000 	C:\WINDOWS\SYSTEM32\UMPDC.dll
0x00007ffa54090000 - 0x00007ffa540a2000 	C:\WINDOWS\SYSTEM32\kernel.appcore.dll
0x00007ffa4fb70000 - 0x00007ffa4fb7a000 	C:\Program Files\Java\jdk-21\bin\jimage.dll
0x00007ffa45680000 - 0x00007ffa45864000 	C:\WINDOWS\SYSTEM32\DBGHELP.DLL
0x00007ffa453a0000 - 0x00007ffa453d4000 	C:\WINDOWS\SYSTEM32\dbgcore.DLL
0x00007ffa56210000 - 0x00007ffa56292000 	C:\WINDOWS\System32\bcryptPrimitives.dll
0x00007ffa4f940000 - 0x00007ffa4f94f000 	C:\Program Files\Java\jdk-21\bin\instrument.dll
0x00007ffa4f720000 - 0x00007ffa4f73f000 	C:\Program Files\Java\jdk-21\bin\java.dll
0x00007ffa57840000 - 0x00007ffa57faf000 	C:\WINDOWS\System32\SHELL32.dll
0x00007ffa54290000 - 0x00007ffa54a34000 	C:\WINDOWS\SYSTEM32\windows.storage.dll
0x00007ffa584e0000 - 0x00007ffa58833000 	C:\WINDOWS\System32\combase.dll
0x00007ffa55b70000 - 0x00007ffa55b9e000 	C:\WINDOWS\SYSTEM32\Wldp.dll
0x00007ffa57090000 - 0x00007ffa5715d000 	C:\WINDOWS\System32\OLEAUT32.dll
0x00007ffa57790000 - 0x00007ffa5783d000 	C:\WINDOWS\System32\SHCORE.dll
0x00007ffa58060000 - 0x00007ffa580b5000 	C:\WINDOWS\System32\shlwapi.dll
0x00007ffa56140000 - 0x00007ffa56164000 	C:\WINDOWS\SYSTEM32\profapi.dll
0x00007ffa28540000 - 0x00007ffa28617000 	C:\Program Files\Java\jdk-21\bin\jsvml.dll
0x00007ffa37d40000 - 0x00007ffa37d58000 	C:\Program Files\Java\jdk-21\bin\zip.dll
0x00007ffa4f930000 - 0x00007ffa4f940000 	C:\Program Files\Java\jdk-21\bin\net.dll
0x00007ffa4fe60000 - 0x00007ffa4ff6d000 	C:\WINDOWS\SYSTEM32\WINHTTP.dll
0x00007ffa558d0000 - 0x00007ffa5593a000 	C:\WINDOWS\system32\mswsock.dll
0x00007ffa42ff0000 - 0x00007ffa43006000 	C:\Program Files\Java\jdk-21\bin\nio.dll
0x00007ffa37d20000 - 0x00007ffa37d3a000 	D:\Program Files\IntelliJ IDEA 2024.2.3\bin\breakgen64.dll
0x00007ffa4f790000 - 0x00007ffa4f799000 	C:\Program Files\Java\jdk-21\bin\extnet.dll
0x00007ffa42ef0000 - 0x00007ffa42efe000 	C:\Program Files\Java\jdk-21\bin\sunmscapi.dll
0x00007ffa562a0000 - 0x00007ffa563fc000 	C:\WINDOWS\System32\CRYPT32.dll
0x00007ffa55be0000 - 0x00007ffa55c07000 	C:\WINDOWS\SYSTEM32\ncrypt.dll
0x00007ffa55ba0000 - 0x00007ffa55bdb000 	C:\WINDOWS\SYSTEM32\NTASN1.dll
0x00007ffa55ad0000 - 0x00007ffa55ae8000 	C:\WINDOWS\SYSTEM32\CRYPTSP.dll
0x00007ffa551f0000 - 0x00007ffa55224000 	C:\WINDOWS\system32\rsaenh.dll
0x00007ffa560c0000 - 0x00007ffa560ee000 	C:\WINDOWS\SYSTEM32\USERENV.dll
0x00007ffa55ac0000 - 0x00007ffa55acc000 	C:\WINDOWS\SYSTEM32\CRYPTBASE.dll
0x00007ffa555b0000 - 0x00007ffa555eb000 	C:\WINDOWS\SYSTEM32\IPHLPAPI.DLL
0x00007ffa57fb0000 - 0x00007ffa57fb8000 	C:\WINDOWS\System32\NSI.dll
0x00007ffa4f760000 - 0x00007ffa4f76a000 	C:\Program Files\Java\jdk-21\bin\management.dll
0x00007ffa453f0000 - 0x00007ffa453fb000 	C:\Program Files\Java\jdk-21\bin\management_ext.dll
0x00007ffa58340000 - 0x00007ffa58348000 	C:\WINDOWS\System32\PSAPI.DLL
0x00007ffa42650000 - 0x00007ffa42660000 	C:\Program Files\Java\jdk-21\bin\verify.dll
0x00007ffa555f0000 - 0x00007ffa556ba000 	C:\WINDOWS\SYSTEM32\DNSAPI.dll
0x00007ffa4d1f0000 - 0x00007ffa4d1fa000 	C:\Windows\System32\rasadhlp.dll
0x00007ffa4c4f0000 - 0x00007ffa4c570000 	C:\WINDOWS\System32\fwpuclnt.dll

dbghelp: loaded successfully - version: 4.0.5 - missing functions: none
symbol engine: initialized successfully - sym options: 0x614 - pdb path: .;C:\Program Files\Java\jdk-21\bin;C:\WINDOWS\SYSTEM32;C:\WINDOWS\WinSxS\amd64_microsoft.windows.common-controls_6595b64144ccf1df_6.0.19041.4355_none_60b8b9eb71f62e16;C:\Program Files\Java\jdk-21\bin\server;D:\Program Files\IntelliJ IDEA 2024.2.3\bin

VM Arguments:
jvm_args: --enable-preview -javaagent:D:\Program Files\IntelliJ IDEA 2024.2.3\lib\idea_rt.jar=60506:D:\Program Files\IntelliJ IDEA 2024.2.3\bin -Dfile.encoding=UTF-8 -Dsun.stdout.encoding=UTF-8 -Dsun.stderr.encoding=UTF-8 
java_command: com.PhD_UAE.PhD.PhDApplication
java_class_path (initial): C:\Users\lenovo\Desktop\Phd_back\target\classes;C:\Users\lenovo\.m2\repository\org\springframework\boot\spring-boot-starter-data-jpa\3.3.4\spring-boot-starter-data-jpa-3.3.4.jar;C:\Users\lenovo\.m2\repository\org\springframework\boot\spring-boot-starter-aop\3.3.4\spring-boot-starter-aop-3.3.4.jar;C:\Users\lenovo\.m2\repository\org\aspectj\aspectjweaver\1.9.22.1\aspectjweaver-1.9.22.1.jar;C:\Users\lenovo\.m2\repository\org\springframework\boot\spring-boot-starter-jdbc\3.3.4\spring-boot-starter-jdbc-3.3.4.jar;C:\Users\lenovo\.m2\repository\com\zaxxer\HikariCP\5.1.0\HikariCP-5.1.0.jar;C:\Users\lenovo\.m2\repository\org\springframework\spring-jdbc\6.1.13\spring-jdbc-6.1.13.jar;C:\Users\lenovo\.m2\repository\org\hibernate\orm\hibernate-core\6.5.3.Final\hibernate-core-6.5.3.Final.jar;C:\Users\lenovo\.m2\repository\jakarta\persistence\jakarta.persistence-api\3.1.0\jakarta.persistence-api-3.1.0.jar;C:\Users\lenovo\.m2\repository\jakarta\transaction\jakarta.transaction-api\2.0.1\jakarta.transaction-api-2.0.1.jar;C:\Users\lenovo\.m2\repository\org\jboss\logging\jboss-logging\3.5.3.Final\jboss-logging-3.5.3.Final.jar;C:\Users\lenovo\.m2\repository\org\hibernate\common\hibernate-commons-annotations\6.0.6.Final\hibernate-commons-annotations-6.0.6.Final.jar;C:\Users\lenovo\.m2\repository\io\smallrye\jandex\3.1.2\jandex-3.1.2.jar;C:\Users\lenovo\.m2\repository\com\fasterxml\classmate\1.7.0\classmate-1.7.0.jar;C:\Users\lenovo\.m2\repository\net\bytebuddy\byte-buddy\1.14.19\byte-buddy-1.14.19.jar;C:\Users\lenovo\.m2\repository\jakarta\inject\jakarta.inject-api\2.0.1\jakarta.inject-api-2.0.1.jar;C:\Users\lenovo\.m2\repository\org\antlr\antlr4-runtime\4.13.0\antlr4-runtime-4.13.0.jar;C:\Users\lenovo\.m2\repository\org\springframework\data\spring-data-jpa\3.3.4\spring-data-jpa-3.3.4.jar;C:\Users\lenovo\.m2\repository\org\springframework\data\spring-data-commons\3.3.4\spring-data-commons-3.3.4.jar;C:\Users\lenovo\.m2\repository\org\springframework\spring-orm\6.1.13\spring-orm-6.1.13.jar;C:\Users\lenovo\.m2\repository\org\springframework\spring-context\6.1.13\spring-context-6.1.13.jar;C:\Users\lenovo\.m2\repository\org\springframework\spring-tx\6.1.13\spring-tx-6.1.13.jar;C:\Users\lenovo\.m2\repository\org\springframework\spring-beans\6.1.13\spring-beans-6.1.13.jar;C:\Users\lenovo\.m2\repository\jakarta\annotation\jakarta.annotation-api\2.1.1\jakarta.annotation-api-2.1.1.jar;C:\Users\lenovo\.m2\repository\org\slf4j\slf4j-api\2.0.16\slf4j-api-2.0.16.jar;C:\Users\lenovo\.m2\repository\org\springframework\spring-aspects\6.1.13\spring-aspects-6.1.13.jar;C:\Users\lenovo\.m2\repository\org\springframework\boot\spring-boot-starter-web\3.3.4\spring-boot-starter-web-3.3.4.jar;C:\Users\lenovo\.m2\repository\org\springframework\boot\spring-boot-starter\3.3.4\spring-boot-starter-3.3.4.jar;C:\Users\lenovo\.m2\repository\org\springframework\boot\spring-boot\3.3.4\spring-boot-3.3.4.jar;C:\Users\lenovo\.m2\repository\org\springframework\boot\spring-boot-autoconfigure\3.3.4\spring-boot-autoconfigure-3.3.4.jar;C:\Users\lenovo\.m2\repository\org\springframework\boot\spring-boot-starter-logging\3.3.4\spring-boot-starter-logging-3.3.4.jar;C:\Users\lenovo\.m2\repository\ch\qos\logback\logback-classic\1.5.8\logback-classic-1.5.8.jar;C:\Users\lenovo\.m2\repository\ch\qos\logback\logback-core\1.5.8\logback-core-1.5.8.jar;C:\Users\lenovo\.m2\repository\org\apache\logging\log4j\log4j-to-slf4j\2.23.1\log4j-to-slf4j-2.23.1.jar;C:\Users\lenovo\.m2\repository\org\apache\logging\log4j\log4j-api\2.23.1\log4j-api-2.23.1.jar;C:\Users\lenovo\.m2\repository\org\slf4j\jul-to-slf4j\2.0.16\jul-to-slf4j-2.0.16.jar;C:\Users\lenovo\.m2\repository\org\yaml\snakeyaml\2.2\snakeyaml-2.2.jar;C:\Users\lenovo\.m2\repository\org\springframework\boot\spring-boot-starter-json\3.3.4\spring-boot-starter-json-3.3.4.jar;C:\Users\lenovo\.m2\repository\com\fasterxml\jackson\datatype\jackson-datatype-jdk8\2.17.2\jackson-datatype-jdk8-2.17.2.jar;C:\Users\lenovo\.m2\repository\com\fasterxml\jackson\datatype\jackson-datatype-jsr310\2.17.2\jackson-datatype-jsr310-2.17.2.jar;C:\Users\lenovo\.m2\repository\com\fasterxml\jackson\module\jackson-module-parameter-names\2.17.2\jackson-module-parameter-names-2.17.2.jar;C:\Users\lenovo\.m2\repository\org\springframework\boot\spring-boot-starter-tomcat\3.3.4\spring-boot-starter-tomcat-3.3.4.jar;C:\Users\lenovo\.m2\repository\org\apache\tomcat\embed\tomcat-embed-core\10.1.30\tomcat-embed-core-10.1.30.jar;C:\Users\lenovo\.m2\repository\org\apache\tomcat\embed\tomcat-embed-el\10.1.30\tomcat-embed-el-10.1.30.jar;C:\Users\lenovo\.m2\repository\org\apache\tomcat\embed\tomcat-embed-websocket\10.1.30\tomcat-embed-websocket-10.1.30.jar;C:\Users\lenovo\.m2\repository\org\springframework\spring-web\6.1.13\spring-web-6.1.13.jar;C:\Users\lenovo\.m2\repository\io\micrometer\micrometer-observation\1.13.4\micrometer-observation-1.13.4.jar;C:\Users\lenovo\.m2\repository\io\micrometer\micrometer-commons\1.13.4\micrometer-commons-1.13.4.jar;C:\Users\lenovo\.m2\repository\org\springframework\spring-webmvc\6.1.13\spring-webmvc-6.1.13.jar;C:\Users\lenovo\.m2\repository\org\springframework\spring-expression\6.1.13\spring-expression-6.1.13.jar;C:\Users\lenovo\.m2\repository\com\mysql\mysql-connector-j\8.3.0\mysql-connector-j-8.3.0.jar;C:\Users\lenovo\.m2\repository\org\projectlombok\lombok\1.18.34\lombok-1.18.34.jar;C:\Users\lenovo\.m2\repository\jakarta\xml\bind\jakarta.xml.bind-api\4.0.2\jakarta.xml.bind-api-4.0.2.jar;C:\Users\lenovo\.m2\repository\jakarta\activation\jakarta.activation-api\2.1.3\jakarta.activation-api-2.1.3.jar;C:\Users\lenovo\.m2\repository\org\springframework\spring-core\6.1.13\spring-core-6.1.13.jar;C:\Users\lenovo\.m2\repository\org\springframework\spring-jcl\6.1.13\spring-jcl-6.1.13.jar;C:\Users\lenovo\.m2\repository\org\springframework\boot\spring-boot-starter-security\3.3.4\spring-boot-starter-security-3.3.4.jar;C:\Users\lenovo\.m2\repository\org\springframework\spring-aop\6.1.13\spring-aop-6.1.13.jar;C:\Users\lenovo\.m2\repository\org\springframework\security\spring-security-config\6.3.3\spring-security-config-6.3.3.jar;C:\Users\lenovo\.m2\repository\org\springframework\security\spring-security-core\6.3.3\spring-security-core-6.3.3.jar;C:\Users\lenovo\.m2\repository\org\springframework\security\spring-security-crypto\6.3.3\spring-security-crypto-6.3.3.jar;C:\Users\lenovo\.m2\repository\org\springframework\security\spring-security-web\6.3.3\spring-security-web-6.3.3.jar;C:\Users\lenovo\.m2\repository\io\jsonwebtoken\jjwt\0.9.1\jjwt-0.9.1.jar;C:\Users\lenovo\.m2\repository\com\fasterxml\jackson\core\jackson-databind\2.17.2\jackson-databind-2.17.2.jar;C:\Users\lenovo\.m2\repository\com\fasterxml\jackson\core\jackson-annotations\2.17.2\jackson-annotations-2.17.2.jar;C:\Users\lenovo\.m2\repository\com\fasterxml\jackson\core\jackson-core\2.17.2\jackson-core-2.17.2.jar;C:\Users\lenovo\.m2\repository\io\jsonwebtoken\jjwt-jackson\0.11.5\jjwt-jackson-0.11.5.jar;C:\Users\lenovo\.m2\repository\io\jsonwebtoken\jjwt-api\0.11.5\jjwt-api-0.11.5.jar;C:\Users\lenovo\.m2\repository\javax\xml\bind\jaxb-api\2.3.1\jaxb-api-2.3.1.jar;C:\Users\lenovo\.m2\repository\javax\activation\javax.activation-api\1.2.0\javax.activation-api-1.2.0.jar;C:\Users\lenovo\.m2\repository\org\glassfish\jaxb\jaxb-runtime\2.3.1\jaxb-runtime-2.3.1.jar;C:\Users\lenovo\.m2\repository\org\glassfish\jaxb\txw2\4.0.5\txw2-4.0.5.jar;C:\Users\lenovo\.m2\repository\com\sun\istack\istack-commons-runtime\4.1.2\istack-commons-runtime-4.1.2.jar;C:\Users\lenovo\.m2\repository\org\jvnet\staxex\stax-ex\2.1.0\stax-ex-2.1.0.jar;C:\Users\lenovo\.m2\repository\com\sun\xml\fastinfoset\FastInfoset\2.1.1\FastInfoset-2.1.1.jar
Launcher Type: SUN_STANDARD

[Global flags]
     intx CICompilerCount                          = 4                                         {product} {ergonomic}
     uint ConcGCThreads                            = 2                                         {product} {ergonomic}
     uint G1ConcRefinementThreads                  = 8                                         {product} {ergonomic}
   size_t G1HeapRegionSize                         = 1048576                                   {product} {ergonomic}
    uintx GCDrainStackTargetSize                   = 64                                        {product} {ergonomic}
   size_t InitialHeapSize                          = 132120576                                 {product} {ergonomic}
   size_t MarkStackSize                            = 4194304                                   {product} {ergonomic}
   size_t MaxHeapSize                              = 2113929216                                {product} {ergonomic}
   size_t MaxNewSize                               = 1267728384                                {product} {ergonomic}
   size_t MinHeapDeltaBytes                        = 1048576                                   {product} {ergonomic}
   size_t MinHeapSize                              = 8388608                                   {product} {ergonomic}
    uintx NonNMethodCodeHeapSize                   = 5839372                                {pd product} {ergonomic}
    uintx NonProfiledCodeHeapSize                  = 122909434                              {pd product} {ergonomic}
    uintx ProfiledCodeHeapSize                     = 122909434                              {pd product} {ergonomic}
    uintx ReservedCodeCacheSize                    = 251658240                              {pd product} {ergonomic}
     bool SegmentedCodeCache                       = true                                      {product} {ergonomic}
   size_t SoftMaxHeapSize                          = 2113929216                             {manageable} {ergonomic}
     bool UseCompressedOops                        = true                           {product lp64_product} {ergonomic}
     bool UseG1GC                                  = true                                      {product} {ergonomic}
     bool UseLargePagesIndividualAllocation        = false                                  {pd product} {ergonomic}

Logging:
Log output configuration:
 #0: stdout all=warning uptime,level,tags foldmultilines=false
 #1: stderr all=off uptime,level,tags foldmultilines=false

Environment Variables:
PATH=C:\Users\lenovo\AppData\Local\Programs\Python\Python312\Scripts\;C:\Users\lenovo\AppData\Local\Programs\Python\Python312\;C:\Program Files\Common Files\Oracle\Java\javapath;C:\oraclexe\app\oracle\product\11.2.0\server\bin;C:\ProgramData\watcom-1.3\binnt;C:\ProgramData\watcom-1.3\binw;C:\watcom-1.3\binnt;C:\watcom-1.3\binw;C:\WINDOWS\system32;C:\WINDOWS;C:\WINDOWS\System32\Wbem;C:\WINDOWS\System32\WindowsPowerShell\v1.0\;C:\WINDOWS\System32\OpenSSH\;C:\Program Files\MySQL\MySQL Server 5.5\bin;C:\MinGW\bin;C:\ProgramData\chocolatey\bin;C:\xampp\php;C:\Program Files\MongoDB\Server\7.0;C:\Program Files\Apache Software Foundation\Tomcat 11.0\bin;C:\Program Files\Git\cmd;D:\Program Files\heroku\bin;C:\Program Files\Docker\Docker\resources\bin;D:\Program Files\apache-maven-3.9.9\bin;C:\Users\lenovo\AppData\Roaming\nvm;C:\Program Files\nodejs;C:\Program Files\PowerShell\7\;C:\Users\lenovo\AppData\Local\Programs\Python\Python312\Scripts\;C:\Users\lenovo\AppData\Local\Programs\Python\Python312\;C:\Users\lenovo\AppData\Local\Programs\Python\Launcher\;C:\Users\lenovo\AppData\Local\Microsoft\WindowsApps;C:\Users\lenovo\Downloads\GnuWin32\GnuWin32\bin;C:\Program Files (x86)\GnuWin32\bin;C:\MinGW\bin;C:\MinGW\msys\1.0\bin;C:\MinGW\bin;C:\Users\lenovo\AppData\Local\Programs\Microsoft VS Code\bin;C:\Program Files\JetBrains\IntelliJ IDEA Community Edition 2023.3.4\bin;;C:\Users\lenovo\Downloads\java;C:\xampp\php;C:\Users\lenovo\AppData\Local\ComposerSetup\bin;C:\Users\lenovo\AppData\Roaming\Composer\vendor\bin;C:\Program Files\Java\jdk-21\bin;D:\Program Files\IntelliJ IDEA 2024.2.3\bin;;D:\Program Files\heroku\bin;C:\Program Files\Docker\Docker\resources\bin;C:\Users\lenovo\AppData\Roaming\npm;C:\Users\lenovo\AppData\Roaming\nvm;C:\Program Files\nodejs
USERNAME=lenovo
OS=Windows_NT
PROCESSOR_IDENTIFIER=Intel64 Family 6 Model 142 Stepping 10, GenuineIntel
TMP=C:\Users\lenovo\AppData\Local\Temp
TEMP=C:\Users\lenovo\AppData\Local\Temp




Periodic native trim disabled

---------------  S Y S T E M  ---------------

OS:
 Windows 10 , 64 bit Build 19041 (10.0.19041.4957)
OS uptime: 0 days 17:34 hours

CPU: total 8 (initial active 8) (4 cores per cpu, 2 threads per core) family 6 model 142 stepping 10 microcode 0xb4, cx8, cmov, fxsr, ht, mmx, 3dnowpref, sse, sse2, sse3, ssse3, sse4.1, sse4.2, popcnt, lzcnt, tsc, tscinvbit, avx, avx2, aes, erms, clmul, bmi1, bmi2, adx, fma, vzeroupper, clflush, clflushopt, rdtscp, f16c
Processor Information for all 8 processors :
  Max Mhz: 1801, Current Mhz: 1801, Mhz Limit: 1801

Memory: 4k page, system-wide physical 8058M (882M free)
TotalPageFile size 10106M (AvailPageFile size 13M)
current process WorkingSet (physical memory assigned to process): 264M, peak: 274M
current process commit charge ("private bytes"): 303M, peak: 312M

vm_info: Java HotSpot(TM) 64-Bit Server VM (21.0.2+13-LTS-58) for windows-amd64 JRE (21.0.2+13-LTS-58), built on 2024-01-05T18:32:24Z by "mach5one" with MS VC++ 17.1 (VS2022)

END.
