#
# There is insufficient memory for the Java Runtime Environment to continue.
# Native memory allocation (malloc) failed to allocate 278976 bytes for Chunk::new
# Possible reasons:
#   The system is out of physical RAM or swap space
#   The process is running with CompressedOops enabled, and the Java Heap may be blocking the growth of the native heap
# Possible solutions:
#   Reduce memory load on the system
#   Increase physical memory or swap space
#   Check if swap backing store is full
#   Decrease Java heap size (-Xmx/-Xms)
#   Decrease number of Java threads
#   Decrease Java thread stack sizes (-Xss)
#   Set larger code cache with -XX:ReservedCodeCacheSize=
#   JVM is running with Unscaled Compressed Oops mode in which the Java heap is
#     placed in the first 4GB address space. The Java Heap base address is the
#     maximum limit for the native heap growth. Please use -XX:HeapBaseMinAddress
#     to set the Java Heap base and to place the Java Heap above 4GB virtual address.
# This output file may be truncated or incomplete.
#
#  Out of Memory Error (arena.cpp:168), pid=12632, tid=3608
#
# JRE version: Java(TM) SE Runtime Environment (21.0.2+13) (build 21.0.2+13-LTS-58)
# Java VM: Java HotSpot(TM) 64-Bit Server VM (21.0.2+13-LTS-58, mixed mode, sharing, tiered, compressed oops, compressed class ptrs, g1 gc, windows-amd64)
# No core dump will be written. Minidumps are not enabled by default on client versions of Windows
#

---------------  S U M M A R Y ------------

Command Line: --enable-preview -javaagent:D:\Program Files\IntelliJ IDEA 2024.2.3\lib\idea_rt.jar=59384:D:\Program Files\IntelliJ IDEA 2024.2.3\bin -Dfile.encoding=UTF-8 -Dsun.stdout.encoding=UTF-8 -Dsun.stderr.encoding=UTF-8 com.PhD_UAE.PhD.PhDApplication

Host: Intel(R) Core(TM) i5-8250U CPU @ 1.60GHz, 8 cores, 7G,  Windows 10 , 64 bit Build 19041 (10.0.19041.4957)
Time: Mon Nov  4 18:10:10 2024 Maroc (heure d64 bit Build 19041 (10.0.19041.4957) elapsed time: 1.672773 seconds (0d 0h 0m 1s)

---------------  T H R E A D  ---------------

Current thread (0x000001e151bbe070):  JavaThread "C2 CompilerThread1" daemon [_thread_in_native, id=3608, stack(0x000000bdcc700000,0x000000bdcc800000) (1024K)]


Current CompileTask:
C2:   1672 1856       4       java.util.jar.JarFile::getVersionedEntry (133 bytes)

Stack: [0x000000bdcc700000,0x000000bdcc800000]
Native frames: (J=compiled Java code, j=interpreted, Vv=VM code, C=native code)
V  [jvm.dll+0x6cade9]
V  [jvm.dll+0x8569c1]
V  [jvm.dll+0x858d2e]
V  [jvm.dll+0x859413]
V  [jvm.dll+0x280e56]
V  [jvm.dll+0xc3f3d]
V  [jvm.dll+0xc4473]
V  [jvm.dll+0x2f437f]
V  [jvm.dll+0x5f5056]
V  [jvm.dll+0x252d7f]
V  [jvm.dll+0x25315f]
V  [jvm.dll+0x24b8e0]
V  [jvm.dll+0x2490a3]
V  [jvm.dll+0x1c9634]
V  [jvm.dll+0x258859]
V  [jvm.dll+0x256e3a]
V  [jvm.dll+0x3ef6c6]
V  [jvm.dll+0x7ff568]
V  [jvm.dll+0x6c953d]
C  [ucrtbase.dll+0x21bb2]
C  [KERNEL32.DLL+0x17374]
C  [ntdll.dll+0x4cc91]


---------------  P R O C E S S  ---------------

Threads class SMR info:
_java_thread_list=0x000001e1975ca3a0, length=18, elements={
0x000001e132c3e890, 0x000001e1517ad590, 0x000001e1517ae660, 0x000001e1517b05e0,
0x000001e1517b3050, 0x000001e1517b3c60, 0x000001e1517b46c0, 0x000001e1517b5600,
0x000001e1517b7670, 0x000001e151774aa0, 0x000001e151bbe070, 0x000001e197187a90,
0x000001e151c94360, 0x000001e1974ad4d0, 0x000001e1975d22d0, 0x000001e197cd9f80,
0x000001e197bc4b80, 0x000001e1975c9aa0
}

Java Threads: ( => current thread )
  0x000001e132c3e890 JavaThread "main"                              [_thread_in_Java, id=10228, stack(0x000000bdcb600000,0x000000bdcb700000) (1024K)]
  0x000001e1517ad590 JavaThread "Reference Handler"          daemon [_thread_blocked, id=4172, stack(0x000000bdcbe00000,0x000000bdcbf00000) (1024K)]
  0x000001e1517ae660 JavaThread "Finalizer"                  daemon [_thread_blocked, id=2672, stack(0x000000bdcbf00000,0x000000bdcc000000) (1024K)]
  0x000001e1517b05e0 JavaThread "Signal Dispatcher"          daemon [_thread_blocked, id=14892, stack(0x000000bdcc000000,0x000000bdcc100000) (1024K)]
  0x000001e1517b3050 JavaThread "Attach Listener"            daemon [_thread_blocked, id=11372, stack(0x000000bdcc100000,0x000000bdcc200000) (1024K)]
  0x000001e1517b3c60 JavaThread "Service Thread"             daemon [_thread_blocked, id=15536, stack(0x000000bdcc200000,0x000000bdcc300000) (1024K)]
  0x000001e1517b46c0 JavaThread "Monitor Deflation Thread"   daemon [_thread_blocked, id=15896, stack(0x000000bdcc300000,0x000000bdcc400000) (1024K)]
  0x000001e1517b5600 JavaThread "C2 CompilerThread0"         daemon [_thread_in_native, id=9220, stack(0x000000bdcc400000,0x000000bdcc500000) (1024K)]
  0x000001e1517b7670 JavaThread "C1 CompilerThread0"         daemon [_thread_blocked, id=6116, stack(0x000000bdcc500000,0x000000bdcc600000) (1024K)]
  0x000001e151774aa0 JavaThread "Common-Cleaner"             daemon [_thread_blocked, id=15348, stack(0x000000bdcc600000,0x000000bdcc700000) (1024K)]
=>0x000001e151bbe070 JavaThread "C2 CompilerThread1"         daemon [_thread_in_native, id=3608, stack(0x000000bdcc700000,0x000000bdcc800000) (1024K)]
  0x000001e197187a90 JavaThread "Monitor Ctrl-Break"         daemon [_thread_in_native, id=16964, stack(0x000000bdcc800000,0x000000bdcc900000) (1024K)]
  0x000001e151c94360 JavaThread "Notification Thread"        daemon [_thread_blocked, id=14728, stack(0x000000bdcc900000,0x000000bdcca00000) (1024K)]
  0x000001e1974ad4d0 JavaThread "C2 CompilerThread2"         daemon [_thread_in_vm, id=5940, stack(0x000000bdcca00000,0x000000bdccb00000) (1024K)]
  0x000001e1975d22d0 JavaThread "RMI TCP Accept-0"           daemon [_thread_in_native, id=14396, stack(0x000000bdccb00000,0x000000bdccc00000) (1024K)]
  0x000001e197cd9f80 JavaThread "RMI TCP Connection(1)-192.168.56.1" daemon [_thread_in_native, id=16972, stack(0x000000bdcd300000,0x000000bdcd400000) (1024K)]
  0x000001e197bc4b80 JavaThread "RMI Scheduler(0)"           daemon [_thread_blocked, id=10472, stack(0x000000bdcd400000,0x000000bdcd500000) (1024K)]
  0x000001e1975c9aa0 JavaThread "JMX server connection timeout 33" daemon [_thread_blocked, id=16988, stack(0x000000bdcd500000,0x000000bdcd600000) (1024K)]
Total: 18

Other Threads:
  0x000001e15178b790 VMThread "VM Thread"                           [id=13428, stack(0x000000bdcbd00000,0x000000bdcbe00000) (1024K)]
  0x000001e151773fb0 WatcherThread "VM Periodic Task Thread"        [id=15596, stack(0x000000bdcbc00000,0x000000bdcbd00000) (1024K)]
  0x000001e134ee0670 WorkerThread "GC Thread#0"                     [id=12488, stack(0x000000bdcb700000,0x000000bdcb800000) (1024K)]
  0x000001e197bc66d0 WorkerThread "GC Thread#1"                     [id=15488, stack(0x000000bdccc00000,0x000000bdccd00000) (1024K)]
  0x000001e197c86f90 WorkerThread "GC Thread#2"                     [id=10048, stack(0x000000bdccd00000,0x000000bdcce00000) (1024K)]
  0x000001e197c204e0 WorkerThread "GC Thread#3"                     [id=16868, stack(0x000000bdcce00000,0x000000bdccf00000) (1024K)]
  0x000001e197ea2950 WorkerThread "GC Thread#4"                     [id=16060, stack(0x000000bdccf00000,0x000000bdcd000000) (1024K)]
  0x000001e1976700d0 WorkerThread "GC Thread#5"                     [id=16948, stack(0x000000bdcd000000,0x000000bdcd100000) (1024K)]
  0x000001e197670470 WorkerThread "GC Thread#6"                     [id=2428, stack(0x000000bdcd100000,0x000000bdcd200000) (1024K)]
  0x000001e197672820 WorkerThread "GC Thread#7"                     [id=14872, stack(0x000000bdcd200000,0x000000bdcd300000) (1024K)]
  0x000001e134ef1160 ConcurrentGCThread "G1 Main Marker"            [id=13956, stack(0x000000bdcb800000,0x000000bdcb900000) (1024K)]
  0x000001e134ef1b70 WorkerThread "G1 Conc#0"                       [id=16380, stack(0x000000bdcb900000,0x000000bdcba00000) (1024K)]
  0x000001e134f4dd90 ConcurrentGCThread "G1 Refine#0"               [id=8340, stack(0x000000bdcba00000,0x000000bdcbb00000) (1024K)]
  0x000001e134f4e810 ConcurrentGCThread "G1 Service"                [id=4828, stack(0x000000bdcbb00000,0x000000bdcbc00000) (1024K)]
Total: 14

Threads with active compile tasks:
C2 CompilerThread0     1713 1892       4       jdk.internal.org.objectweb.asm.Frame::execute (2305 bytes)
C1 CompilerThread0     1713 1949       3       jdk.internal.org.objectweb.asm.FieldVisitor::<init> (78 bytes)
C2 CompilerThread1     1713 1856       4       java.util.jar.JarFile::getVersionedEntry (133 bytes)
Total: 3

VM state: not at safepoint (normal execution)

VM Mutex/Monitor currently owned by a thread: None

Heap address: 0x0000000082000000, size: 2016 MB, Compressed Oops mode: 32-bit

CDS archive(s) mapped at: [0x000001e152000000-0x000001e152c90000-0x000001e152c90000), size 13172736, SharedBaseAddress: 0x000001e152000000, ArchiveRelocationMode: 1.
Compressed class space mapped at: 0x000001e153000000-0x000001e193000000, reserved size: 1073741824
Narrow klass base: 0x000001e152000000, Narrow klass shift: 0, Narrow klass range: 0x100000000

GC Precious Log:
 CardTable entry size: 512
 Card Set container configuration: InlinePtr #cards 5 size 8 Array Of Cards #cards 12 size 40 Howl #buckets 4 coarsen threshold 1843 Howl Bitmap #cards 512 size 80 coarsen threshold 460 Card regions per heap region 1 cards per card region 2048
 CPUs: 8 total, 8 available
 Memory: 8058M
 Large Page Support: Disabled
 NUMA Support: Disabled
 Compressed Oops: Enabled (32-bit)
 Heap Region Size: 1M
 Heap Min Capacity: 8M
 Heap Initial Capacity: 126M
 Heap Max Capacity: 2016M
 Pre-touch: Disabled
 Parallel Workers: 8
 Concurrent Workers: 2
 Concurrent Refinement Workers: 8
 Periodic GC: Disabled

Heap:
 garbage-first heap   total 129024K, used 23039K [0x0000000082000000, 0x0000000100000000)
  region size 1024K, 18 young (18432K), 3 survivors (3072K)
 Metaspace       used 11964K, committed 12416K, reserved 1114112K
  class space    used 1399K, committed 1600K, reserved 1048576K

Heap Regions: E=young(eden), S=young(survivor), O=old, HS=humongous(starts), HC=humongous(continues), CS=collection set, F=free, TAMS=top-at-mark-start, PB=parsable bottom
|   0|0x0000000082000000, 0x0000000082100000, 0x0000000082100000|100%|HS|  |TAMS 0x0000000082000000| PB 0x0000000082000000| Complete 
|   1|0x0000000082100000, 0x0000000082200000, 0x0000000082200000|100%| O|  |TAMS 0x0000000082100000| PB 0x0000000082100000| Untracked 
|   2|0x0000000082200000, 0x0000000082300000, 0x0000000082300000|100%| O|  |TAMS 0x0000000082200000| PB 0x0000000082200000| Untracked 
|   3|0x0000000082300000, 0x0000000082400000, 0x0000000082400000|100%| O|  |TAMS 0x0000000082300000| PB 0x0000000082300000| Untracked 
|   4|0x0000000082400000, 0x0000000082500000, 0x0000000082500000|100%| O|  |TAMS 0x0000000082400000| PB 0x0000000082400000| Untracked 
|   5|0x0000000082500000, 0x000000008257ff80, 0x0000000082600000| 49%| O|  |TAMS 0x0000000082500000| PB 0x0000000082500000| Untracked 
|   6|0x0000000082600000, 0x0000000082600000, 0x0000000082700000|  0%| F|  |TAMS 0x0000000082600000| PB 0x0000000082600000| Untracked 
|   7|0x0000000082700000, 0x0000000082700000, 0x0000000082800000|  0%| F|  |TAMS 0x0000000082700000| PB 0x0000000082700000| Untracked 
|   8|0x0000000082800000, 0x0000000082800000, 0x0000000082900000|  0%| F|  |TAMS 0x0000000082800000| PB 0x0000000082800000| Untracked 
|   9|0x0000000082900000, 0x0000000082900000, 0x0000000082a00000|  0%| F|  |TAMS 0x0000000082900000| PB 0x0000000082900000| Untracked 
|  10|0x0000000082a00000, 0x0000000082a00000, 0x0000000082b00000|  0%| F|  |TAMS 0x0000000082a00000| PB 0x0000000082a00000| Untracked 
|  11|0x0000000082b00000, 0x0000000082b00000, 0x0000000082c00000|  0%| F|  |TAMS 0x0000000082b00000| PB 0x0000000082b00000| Untracked 
|  12|0x0000000082c00000, 0x0000000082c00000, 0x0000000082d00000|  0%| F|  |TAMS 0x0000000082c00000| PB 0x0000000082c00000| Untracked 
|  13|0x0000000082d00000, 0x0000000082d00000, 0x0000000082e00000|  0%| F|  |TAMS 0x0000000082d00000| PB 0x0000000082d00000| Untracked 
|  14|0x0000000082e00000, 0x0000000082e00000, 0x0000000082f00000|  0%| F|  |TAMS 0x0000000082e00000| PB 0x0000000082e00000| Untracked 
|  15|0x0000000082f00000, 0x0000000082f00000, 0x0000000083000000|  0%| F|  |TAMS 0x0000000082f00000| PB 0x0000000082f00000| Untracked 
|  16|0x0000000083000000, 0x0000000083000000, 0x0000000083100000|  0%| F|  |TAMS 0x0000000083000000| PB 0x0000000083000000| Untracked 
|  17|0x0000000083100000, 0x0000000083100000, 0x0000000083200000|  0%| F|  |TAMS 0x0000000083100000| PB 0x0000000083100000| Untracked 
|  18|0x0000000083200000, 0x0000000083200000, 0x0000000083300000|  0%| F|  |TAMS 0x0000000083200000| PB 0x0000000083200000| Untracked 
|  19|0x0000000083300000, 0x0000000083300000, 0x0000000083400000|  0%| F|  |TAMS 0x0000000083300000| PB 0x0000000083300000| Untracked 
|  20|0x0000000083400000, 0x0000000083400000, 0x0000000083500000|  0%| F|  |TAMS 0x0000000083400000| PB 0x0000000083400000| Untracked 
|  21|0x0000000083500000, 0x0000000083500000, 0x0000000083600000|  0%| F|  |TAMS 0x0000000083500000| PB 0x0000000083500000| Untracked 
|  22|0x0000000083600000, 0x0000000083600000, 0x0000000083700000|  0%| F|  |TAMS 0x0000000083600000| PB 0x0000000083600000| Untracked 
|  23|0x0000000083700000, 0x0000000083700000, 0x0000000083800000|  0%| F|  |TAMS 0x0000000083700000| PB 0x0000000083700000| Untracked 
|  24|0x0000000083800000, 0x0000000083800000, 0x0000000083900000|  0%| F|  |TAMS 0x0000000083800000| PB 0x0000000083800000| Untracked 
|  25|0x0000000083900000, 0x0000000083900000, 0x0000000083a00000|  0%| F|  |TAMS 0x0000000083900000| PB 0x0000000083900000| Untracked 
|  26|0x0000000083a00000, 0x0000000083a00000, 0x0000000083b00000|  0%| F|  |TAMS 0x0000000083a00000| PB 0x0000000083a00000| Untracked 
|  27|0x0000000083b00000, 0x0000000083b00000, 0x0000000083c00000|  0%| F|  |TAMS 0x0000000083b00000| PB 0x0000000083b00000| Untracked 
|  28|0x0000000083c00000, 0x0000000083c00000, 0x0000000083d00000|  0%| F|  |TAMS 0x0000000083c00000| PB 0x0000000083c00000| Untracked 
|  29|0x0000000083d00000, 0x0000000083d00000, 0x0000000083e00000|  0%| F|  |TAMS 0x0000000083d00000| PB 0x0000000083d00000| Untracked 
|  30|0x0000000083e00000, 0x0000000083e00000, 0x0000000083f00000|  0%| F|  |TAMS 0x0000000083e00000| PB 0x0000000083e00000| Untracked 
|  31|0x0000000083f00000, 0x0000000083f00000, 0x0000000084000000|  0%| F|  |TAMS 0x0000000083f00000| PB 0x0000000083f00000| Untracked 
|  32|0x0000000084000000, 0x0000000084000000, 0x0000000084100000|  0%| F|  |TAMS 0x0000000084000000| PB 0x0000000084000000| Untracked 
|  33|0x0000000084100000, 0x0000000084100000, 0x0000000084200000|  0%| F|  |TAMS 0x0000000084100000| PB 0x0000000084100000| Untracked 
|  34|0x0000000084200000, 0x0000000084200000, 0x0000000084300000|  0%| F|  |TAMS 0x0000000084200000| PB 0x0000000084200000| Untracked 
|  35|0x0000000084300000, 0x0000000084300000, 0x0000000084400000|  0%| F|  |TAMS 0x0000000084300000| PB 0x0000000084300000| Untracked 
|  36|0x0000000084400000, 0x0000000084400000, 0x0000000084500000|  0%| F|  |TAMS 0x0000000084400000| PB 0x0000000084400000| Untracked 
|  37|0x0000000084500000, 0x0000000084500000, 0x0000000084600000|  0%| F|  |TAMS 0x0000000084500000| PB 0x0000000084500000| Untracked 
|  38|0x0000000084600000, 0x0000000084600000, 0x0000000084700000|  0%| F|  |TAMS 0x0000000084600000| PB 0x0000000084600000| Untracked 
|  39|0x0000000084700000, 0x0000000084700000, 0x0000000084800000|  0%| F|  |TAMS 0x0000000084700000| PB 0x0000000084700000| Untracked 
|  40|0x0000000084800000, 0x0000000084800000, 0x0000000084900000|  0%| F|  |TAMS 0x0000000084800000| PB 0x0000000084800000| Untracked 
|  41|0x0000000084900000, 0x0000000084900000, 0x0000000084a00000|  0%| F|  |TAMS 0x0000000084900000| PB 0x0000000084900000| Untracked 
|  42|0x0000000084a00000, 0x0000000084a00000, 0x0000000084b00000|  0%| F|  |TAMS 0x0000000084a00000| PB 0x0000000084a00000| Untracked 
|  43|0x0000000084b00000, 0x0000000084b00000, 0x0000000084c00000|  0%| F|  |TAMS 0x0000000084b00000| PB 0x0000000084b00000| Untracked 
|  44|0x0000000084c00000, 0x0000000084c00000, 0x0000000084d00000|  0%| F|  |TAMS 0x0000000084c00000| PB 0x0000000084c00000| Untracked 
|  45|0x0000000084d00000, 0x0000000084d00000, 0x0000000084e00000|  0%| F|  |TAMS 0x0000000084d00000| PB 0x0000000084d00000| Untracked 
|  46|0x0000000084e00000, 0x0000000084e00000, 0x0000000084f00000|  0%| F|  |TAMS 0x0000000084e00000| PB 0x0000000084e00000| Untracked 
|  47|0x0000000084f00000, 0x0000000084f00000, 0x0000000085000000|  0%| F|  |TAMS 0x0000000084f00000| PB 0x0000000084f00000| Untracked 
|  48|0x0000000085000000, 0x0000000085000000, 0x0000000085100000|  0%| F|  |TAMS 0x0000000085000000| PB 0x0000000085000000| Untracked 
|  49|0x0000000085100000, 0x0000000085100000, 0x0000000085200000|  0%| F|  |TAMS 0x0000000085100000| PB 0x0000000085100000| Untracked 
|  50|0x0000000085200000, 0x0000000085200000, 0x0000000085300000|  0%| F|  |TAMS 0x0000000085200000| PB 0x0000000085200000| Untracked 
|  51|0x0000000085300000, 0x0000000085300000, 0x0000000085400000|  0%| F|  |TAMS 0x0000000085300000| PB 0x0000000085300000| Untracked 
|  52|0x0000000085400000, 0x0000000085400000, 0x0000000085500000|  0%| F|  |TAMS 0x0000000085400000| PB 0x0000000085400000| Untracked 
|  53|0x0000000085500000, 0x0000000085500000, 0x0000000085600000|  0%| F|  |TAMS 0x0000000085500000| PB 0x0000000085500000| Untracked 
|  54|0x0000000085600000, 0x0000000085600000, 0x0000000085700000|  0%| F|  |TAMS 0x0000000085600000| PB 0x0000000085600000| Untracked 
|  55|0x0000000085700000, 0x0000000085700000, 0x0000000085800000|  0%| F|  |TAMS 0x0000000085700000| PB 0x0000000085700000| Untracked 
|  56|0x0000000085800000, 0x0000000085800000, 0x0000000085900000|  0%| F|  |TAMS 0x0000000085800000| PB 0x0000000085800000| Untracked 
|  57|0x0000000085900000, 0x0000000085900000, 0x0000000085a00000|  0%| F|  |TAMS 0x0000000085900000| PB 0x0000000085900000| Untracked 
|  58|0x0000000085a00000, 0x0000000085a00000, 0x0000000085b00000|  0%| F|  |TAMS 0x0000000085a00000| PB 0x0000000085a00000| Untracked 
|  59|0x0000000085b00000, 0x0000000085b00000, 0x0000000085c00000|  0%| F|  |TAMS 0x0000000085b00000| PB 0x0000000085b00000| Untracked 
|  60|0x0000000085c00000, 0x0000000085c00000, 0x0000000085d00000|  0%| F|  |TAMS 0x0000000085c00000| PB 0x0000000085c00000| Untracked 
|  61|0x0000000085d00000, 0x0000000085d00000, 0x0000000085e00000|  0%| F|  |TAMS 0x0000000085d00000| PB 0x0000000085d00000| Untracked 
|  62|0x0000000085e00000, 0x0000000085e00000, 0x0000000085f00000|  0%| F|  |TAMS 0x0000000085e00000| PB 0x0000000085e00000| Untracked 
|  63|0x0000000085f00000, 0x0000000085f00000, 0x0000000086000000|  0%| F|  |TAMS 0x0000000085f00000| PB 0x0000000085f00000| Untracked 
|  64|0x0000000086000000, 0x0000000086000000, 0x0000000086100000|  0%| F|  |TAMS 0x0000000086000000| PB 0x0000000086000000| Untracked 
|  65|0x0000000086100000, 0x0000000086100000, 0x0000000086200000|  0%| F|  |TAMS 0x0000000086100000| PB 0x0000000086100000| Untracked 
|  66|0x0000000086200000, 0x0000000086200000, 0x0000000086300000|  0%| F|  |TAMS 0x0000000086200000| PB 0x0000000086200000| Untracked 
|  67|0x0000000086300000, 0x0000000086300000, 0x0000000086400000|  0%| F|  |TAMS 0x0000000086300000| PB 0x0000000086300000| Untracked 
|  68|0x0000000086400000, 0x0000000086400000, 0x0000000086500000|  0%| F|  |TAMS 0x0000000086400000| PB 0x0000000086400000| Untracked 
|  69|0x0000000086500000, 0x0000000086500000, 0x0000000086600000|  0%| F|  |TAMS 0x0000000086500000| PB 0x0000000086500000| Untracked 
|  70|0x0000000086600000, 0x0000000086600000, 0x0000000086700000|  0%| F|  |TAMS 0x0000000086600000| PB 0x0000000086600000| Untracked 
|  71|0x0000000086700000, 0x0000000086700000, 0x0000000086800000|  0%| F|  |TAMS 0x0000000086700000| PB 0x0000000086700000| Untracked 
|  72|0x0000000086800000, 0x0000000086800000, 0x0000000086900000|  0%| F|  |TAMS 0x0000000086800000| PB 0x0000000086800000| Untracked 
|  73|0x0000000086900000, 0x0000000086900000, 0x0000000086a00000|  0%| F|  |TAMS 0x0000000086900000| PB 0x0000000086900000| Untracked 
|  74|0x0000000086a00000, 0x0000000086a00000, 0x0000000086b00000|  0%| F|  |TAMS 0x0000000086a00000| PB 0x0000000086a00000| Untracked 
|  75|0x0000000086b00000, 0x0000000086b00000, 0x0000000086c00000|  0%| F|  |TAMS 0x0000000086b00000| PB 0x0000000086b00000| Untracked 
|  76|0x0000000086c00000, 0x0000000086c00000, 0x0000000086d00000|  0%| F|  |TAMS 0x0000000086c00000| PB 0x0000000086c00000| Untracked 
|  77|0x0000000086d00000, 0x0000000086d00000, 0x0000000086e00000|  0%| F|  |TAMS 0x0000000086d00000| PB 0x0000000086d00000| Untracked 
|  78|0x0000000086e00000, 0x0000000086e00000, 0x0000000086f00000|  0%| F|  |TAMS 0x0000000086e00000| PB 0x0000000086e00000| Untracked 
|  79|0x0000000086f00000, 0x0000000086f00000, 0x0000000087000000|  0%| F|  |TAMS 0x0000000086f00000| PB 0x0000000086f00000| Untracked 
|  80|0x0000000087000000, 0x0000000087000000, 0x0000000087100000|  0%| F|  |TAMS 0x0000000087000000| PB 0x0000000087000000| Untracked 
|  81|0x0000000087100000, 0x0000000087100000, 0x0000000087200000|  0%| F|  |TAMS 0x0000000087100000| PB 0x0000000087100000| Untracked 
|  82|0x0000000087200000, 0x0000000087200000, 0x0000000087300000|  0%| F|  |TAMS 0x0000000087200000| PB 0x0000000087200000| Untracked 
|  83|0x0000000087300000, 0x0000000087300000, 0x0000000087400000|  0%| F|  |TAMS 0x0000000087300000| PB 0x0000000087300000| Untracked 
|  84|0x0000000087400000, 0x0000000087400000, 0x0000000087500000|  0%| F|  |TAMS 0x0000000087400000| PB 0x0000000087400000| Untracked 
|  85|0x0000000087500000, 0x0000000087500000, 0x0000000087600000|  0%| F|  |TAMS 0x0000000087500000| PB 0x0000000087500000| Untracked 
|  86|0x0000000087600000, 0x0000000087600000, 0x0000000087700000|  0%| F|  |TAMS 0x0000000087600000| PB 0x0000000087600000| Untracked 
|  87|0x0000000087700000, 0x0000000087700000, 0x0000000087800000|  0%| F|  |TAMS 0x0000000087700000| PB 0x0000000087700000| Untracked 
|  88|0x0000000087800000, 0x0000000087800000, 0x0000000087900000|  0%| F|  |TAMS 0x0000000087800000| PB 0x0000000087800000| Untracked 
|  89|0x0000000087900000, 0x0000000087900000, 0x0000000087a00000|  0%| F|  |TAMS 0x0000000087900000| PB 0x0000000087900000| Untracked 
|  90|0x0000000087a00000, 0x0000000087a00000, 0x0000000087b00000|  0%| F|  |TAMS 0x0000000087a00000| PB 0x0000000087a00000| Untracked 
|  91|0x0000000087b00000, 0x0000000087b00000, 0x0000000087c00000|  0%| F|  |TAMS 0x0000000087b00000| PB 0x0000000087b00000| Untracked 
|  92|0x0000000087c00000, 0x0000000087c00000, 0x0000000087d00000|  0%| F|  |TAMS 0x0000000087c00000| PB 0x0000000087c00000| Untracked 
|  93|0x0000000087d00000, 0x0000000087d00000, 0x0000000087e00000|  0%| F|  |TAMS 0x0000000087d00000| PB 0x0000000087d00000| Untracked 
|  94|0x0000000087e00000, 0x0000000087e00000, 0x0000000087f00000|  0%| F|  |TAMS 0x0000000087e00000| PB 0x0000000087e00000| Untracked 
|  95|0x0000000087f00000, 0x0000000087f00000, 0x0000000088000000|  0%| F|  |TAMS 0x0000000087f00000| PB 0x0000000087f00000| Untracked 
|  96|0x0000000088000000, 0x0000000088000000, 0x0000000088100000|  0%| F|  |TAMS 0x0000000088000000| PB 0x0000000088000000| Untracked 
|  97|0x0000000088100000, 0x0000000088100000, 0x0000000088200000|  0%| F|  |TAMS 0x0000000088100000| PB 0x0000000088100000| Untracked 
|  98|0x0000000088200000, 0x0000000088200000, 0x0000000088300000|  0%| F|  |TAMS 0x0000000088200000| PB 0x0000000088200000| Untracked 
|  99|0x0000000088300000, 0x0000000088300000, 0x0000000088400000|  0%| F|  |TAMS 0x0000000088300000| PB 0x0000000088300000| Untracked 
| 100|0x0000000088400000, 0x0000000088500000, 0x0000000088500000|100%| S|CS|TAMS 0x0000000088400000| PB 0x0000000088400000| Complete 
| 101|0x0000000088500000, 0x0000000088600000, 0x0000000088600000|100%| S|CS|TAMS 0x0000000088500000| PB 0x0000000088500000| Complete 
| 102|0x0000000088600000, 0x0000000088700000, 0x0000000088700000|100%| S|CS|TAMS 0x0000000088600000| PB 0x0000000088600000| Complete 
| 103|0x0000000088700000, 0x0000000088700000, 0x0000000088800000|  0%| F|  |TAMS 0x0000000088700000| PB 0x0000000088700000| Untracked 
| 104|0x0000000088800000, 0x0000000088800000, 0x0000000088900000|  0%| F|  |TAMS 0x0000000088800000| PB 0x0000000088800000| Untracked 
| 105|0x0000000088900000, 0x0000000088900000, 0x0000000088a00000|  0%| F|  |TAMS 0x0000000088900000| PB 0x0000000088900000| Untracked 
| 106|0x0000000088a00000, 0x0000000088a00000, 0x0000000088b00000|  0%| F|  |TAMS 0x0000000088a00000| PB 0x0000000088a00000| Untracked 
| 107|0x0000000088b00000, 0x0000000088b00000, 0x0000000088c00000|  0%| F|  |TAMS 0x0000000088b00000| PB 0x0000000088b00000| Untracked 
| 108|0x0000000088c00000, 0x0000000088c00000, 0x0000000088d00000|  0%| F|  |TAMS 0x0000000088c00000| PB 0x0000000088c00000| Untracked 
| 109|0x0000000088d00000, 0x0000000088d00000, 0x0000000088e00000|  0%| F|  |TAMS 0x0000000088d00000| PB 0x0000000088d00000| Untracked 
| 110|0x0000000088e00000, 0x0000000088e00000, 0x0000000088f00000|  0%| F|  |TAMS 0x0000000088e00000| PB 0x0000000088e00000| Untracked 
| 111|0x0000000088f00000, 0x0000000088fd4078, 0x0000000089000000| 82%| E|  |TAMS 0x0000000088f00000| PB 0x0000000088f00000| Complete 
| 112|0x0000000089000000, 0x0000000089100000, 0x0000000089100000|100%| E|CS|TAMS 0x0000000089000000| PB 0x0000000089000000| Complete 
| 113|0x0000000089100000, 0x0000000089200000, 0x0000000089200000|100%| E|CS|TAMS 0x0000000089100000| PB 0x0000000089100000| Complete 
| 114|0x0000000089200000, 0x0000000089300000, 0x0000000089300000|100%| E|CS|TAMS 0x0000000089200000| PB 0x0000000089200000| Complete 
| 115|0x0000000089300000, 0x0000000089400000, 0x0000000089400000|100%| E|CS|TAMS 0x0000000089300000| PB 0x0000000089300000| Complete 
| 116|0x0000000089400000, 0x0000000089500000, 0x0000000089500000|100%| E|CS|TAMS 0x0000000089400000| PB 0x0000000089400000| Complete 
| 117|0x0000000089500000, 0x0000000089600000, 0x0000000089600000|100%| E|CS|TAMS 0x0000000089500000| PB 0x0000000089500000| Complete 
| 118|0x0000000089600000, 0x0000000089700000, 0x0000000089700000|100%| E|CS|TAMS 0x0000000089600000| PB 0x0000000089600000| Complete 
| 119|0x0000000089700000, 0x0000000089800000, 0x0000000089800000|100%| E|CS|TAMS 0x0000000089700000| PB 0x0000000089700000| Complete 
| 120|0x0000000089800000, 0x0000000089900000, 0x0000000089900000|100%| E|CS|TAMS 0x0000000089800000| PB 0x0000000089800000| Complete 
| 121|0x0000000089900000, 0x0000000089a00000, 0x0000000089a00000|100%| E|CS|TAMS 0x0000000089900000| PB 0x0000000089900000| Complete 
| 122|0x0000000089a00000, 0x0000000089b00000, 0x0000000089b00000|100%| E|CS|TAMS 0x0000000089a00000| PB 0x0000000089a00000| Complete 
| 123|0x0000000089b00000, 0x0000000089c00000, 0x0000000089c00000|100%| E|CS|TAMS 0x0000000089b00000| PB 0x0000000089b00000| Complete 
| 124|0x0000000089c00000, 0x0000000089d00000, 0x0000000089d00000|100%| E|CS|TAMS 0x0000000089c00000| PB 0x0000000089c00000| Complete 
| 125|0x0000000089d00000, 0x0000000089e00000, 0x0000000089e00000|100%| E|CS|TAMS 0x0000000089d00000| PB 0x0000000089d00000| Complete 

Card table byte_map: [0x000001e14ca20000,0x000001e14ce10000] _byte_map_base: 0x000001e14c610000

Marking Bits: (CMBitMap*) 0x000001e134ee0c80
 Bits: [0x000001e14ce10000, 0x000001e14ed90000)

Polling page: 0x000001e132e10000

Metaspace:

Usage:
  Non-class:     10.34 MB used.
      Class:      1.37 MB used.
       Both:     11.71 MB used.

Virtual space:
  Non-class space:       64.00 MB reserved,      10.56 MB ( 17%) committed,  1 nodes.
      Class space:        1.00 GB reserved,       1.56 MB ( <1%) committed,  1 nodes.
             Both:        1.06 GB reserved,      12.12 MB (  1%) committed. 

Chunk freelists:
   Non-Class:  5.16 MB
       Class:  14.35 MB
        Both:  19.51 MB

MaxMetaspaceSize: unlimited
CompressedClassSpaceSize: 1.00 GB
Initial GC threshold: 21.00 MB
Current GC threshold: 21.00 MB
CDS: on
 - commit_granule_bytes: 65536.
 - commit_granule_words: 8192.
 - virtual_space_node_default_size: 8388608.
 - enlarge_chunks_in_place: 1.
 - use_allocation_guard: 0.


Internal statistics:

num_allocs_failed_limit: 0.
num_arena_births: 376.
num_arena_deaths: 0.
num_vsnodes_births: 2.
num_vsnodes_deaths: 0.
num_space_committed: 194.
num_space_uncommitted: 0.
num_chunks_returned_to_freelist: 0.
num_chunks_taken_from_freelist: 662.
num_chunk_merges: 0.
num_chunk_splits: 386.
num_chunks_enlarged: 223.
num_inconsistent_stats: 0.

CodeHeap 'non-profiled nmethods': size=120000Kb used=692Kb max_used=692Kb free=119308Kb
 bounds [0x000001e144dc0000, 0x000001e145030000, 0x000001e14c2f0000]
CodeHeap 'profiled nmethods': size=120000Kb used=3513Kb max_used=3513Kb free=116486Kb
 bounds [0x000001e13d2f0000, 0x000001e13d660000, 0x000001e144820000]
CodeHeap 'non-nmethods': size=5760Kb used=1412Kb max_used=1445Kb free=4347Kb
 bounds [0x000001e144820000, 0x000001e144a90000, 0x000001e144dc0000]
 total_blobs=2461 nmethods=1954 adapters=411
 compilation: enabled
              stopped_count=0, restarted_count=0
 full_count=0

Compilation events (20 events):
Event: 1.665 Thread 0x000001e1517b7670 1864       3       org.springframework.boot.env.OriginTrackedPropertiesLoader$CharacterReader::isEndOfLine (30 bytes)
Event: 1.665 Thread 0x000001e1517b7670 nmethod 1864 0x000001e13d636d10 code [0x000001e13d636ec0, 0x000001e13d637098]
Event: 1.665 Thread 0x000001e1517b7670 1865       3       org.springframework.boot.env.OriginTrackedPropertiesLoader$CharacterReader::getCharacter (6 bytes)
Event: 1.665 Thread 0x000001e1517b7670 nmethod 1865 0x000001e13d637110 code [0x000001e13d6372a0, 0x000001e13d6373b8]
Event: 1.665 Thread 0x000001e1517b7670 1866       3       org.springframework.boot.env.OriginTrackedPropertiesLoader$CharacterReader::isPropertyDelimiter (31 bytes)
Event: 1.665 Thread 0x000001e1517b7670 nmethod 1866 0x000001e13d637490 code [0x000001e13d637640, 0x000001e13d637818]
Event: 1.666 Thread 0x000001e1517b7670 1867       1       java.util.Collections$EmptyList::isEmpty (2 bytes)
Event: 1.666 Thread 0x000001e1517b7670 nmethod 1867 0x000001e144e66a90 code [0x000001e144e66c20, 0x000001e144e66ce8]
Event: 1.666 Thread 0x000001e1517b7670 1868       3       java.util.HashMap::<init> (8 bytes)
Event: 1.666 Thread 0x000001e1517b7670 nmethod 1868 0x000001e13d637890 code [0x000001e13d637a60, 0x000001e13d637ba0]
Event: 1.668 Thread 0x000001e1517b7670 1869       3       org.springframework.boot.context.properties.source.ConfigurationPropertyName::<init> (21 bytes)
Event: 1.668 Thread 0x000001e1517b5600 1871       4       org.springframework.boot.context.properties.source.ConfigurationPropertyName$ElementsParser::updateType (109 bytes)
Event: 1.669 Thread 0x000001e1517b7670 nmethod 1869 0x000001e13d637c90 code [0x000001e13d637e40, 0x000001e13d638130]
Event: 1.669 Thread 0x000001e1517b7670 1870       3       org.springframework.boot.context.properties.source.ConfigurationPropertyName$Elements::<init> (38 bytes)
Event: 1.669 Thread 0x000001e1517b7670 nmethod 1870 0x000001e13d638210 code [0x000001e13d6383c0, 0x000001e13d638700]
Event: 1.669 Thread 0x000001e1517b7670 1874       3       org.springframework.boot.context.properties.source.ConfigurationPropertyName::fastElementEquals (69 bytes)
Event: 1.670 Thread 0x000001e1517b7670 nmethod 1874 0x000001e13d638810 code [0x000001e13d638a00, 0x000001e13d638de0]
Event: 1.670 Thread 0x000001e1517b7670 1873       3       org.springframework.boot.context.properties.source.ConfigurationPropertyName::elementDiffers (94 bytes)
Event: 1.671 Thread 0x000001e1517b7670 nmethod 1873 0x000001e13d639010 code [0x000001e13d6392a0, 0x000001e13d639da8]
Event: 1.671 Thread 0x000001e1517b7670 1875       3       org.springframework.boot.context.properties.source.SpringIterableConfigurationPropertySource$Mappings::add (23 bytes)

GC Heap History (2 events):
Event: 1.128 GC heap before
{Heap before GC invocations=0 (full 0):
 garbage-first heap   total 129024K, used 23552K [0x0000000082000000, 0x0000000100000000)
  region size 1024K, 23 young (23552K), 0 survivors (0K)
 Metaspace       used 7829K, committed 8000K, reserved 1114112K
  class space    used 829K, committed 896K, reserved 1048576K
}
Event: 1.138 GC heap after
{Heap after GC invocations=1 (full 0):
 garbage-first heap   total 129024K, used 8703K [0x0000000082000000, 0x0000000100000000)
  region size 1024K, 3 young (3072K), 3 survivors (3072K)
 Metaspace       used 7829K, committed 8000K, reserved 1114112K
  class space    used 829K, committed 896K, reserved 1048576K
}

Dll operation events (12 events):
Event: 0.021 Loaded shared library C:\Program Files\Java\jdk-21\bin\java.dll
Event: 0.184 Loaded shared library C:\Program Files\Java\jdk-21\bin\jsvml.dll
Event: 0.395 Loaded shared library C:\Program Files\Java\jdk-21\bin\zip.dll
Event: 0.401 Loaded shared library C:\Program Files\Java\jdk-21\bin\instrument.dll
Event: 0.411 Loaded shared library C:\Program Files\Java\jdk-21\bin\net.dll
Event: 0.415 Loaded shared library C:\Program Files\Java\jdk-21\bin\nio.dll
Event: 0.424 Loaded shared library C:\Program Files\Java\jdk-21\bin\zip.dll
Event: 0.491 Loaded shared library C:\Program Files\Java\jdk-21\bin\jimage.dll
Event: 0.631 Loaded shared library D:\Program Files\IntelliJ IDEA 2024.2.3\bin\breakgen64.dll
Event: 0.644 Loaded shared library C:\Program Files\Java\jdk-21\bin\extnet.dll
Event: 0.656 Loaded shared library C:\Program Files\Java\jdk-21\bin\management.dll
Event: 0.673 Loaded shared library C:\Program Files\Java\jdk-21\bin\management_ext.dll

Deoptimization events (20 events):
Event: 1.368 Thread 0x000001e132c3e890 DEOPT PACKING pc=0x000001e144e3f19c sp=0x000000bdcb6fdad0
Event: 1.368 Thread 0x000001e132c3e890 DEOPT UNPACKING pc=0x000001e1448746a2 sp=0x000000bdcb6fda68 mode 2
Event: 1.420 Thread 0x000001e132c3e890 DEOPT PACKING pc=0x000001e13d3fb203 sp=0x000000bdcb6fddd0
Event: 1.420 Thread 0x000001e132c3e890 DEOPT UNPACKING pc=0x000001e144874e42 sp=0x000000bdcb6fd2d8 mode 0
Event: 1.661 Thread 0x000001e132c3e890 Uncommon trap: trap_request=0xffffffde fr.pc=0x000001e144e0d348 relative=0x00000000000004c8
Event: 1.661 Thread 0x000001e132c3e890 Uncommon trap: reason=class_check action=maybe_recompile pc=0x000001e144e0d348 method=java.io.BufferedReader.read()I @ 6 c2
Event: 1.661 Thread 0x000001e132c3e890 DEOPT PACKING pc=0x000001e144e0d348 sp=0x000000bdcb6fdfc0
Event: 1.661 Thread 0x000001e132c3e890 DEOPT UNPACKING pc=0x000001e1448746a2 sp=0x000000bdcb6fdf78 mode 2
Event: 1.661 Thread 0x000001e132c3e890 Uncommon trap: trap_request=0xffffffde fr.pc=0x000001e144e0d348 relative=0x00000000000004c8
Event: 1.661 Thread 0x000001e132c3e890 Uncommon trap: reason=class_check action=maybe_recompile pc=0x000001e144e0d348 method=java.io.BufferedReader.read()I @ 6 c2
Event: 1.661 Thread 0x000001e132c3e890 DEOPT PACKING pc=0x000001e144e0d348 sp=0x000000bdcb6fdeb0
Event: 1.661 Thread 0x000001e132c3e890 DEOPT UNPACKING pc=0x000001e1448746a2 sp=0x000000bdcb6fde68 mode 2
Event: 1.661 Thread 0x000001e132c3e890 Uncommon trap: trap_request=0xffffffde fr.pc=0x000001e144e0d348 relative=0x00000000000004c8
Event: 1.661 Thread 0x000001e132c3e890 Uncommon trap: reason=class_check action=maybe_recompile pc=0x000001e144e0d348 method=java.io.BufferedReader.read()I @ 6 c2
Event: 1.661 Thread 0x000001e132c3e890 DEOPT PACKING pc=0x000001e144e0d348 sp=0x000000bdcb6fdeb0
Event: 1.661 Thread 0x000001e132c3e890 DEOPT UNPACKING pc=0x000001e1448746a2 sp=0x000000bdcb6fde68 mode 2
Event: 1.661 Thread 0x000001e132c3e890 Uncommon trap: trap_request=0xffffffde fr.pc=0x000001e144e0d348 relative=0x00000000000004c8
Event: 1.661 Thread 0x000001e132c3e890 Uncommon trap: reason=class_check action=maybe_recompile pc=0x000001e144e0d348 method=java.io.BufferedReader.read()I @ 6 c2
Event: 1.661 Thread 0x000001e132c3e890 DEOPT PACKING pc=0x000001e144e0d348 sp=0x000000bdcb6fdeb0
Event: 1.661 Thread 0x000001e132c3e890 DEOPT UNPACKING pc=0x000001e1448746a2 sp=0x000000bdcb6fde68 mode 2

Classes loaded (20 events):
Event: 1.544 Loading class java/util/stream/MatchOps$2MatchSink
Event: 1.544 Loading class java/util/stream/MatchOps$2MatchSink done
Event: 1.560 Loading class java/beans/PropertyEditorSupport
Event: 1.560 Loading class java/beans/PropertyEditor
Event: 1.560 Loading class java/beans/PropertyEditor done
Event: 1.560 Loading class java/beans/PropertyEditorSupport done
Event: 1.593 Loading class java/util/regex/Pattern$Neg
Event: 1.593 Loading class java/util/regex/Pattern$Neg done
Event: 1.603 Loading class java/util/stream/StreamSpliterators$WrappingSpliterator
Event: 1.603 Loading class java/util/stream/StreamSpliterators$AbstractWrappingSpliterator
Event: 1.603 Loading class java/util/stream/StreamSpliterators$AbstractWrappingSpliterator done
Event: 1.603 Loading class java/util/stream/StreamSpliterators$WrappingSpliterator done
Event: 1.604 Loading class java/util/stream/StreamSpliterators
Event: 1.604 Loading class java/util/stream/StreamSpliterators done
Event: 1.604 Loading class java/util/function/BooleanSupplier
Event: 1.605 Loading class java/util/function/BooleanSupplier done
Event: 1.659 Loading class java/io/LineNumberReader
Event: 1.659 Loading class java/io/LineNumberReader done
Event: 1.660 Loading class sun/nio/cs/ISO_8859_1$Decoder
Event: 1.660 Loading class sun/nio/cs/ISO_8859_1$Decoder done

Classes unloaded (0 events):
No events

Classes redefined (0 events):
No events

Internal exceptions (20 events):
Event: 1.242 Thread 0x000001e197cd9f80 Exception <a 'java/lang/ClassNotFoundException'{0x0000000089a21490}: javax/management/remote/rmi/RMIConnectionImpl_Skel> (0x0000000089a21490) 
thrown [s\open\src\hotspot\share\classfile\systemDictionary.cpp, line 312]
Event: 1.244 Thread 0x000001e1975c9aa0 Exception <a 'java/lang/NoSuchMethodError'{0x0000000089a94130}: 'java.lang.Object java.lang.invoke.Invokers$Holder.linkToTargetMethod(java.lang.Object, long, java.lang.Object)'> (0x0000000089a94130) 
thrown [s\open\src\hotspot\share\interpreter\linkResolver.cpp, line 773]
Event: 1.253 Thread 0x000001e132c3e890 Exception <a 'java/lang/NoSuchMethodError'{0x0000000089a673d8}: 'java.lang.Object java.lang.invoke.DirectMethodHandle$Holder.invokeSpecialIFC(java.lang.Object, java.lang.Object, java.lang.Object, java.lang.Object)'> (0x0000000089a673d8) 
thrown [s\open\src\hotspot\share\interpreter\linkResolver.cpp, line 773]
Event: 1.279 Thread 0x000001e197cd9f80 Exception <a 'java/lang/NoSuchMethodError'{0x0000000089959fc8}: 'int java.lang.invoke.DelegatingMethodHandle$Holder.reinvoke_L(java.lang.Object, java.lang.Object, java.lang.Object, java.lang.Object, java.lang.Object)'> (0x0000000089959fc8) 
thrown [s\open\src\hotspot\share\interpreter\linkResolver.cpp, line 773]
Event: 1.295 Thread 0x000001e132c3e890 Exception <a 'java/lang/NoSuchMethodError'{0x00000000899c3b28}: 'int java.lang.invoke.DirectMethodHandle$Holder.invokeStaticInit(java.lang.Object, java.lang.Object, java.lang.Object)'> (0x00000000899c3b28) 
thrown [s\open\src\hotspot\share\interpreter\linkResolver.cpp, line 773]
Event: 1.301 Thread 0x000001e197cd9f80 Exception <a 'java/lang/NoSuchMethodError'{0x0000000089975980}: 'java.lang.Object java.lang.invoke.DirectMethodHandle$Holder.invokeInterface(java.lang.Object, java.lang.Object, java.lang.Object, java.lang.Object, java.lang.Object)'> (0x0000000089975980) 
thrown [s\open\src\hotspot\share\interpreter\linkResolver.cpp, line 773]
Event: 1.310 Thread 0x000001e197cd9f80 Exception <a 'java/lang/NoSuchMethodError'{0x000000008986d5c0}: 'double java.lang.invoke.DirectMethodHandle$Holder.invokeInterface(java.lang.Object, java.lang.Object)'> (0x000000008986d5c0) 
thrown [s\open\src\hotspot\share\interpreter\linkResolver.cpp, line 773]
Event: 1.310 Thread 0x000001e132c3e890 Exception <a 'java/lang/NoSuchMethodError'{0x0000000089839630}: 'java.lang.Object java.lang.invoke.DirectMethodHandle$Holder.newInvokeSpecial(java.lang.Object, java.lang.Object, java.lang.Object, java.lang.Object, java.lang.Object)'> (0x0000000089839630) 
thrown [s\open\src\hotspot\share\interpreter\linkResolver.cpp, line 773]
Event: 1.311 Thread 0x000001e197cd9f80 Exception <a 'java/lang/NoSuchMethodError'{0x0000000089874d30}: 'double java.lang.invoke.DelegatingMethodHandle$Holder.reinvoke_L(java.lang.Object, java.lang.Object)'> (0x0000000089874d30) 
thrown [s\open\src\hotspot\share\interpreter\linkResolver.cpp, line 773]
Event: 1.338 Thread 0x000001e132c3e890 Exception <a 'java/lang/IncompatibleClassChangeError'{0x0000000089708e88}: Found class java.lang.Object, but interface was expected> (0x0000000089708e88) 
thrown [s\open\src\hotspot\share\interpreter\linkResolver.cpp, line 840]
Event: 1.365 Thread 0x000001e132c3e890 Exception <a 'sun/nio/fs/WindowsException'{0x000000008977f5d8}> (0x000000008977f5d8) 
thrown [s\open\src\hotspot\share\prims\jni.cpp, line 520]
Event: 1.538 Thread 0x000001e132c3e890 Exception <a 'java/lang/NoSuchMethodError'{0x00000000894b15b0}: 'int java.lang.invoke.DirectMethodHandle$Holder.invokeSpecial(java.lang.Object, java.lang.Object, java.lang.Object, java.lang.Object)'> (0x00000000894b15b0) 
thrown [s\open\src\hotspot\share\interpreter\linkResolver.cpp, line 773]
Event: 1.539 Thread 0x000001e132c3e890 Exception <a 'java/lang/NoSuchMethodError'{0x00000000894b8b78}: 'int java.lang.invoke.DirectMethodHandle$Holder.invokeSpecialIFC(java.lang.Object, java.lang.Object, java.lang.Object, java.lang.Object, java.lang.Object)'> (0x00000000894b8b78) 
thrown [s\open\src\hotspot\share\interpreter\linkResolver.cpp, line 773]
Event: 1.576 Thread 0x000001e132c3e890 Exception <a 'java/lang/NoSuchMethodError'{0x0000000089208b50}: 'java.lang.Object java.lang.invoke.DirectMethodHandle$Holder.newInvokeSpecial(java.lang.Object, java.lang.Object, java.lang.Object, java.lang.Object, java.lang.Object, java.lang.Object, java.lang.Object)'> (0x0000000089208b50) 
thrown [s\open\src\hotspot\share\interpreter\linkResolver.cpp, line 773]
Event: 1.581 Thread 0x000001e132c3e890 Exception <a 'java/lang/NoSuchMethodError'{0x0000000089224420}: 'void java.lang.invoke.DirectMethodHandle$Holder.invokeStaticInit(java.lang.Object, java.lang.Object)'> (0x0000000089224420) 
thrown [s\open\src\hotspot\share\interpreter\linkResolver.cpp, line 773]
Event: 1.588 Thread 0x000001e132c3e890 Exception <a 'java/lang/NoSuchMethodError'{0x0000000089264e60}: 'int java.lang.invoke.DirectMethodHandle$Holder.invokeStatic(java.lang.Object, java.lang.Object, java.lang.Object, java.lang.Object)'> (0x0000000089264e60) 
thrown [s\open\src\hotspot\share\interpreter\linkResolver.cpp, line 773]
Event: 1.605 Thread 0x000001e132c3e890 Exception <a 'java/lang/NoSuchMethodError'{0x00000000892c5f98}: 'java.lang.Object java.lang.invoke.DirectMethodHandle$Holder.invokeSpecial(java.lang.Object, java.lang.Object, java.lang.Object, java.lang.Object, java.lang.Object, java.lang.Object, int)'> (0x00000000892c5f98) 
thrown [s\open\src\hotspot\share\interpreter\linkResolver.cpp, line 773]
Event: 1.606 Thread 0x000001e132c3e890 Exception <a 'java/lang/NoSuchMethodError'{0x00000000892cf4a0}: 'java.lang.Object java.lang.invoke.DirectMethodHandle$Holder.newInvokeSpecial(java.lang.Object, java.lang.Object, java.lang.Object, java.lang.Object, java.lang.Object, java.lang.Object, int)'> (0x00000000892cf4a0) 
thrown [s\open\src\hotspot\share\interpreter\linkResolver.cpp, line 773]
Event: 1.606 Thread 0x000001e132c3e890 Exception <a 'java/lang/NoSuchMethodError'{0x00000000892d3a50}: 'java.lang.Object java.lang.invoke.DirectMethodHandle$Holder.invokeSpecial(java.lang.Object, java.lang.Object, java.lang.Object, java.lang.Object, java.lang.Object, java.lang.Object, java.lang.Object, int)'> (0x00000000892d3a50) 
thrown [s\open\src\hotspot\share\interpreter\linkResolver.cpp, line 773]
Event: 1.652 Thread 0x000001e132c3e890 Exception <a 'java/lang/NoSuchMethodError'{0x000000008900b4d0}: 'void java.lang.invoke.DirectMethodHandle$Holder.invokeSpecial(java.lang.Object, java.lang.Object, java.lang.Object, java.lang.Object, java.lang.Object)'> (0x000000008900b4d0) 
thrown [s\open\src\hotspot\share\interpreter\linkResolver.cpp, line 773]

ZGC Phase Switch (0 events):
No events

VM Operations (20 events):
Event: 0.665 Executing VM operation: HandshakeAllThreads (Deoptimize)
Event: 0.665 Executing VM operation: HandshakeAllThreads (Deoptimize) done
Event: 0.665 Executing VM operation: HandshakeAllThreads (Deoptimize)
Event: 0.665 Executing VM operation: HandshakeAllThreads (Deoptimize) done
Event: 0.687 Executing VM operation: HandshakeAllThreads (Deoptimize)
Event: 0.687 Executing VM operation: HandshakeAllThreads (Deoptimize) done
Event: 0.719 Executing VM operation: HandshakeAllThreads (Deoptimize)
Event: 0.719 Executing VM operation: HandshakeAllThreads (Deoptimize) done
Event: 0.986 Executing VM operation: HandshakeAllThreads (Deoptimize)
Event: 0.986 Executing VM operation: HandshakeAllThreads (Deoptimize) done
Event: 1.020 Executing VM operation: ICBufferFull
Event: 1.020 Executing VM operation: ICBufferFull done
Event: 1.128 Executing VM operation: G1CollectForAllocation (G1 Evacuation Pause)
Event: 1.138 Executing VM operation: G1CollectForAllocation (G1 Evacuation Pause) done
Event: 1.241 Executing VM operation: HandshakeAllThreads (Deoptimize)
Event: 1.241 Executing VM operation: HandshakeAllThreads (Deoptimize) done
Event: 1.367 Executing VM operation: HandshakeAllThreads (Deoptimize)
Event: 1.367 Executing VM operation: HandshakeAllThreads (Deoptimize) done
Event: 1.660 Executing VM operation: HandshakeAllThreads (Deoptimize)
Event: 1.660 Executing VM operation: HandshakeAllThreads (Deoptimize) done

Events (18 events):
Event: 0.057 Thread 0x000001e132c3e890 Thread added: 0x000001e132c3e890
Event: 0.136 Thread 0x000001e1517ad590 Thread added: 0x000001e1517ad590
Event: 0.137 Thread 0x000001e1517ae660 Thread added: 0x000001e1517ae660
Event: 0.137 Thread 0x000001e1517b05e0 Thread added: 0x000001e1517b05e0
Event: 0.137 Thread 0x000001e1517b3050 Thread added: 0x000001e1517b3050
Event: 0.137 Thread 0x000001e1517b3c60 Thread added: 0x000001e1517b3c60
Event: 0.138 Thread 0x000001e1517b46c0 Thread added: 0x000001e1517b46c0
Event: 0.138 Thread 0x000001e1517b5600 Thread added: 0x000001e1517b5600
Event: 0.143 Thread 0x000001e1517b7670 Thread added: 0x000001e1517b7670
Event: 0.355 Thread 0x000001e151774aa0 Thread added: 0x000001e151774aa0
Event: 0.452 Thread 0x000001e151bbe070 Thread added: 0x000001e151bbe070
Event: 0.633 Thread 0x000001e197187a90 Thread added: 0x000001e197187a90
Event: 0.633 Thread 0x000001e151c94360 Thread added: 0x000001e151c94360
Event: 0.871 Thread 0x000001e1974ad4d0 Thread added: 0x000001e1974ad4d0
Event: 1.096 Thread 0x000001e1975d22d0 Thread added: 0x000001e1975d22d0
Event: 1.176 Thread 0x000001e197cd9f80 Thread added: 0x000001e197cd9f80
Event: 1.223 Thread 0x000001e197bc4b80 Thread added: 0x000001e197bc4b80
Event: 1.239 Thread 0x000001e1975c9aa0 Thread added: 0x000001e1975c9aa0


Dynamic libraries:
0x00007ff710060000 - 0x00007ff710070000 	C:\Program Files\Java\jdk-21\bin\java.exe
0x00007ffe1a370000 - 0x00007ffe1a568000 	C:\WINDOWS\SYSTEM32\ntdll.dll
0x00007ffe1a170000 - 0x00007ffe1a232000 	C:\WINDOWS\System32\KERNEL32.DLL
0x00007ffe17a10000 - 0x00007ffe17d0e000 	C:\WINDOWS\System32\KERNELBASE.dll
0x00007ffe17ee0000 - 0x00007ffe17fe0000 	C:\WINDOWS\System32\ucrtbase.dll
0x00007ffe126d0000 - 0x00007ffe126e9000 	C:\Program Files\Java\jdk-21\bin\jli.dll
0x00007ffe18720000 - 0x00007ffe187d2000 	C:\WINDOWS\System32\ADVAPI32.dll
0x00007ffe18680000 - 0x00007ffe1871e000 	C:\WINDOWS\System32\msvcrt.dll
0x00007ffe187e0000 - 0x00007ffe18880000 	C:\WINDOWS\System32\sechost.dll
0x00007ffe126f0000 - 0x00007ffe1270b000 	C:\Program Files\Java\jdk-21\bin\VCRUNTIME140.dll
0x00007ffe18890000 - 0x00007ffe189b3000 	C:\WINDOWS\System32\RPCRT4.dll
0x00007ffe18360000 - 0x00007ffe18387000 	C:\WINDOWS\System32\bcrypt.dll
0x00007ffe194e0000 - 0x00007ffe1967d000 	C:\WINDOWS\System32\USER32.dll
0x00007ffe17eb0000 - 0x00007ffe17ed2000 	C:\WINDOWS\System32\win32u.dll
0x00007ffe1a0d0000 - 0x00007ffe1a0fb000 	C:\WINDOWS\System32\GDI32.dll
0x00007ffe021d0000 - 0x00007ffe0246a000 	C:\WINDOWS\WinSxS\amd64_microsoft.windows.common-controls_6595b64144ccf1df_6.0.19041.4355_none_60b8b9eb71f62e16\COMCTL32.dll
0x00007ffe18240000 - 0x00007ffe18357000 	C:\WINDOWS\System32\gdi32full.dll
0x00007ffe17d10000 - 0x00007ffe17dad000 	C:\WINDOWS\System32\msvcp_win.dll
0x00007ffe11d00000 - 0x00007ffe11d0a000 	C:\WINDOWS\SYSTEM32\VERSION.dll
0x00007ffe18650000 - 0x00007ffe1867f000 	C:\WINDOWS\System32\IMM32.DLL
0x00007ffe12690000 - 0x00007ffe1269c000 	C:\Program Files\Java\jdk-21\bin\vcruntime140_1.dll
0x00007ffdf9360000 - 0x00007ffdf93ee000 	C:\Program Files\Java\jdk-21\bin\msvcp140.dll
0x00007ffdc1600000 - 0x00007ffdc2317000 	C:\Program Files\Java\jdk-21\bin\server\jvm.dll
0x00007ffe1a100000 - 0x00007ffe1a16b000 	C:\WINDOWS\System32\WS2_32.dll
0x00007ffe17870000 - 0x00007ffe178bb000 	C:\WINDOWS\SYSTEM32\POWRPROF.dll
0x00007ffe07ac0000 - 0x00007ffe07ae7000 	C:\WINDOWS\SYSTEM32\WINMM.dll
0x00007ffe17850000 - 0x00007ffe17862000 	C:\WINDOWS\SYSTEM32\UMPDC.dll
0x00007ffe15890000 - 0x00007ffe158a2000 	C:\WINDOWS\SYSTEM32\kernel.appcore.dll
0x00007ffe12680000 - 0x00007ffe1268a000 	C:\Program Files\Java\jdk-21\bin\jimage.dll
0x00007ffe06610000 - 0x00007ffe067f4000 	C:\WINDOWS\SYSTEM32\DBGHELP.DLL
0x00007ffe06150000 - 0x00007ffe06184000 	C:\WINDOWS\SYSTEM32\dbgcore.DLL
0x00007ffe17e20000 - 0x00007ffe17ea2000 	C:\WINDOWS\System32\bcryptPrimitives.dll
0x00007ffe12650000 - 0x00007ffe1265f000 	C:\Program Files\Java\jdk-21\bin\instrument.dll
0x00007ffe12660000 - 0x00007ffe1267f000 	C:\Program Files\Java\jdk-21\bin\java.dll
0x00007ffe19960000 - 0x00007ffe1a0cf000 	C:\WINDOWS\System32\SHELL32.dll
0x00007ffe15a90000 - 0x00007ffe16234000 	C:\WINDOWS\SYSTEM32\windows.storage.dll
0x00007ffe18e30000 - 0x00007ffe19183000 	C:\WINDOWS\System32\combase.dll
0x00007ffe17370000 - 0x00007ffe1739e000 	C:\WINDOWS\SYSTEM32\Wldp.dll
0x00007ffe19340000 - 0x00007ffe1940d000 	C:\WINDOWS\System32\OLEAUT32.dll
0x00007ffe185a0000 - 0x00007ffe1864d000 	C:\WINDOWS\System32\SHCORE.dll
0x00007ffe19470000 - 0x00007ffe194c5000 	C:\WINDOWS\System32\shlwapi.dll
0x00007ffe17940000 - 0x00007ffe17964000 	C:\WINDOWS\SYSTEM32\profapi.dll
0x00007ffdf9280000 - 0x00007ffdf9357000 	C:\Program Files\Java\jdk-21\bin\jsvml.dll
0x00007ffe0ecd0000 - 0x00007ffe0ece8000 	C:\Program Files\Java\jdk-21\bin\zip.dll
0x00007ffe12300000 - 0x00007ffe12310000 	C:\Program Files\Java\jdk-21\bin\net.dll
0x00007ffe0fdf0000 - 0x00007ffe0fefd000 	C:\WINDOWS\SYSTEM32\WINHTTP.dll
0x00007ffe170d0000 - 0x00007ffe1713a000 	C:\WINDOWS\system32\mswsock.dll
0x00007ffe0f9e0000 - 0x00007ffe0f9f6000 	C:\Program Files\Java\jdk-21\bin\nio.dll
0x00007ffe0ecb0000 - 0x00007ffe0ecca000 	D:\Program Files\IntelliJ IDEA 2024.2.3\bin\breakgen64.dll
0x00007ffe16df0000 - 0x00007ffe16eba000 	C:\WINDOWS\SYSTEM32\DNSAPI.dll
0x00007ffe16db0000 - 0x00007ffe16deb000 	C:\WINDOWS\SYSTEM32\IPHLPAPI.DLL
0x00007ffe18880000 - 0x00007ffe18888000 	C:\WINDOWS\System32\NSI.dll
0x00007ffe0dc80000 - 0x00007ffe0dc8a000 	C:\Windows\System32\rasadhlp.dll
0x00007ffe10d70000 - 0x00007ffe10d79000 	C:\Program Files\Java\jdk-21\bin\extnet.dll
0x00007ffe0dd90000 - 0x00007ffe0de10000 	C:\WINDOWS\System32\fwpuclnt.dll
0x00007ffe10c60000 - 0x00007ffe10c6a000 	C:\Program Files\Java\jdk-21\bin\management.dll
0x00007ffe0ec90000 - 0x00007ffe0ec9b000 	C:\Program Files\Java\jdk-21\bin\management_ext.dll
0x00007ffe1a240000 - 0x00007ffe1a248000 	C:\WINDOWS\System32\PSAPI.DLL
0x00007ffe172d0000 - 0x00007ffe172e8000 	C:\WINDOWS\SYSTEM32\CRYPTSP.dll
0x00007ffe169f0000 - 0x00007ffe16a24000 	C:\WINDOWS\system32\rsaenh.dll
0x00007ffe178c0000 - 0x00007ffe178ee000 	C:\WINDOWS\SYSTEM32\USERENV.dll
0x00007ffe172c0000 - 0x00007ffe172cc000 	C:\WINDOWS\SYSTEM32\CRYPTBASE.dll
0x00007ffe04a00000 - 0x00007ffe04a17000 	C:\WINDOWS\system32\napinsp.dll
0x00007ffe02840000 - 0x00007ffe0285b000 	C:\WINDOWS\system32\pnrpnsp.dll
0x00007ffe02800000 - 0x00007ffe02815000 	C:\WINDOWS\system32\wshbth.dll
0x00007ffe14b10000 - 0x00007ffe14b2d000 	C:\WINDOWS\system32\NLAapi.dll
0x00007ffe02470000 - 0x00007ffe02482000 	C:\WINDOWS\System32\winrnr.dll
0x00007ffe065b0000 - 0x00007ffe06603000 	C:\WINDOWS\SYSTEM32\pdh.dll

dbghelp: loaded successfully - version: 4.0.5 - missing functions: none
symbol engine: initialized successfully - sym options: 0x614 - pdb path: .;C:\Program Files\Java\jdk-21\bin;C:\WINDOWS\SYSTEM32;C:\WINDOWS\WinSxS\amd64_microsoft.windows.common-controls_6595b64144ccf1df_6.0.19041.4355_none_60b8b9eb71f62e16;C:\Program Files\Java\jdk-21\bin\server;D:\Program Files\IntelliJ IDEA 2024.2.3\bin

VM Arguments:
jvm_args: --enable-preview -javaagent:D:\Program Files\IntelliJ IDEA 2024.2.3\lib\idea_rt.jar=59384:D:\Program Files\IntelliJ IDEA 2024.2.3\bin -Dfile.encoding=UTF-8 -Dsun.stdout.encoding=UTF-8 -Dsun.stderr.encoding=UTF-8 
java_command: com.PhD_UAE.PhD.PhDApplication
java_class_path (initial): D:\Phd_back\target\classes;C:\Users\lenovo\.m2\repository\org\springframework\boot\spring-boot-starter-data-jpa\3.3.4\spring-boot-starter-data-jpa-3.3.4.jar;C:\Users\lenovo\.m2\repository\org\springframework\boot\spring-boot-starter-aop\3.3.4\spring-boot-starter-aop-3.3.4.jar;C:\Users\lenovo\.m2\repository\org\aspectj\aspectjweaver\1.9.22.1\aspectjweaver-1.9.22.1.jar;C:\Users\lenovo\.m2\repository\org\springframework\boot\spring-boot-starter-jdbc\3.3.4\spring-boot-starter-jdbc-3.3.4.jar;C:\Users\lenovo\.m2\repository\com\zaxxer\HikariCP\5.1.0\HikariCP-5.1.0.jar;C:\Users\lenovo\.m2\repository\org\springframework\spring-jdbc\6.1.13\spring-jdbc-6.1.13.jar;C:\Users\lenovo\.m2\repository\org\hibernate\orm\hibernate-core\6.5.3.Final\hibernate-core-6.5.3.Final.jar;C:\Users\lenovo\.m2\repository\jakarta\persistence\jakarta.persistence-api\3.1.0\jakarta.persistence-api-3.1.0.jar;C:\Users\lenovo\.m2\repository\jakarta\transaction\jakarta.transaction-api\2.0.1\jakarta.transaction-api-2.0.1.jar;C:\Users\lenovo\.m2\repository\org\jboss\logging\jboss-logging\3.5.3.Final\jboss-logging-3.5.3.Final.jar;C:\Users\lenovo\.m2\repository\org\hibernate\common\hibernate-commons-annotations\6.0.6.Final\hibernate-commons-annotations-6.0.6.Final.jar;C:\Users\lenovo\.m2\repository\io\smallrye\jandex\3.1.2\jandex-3.1.2.jar;C:\Users\lenovo\.m2\repository\com\fasterxml\classmate\1.7.0\classmate-1.7.0.jar;C:\Users\lenovo\.m2\repository\net\bytebuddy\byte-buddy\1.14.19\byte-buddy-1.14.19.jar;C:\Users\lenovo\.m2\repository\org\glassfish\jaxb\jaxb-runtime\4.0.5\jaxb-runtime-4.0.5.jar;C:\Users\lenovo\.m2\repository\org\glassfish\jaxb\jaxb-core\4.0.5\jaxb-core-4.0.5.jar;C:\Users\lenovo\.m2\repository\org\glassfish\jaxb\txw2\4.0.5\txw2-4.0.5.jar;C:\Users\lenovo\.m2\repository\com\sun\istack\istack-commons-runtime\4.1.2\istack-commons-runtime-4.1.2.jar;C:\Users\lenovo\.m2\repository\jakarta\inject\jakarta.inject-api\2.0.1\jakarta.inject-api-2.0.1.jar;C:\Users\lenovo\.m2\repository\org\antlr\antlr4-runtime\4.13.0\antlr4-runtime-4.13.0.jar;C:\Users\lenovo\.m2\repository\org\springframework\data\spring-data-jpa\3.3.4\spring-data-jpa-3.3.4.jar;C:\Users\lenovo\.m2\repository\org\springframework\data\spring-data-commons\3.3.4\spring-data-commons-3.3.4.jar;C:\Users\lenovo\.m2\repository\org\springframework\spring-orm\6.1.13\spring-orm-6.1.13.jar;C:\Users\lenovo\.m2\repository\org\springframework\spring-context\6.1.13\spring-context-6.1.13.jar;C:\Users\lenovo\.m2\repository\org\springframework\spring-tx\6.1.13\spring-tx-6.1.13.jar;C:\Users\lenovo\.m2\repository\org\springframework\spring-beans\6.1.13\spring-beans-6.1.13.jar;C:\Users\lenovo\.m2\repository\jakarta\annotation\jakarta.annotation-api\2.1.1\jakarta.annotation-api-2.1.1.jar;C:\Users\lenovo\.m2\repository\org\springframework\spring-aspects\6.1.13\spring-aspects-6.1.13.jar;C:\Users\lenovo\.m2\repository\org\springframework\boot\spring-boot-starter-web\3.3.4\spring-boot-starter-web-3.3.4.jar;C:\Users\lenovo\.m2\repository\org\springframework\boot\spring-boot-starter\3.3.4\spring-boot-starter-3.3.4.jar;C:\Users\lenovo\.m2\repository\org\springframework\boot\spring-boot\3.3.4\spring-boot-3.3.4.jar;C:\Users\lenovo\.m2\repository\org\springframework\boot\spring-boot-autoconfigure\3.3.4\spring-boot-autoconfigure-3.3.4.jar;C:\Users\lenovo\.m2\repository\org\springframework\boot\spring-boot-starter-logging\3.3.4\spring-boot-starter-logging-3.3.4.jar;C:\Users\lenovo\.m2\repository\ch\qos\logback\logback-classic\1.5.8\logback-classic-1.5.8.jar;C:\Users\lenovo\.m2\repository\ch\qos\logback\logback-core\1.5.8\logback-core-1.5.8.jar;C:\Users\lenovo\.m2\repository\org\apache\logging\log4j\log4j-to-slf4j\2.23.1\log4j-to-slf4j-2.23.1.jar;C:\Users\lenovo\.m2\repository\org\apache\logging\log4j\log4j-api\2.23.1\log4j-api-2.23.1.jar;C:\Users\lenovo\.m2\repository\org\slf4j\jul-to-slf4j\2.0.16\jul-to-slf4j-2.0.16.jar;C:\Users\lenovo\.m2\repository\org\yaml\snakeyaml\2.2\snakeyaml-2.2.jar;C:\Users\lenovo\.m2\repository\org\springframework\boot\spring-boot-starter-json\3.3.4\spring-boot-starter-json-3.3.4.jar;C:\Users\lenovo\.m2\repository\com\fasterxml\jackson\core\jackson-databind\2.17.2\jackson-databind-2.17.2.jar;C:\Users\lenovo\.m2\repository\com\fasterxml\jackson\core\jackson-annotations\2.17.2\jackson-annotations-2.17.2.jar;C:\Users\lenovo\.m2\repository\com\fasterxml\jackson\core\jackson-core\2.17.2\jackson-core-2.17.2.jar;C:\Users\lenovo\.m2\repository\com\fasterxml\jackson\datatype\jackson-datatype-jdk8\2.17.2\jackson-datatype-jdk8-2.17.2.jar;C:\Users\lenovo\.m2\repository\com\fasterxml\jackson\datatype\jackson-datatype-jsr310\2.17.2\jackson-datatype-jsr310-2.17.2.jar;C:\Users\lenovo\.m2\repository\com\fasterxml\jackson\module\jackson-module-parameter-names\2.17.2\jackson-module-parameter-names-2.17.2.jar;C:\Users\lenovo\.m2\repository\org\springframework\boot\spring-boot-starter-tomcat\3.3.4\spring-boot-starter-tomcat-3.3.4.jar;C:\Users\lenovo\.m2\repository\org\apache\tomcat\embed\tomcat-embed-core\10.1.30\tomcat-embed-core-10.1.30.jar;C:\Users\lenovo\.m2\repository\org\apache\tomcat\embed\tomcat-embed-el\10.1.30\tomcat-embed-el-10.1.30.jar;C:\Users\lenovo\.m2\repository\org\apache\tomcat\embed\tomcat-embed-websocket\10.1.30\tomcat-embed-websocket-10.1.30.jar;C:\Users\lenovo\.m2\repository\org\springframework\spring-web\6.1.13\spring-web-6.1.13.jar;C:\Users\lenovo\.m2\repository\io\micrometer\micrometer-observation\1.13.4\micrometer-observation-1.13.4.jar;C:\Users\lenovo\.m2\repository\io\micrometer\micrometer-commons\1.13.4\micrometer-commons-1.13.4.jar;C:\Users\lenovo\.m2\repository\org\springframework\spring-webmvc\6.1.13\spring-webmvc-6.1.13.jar;C:\Users\lenovo\.m2\repository\org\springframework\spring-expression\6.1.13\spring-expression-6.1.13.jar;C:\Users\lenovo\.m2\repository\com\mysql\mysql-connector-j\8.3.0\mysql-connector-j-8.3.0.jar;C:\Users\lenovo\.m2\repository\com\itextpdf\kernel\7.1.11\kernel-7.1.11.jar;C:\Users\lenovo\.m2\repository\com\itextpdf\io\7.1.11\io-7.1.11.jar;C:\Users\lenovo\.m2\repository\org\bouncycastle\bcpkix-jdk15on\1.64\bcpkix-jdk15on-1.64.jar;C:\Users\lenovo\.m2\repository\org\bouncycastle\bcprov-jdk15on\1.64\bcprov-jdk15on-1.64.jar;C:\Users\lenovo\.m2\repository\org\slf4j\slf4j-api\2.0.16\slf4j-api-2.0.16.jar;C:\Users\lenovo\.m2\repository\com\itextpdf\layout\7.1.11\layout-7.1.11.jar;C:\Users\lenovo\.m2\repository\org\projectlombok\lombok\1.18.34\lombok-1.18.34.jar;C:\Users\lenovo\.m2\repository\jakarta\xml\bind\jakarta.xml.bind-api\4.0.2\jakarta.xml.bind-api-4.0.2.jar;C:\Users\lenovo\.m2\repository\jakarta\activation\jakarta.activation-api\2.1.3\jakarta.activation-api-2.1.3.jar;C:\Users\lenovo\.m2\repository\org\springframework\spring-core\6.1.13\spring-core-6.1.13.jar;C:\Users\lenovo\.m2\repository\org\springframework\spring-jcl\6.1.13\spring-jcl-6.1.13.jar;C:\Users\lenovo\.m2\repository\org\springframework\boot\spring-boot-starter-security\3.3.4\spring-boot-starter-security-3.3.4.jar;C:\Users\lenovo\.m2\repository\org\springframework\spring-aop\6.1.13\spring-aop-6.1.13.jar;C:\Users\lenovo\.m2\repository\org\springframework\security\spring-security-config\6.3.3\spring-security-config-6.3.3.jar;C:\Users\lenovo\.m2\repository\org\springframework\security\spring-security-core\6.3.3\spring-security-core-6.3.3.jar;C:\Users\lenovo\.m2\repository\org\springframework\security\spring-security-crypto\6.3.3\spring-security-crypto-6.3.3.jar;C:\Users\lenovo\.m2\repository\org\springframework\security\spring-security-web\6.3.3\spring-security-web-6.3.3.jar;C:\Users\lenovo\.m2\repository\org\springframework\boot\spring-boot-starter-mail\3.3.4\spring-boot-starter-mail-3.3.4.jar;C:\Users\lenovo\.m2\repository\org\springframework\spring-context-support\6.1.13\spring-context-support-6.1.13.jar;C:\Users\lenovo\.m2\repository\org\eclipse\angus\jakarta.mail\2.0.3\jakarta.mail-2.0.3.jar;C:\Users\lenovo\.m2\repository\org\eclipse\angus\angus-activation\2.0.2\angus-activation-2.0.2.jar
Launcher Type: SUN_STANDARD

[Global flags]
     intx CICompilerCount                          = 4                                         {product} {ergonomic}
     uint ConcGCThreads                            = 2                                         {product} {ergonomic}
     uint G1ConcRefinementThreads                  = 8                                         {product} {ergonomic}
   size_t G1HeapRegionSize                         = 1048576                                   {product} {ergonomic}
    uintx GCDrainStackTargetSize                   = 64                                        {product} {ergonomic}
   size_t InitialHeapSize                          = 132120576                                 {product} {ergonomic}
   size_t MarkStackSize                            = 4194304                                   {product} {ergonomic}
   size_t MaxHeapSize                              = 2113929216                                {product} {ergonomic}
   size_t MaxNewSize                               = 1267728384                                {product} {ergonomic}
   size_t MinHeapDeltaBytes                        = 1048576                                   {product} {ergonomic}
   size_t MinHeapSize                              = 8388608                                   {product} {ergonomic}
    uintx NonNMethodCodeHeapSize                   = 5839372                                {pd product} {ergonomic}
    uintx NonProfiledCodeHeapSize                  = 122909434                              {pd product} {ergonomic}
    uintx ProfiledCodeHeapSize                     = 122909434                              {pd product} {ergonomic}
    uintx ReservedCodeCacheSize                    = 251658240                              {pd product} {ergonomic}
     bool SegmentedCodeCache                       = true                                      {product} {ergonomic}
   size_t SoftMaxHeapSize                          = 2113929216                             {manageable} {ergonomic}
     bool UseCompressedOops                        = true                           {product lp64_product} {ergonomic}
     bool UseG1GC                                  = true                                      {product} {ergonomic}
     bool UseLargePagesIndividualAllocation        = false                                  {pd product} {ergonomic}

Logging:
Log output configuration:
 #0: stdout all=warning uptime,level,tags foldmultilines=false
 #1: stderr all=off uptime,level,tags foldmultilines=false

Environment Variables:
PATH=C:\Users\lenovo\AppData\Local\Programs\Python\Python312\Scripts\;C:\Users\lenovo\AppData\Local\Programs\Python\Python312\;C:\Program Files\Common Files\Oracle\Java\javapath;C:\oraclexe\app\oracle\product\11.2.0\server\bin;C:\ProgramData\watcom-1.3\binnt;C:\ProgramData\watcom-1.3\binw;C:\watcom-1.3\binnt;C:\watcom-1.3\binw;C:\WINDOWS\system32;C:\WINDOWS;C:\WINDOWS\System32\Wbem;C:\WINDOWS\System32\WindowsPowerShell\v1.0\;C:\WINDOWS\System32\OpenSSH\;C:\Program Files\MySQL\MySQL Server 5.5\bin;C:\MinGW\bin;C:\ProgramData\chocolatey\bin;C:\xampp\php;C:\Program Files\MongoDB\Server\7.0;C:\Program Files\Apache Software Foundation\Tomcat 11.0\bin;C:\Program Files\Git\cmd;D:\Program Files\heroku\bin;C:\Program Files\Docker\Docker\resources\bin;D:\Program Files\apache-maven-3.9.9\bin;C:\Users\lenovo\AppData\Roaming\nvm;C:\Program Files\nodejs;C:\Program Files\PowerShell\7\;C:\Users\lenovo\AppData\Local\Programs\Python\Python312\Scripts\;C:\Users\lenovo\AppData\Local\Programs\Python\Python312\;C:\Users\lenovo\AppData\Local\Programs\Python\Launcher\;C:\Users\lenovo\AppData\Local\Microsoft\WindowsApps;C:\Users\lenovo\Downloads\GnuWin32\GnuWin32\bin;C:\Program Files (x86)\GnuWin32\bin;C:\MinGW\bin;C:\MinGW\msys\1.0\bin;C:\MinGW\bin;C:\Users\lenovo\AppData\Local\Programs\Microsoft VS Code\bin;C:\Program Files\JetBrains\IntelliJ IDEA Community Edition 2023.3.4\bin;;C:\Users\lenovo\Downloads\java;C:\xampp\php;C:\Users\lenovo\AppData\Local\ComposerSetup\bin;C:\Users\lenovo\AppData\Roaming\Composer\vendor\bin;C:\Program Files\Java\jdk-21\bin;D:\Program Files\IntelliJ IDEA 2024.2.3\bin;;D:\Program Files\heroku\bin;C:\Program Files\Docker\Docker\resources\bin;C:\Users\lenovo\AppData\Roaming\npm;C:\Users\lenovo\AppData\Roaming\nvm;C:\Program Files\nodejs
USERNAME=lenovo
OS=Windows_NT
PROCESSOR_IDENTIFIER=Intel64 Family 6 Model 142 Stepping 10, GenuineIntel
TMP=C:\Users\lenovo\AppData\Local\Temp
TEMP=C:\Users\lenovo\AppData\Local\Temp




Periodic native trim disabled

---------------  S Y S T E M  ---------------

OS:
 Windows 10 , 64 bit Build 19041 (10.0.19041.4957)
OS uptime: 0 days 0:27 hours

CPU: total 8 (initial active 8) (4 cores per cpu, 2 threads per core) family 6 model 142 stepping 10 microcode 0xb4, cx8, cmov, fxsr, ht, mmx, 3dnowpref, sse, sse2, sse3, ssse3, sse4.1, sse4.2, popcnt, lzcnt, tsc, tscinvbit, avx, avx2, aes, erms, clmul, bmi1, bmi2, adx, fma, vzeroupper, clflush, clflushopt, rdtscp, f16c
Processor Information for all 8 processors :
  Max Mhz: 1801, Current Mhz: 1801, Mhz Limit: 1801

Memory: 4k page, system-wide physical 8058M (785M free)
TotalPageFile size 10106M (AvailPageFile size 219M)
current process WorkingSet (physical memory assigned to process): 103M, peak: 103M
current process commit charge ("private bytes"): 240M, peak: 240M

vm_info: Java HotSpot(TM) 64-Bit Server VM (21.0.2+13-LTS-58) for windows-amd64 JRE (21.0.2+13-LTS-58), built on 2024-01-05T18:32:24Z by "mach5one" with MS VC++ 17.1 (VS2022)

END.
