#
# There is insufficient memory for the Java Runtime Environment to continue.
# Native memory allocation (malloc) failed to allocate 32744 bytes. Error detail: Chunk::new
# Possible reasons:
#   The system is out of physical RAM or swap space
#   This process is running with CompressedOops enabled, and the Java Heap may be blocking the growth of the native heap
# Possible solutions:
#   Reduce memory load on the system
#   Increase physical memory or swap space
#   Check if swap backing store is full
#   Decrease Java heap size (-Xmx/-Xms)
#   Decrease number of Java threads
#   Decrease Java thread stack sizes (-Xss)
#   Set larger code cache with -XX:ReservedCodeCacheSize=
#   JVM is running with Unscaled Compressed Oops mode in which the Java heap is
#     placed in the first 4GB address space. The Java Heap base address is the
#     maximum limit for the native heap growth. Please use -XX:HeapBaseMinAddress
#     to set the Java Heap base and to place the Java Heap above 4GB virtual address.
# This output file may be truncated or incomplete.
#
#  Out of Memory Error (arena.cpp:168), pid=11648, tid=9940
#
# JRE version: OpenJDK Runtime Environment Corretto-21.0.5.11.1 (21.0.5+11) (build 21.0.5+11-LTS)
# Java VM: OpenJDK 64-Bit Server VM Corretto-21.0.5.11.1 (21.0.5+11-LTS, mixed mode, emulated-client, sharing, tiered, compressed oops, compressed class ptrs, g1 gc, windows-amd64)
# No core dump will be written. Minidumps are not enabled by default on client versions of Windows
#

---------------  S U M M A R Y ------------

Command Line: --enable-preview -XX:TieredStopAtLevel=1 -Dspring.output.ansi.enabled=always -Dcom.sun.management.jmxremote -Dspring.jmx.enabled=true -Dspring.liveBeansView.mbeanDomain -Dspring.application.admin.enabled=true -Dmanagement.endpoints.jmx.exposure.include=* -javaagent:C:\Program Files\JetBrains\IntelliJ IDEA 2024.1.1\lib\idea_rt.jar=61300:C:\Program Files\JetBrains\IntelliJ IDEA 2024.1.1\bin -Dfile.encoding=UTF-8 -Dsun.stdout.encoding=UTF-8 -Dsun.stderr.encoding=UTF-8 com.PhD_UAE.PhD.PhDApplication

Host: Intel(R) Core(TM) i5-4200U CPU @ 1.60GHz, 4 cores, 7G,  Windows 11 , 64 bit Build 22000 (10.0.22000.2538)
Time: Fri Nov  1 15:43:40 2024 Morocco Daylight Time elapsed time: 10.431983 seconds (0d 0h 0m 10s)

---------------  T H R E A D  ---------------

Current thread (0x000001630c736e70):  JavaThread "C1 CompilerThread1" daemon [_thread_in_native, id=9940, stack(0x00000015fbf00000,0x00000015fc000000) (1024K)]


Current CompileTask:
C1:10432 1451       1       java.net.URLStreamHandler::parseURL (1124 bytes)

Stack: [0x00000015fbf00000,0x00000015fc000000]
Native frames: (J=compiled Java code, j=interpreted, Vv=VM code, C=native code)
V  [jvm.dll+0x6d9b69]
V  [jvm.dll+0x8b6073]
V  [jvm.dll+0x8b83ce]
V  [jvm.dll+0x8b8ab3]
V  [jvm.dll+0x286226]
V  [jvm.dll+0xc65ed]
V  [jvm.dll+0xc6b23]
V  [jvm.dll+0x140efe]
V  [jvm.dll+0x140297]
V  [jvm.dll+0x19d2bd]
V  [jvm.dll+0x19de86]
V  [jvm.dll+0x1566c3]
V  [jvm.dll+0x155f68]
V  [jvm.dll+0x1561a6]
V  [jvm.dll+0x15551f]
V  [jvm.dll+0x157341]
V  [jvm.dll+0x25d249]
V  [jvm.dll+0x25b7fb]
V  [jvm.dll+0x3fab46]
V  [jvm.dll+0x85ed68]
V  [jvm.dll+0x6d836d]
C  [ucrtbase.dll+0x26c0c]
C  [KERNEL32.DLL+0x153e0]
C  [ntdll.dll+0x485b]


---------------  P R O C E S S  ---------------

Threads class SMR info:
_java_thread_list=0x000001635240d330, length=16, elements={
0x000001637b359120, 0x000001637efd9d00, 0x000001637efdca20, 0x000001637efddd20,
0x000001637efdfd70, 0x000001637efe07c0, 0x000001637efe1340, 0x000001637efed3d0,
0x000001630c7365b0, 0x000001630c736e70, 0x000001630cad59e0, 0x00000163520995a0,
0x00000163521920b0, 0x000001635227f7a0, 0x0000016352416810, 0x0000016352460830
}

Java Threads: ( => current thread )
  0x000001637b359120 JavaThread "main"                              [_thread_in_native, id=6024, stack(0x00000015faf00000,0x00000015fb000000) (1024K)]
  0x000001637efd9d00 JavaThread "Reference Handler"          daemon [_thread_blocked, id=8684, stack(0x00000015fb700000,0x00000015fb800000) (1024K)]
  0x000001637efdca20 JavaThread "Finalizer"                  daemon [_thread_blocked, id=14128, stack(0x00000015fb800000,0x00000015fb900000) (1024K)]
  0x000001637efddd20 JavaThread "Signal Dispatcher"          daemon [_thread_blocked, id=720, stack(0x00000015fb900000,0x00000015fba00000) (1024K)]
  0x000001637efdfd70 JavaThread "Attach Listener"            daemon [_thread_blocked, id=524, stack(0x00000015fba00000,0x00000015fbb00000) (1024K)]
  0x000001637efe07c0 JavaThread "Service Thread"             daemon [_thread_blocked, id=10180, stack(0x00000015fbb00000,0x00000015fbc00000) (1024K)]
  0x000001637efe1340 JavaThread "Monitor Deflation Thread"   daemon [_thread_blocked, id=6508, stack(0x00000015fbc00000,0x00000015fbd00000) (1024K)]
  0x000001637efed3d0 JavaThread "C1 CompilerThread0"         daemon [_thread_blocked, id=9228, stack(0x00000015fbd00000,0x00000015fbe00000) (1024K)]
  0x000001630c7365b0 JavaThread "Common-Cleaner"             daemon [_thread_blocked, id=3600, stack(0x00000015fbe00000,0x00000015fbf00000) (1024K)]
=>0x000001630c736e70 JavaThread "C1 CompilerThread1"         daemon [_thread_in_native, id=9940, stack(0x00000015fbf00000,0x00000015fc000000) (1024K)]
  0x000001630cad59e0 JavaThread "Monitor Ctrl-Break"         daemon [_thread_in_native, id=6744, stack(0x00000015fc000000,0x00000015fc100000) (1024K)]
  0x00000163520995a0 JavaThread "Notification Thread"        daemon [_thread_blocked, id=13636, stack(0x00000015fc100000,0x00000015fc200000) (1024K)]
  0x00000163521920b0 JavaThread "C1 CompilerThread2"         daemon [_thread_blocked, id=15176, stack(0x00000015fc200000,0x00000015fc300000) (1024K)]
  0x000001635227f7a0 JavaThread "RMI TCP Accept-0"           daemon [_thread_in_native, id=4828, stack(0x00000015fc600000,0x00000015fc700000) (1024K)]
  0x0000016352416810 JavaThread "RMI TCP Connection(1)-192.168.1.8" daemon [_thread_in_native, id=960, stack(0x00000015fc700000,0x00000015fc800000) (1024K)]
  0x0000016352460830 JavaThread "RMI Scheduler(0)"           daemon [_thread_blocked, id=12836, stack(0x00000015fc800000,0x00000015fc900000) (1024K)]
Total: 16

Other Threads:
  0x000001637efbf9c0 VMThread "VM Thread"                           [id=12240, stack(0x00000015fb600000,0x00000015fb700000) (1024K)]
  0x000001637efab9c0 WatcherThread "VM Periodic Task Thread"        [id=14288, stack(0x00000015fb500000,0x00000015fb600000) (1024K)]
  0x000001637b3ad470 WorkerThread "GC Thread#0"                     [id=11508, stack(0x00000015fb000000,0x00000015fb100000) (1024K)]
  0x000001637efbf280 WorkerThread "GC Thread#1"                     [id=13780, stack(0x00000015fc300000,0x00000015fc400000) (1024K)]
  0x000001637efc0100 WorkerThread "GC Thread#2"                     [id=12360, stack(0x00000015fc400000,0x00000015fc500000) (1024K)]
  0x000001637efbeee0 WorkerThread "GC Thread#3"                     [id=13844, stack(0x00000015fc500000,0x00000015fc600000) (1024K)]
  0x000001637b3be250 ConcurrentGCThread "G1 Main Marker"            [id=11300, stack(0x00000015fb100000,0x00000015fb200000) (1024K)]
  0x000001637b3bf400 WorkerThread "G1 Conc#0"                       [id=4144, stack(0x00000015fb200000,0x00000015fb300000) (1024K)]
  0x000001637ee6e120 ConcurrentGCThread "G1 Refine#0"               [id=11152, stack(0x00000015fb300000,0x00000015fb400000) (1024K)]
  0x000001637ee6e940 ConcurrentGCThread "G1 Service"                [id=12644, stack(0x00000015fb400000,0x00000015fb500000) (1024K)]
Total: 10

Threads with active compile tasks:
C1 CompilerThread1  10491 1451       1       java.net.URLStreamHandler::parseURL (1124 bytes)
Total: 1

VM state: not at safepoint (normal execution)

VM Mutex/Monitor currently owned by a thread: None

Heap address: 0x0000000081600000, size: 2026 MB, Compressed Oops mode: 32-bit

CDS archive(s) mapped at: [0x000001630d000000-0x000001630dc80000-0x000001630dc80000), size 13107200, SharedBaseAddress: 0x000001630d000000, ArchiveRelocationMode: 1.
Compressed class space mapped at: 0x000001630e000000-0x000001634e000000, reserved size: 1073741824
Narrow klass base: 0x000001630d000000, Narrow klass shift: 0, Narrow klass range: 0x100000000

GC Precious Log:
 CardTable entry size: 512
 Card Set container configuration: InlinePtr #cards 5 size 8 Array Of Cards #cards 12 size 40 Howl #buckets 4 coarsen threshold 1843 Howl Bitmap #cards 512 size 80 coarsen threshold 460 Card regions per heap region 1 cards per card region 2048
 CPUs: 4 total, 4 available
 Memory: 8097M
 Large Page Support: Disabled
 NUMA Support: Disabled
 Compressed Oops: Enabled (32-bit)
 Heap Region Size: 1M
 Heap Min Capacity: 8M
 Heap Initial Capacity: 128M
 Heap Max Capacity: 2026M
 Pre-touch: Disabled
 Parallel Workers: 4
 Concurrent Workers: 1
 Concurrent Refinement Workers: 4
 Periodic GC: Disabled

Heap:
 garbage-first heap   total 131072K, used 13644K [0x0000000081600000, 0x0000000100000000)
  region size 1024K, 10 young (10240K), 2 survivors (2048K)
 Metaspace       used 7263K, committed 7552K, reserved 1114112K
  class space    used 863K, committed 1024K, reserved 1048576K

Heap Regions: E=young(eden), S=young(survivor), O=old, HS=humongous(starts), HC=humongous(continues), CS=collection set, F=free, TAMS=top-at-mark-start, PB=parsable bottom
|   0|0x0000000081600000, 0x0000000081700000, 0x0000000081700000|100%|HS|  |TAMS 0x0000000081600000| PB 0x0000000081600000| Complete 
|   1|0x0000000081700000, 0x0000000081800000, 0x0000000081800000|100%| O|  |TAMS 0x0000000081700000| PB 0x0000000081700000| Untracked 
|   2|0x0000000081800000, 0x0000000081900000, 0x0000000081900000|100%| O|  |TAMS 0x0000000081800000| PB 0x0000000081800000| Untracked 
|   3|0x0000000081900000, 0x0000000081a00000, 0x0000000081a00000|100%| O|  |TAMS 0x0000000081900000| PB 0x0000000081900000| Untracked 
|   4|0x0000000081a00000, 0x0000000081a53140, 0x0000000081b00000| 32%| O|  |TAMS 0x0000000081a00000| PB 0x0000000081a00000| Untracked 
|   5|0x0000000081b00000, 0x0000000081b00000, 0x0000000081c00000|  0%| F|  |TAMS 0x0000000081b00000| PB 0x0000000081b00000| Untracked 
|   6|0x0000000081c00000, 0x0000000081c00000, 0x0000000081d00000|  0%| F|  |TAMS 0x0000000081c00000| PB 0x0000000081c00000| Untracked 
|   7|0x0000000081d00000, 0x0000000081d00000, 0x0000000081e00000|  0%| F|  |TAMS 0x0000000081d00000| PB 0x0000000081d00000| Untracked 
|   8|0x0000000081e00000, 0x0000000081e00000, 0x0000000081f00000|  0%| F|  |TAMS 0x0000000081e00000| PB 0x0000000081e00000| Untracked 
|   9|0x0000000081f00000, 0x0000000081f00000, 0x0000000082000000|  0%| F|  |TAMS 0x0000000081f00000| PB 0x0000000081f00000| Untracked 
|  10|0x0000000082000000, 0x0000000082000000, 0x0000000082100000|  0%| F|  |TAMS 0x0000000082000000| PB 0x0000000082000000| Untracked 
|  11|0x0000000082100000, 0x0000000082100000, 0x0000000082200000|  0%| F|  |TAMS 0x0000000082100000| PB 0x0000000082100000| Untracked 
|  12|0x0000000082200000, 0x0000000082200000, 0x0000000082300000|  0%| F|  |TAMS 0x0000000082200000| PB 0x0000000082200000| Untracked 
|  13|0x0000000082300000, 0x0000000082300000, 0x0000000082400000|  0%| F|  |TAMS 0x0000000082300000| PB 0x0000000082300000| Untracked 
|  14|0x0000000082400000, 0x0000000082400000, 0x0000000082500000|  0%| F|  |TAMS 0x0000000082400000| PB 0x0000000082400000| Untracked 
|  15|0x0000000082500000, 0x0000000082500000, 0x0000000082600000|  0%| F|  |TAMS 0x0000000082500000| PB 0x0000000082500000| Untracked 
|  16|0x0000000082600000, 0x0000000082600000, 0x0000000082700000|  0%| F|  |TAMS 0x0000000082600000| PB 0x0000000082600000| Untracked 
|  17|0x0000000082700000, 0x0000000082700000, 0x0000000082800000|  0%| F|  |TAMS 0x0000000082700000| PB 0x0000000082700000| Untracked 
|  18|0x0000000082800000, 0x0000000082800000, 0x0000000082900000|  0%| F|  |TAMS 0x0000000082800000| PB 0x0000000082800000| Untracked 
|  19|0x0000000082900000, 0x0000000082900000, 0x0000000082a00000|  0%| F|  |TAMS 0x0000000082900000| PB 0x0000000082900000| Untracked 
|  20|0x0000000082a00000, 0x0000000082a00000, 0x0000000082b00000|  0%| F|  |TAMS 0x0000000082a00000| PB 0x0000000082a00000| Untracked 
|  21|0x0000000082b00000, 0x0000000082b00000, 0x0000000082c00000|  0%| F|  |TAMS 0x0000000082b00000| PB 0x0000000082b00000| Untracked 
|  22|0x0000000082c00000, 0x0000000082c00000, 0x0000000082d00000|  0%| F|  |TAMS 0x0000000082c00000| PB 0x0000000082c00000| Untracked 
|  23|0x0000000082d00000, 0x0000000082d00000, 0x0000000082e00000|  0%| F|  |TAMS 0x0000000082d00000| PB 0x0000000082d00000| Untracked 
|  24|0x0000000082e00000, 0x0000000082e00000, 0x0000000082f00000|  0%| F|  |TAMS 0x0000000082e00000| PB 0x0000000082e00000| Untracked 
|  25|0x0000000082f00000, 0x0000000082f00000, 0x0000000083000000|  0%| F|  |TAMS 0x0000000082f00000| PB 0x0000000082f00000| Untracked 
|  26|0x0000000083000000, 0x0000000083000000, 0x0000000083100000|  0%| F|  |TAMS 0x0000000083000000| PB 0x0000000083000000| Untracked 
|  27|0x0000000083100000, 0x0000000083100000, 0x0000000083200000|  0%| F|  |TAMS 0x0000000083100000| PB 0x0000000083100000| Untracked 
|  28|0x0000000083200000, 0x0000000083200000, 0x0000000083300000|  0%| F|  |TAMS 0x0000000083200000| PB 0x0000000083200000| Untracked 
|  29|0x0000000083300000, 0x0000000083300000, 0x0000000083400000|  0%| F|  |TAMS 0x0000000083300000| PB 0x0000000083300000| Untracked 
|  30|0x0000000083400000, 0x0000000083400000, 0x0000000083500000|  0%| F|  |TAMS 0x0000000083400000| PB 0x0000000083400000| Untracked 
|  31|0x0000000083500000, 0x0000000083500000, 0x0000000083600000|  0%| F|  |TAMS 0x0000000083500000| PB 0x0000000083500000| Untracked 
|  32|0x0000000083600000, 0x0000000083600000, 0x0000000083700000|  0%| F|  |TAMS 0x0000000083600000| PB 0x0000000083600000| Untracked 
|  33|0x0000000083700000, 0x0000000083700000, 0x0000000083800000|  0%| F|  |TAMS 0x0000000083700000| PB 0x0000000083700000| Untracked 
|  34|0x0000000083800000, 0x0000000083800000, 0x0000000083900000|  0%| F|  |TAMS 0x0000000083800000| PB 0x0000000083800000| Untracked 
|  35|0x0000000083900000, 0x0000000083900000, 0x0000000083a00000|  0%| F|  |TAMS 0x0000000083900000| PB 0x0000000083900000| Untracked 
|  36|0x0000000083a00000, 0x0000000083a00000, 0x0000000083b00000|  0%| F|  |TAMS 0x0000000083a00000| PB 0x0000000083a00000| Untracked 
|  37|0x0000000083b00000, 0x0000000083b00000, 0x0000000083c00000|  0%| F|  |TAMS 0x0000000083b00000| PB 0x0000000083b00000| Untracked 
|  38|0x0000000083c00000, 0x0000000083c00000, 0x0000000083d00000|  0%| F|  |TAMS 0x0000000083c00000| PB 0x0000000083c00000| Untracked 
|  39|0x0000000083d00000, 0x0000000083d00000, 0x0000000083e00000|  0%| F|  |TAMS 0x0000000083d00000| PB 0x0000000083d00000| Untracked 
|  40|0x0000000083e00000, 0x0000000083e00000, 0x0000000083f00000|  0%| F|  |TAMS 0x0000000083e00000| PB 0x0000000083e00000| Untracked 
|  41|0x0000000083f00000, 0x0000000083f00000, 0x0000000084000000|  0%| F|  |TAMS 0x0000000083f00000| PB 0x0000000083f00000| Untracked 
|  42|0x0000000084000000, 0x0000000084000000, 0x0000000084100000|  0%| F|  |TAMS 0x0000000084000000| PB 0x0000000084000000| Untracked 
|  43|0x0000000084100000, 0x0000000084100000, 0x0000000084200000|  0%| F|  |TAMS 0x0000000084100000| PB 0x0000000084100000| Untracked 
|  44|0x0000000084200000, 0x0000000084200000, 0x0000000084300000|  0%| F|  |TAMS 0x0000000084200000| PB 0x0000000084200000| Untracked 
|  45|0x0000000084300000, 0x0000000084300000, 0x0000000084400000|  0%| F|  |TAMS 0x0000000084300000| PB 0x0000000084300000| Untracked 
|  46|0x0000000084400000, 0x0000000084400000, 0x0000000084500000|  0%| F|  |TAMS 0x0000000084400000| PB 0x0000000084400000| Untracked 
|  47|0x0000000084500000, 0x0000000084500000, 0x0000000084600000|  0%| F|  |TAMS 0x0000000084500000| PB 0x0000000084500000| Untracked 
|  48|0x0000000084600000, 0x0000000084600000, 0x0000000084700000|  0%| F|  |TAMS 0x0000000084600000| PB 0x0000000084600000| Untracked 
|  49|0x0000000084700000, 0x0000000084700000, 0x0000000084800000|  0%| F|  |TAMS 0x0000000084700000| PB 0x0000000084700000| Untracked 
|  50|0x0000000084800000, 0x0000000084800000, 0x0000000084900000|  0%| F|  |TAMS 0x0000000084800000| PB 0x0000000084800000| Untracked 
|  51|0x0000000084900000, 0x0000000084900000, 0x0000000084a00000|  0%| F|  |TAMS 0x0000000084900000| PB 0x0000000084900000| Untracked 
|  52|0x0000000084a00000, 0x0000000084a00000, 0x0000000084b00000|  0%| F|  |TAMS 0x0000000084a00000| PB 0x0000000084a00000| Untracked 
|  53|0x0000000084b00000, 0x0000000084b00000, 0x0000000084c00000|  0%| F|  |TAMS 0x0000000084b00000| PB 0x0000000084b00000| Untracked 
|  54|0x0000000084c00000, 0x0000000084c00000, 0x0000000084d00000|  0%| F|  |TAMS 0x0000000084c00000| PB 0x0000000084c00000| Untracked 
|  55|0x0000000084d00000, 0x0000000084d00000, 0x0000000084e00000|  0%| F|  |TAMS 0x0000000084d00000| PB 0x0000000084d00000| Untracked 
|  56|0x0000000084e00000, 0x0000000084e00000, 0x0000000084f00000|  0%| F|  |TAMS 0x0000000084e00000| PB 0x0000000084e00000| Untracked 
|  57|0x0000000084f00000, 0x0000000084f00000, 0x0000000085000000|  0%| F|  |TAMS 0x0000000084f00000| PB 0x0000000084f00000| Untracked 
|  58|0x0000000085000000, 0x0000000085000000, 0x0000000085100000|  0%| F|  |TAMS 0x0000000085000000| PB 0x0000000085000000| Untracked 
|  59|0x0000000085100000, 0x0000000085100000, 0x0000000085200000|  0%| F|  |TAMS 0x0000000085100000| PB 0x0000000085100000| Untracked 
|  60|0x0000000085200000, 0x0000000085200000, 0x0000000085300000|  0%| F|  |TAMS 0x0000000085200000| PB 0x0000000085200000| Untracked 
|  61|0x0000000085300000, 0x0000000085300000, 0x0000000085400000|  0%| F|  |TAMS 0x0000000085300000| PB 0x0000000085300000| Untracked 
|  62|0x0000000085400000, 0x0000000085400000, 0x0000000085500000|  0%| F|  |TAMS 0x0000000085400000| PB 0x0000000085400000| Untracked 
|  63|0x0000000085500000, 0x0000000085500000, 0x0000000085600000|  0%| F|  |TAMS 0x0000000085500000| PB 0x0000000085500000| Untracked 
|  64|0x0000000085600000, 0x0000000085600000, 0x0000000085700000|  0%| F|  |TAMS 0x0000000085600000| PB 0x0000000085600000| Untracked 
|  65|0x0000000085700000, 0x0000000085700000, 0x0000000085800000|  0%| F|  |TAMS 0x0000000085700000| PB 0x0000000085700000| Untracked 
|  66|0x0000000085800000, 0x0000000085800000, 0x0000000085900000|  0%| F|  |TAMS 0x0000000085800000| PB 0x0000000085800000| Untracked 
|  67|0x0000000085900000, 0x0000000085900000, 0x0000000085a00000|  0%| F|  |TAMS 0x0000000085900000| PB 0x0000000085900000| Untracked 
|  68|0x0000000085a00000, 0x0000000085a00000, 0x0000000085b00000|  0%| F|  |TAMS 0x0000000085a00000| PB 0x0000000085a00000| Untracked 
|  69|0x0000000085b00000, 0x0000000085b00000, 0x0000000085c00000|  0%| F|  |TAMS 0x0000000085b00000| PB 0x0000000085b00000| Untracked 
|  70|0x0000000085c00000, 0x0000000085c00000, 0x0000000085d00000|  0%| F|  |TAMS 0x0000000085c00000| PB 0x0000000085c00000| Untracked 
|  71|0x0000000085d00000, 0x0000000085d00000, 0x0000000085e00000|  0%| F|  |TAMS 0x0000000085d00000| PB 0x0000000085d00000| Untracked 
|  72|0x0000000085e00000, 0x0000000085e00000, 0x0000000085f00000|  0%| F|  |TAMS 0x0000000085e00000| PB 0x0000000085e00000| Untracked 
|  73|0x0000000085f00000, 0x0000000085f00000, 0x0000000086000000|  0%| F|  |TAMS 0x0000000085f00000| PB 0x0000000085f00000| Untracked 
|  74|0x0000000086000000, 0x0000000086000000, 0x0000000086100000|  0%| F|  |TAMS 0x0000000086000000| PB 0x0000000086000000| Untracked 
|  75|0x0000000086100000, 0x0000000086100000, 0x0000000086200000|  0%| F|  |TAMS 0x0000000086100000| PB 0x0000000086100000| Untracked 
|  76|0x0000000086200000, 0x0000000086200000, 0x0000000086300000|  0%| F|  |TAMS 0x0000000086200000| PB 0x0000000086200000| Untracked 
|  77|0x0000000086300000, 0x0000000086300000, 0x0000000086400000|  0%| F|  |TAMS 0x0000000086300000| PB 0x0000000086300000| Untracked 
|  78|0x0000000086400000, 0x0000000086400000, 0x0000000086500000|  0%| F|  |TAMS 0x0000000086400000| PB 0x0000000086400000| Untracked 
|  79|0x0000000086500000, 0x0000000086500000, 0x0000000086600000|  0%| F|  |TAMS 0x0000000086500000| PB 0x0000000086500000| Untracked 
|  80|0x0000000086600000, 0x0000000086600000, 0x0000000086700000|  0%| F|  |TAMS 0x0000000086600000| PB 0x0000000086600000| Untracked 
|  81|0x0000000086700000, 0x0000000086700000, 0x0000000086800000|  0%| F|  |TAMS 0x0000000086700000| PB 0x0000000086700000| Untracked 
|  82|0x0000000086800000, 0x0000000086800000, 0x0000000086900000|  0%| F|  |TAMS 0x0000000086800000| PB 0x0000000086800000| Untracked 
|  83|0x0000000086900000, 0x0000000086900000, 0x0000000086a00000|  0%| F|  |TAMS 0x0000000086900000| PB 0x0000000086900000| Untracked 
|  84|0x0000000086a00000, 0x0000000086a00000, 0x0000000086b00000|  0%| F|  |TAMS 0x0000000086a00000| PB 0x0000000086a00000| Untracked 
|  85|0x0000000086b00000, 0x0000000086b00000, 0x0000000086c00000|  0%| F|  |TAMS 0x0000000086b00000| PB 0x0000000086b00000| Untracked 
|  86|0x0000000086c00000, 0x0000000086c00000, 0x0000000086d00000|  0%| F|  |TAMS 0x0000000086c00000| PB 0x0000000086c00000| Untracked 
|  87|0x0000000086d00000, 0x0000000086d00000, 0x0000000086e00000|  0%| F|  |TAMS 0x0000000086d00000| PB 0x0000000086d00000| Untracked 
|  88|0x0000000086e00000, 0x0000000086e00000, 0x0000000086f00000|  0%| F|  |TAMS 0x0000000086e00000| PB 0x0000000086e00000| Untracked 
|  89|0x0000000086f00000, 0x0000000086f00000, 0x0000000087000000|  0%| F|  |TAMS 0x0000000086f00000| PB 0x0000000086f00000| Untracked 
|  90|0x0000000087000000, 0x0000000087000000, 0x0000000087100000|  0%| F|  |TAMS 0x0000000087000000| PB 0x0000000087000000| Untracked 
|  91|0x0000000087100000, 0x0000000087100000, 0x0000000087200000|  0%| F|  |TAMS 0x0000000087100000| PB 0x0000000087100000| Untracked 
|  92|0x0000000087200000, 0x0000000087200000, 0x0000000087300000|  0%| F|  |TAMS 0x0000000087200000| PB 0x0000000087200000| Untracked 
|  93|0x0000000087300000, 0x0000000087300000, 0x0000000087400000|  0%| F|  |TAMS 0x0000000087300000| PB 0x0000000087300000| Untracked 
|  94|0x0000000087400000, 0x0000000087400000, 0x0000000087500000|  0%| F|  |TAMS 0x0000000087400000| PB 0x0000000087400000| Untracked 
|  95|0x0000000087500000, 0x0000000087500000, 0x0000000087600000|  0%| F|  |TAMS 0x0000000087500000| PB 0x0000000087500000| Untracked 
|  96|0x0000000087600000, 0x0000000087600000, 0x0000000087700000|  0%| F|  |TAMS 0x0000000087600000| PB 0x0000000087600000| Untracked 
|  97|0x0000000087700000, 0x0000000087700000, 0x0000000087800000|  0%| F|  |TAMS 0x0000000087700000| PB 0x0000000087700000| Untracked 
|  98|0x0000000087800000, 0x0000000087800000, 0x0000000087900000|  0%| F|  |TAMS 0x0000000087800000| PB 0x0000000087800000| Untracked 
|  99|0x0000000087900000, 0x0000000087900000, 0x0000000087a00000|  0%| F|  |TAMS 0x0000000087900000| PB 0x0000000087900000| Untracked 
| 100|0x0000000087a00000, 0x0000000087a00000, 0x0000000087b00000|  0%| F|  |TAMS 0x0000000087a00000| PB 0x0000000087a00000| Untracked 
| 101|0x0000000087b00000, 0x0000000087b00000, 0x0000000087c00000|  0%| F|  |TAMS 0x0000000087b00000| PB 0x0000000087b00000| Untracked 
| 102|0x0000000087c00000, 0x0000000087c00000, 0x0000000087d00000|  0%| F|  |TAMS 0x0000000087c00000| PB 0x0000000087c00000| Untracked 
| 103|0x0000000087d00000, 0x0000000087d00000, 0x0000000087e00000|  0%| F|  |TAMS 0x0000000087d00000| PB 0x0000000087d00000| Untracked 
| 104|0x0000000087e00000, 0x0000000087e00000, 0x0000000087f00000|  0%| F|  |TAMS 0x0000000087e00000| PB 0x0000000087e00000| Untracked 
| 105|0x0000000087f00000, 0x0000000087f00000, 0x0000000088000000|  0%| F|  |TAMS 0x0000000087f00000| PB 0x0000000087f00000| Untracked 
| 106|0x0000000088000000, 0x0000000088000000, 0x0000000088100000|  0%| F|  |TAMS 0x0000000088000000| PB 0x0000000088000000| Untracked 
| 107|0x0000000088100000, 0x0000000088100000, 0x0000000088200000|  0%| F|  |TAMS 0x0000000088100000| PB 0x0000000088100000| Untracked 
| 108|0x0000000088200000, 0x0000000088200000, 0x0000000088300000|  0%| F|  |TAMS 0x0000000088200000| PB 0x0000000088200000| Untracked 
| 109|0x0000000088300000, 0x0000000088300000, 0x0000000088400000|  0%| F|  |TAMS 0x0000000088300000| PB 0x0000000088300000| Untracked 
| 110|0x0000000088400000, 0x0000000088400000, 0x0000000088500000|  0%| F|  |TAMS 0x0000000088400000| PB 0x0000000088400000| Untracked 
| 111|0x0000000088500000, 0x0000000088500000, 0x0000000088600000|  0%| F|  |TAMS 0x0000000088500000| PB 0x0000000088500000| Untracked 
| 112|0x0000000088600000, 0x0000000088600000, 0x0000000088700000|  0%| F|  |TAMS 0x0000000088600000| PB 0x0000000088600000| Untracked 
| 113|0x0000000088700000, 0x0000000088800000, 0x0000000088800000|100%| S|CS|TAMS 0x0000000088700000| PB 0x0000000088700000| Complete 
| 114|0x0000000088800000, 0x0000000088900000, 0x0000000088900000|100%| S|CS|TAMS 0x0000000088800000| PB 0x0000000088800000| Complete 
| 115|0x0000000088900000, 0x0000000088900000, 0x0000000088a00000|  0%| F|  |TAMS 0x0000000088900000| PB 0x0000000088900000| Untracked 
| 116|0x0000000088a00000, 0x0000000088a00000, 0x0000000088b00000|  0%| F|  |TAMS 0x0000000088a00000| PB 0x0000000088a00000| Untracked 
| 117|0x0000000088b00000, 0x0000000088b00000, 0x0000000088c00000|  0%| F|  |TAMS 0x0000000088b00000| PB 0x0000000088b00000| Untracked 
| 118|0x0000000088c00000, 0x0000000088c00000, 0x0000000088d00000|  0%| F|  |TAMS 0x0000000088c00000| PB 0x0000000088c00000| Untracked 
| 119|0x0000000088d00000, 0x0000000088d00000, 0x0000000088e00000|  0%| F|  |TAMS 0x0000000088d00000| PB 0x0000000088d00000| Untracked 
| 120|0x0000000088e00000, 0x0000000088f00000, 0x0000000088f00000|100%| E|  |TAMS 0x0000000088e00000| PB 0x0000000088e00000| Complete 
| 121|0x0000000088f00000, 0x0000000089000000, 0x0000000089000000|100%| E|CS|TAMS 0x0000000088f00000| PB 0x0000000088f00000| Complete 
| 122|0x0000000089000000, 0x0000000089100000, 0x0000000089100000|100%| E|CS|TAMS 0x0000000089000000| PB 0x0000000089000000| Complete 
| 123|0x0000000089100000, 0x0000000089200000, 0x0000000089200000|100%| E|CS|TAMS 0x0000000089100000| PB 0x0000000089100000| Complete 
| 124|0x0000000089200000, 0x0000000089300000, 0x0000000089300000|100%| E|CS|TAMS 0x0000000089200000| PB 0x0000000089200000| Complete 
| 125|0x0000000089300000, 0x0000000089400000, 0x0000000089400000|100%| E|CS|TAMS 0x0000000089300000| PB 0x0000000089300000| Complete 
| 126|0x0000000089400000, 0x0000000089500000, 0x0000000089500000|100%| E|CS|TAMS 0x0000000089400000| PB 0x0000000089400000| Complete 
| 127|0x0000000089500000, 0x0000000089600000, 0x0000000089600000|100%| E|CS|TAMS 0x0000000089500000| PB 0x0000000089500000| Complete 

Card table byte_map: [0x000001637e820000,0x000001637ec20000] _byte_map_base: 0x000001637e415000

Marking Bits: (CMBitMap*) 0x000001637b3ada80
 Bits: [0x0000016308620000, 0x000001630a5c8000)

Polling page: 0x000001637ab20000

Metaspace:

Usage:
  Non-class:      6.25 MB used.
      Class:    863.75 KB used.
       Both:      7.09 MB used.

Virtual space:
  Non-class space:       64.00 MB reserved,       6.38 MB ( 10%) committed,  1 nodes.
      Class space:        1.00 GB reserved,       1.00 MB ( <1%) committed,  1 nodes.
             Both:        1.06 GB reserved,       7.38 MB ( <1%) committed. 

Chunk freelists:
   Non-Class:  8.72 MB
       Class:  15.04 MB
        Both:  23.76 MB

MaxMetaspaceSize: unlimited
CompressedClassSpaceSize: 1.00 GB
Initial GC threshold: 21.00 MB
Current GC threshold: 21.00 MB
CDS: on
 - commit_granule_bytes: 65536.
 - commit_granule_words: 8192.
 - virtual_space_node_default_size: 8388608.
 - enlarge_chunks_in_place: 1.
 - use_allocation_guard: 0.


Internal statistics:

num_allocs_failed_limit: 0.
num_arena_births: 214.
num_arena_deaths: 0.
num_vsnodes_births: 2.
num_vsnodes_deaths: 0.
num_space_committed: 118.
num_space_uncommitted: 0.
num_chunks_returned_to_freelist: 0.
num_chunks_taken_from_freelist: 309.
num_chunk_merges: 0.
num_chunk_splits: 195.
num_chunks_enlarged: 112.
num_inconsistent_stats: 0.

CodeCache: size=49152Kb used=4434Kb max_used=4434Kb free=44718Kb
 bounds [0x000001637b420000, 0x000001637b880000, 0x000001637e420000]
 total_blobs=1944 nmethods=1461 adapters=406
 compilation: enabled
              stopped_count=0, restarted_count=0
 full_count=0

Compilation events (20 events):
Event: 10.247 Thread 0x00000163521920b0 nmethod 1440 0x000001637b86d190 code [0x000001637b86d360, 0x000001637b86d528]
Event: 10.286 Thread 0x000001637efed3d0 1441       1       java.lang.String::toCharArray (25 bytes)
Event: 10.287 Thread 0x000001637efed3d0 nmethod 1441 0x000001637b86d690 code [0x000001637b86d860, 0x000001637b86db28]
Event: 10.305 Thread 0x00000163521920b0 1442       1       java.lang.invoke.DirectMethodHandle::make (275 bytes)
Event: 10.305 Thread 0x000001630c736e70 1443       1       java.lang.invoke.MemberName::isField (8 bytes)
Event: 10.305 Thread 0x000001630c736e70 nmethod 1443 0x000001637b86df90 code [0x000001637b86e120, 0x000001637b86e208]
Event: 10.307 Thread 0x000001637efed3d0 1445       1       java.util.Arrays::equals (43 bytes)
Event: 10.308 Thread 0x000001637efed3d0 nmethod 1445 0x000001637b86e290 code [0x000001637b86e440, 0x000001637b86e5d0]
Event: 10.309 Thread 0x00000163521920b0 nmethod 1442 0x000001637b86e690 code [0x000001637b86e9a0, 0x000001637b86f5c0]
Event: 10.314 Thread 0x000001637efed3d0 1446       1       java.util.stream.AbstractPipeline::isParallel (8 bytes)
Event: 10.315 Thread 0x000001637efed3d0 nmethod 1446 0x000001637b86fb90 code [0x000001637b86fd20, 0x000001637b86fdf8]
Event: 10.337 Thread 0x000001630c736e70 1447       1       org.springframework.util.StringUtils::hasLength (17 bytes)
Event: 10.337 Thread 0x00000163521920b0 1449       1       java.util.stream.AbstractPipeline::getStreamAndOpFlags (5 bytes)
Event: 10.337 Thread 0x000001637efed3d0 1448       1       java.util.stream.PipelineHelper::<init> (5 bytes)
Event: 10.338 Thread 0x00000163521920b0 nmethod 1449 0x000001637b86fe90 code [0x000001637b870020, 0x000001637b8700e8]
Event: 10.338 Thread 0x000001630c736e70 nmethod 1447 0x000001637b870190 code [0x000001637b870320, 0x000001637b870408]
Event: 10.338 Thread 0x000001637efed3d0 nmethod 1448 0x000001637b870510 code [0x000001637b8706a0, 0x000001637b870768]
Event: 10.397 Thread 0x000001637efed3d0 1450       1       java.lang.invoke.MemberName::<init> (139 bytes)
Event: 10.400 Thread 0x000001637efed3d0 nmethod 1450 0x000001637b870810 code [0x000001637b870a80, 0x000001637b8711a8]
Event: 10.400 Thread 0x000001630c736e70 1451       1       java.net.URLStreamHandler::parseURL (1124 bytes)

GC Heap History (2 events):
Event: 7.733 GC heap before
{Heap before GC invocations=0 (full 0):
 garbage-first heap   total 131072K, used 13312K [0x0000000081600000, 0x0000000100000000)
  region size 1024K, 13 young (13312K), 0 survivors (0K)
 Metaspace       used 4018K, committed 4160K, reserved 1114112K
  class space    used 462K, committed 512K, reserved 1048576K
}
Event: 7.741 GC heap after
{Heap after GC invocations=1 (full 0):
 garbage-first heap   total 131072K, used 6476K [0x0000000081600000, 0x0000000100000000)
  region size 1024K, 2 young (2048K), 2 survivors (2048K)
 Metaspace       used 4018K, committed 4160K, reserved 1114112K
  class space    used 462K, committed 512K, reserved 1048576K
}

Dll operation events (11 events):
Event: 0.233 Loaded shared library C:\Users\wiam\.jdks\corretto-21.0.5\bin\java.dll
Event: 0.571 Loaded shared library C:\Users\wiam\.jdks\corretto-21.0.5\bin\zip.dll
Event: 0.597 Loaded shared library C:\Users\wiam\.jdks\corretto-21.0.5\bin\instrument.dll
Event: 0.648 Loaded shared library C:\Users\wiam\.jdks\corretto-21.0.5\bin\net.dll
Event: 0.652 Loaded shared library C:\Users\wiam\.jdks\corretto-21.0.5\bin\nio.dll
Event: 0.682 Loaded shared library C:\Users\wiam\.jdks\corretto-21.0.5\bin\zip.dll
Event: 4.577 Loaded shared library C:\Program Files\JetBrains\IntelliJ IDEA 2024.1.1\bin\breakgen64.dll
Event: 4.762 Loaded shared library C:\Users\wiam\.jdks\corretto-21.0.5\bin\jimage.dll
Event: 4.764 Loaded shared library C:\Users\wiam\.jdks\corretto-21.0.5\bin\extnet.dll
Event: 4.903 Loaded shared library C:\Users\wiam\.jdks\corretto-21.0.5\bin\management.dll
Event: 5.148 Loaded shared library C:\Users\wiam\.jdks\corretto-21.0.5\bin\management_ext.dll

Deoptimization events (0 events):
No events

Classes loaded (20 events):
Event: 10.393 Loading class java/util/stream/DistinctOps$1$2 done
Event: 10.393 Loading class java/io/ObjectInputStream$BlockDataInputStream done
Event: 10.393 Loading class java/io/ObjectInputStream$PeekInputStream
Event: 10.394 Loading class java/io/ObjectInputStream$PeekInputStream done
Event: 10.394 Loading class java/io/ObjectInputStream$HandleTable
Event: 10.395 Loading class java/io/ObjectInputStream$HandleTable done
Event: 10.395 Loading class java/io/ObjectInputStream$HandleTable$HandleList
Event: 10.395 Loading class java/io/ObjectInputStream$HandleTable$HandleList done
Event: 10.395 Loading class java/io/ObjectInputStream$ValidationList
Event: 10.396 Loading class java/io/ObjectInputStream$ValidationList done
Event: 10.396 Loading class sun/rmi/transport/Transport$1
Event: 10.396 Loading class sun/rmi/transport/Transport$1 done
Event: 10.398 Loading class java/rmi/server/RMIClassLoader
Event: 10.414 Loading class java/rmi/server/RMIClassLoader done
Event: 10.414 Loading class java/rmi/server/RMIClassLoader$2
Event: 10.415 Loading class java/rmi/server/RMIClassLoaderSpi
Event: 10.415 Loading class java/rmi/server/RMIClassLoaderSpi done
Event: 10.415 Loading class java/rmi/server/RMIClassLoader$2 done
Event: 10.415 Loading class java/rmi/server/RMIClassLoader$1
Event: 10.415 Loading class java/rmi/server/RMIClassLoader$1 done

Classes unloaded (0 events):
No events

Classes redefined (0 events):
No events

Internal exceptions (20 events):
Event: 4.501 Thread 0x000001637b359120 Exception <a 'java/lang/NoSuchMethodError'{0x0000000088e03250}: 'java.lang.Object java.lang.invoke.Invokers$Holder.invokeExact_MT(java.lang.Object, java.lang.Object, java.lang.Object, java.lang.Object, java.lang.Object)'> (0x0000000088e03250) 
thrown [s\src\hotspot\share\interpreter\linkResolver.cpp, line 773]
Event: 4.771 Thread 0x000001630cad59e0 Exception <a 'java/lang/NoSuchMethodError'{0x0000000088e4bb00}: 'void java.lang.invoke.DirectMethodHandle$Holder.invokeStatic(java.lang.Object, java.lang.Object)'> (0x0000000088e4bb00) 
thrown [s\src\hotspot\share\interpreter\linkResolver.cpp, line 773]
Event: 5.154 Thread 0x000001637b359120 Exception <a 'java/lang/NoSuchMethodError'{0x0000000088e8d180}: 'int java.lang.invoke.DirectMethodHandle$Holder.invokeInterface(java.lang.Object, java.lang.Object)'> (0x0000000088e8d180) 
thrown [s\src\hotspot\share\interpreter\linkResolver.cpp, line 773]
Event: 5.155 Thread 0x000001637b359120 Exception <a 'java/lang/IncompatibleClassChangeError'{0x0000000088e904b8}: Found class java.lang.Object, but interface was expected> (0x0000000088e904b8) 
thrown [s\src\hotspot\share\interpreter\linkResolver.cpp, line 840]
Event: 5.603 Thread 0x000001637b359120 Exception <a 'java/lang/NoSuchMethodError'{0x0000000088d5ae18}: 'int java.lang.invoke.DirectMethodHandle$Holder.invokeSpecial(java.lang.Object, java.lang.Object, java.lang.Object)'> (0x0000000088d5ae18) 
thrown [s\src\hotspot\share\interpreter\linkResolver.cpp, line 773]
Event: 6.069 Thread 0x000001637b359120 Exception <a 'java/lang/NoSuchMethodError'{0x0000000088ca5550}: 'java.lang.Object java.lang.invoke.DirectMethodHandle$Holder.invokeStaticInit(java.lang.Object, java.lang.Object, java.lang.Object)'> (0x0000000088ca5550) 
thrown [s\src\hotspot\share\interpreter\linkResolver.cpp, line 773]
Event: 7.397 Thread 0x000001637b359120 Exception <a 'java/lang/NoSuchMethodError'{0x00000000889b58b8}: 'int java.lang.invoke.DirectMethodHandle$Holder.invokeSpecialIFC(java.lang.Object, java.lang.Object, java.lang.Object)'> (0x00000000889b58b8) 
thrown [s\src\hotspot\share\interpreter\linkResolver.cpp, line 773]
Event: 7.753 Thread 0x000001637b359120 Exception <a 'java/lang/NoSuchMethodError'{0x0000000089529590}: 'java.lang.Object java.lang.invoke.DirectMethodHandle$Holder.invokeStaticInit(java.lang.Object, int, int, int, int)'> (0x0000000089529590) 
thrown [s\src\hotspot\share\interpreter\linkResolver.cpp, line 773]
Event: 7.781 Thread 0x000001637b359120 Exception <a 'java/lang/NoSuchMethodError'{0x0000000089402b80}: 'java.lang.Object java.lang.invoke.DirectMethodHandle$Holder.invokeStaticInit(java.lang.Object, java.lang.Object, int, int, int, int)'> (0x0000000089402b80) 
thrown [s\src\hotspot\share\interpreter\linkResolver.cpp, line 773]
Event: 8.090 Thread 0x000001637b359120 Exception <a 'java/lang/ClassNotFoundException'{0x0000000089420088}: javax/management/remote/rmi/RMIServerImpl_Skel> (0x0000000089420088) 
thrown [s\src\hotspot\share\classfile\systemDictionary.cpp, line 312]
Event: 8.377 Thread 0x000001637b359120 Exception <a 'java/lang/NoSuchMethodError'{0x000000008943e570}: 'long java.lang.invoke.DirectMethodHandle$Holder.invokeSpecial(java.lang.Object, java.lang.Object)'> (0x000000008943e570) 
thrown [s\src\hotspot\share\interpreter\linkResolver.cpp, line 773]
Event: 8.377 Thread 0x000001637b359120 Exception <a 'java/lang/NoSuchMethodError'{0x0000000089441c58}: 'long java.lang.invoke.Invokers$Holder.invokeExact_MT(java.lang.Object, java.lang.Object)'> (0x0000000089441c58) 
thrown [s\src\hotspot\share\interpreter\linkResolver.cpp, line 773]
Event: 8.449 Thread 0x000001637b359120 Exception <a 'java/lang/NoSuchMethodError'{0x000000008945b270}: 'void java.lang.invoke.DirectMethodHandle$Holder.invokeSpecial(java.lang.Object, java.lang.Object, java.lang.Object)'> (0x000000008945b270) 
thrown [s\src\hotspot\share\interpreter\linkResolver.cpp, line 773]
Event: 9.267 Thread 0x000001637efdfd70 Exception <a 'java/lang/NoSuchMethodError'{0x00000000892b9820}: 'java.lang.Object java.lang.invoke.DirectMethodHandle$Holder.invokeStaticInit(java.lang.Object, int)'> (0x00000000892b9820) 
thrown [s\src\hotspot\share\interpreter\linkResolver.cpp, line 773]
Event: 9.371 Thread 0x000001637efdfd70 Exception <a 'java/lang/NoSuchMethodError'{0x0000000089133168}: 'java.lang.Object java.lang.invoke.Invokers$Holder.invokeExact_MT(java.lang.Object, java.lang.Object, java.lang.Object, java.lang.Object, java.lang.Object, java.lang.Object)'> (0x0000000089133168) 
thrown [s\src\hotspot\share\interpreter\linkResolver.cpp, line 773]
Event: 9.518 Thread 0x000001637b359120 Exception <a 'java/lang/ClassNotFoundException'{0x000000008914bdd8}: javax/smartcardio/CardPermission> (0x000000008914bdd8) 
thrown [s\src\hotspot\share\classfile\systemDictionary.cpp, line 312]
Event: 9.561 Thread 0x000001637b359120 Exception <a 'java/io/FileNotFoundException'{0x000000008915a2c0}> (0x000000008915a2c0) 
thrown [s\src\hotspot\share\prims\jni.cpp, line 520]
Event: 9.669 Thread 0x000001637b359120 Exception <a 'java/lang/NoSuchMethodError'{0x00000000890085d0}: 'java.lang.Object java.lang.invoke.DirectMethodHandle$Holder.invokeSpecial(java.lang.Object, java.lang.Object, java.lang.Object, long, java.lang.Object)'> (0x00000000890085d0) 
thrown [s\src\hotspot\share\interpreter\linkResolver.cpp, line 773]
Event: 9.670 Thread 0x000001637b359120 Exception <a 'java/lang/NoSuchMethodError'{0x000000008900bf40}: 'java.lang.Object java.lang.invoke.Invokers$Holder.linkToTargetMethod(java.lang.Object, long, java.lang.Object, java.lang.Object)'> (0x000000008900bf40) 
thrown [s\src\hotspot\share\interpreter\linkResolver.cpp, line 773]
Event: 10.179 Thread 0x000001637b359120 Exception <a 'java/lang/NoSuchMethodError'{0x0000000088f78af0}: 'void java.lang.invoke.DirectMethodHandle$Holder.invokeStatic(java.lang.Object, java.lang.Object, java.lang.Object, java.lang.Object)'> (0x0000000088f78af0) 
thrown [s\src\hotspot\share\interpreter\linkResolver.cpp, line 773]

ZGC Phase Switch (0 events):
No events

VM Operations (20 events):
Event: 6.543 Executing VM operation: Cleanup
Event: 6.543 Executing VM operation: Cleanup done
Event: 7.555 Executing VM operation: Cleanup
Event: 7.602 Executing VM operation: Cleanup done
Event: 7.695 Executing VM operation: HandshakeAllThreads (Deoptimize)
Event: 7.695 Executing VM operation: HandshakeAllThreads (Deoptimize) done
Event: 7.733 Executing VM operation: G1CollectForAllocation (G1 Evacuation Pause)
Event: 7.741 Executing VM operation: G1CollectForAllocation (G1 Evacuation Pause) done
Event: 7.992 Executing VM operation: HandshakeAllThreads (Deoptimize)
Event: 7.992 Executing VM operation: HandshakeAllThreads (Deoptimize) done
Event: 8.585 Executing VM operation: HandshakeAllThreads (Deoptimize)
Event: 8.585 Executing VM operation: HandshakeAllThreads (Deoptimize) done
Event: 9.095 Executing VM operation: HandshakeAllThreads (Deoptimize)
Event: 9.113 Executing VM operation: HandshakeAllThreads (Deoptimize) done
Event: 9.113 Executing VM operation: Cleanup
Event: 9.113 Executing VM operation: Cleanup done
Event: 9.137 Executing VM operation: HandshakeAllThreads (Deoptimize)
Event: 9.137 Executing VM operation: HandshakeAllThreads (Deoptimize) done
Event: 10.128 Executing VM operation: Cleanup
Event: 10.129 Executing VM operation: Cleanup done

Memory protections (0 events):
No events

Nmethod flushes (0 events):
No events

Events (15 events):
Event: 0.272 Thread 0x000001637b359120 Thread added: 0x000001637b359120
Event: 0.297 Thread 0x000001637b359120 Thread added: 0x000001637efd9d00
Event: 0.298 Thread 0x000001637b359120 Thread added: 0x000001637efdca20
Event: 0.298 Thread 0x000001637b359120 Thread added: 0x000001637efddd20
Event: 0.298 Thread 0x000001637b359120 Thread added: 0x000001637efdfd70
Event: 0.298 Thread 0x000001637b359120 Thread added: 0x000001637efe07c0
Event: 0.298 Thread 0x000001637b359120 Thread added: 0x000001637efe1340
Event: 0.299 Thread 0x000001637b359120 Thread added: 0x000001637efed3d0
Event: 0.494 Thread 0x000001637b359120 Thread added: 0x000001630c7365b0
Event: 0.505 Thread 0x000001637efed3d0 Thread added: 0x000001630c736e70
Event: 4.578 Thread 0x000001637b359120 Thread added: 0x000001630cad59e0
Event: 4.578 Thread 0x000001637b359120 Thread added: 0x00000163520995a0
Event: 7.076 Thread 0x000001630c736e70 Thread added: 0x00000163521920b0
Event: 8.209 Thread 0x000001637b359120 Thread added: 0x000001635227f7a0
Event: 10.201 Thread 0x000001635227f7a0 Thread added: 0x0000016352416810


Dynamic libraries:
0x00007ff676680000 - 0x00007ff67668e000 	C:\Users\wiam\.jdks\corretto-21.0.5\bin\java.exe
0x00007ffb1fb20000 - 0x00007ffb1fd29000 	C:\Windows\SYSTEM32\ntdll.dll
0x00007ffb1f1b0000 - 0x00007ffb1f26d000 	C:\Windows\System32\KERNEL32.DLL
0x00007ffb1d3b0000 - 0x00007ffb1d734000 	C:\Windows\System32\KERNELBASE.dll
0x00007ffb1d740000 - 0x00007ffb1d851000 	C:\Windows\System32\ucrtbase.dll
0x00007ffb0ea20000 - 0x00007ffb0ea38000 	C:\Users\wiam\.jdks\corretto-21.0.5\bin\jli.dll
0x00007ffb0ea40000 - 0x00007ffb0ea5b000 	C:\Users\wiam\.jdks\corretto-21.0.5\bin\VCRUNTIME140.dll
0x00007ffb1e420000 - 0x00007ffb1e5cd000 	C:\Windows\System32\USER32.dll
0x00007ffb081e0000 - 0x00007ffb08485000 	C:\Windows\WinSxS\amd64_microsoft.windows.common-controls_6595b64144ccf1df_6.0.22000.120_none_9d947278b86cc467\COMCTL32.dll
0x00007ffb1cfb0000 - 0x00007ffb1cfd6000 	C:\Windows\System32\win32u.dll
0x00007ffb1daa0000 - 0x00007ffb1db43000 	C:\Windows\System32\msvcrt.dll
0x00007ffb1f340000 - 0x00007ffb1f36a000 	C:\Windows\System32\GDI32.dll
0x00007ffb1cfe0000 - 0x00007ffb1d0fe000 	C:\Windows\System32\gdi32full.dll
0x00007ffb1d860000 - 0x00007ffb1d8fd000 	C:\Windows\System32\msvcp_win.dll
0x00007ffb1d970000 - 0x00007ffb1d9a1000 	C:\Windows\System32\IMM32.DLL
0x00007ffb1a260000 - 0x00007ffb1a26c000 	C:\Users\wiam\.jdks\corretto-21.0.5\bin\vcruntime140_1.dll
0x00007ffb0d870000 - 0x00007ffb0d8fd000 	C:\Users\wiam\.jdks\corretto-21.0.5\bin\msvcp140.dll
0x00007ffadb550000 - 0x00007ffadc2ed000 	C:\Users\wiam\.jdks\corretto-21.0.5\bin\server\jvm.dll
0x00007ffb1f3f0000 - 0x00007ffb1f49e000 	C:\Windows\System32\ADVAPI32.dll
0x00007ffb1f100000 - 0x00007ffb1f19e000 	C:\Windows\System32\sechost.dll
0x00007ffb1e5d0000 - 0x00007ffb1e6f1000 	C:\Windows\System32\RPCRT4.dll
0x00007ffb1fa70000 - 0x00007ffb1fadf000 	C:\Windows\System32\WS2_32.dll
0x00007ffb1cce0000 - 0x00007ffb1cd2d000 	C:\Windows\SYSTEM32\POWRPROF.dll
0x00007ffb10eb0000 - 0x00007ffb10eba000 	C:\Windows\SYSTEM32\VERSION.dll
0x00007ffb17f40000 - 0x00007ffb17f73000 	C:\Windows\SYSTEM32\WINMM.dll
0x00007ffb1ccc0000 - 0x00007ffb1ccd3000 	C:\Windows\SYSTEM32\UMPDC.dll
0x00007ffb1bfe0000 - 0x00007ffb1bff8000 	C:\Windows\SYSTEM32\kernel.appcore.dll
0x00007ffb19660000 - 0x00007ffb1966a000 	C:\Users\wiam\.jdks\corretto-21.0.5\bin\jimage.dll
0x00007ffb054b0000 - 0x00007ffb056d1000 	C:\Windows\SYSTEM32\DBGHELP.DLL
0x00007ffb02c00000 - 0x00007ffb02c31000 	C:\Windows\SYSTEM32\dbgcore.DLL
0x00007ffb1d270000 - 0x00007ffb1d2ef000 	C:\Windows\System32\bcryptPrimitives.dll
0x00007ffb07e50000 - 0x00007ffb07e5e000 	C:\Users\wiam\.jdks\corretto-21.0.5\bin\instrument.dll
0x00007ffb0ba30000 - 0x00007ffb0ba4f000 	C:\Users\wiam\.jdks\corretto-21.0.5\bin\java.dll
0x00007ffb1e860000 - 0x00007ffb1f025000 	C:\Windows\System32\SHELL32.dll
0x00007ffb1b040000 - 0x00007ffb1b8a2000 	C:\Windows\SYSTEM32\windows.storage.dll
0x00007ffb1f650000 - 0x00007ffb1f9c6000 	C:\Windows\System32\combase.dll
0x00007ffb1aed0000 - 0x00007ffb1b037000 	C:\Windows\SYSTEM32\wintypes.dll
0x00007ffb1dcf0000 - 0x00007ffb1ddda000 	C:\Windows\System32\SHCORE.dll
0x00007ffb1f2d0000 - 0x00007ffb1f32d000 	C:\Windows\System32\shlwapi.dll
0x00007ffb1cee0000 - 0x00007ffb1cf05000 	C:\Windows\SYSTEM32\profapi.dll
0x00007ffb067e0000 - 0x00007ffb067f8000 	C:\Users\wiam\.jdks\corretto-21.0.5\bin\zip.dll
0x00007ffb18de0000 - 0x00007ffb18df0000 	C:\Users\wiam\.jdks\corretto-21.0.5\bin\net.dll
0x00007ffb167d0000 - 0x00007ffb168e4000 	C:\Windows\SYSTEM32\WINHTTP.dll
0x00007ffb1c480000 - 0x00007ffb1c4e7000 	C:\Windows\system32\mswsock.dll
0x00007ffb09a30000 - 0x00007ffb09a46000 	C:\Users\wiam\.jdks\corretto-21.0.5\bin\nio.dll
0x00007ffb067c0000 - 0x00007ffb067da000 	C:\Program Files\JetBrains\IntelliJ IDEA 2024.1.1\bin\breakgen64.dll
0x00007ffb0b9c0000 - 0x00007ffb0b9c9000 	C:\Users\wiam\.jdks\corretto-21.0.5\bin\extnet.dll
0x00007ffb1bb20000 - 0x00007ffb1bc07000 	C:\Windows\SYSTEM32\DNSAPI.dll
0x00007ffb1baf0000 - 0x00007ffb1bb1d000 	C:\Windows\SYSTEM32\IPHLPAPI.DLL
0x00007ffb1f1a0000 - 0x00007ffb1f1a9000 	C:\Windows\System32\NSI.dll
0x00007ffb08180000 - 0x00007ffb0818a000 	C:\Windows\System32\rasadhlp.dll
0x00007ffb116d0000 - 0x00007ffb11751000 	C:\Windows\System32\fwpuclnt.dll
0x00007ffb0f810000 - 0x00007ffb0f819000 	C:\Users\wiam\.jdks\corretto-21.0.5\bin\management.dll
0x00007ffb0ea10000 - 0x00007ffb0ea1b000 	C:\Users\wiam\.jdks\corretto-21.0.5\bin\management_ext.dll
0x00007ffb1f3e0000 - 0x00007ffb1f3e8000 	C:\Windows\System32\PSAPI.DLL
0x00007ffb1c750000 - 0x00007ffb1c768000 	C:\Windows\SYSTEM32\CRYPTSP.dll
0x00007ffb1bf40000 - 0x00007ffb1bf75000 	C:\Windows\system32\rsaenh.dll
0x00007ffb1c520000 - 0x00007ffb1c54c000 	C:\Windows\SYSTEM32\USERENV.dll
0x00007ffb1c900000 - 0x00007ffb1c927000 	C:\Windows\SYSTEM32\bcrypt.dll
0x00007ffb1c670000 - 0x00007ffb1c67c000 	C:\Windows\SYSTEM32\CRYPTBASE.dll
0x00007ffb00e10000 - 0x00007ffb00e27000 	C:\Windows\system32\napinsp.dll
0x00007ffb00df0000 - 0x00007ffb00e0b000 	C:\Windows\system32\pnrpnsp.dll
0x00007ffb00dd0000 - 0x00007ffb00de2000 	C:\Windows\System32\winrnr.dll
0x00007ffb14e00000 - 0x00007ffb14e15000 	C:\Windows\system32\wshbth.dll
0x00007ffb00db0000 - 0x00007ffb00dcf000 	C:\Windows\system32\nlansp_c.dll

dbghelp: loaded successfully - version: 4.0.5 - missing functions: none
symbol engine: initialized successfully - sym options: 0x614 - pdb path: .;C:\Users\wiam\.jdks\corretto-21.0.5\bin;C:\Windows\SYSTEM32;C:\Windows\WinSxS\amd64_microsoft.windows.common-controls_6595b64144ccf1df_6.0.22000.120_none_9d947278b86cc467;C:\Users\wiam\.jdks\corretto-21.0.5\bin\server;C:\Program Files\JetBrains\IntelliJ IDEA 2024.1.1\bin

VM Arguments:
jvm_args: --enable-preview -XX:TieredStopAtLevel=1 -Dspring.output.ansi.enabled=always -Dcom.sun.management.jmxremote -Dspring.jmx.enabled=true -Dspring.liveBeansView.mbeanDomain -Dspring.application.admin.enabled=true -Dmanagement.endpoints.jmx.exposure.include=* -javaagent:C:\Program Files\JetBrains\IntelliJ IDEA 2024.1.1\lib\idea_rt.jar=61300:C:\Program Files\JetBrains\IntelliJ IDEA 2024.1.1\bin -Dfile.encoding=UTF-8 -Dsun.stdout.encoding=UTF-8 -Dsun.stderr.encoding=UTF-8 
java_command: com.PhD_UAE.PhD.PhDApplication
java_class_path (initial): C:\Users\wiam\Downloads\test\Phd_back\target\classes;C:\Users\wiam\.m2\repository\org\springframework\boot\spring-boot-starter-data-jpa\3.3.4\spring-boot-starter-data-jpa-3.3.4.jar;C:\Users\wiam\.m2\repository\org\springframework\boot\spring-boot-starter-aop\3.3.4\spring-boot-starter-aop-3.3.4.jar;C:\Users\wiam\.m2\repository\org\aspectj\aspectjweaver\1.9.22.1\aspectjweaver-1.9.22.1.jar;C:\Users\wiam\.m2\repository\org\springframework\boot\spring-boot-starter-jdbc\3.3.4\spring-boot-starter-jdbc-3.3.4.jar;C:\Users\wiam\.m2\repository\com\zaxxer\HikariCP\5.1.0\HikariCP-5.1.0.jar;C:\Users\wiam\.m2\repository\org\springframework\spring-jdbc\6.1.13\spring-jdbc-6.1.13.jar;C:\Users\wiam\.m2\repository\org\hibernate\orm\hibernate-core\6.5.3.Final\hibernate-core-6.5.3.Final.jar;C:\Users\wiam\.m2\repository\jakarta\persistence\jakarta.persistence-api\3.1.0\jakarta.persistence-api-3.1.0.jar;C:\Users\wiam\.m2\repository\jakarta\transaction\jakarta.transaction-api\2.0.1\jakarta.transaction-api-2.0.1.jar;C:\Users\wiam\.m2\repository\org\jboss\logging\jboss-logging\3.5.3.Final\jboss-logging-3.5.3.Final.jar;C:\Users\wiam\.m2\repository\org\hibernate\common\hibernate-commons-annotations\6.0.6.Final\hibernate-commons-annotations-6.0.6.Final.jar;C:\Users\wiam\.m2\repository\io\smallrye\jandex\3.1.2\jandex-3.1.2.jar;C:\Users\wiam\.m2\repository\com\fasterxml\classmate\1.7.0\classmate-1.7.0.jar;C:\Users\wiam\.m2\repository\net\bytebuddy\byte-buddy\1.14.19\byte-buddy-1.14.19.jar;C:\Users\wiam\.m2\repository\org\glassfish\jaxb\jaxb-runtime\4.0.5\jaxb-runtime-4.0.5.jar;C:\Users\wiam\.m2\repository\org\glassfish\jaxb\jaxb-core\4.0.5\jaxb-core-4.0.5.jar;C:\Users\wiam\.m2\repository\org\eclipse\angus\angus-activation\2.0.2\angus-activation-2.0.2.jar;C:\Users\wiam\.m2\repository\org\glassfish\jaxb\txw2\4.0.5\txw2-4.0.5.jar;C:\Users\wiam\.m2\repository\com\sun\istack\istack-commons-runtime\4.1.2\istack-commons-runtime-4.1.2.jar;C:\Users\wiam\.m2\repository\jakarta\inject\jakarta.inject-api\2.0.1\jakarta.inject-api-2.0.1.jar;C:\Users\wiam\.m2\repository\org\antlr\antlr4-runtime\4.13.0\antlr4-runtime-4.13.0.jar;C:\Users\wiam\.m2\repository\org\springframework\data\spring-data-jpa\3.3.4\spring-data-jpa-3.3.4.jar;C:\Users\wiam\.m2\repository\org\springframework\data\spring-data-commons\3.3.4\spring-data-commons-3.3.4.jar;C:\Users\wiam\.m2\repository\org\springframework\spring-orm\6.1.13\spring-orm-6.1.13.jar;C:\Users\wiam\.m2\repository\org\springframework\spring-context\6.1.13\spring-context-6.1.13.jar;C:\Users\wiam\.m2\repository\org\springframework\spring-tx\6.1.13\spring-tx-6.1.13.jar;C:\Users\wiam\.m2\repository\org\springframework\spring-beans\6.1.13\spring-beans-6.1.13.jar;C:\Users\wiam\.m2\repository\jakarta\annotation\jakarta.annotation-api\2.1.1\jakarta.annotation-api-2.1.1.jar;C:\Users\wiam\.m2\repository\org\slf4j\slf4j-api\2.0.16\slf4j-api-2.0.16.jar;C:\Users\wiam\.m2\repository\org\springframework\spring-aspects\6.1.13\spring-aspects-6.1.13.jar;C:\Users\wiam\.m2\repository\org\springframework\boot\spring-boot-starter-web\3.3.4\spring-boot-starter-web-3.3.4.jar;C:\Users\wiam\.m2\repository\org\springframework\boot\spring-boot-starter\3.3.4\spring-boot-starter-3.3.4.jar;C:\Users\wiam\.m2\repository\org\springframework\boot\spring-boot\3.3.4\spring-boot-3.3.4.jar;C:\Users\wiam\.m2\repository\org\springframework\boot\spring-boot-autoconfigure\3.3.4\spring-boot-autoconfigure-3.3.4.jar;C:\Users\wiam\.m2\repository\org\springframework\boot\spring-boot-starter-logging\3.3.4\spring-boot-starter-logging-3.3.4.jar;C:\Users\wiam\.m2\repository\ch\qos\logback\logback-classic\1.5.8\logback-classic-1.5.8.jar;C:\Users\wiam\.m2\repository\ch\qos\logback\logback-core\1.5.8\logback-core-1.5.8.jar;C:\Users\wiam\.m2\repository\org\apache\logging\log4j\log4j-to-slf4j\2.23.1\log4j-to-slf4j-2.23.1.jar;C:\Users\wiam\.m2\repository\org\apache\logging\log4j\log4j-api\2.23.1\log4j-api-2.23.1.jar;C:\Users\wiam\.m2\repository\org\slf4j\jul-to-slf4j\2.0.16\jul-to-slf4j-2.0.16.jar;C:\Users\wiam\.m2\repository\org\yaml\snakeyaml\2.2\snakeyaml-2.2.jar;C:\Users\wiam\.m2\repository\org\springframework\boot\spring-boot-starter-json\3.3.4\spring-boot-starter-json-3.3.4.jar;C:\Users\wiam\.m2\repository\com\fasterxml\jackson\core\jackson-databind\2.17.2\jackson-databind-2.17.2.jar;C:\Users\wiam\.m2\repository\com\fasterxml\jackson\core\jackson-annotations\2.17.2\jackson-annotations-2.17.2.jar;C:\Users\wiam\.m2\repository\com\fasterxml\jackson\core\jackson-core\2.17.2\jackson-core-2.17.2.jar;C:\Users\wiam\.m2\repository\com\fasterxml\jackson\datatype\jackson-datatype-jdk8\2.17.2\jackson-datatype-jdk8-2.17.2.jar;C:\Users\wiam\.m2\repository\com\fasterxml\jackson\datatype\jackson-datatype-jsr310\2.17.2\jackson-datatype-jsr310-2.17.2.jar;C:\Users\wiam\.m2\repository\com\fasterxml\jackson\module\jackson-module-parameter-names\2.17.2\jackson-module-parameter-names-2.17.2.jar;C:\Users\wiam\.m2\repository\org\springframework\boot\spring-boot-starter-tomcat\3.3.4\spring-boot-starter-tomcat-3.3.4.jar;C:\Users\wiam\.m2\repository\org\apache\tomcat\embed\tomcat-embed-core\10.1.30\tomcat-embed-core-10.1.30.jar;C:\Users\wiam\.m2\repository\org\apache\tomcat\embed\tomcat-embed-el\10.1.30\tomcat-embed-el-10.1.30.jar;C:\Users\wiam\.m2\repository\org\apache\tomcat\embed\tomcat-embed-websocket\10.1.30\tomcat-embed-websocket-10.1.30.jar;C:\Users\wiam\.m2\repository\org\springframework\spring-web\6.1.13\spring-web-6.1.13.jar;C:\Users\wiam\.m2\repository\io\micrometer\micrometer-observation\1.13.4\micrometer-observation-1.13.4.jar;C:\Users\wiam\.m2\repository\io\micrometer\micrometer-commons\1.13.4\micrometer-commons-1.13.4.jar;C:\Users\wiam\.m2\repository\org\springframework\spring-webmvc\6.1.13\spring-webmvc-6.1.13.jar;C:\Users\wiam\.m2\repository\org\springframework\spring-expression\6.1.13\spring-expression-6.1.13.jar;C:\Users\wiam\.m2\repository\com\mysql\mysql-connector-j\8.3.0\mysql-connector-j-8.3.0.jar;C:\Users\wiam\.m2\repository\org\projectlombok\lombok\1.18.34\lombok-1.18.34.jar;C:\Users\wiam\.m2\repository\jakarta\xml\bind\jakarta.xml.bind-api\4.0.2\jakarta.xml.bind-api-4.0.2.jar;C:\Users\wiam\.m2\repository\jakarta\activation\jakarta.activation-api\2.1.3\jakarta.activation-api-2.1.3.jar;C:\Users\wiam\.m2\repository\org\springframework\spring-core\6.1.13\spring-core-6.1.13.jar;C:\Users\wiam\.m2\repository\org\springframework\spring-jcl\6.1.13\spring-jcl-6.1.13.jar;C:\Users\wiam\.m2\repository\org\springframework\boot\spring-boot-starter-security\3.3.4\spring-boot-starter-security-3.3.4.jar;C:\Users\wiam\.m2\repository\org\springframework\spring-aop\6.1.13\spring-aop-6.1.13.jar;C:\Users\wiam\.m2\repository\org\springframework\security\spring-security-config\6.3.3\spring-security-config-6.3.3.jar;C:\Users\wiam\.m2\repository\org\springframework\security\spring-security-core\6.3.3\spring-security-core-6.3.3.jar;C:\Users\wiam\.m2\repository\org\springframework\security\spring-security-crypto\6.3.3\spring-security-crypto-6.3.3.jar;C:\Users\wiam\.m2\repository\org\springframework\security\spring-security-web\6.3.3\spring-security-web-6.3.3.jar
Launcher Type: SUN_STANDARD

[Global flags]
     intx CICompilerCount                          = 3                                         {product} {ergonomic}
     uint ConcGCThreads                            = 1                                         {product} {ergonomic}
     uint G1ConcRefinementThreads                  = 4                                         {product} {ergonomic}
   size_t G1HeapRegionSize                         = 1048576                                   {product} {ergonomic}
    uintx GCDrainStackTargetSize                   = 64                                        {product} {ergonomic}
   size_t InitialHeapSize                          = 134217728                                 {product} {ergonomic}
     bool ManagementServer                         = true                                      {product} {command line}
   size_t MarkStackSize                            = 4194304                                   {product} {ergonomic}
   size_t MaxHeapSize                              = 2124414976                                {product} {ergonomic}
   size_t MaxNewSize                               = 1274019840                                {product} {ergonomic}
   size_t MinHeapDeltaBytes                        = 1048576                                   {product} {ergonomic}
   size_t MinHeapSize                              = 8388608                                   {product} {ergonomic}
    uintx NonNMethodCodeHeapSize                   = 4096                                   {pd product} {ergonomic}
    uintx NonProfiledCodeHeapSize                  = 0                                      {pd product} {ergonomic}
     bool ProfileInterpreter                       = false                                  {pd product} {command line}
    uintx ProfiledCodeHeapSize                     = 0                                      {pd product} {ergonomic}
   size_t SoftMaxHeapSize                          = 2124414976                             {manageable} {ergonomic}
     intx TieredStopAtLevel                        = 1                                         {product} {command line}
     bool UseCompressedOops                        = true                           {product lp64_product} {ergonomic}
     bool UseG1GC                                  = true                                      {product} {ergonomic}
     bool UseLargePagesIndividualAllocation        = false                                  {pd product} {ergonomic}

Logging:
Log output configuration:
 #0: stdout all=warning uptime,level,tags foldmultilines=false
 #1: stderr all=off uptime,level,tags foldmultilines=false

Environment Variables:
PATH=C:\Program Files\Java\jdk-17;C:\Program Files\Common Files\Oracle\Java\javapath;C:\Program Files\Java\jdk1.8.0_202\bin;C:\Program Files\Java\jdk1.8.0_202;C:\Program Files (x86)\Common Files\Oracle\Java\javapath;C:\oraclexe\app\oracle\product\11.2.0\server\bin;C:\oraclexe\app\oracle\product\11.2.0\server\bin;C:\Windows\system32;C:\Windows;C:\Windows\System32\Wbem;C:\Windows\System32\WindowsPowerShell\v1.0\;C:\Windows\System32\OpenSSH\;C:\Program Files\mongosh\mongosh-1.10.6-win32-x64\bin;C:\Program Files\MySQL\MySQL Server 8.0\bin;C:\xampp\php;C:\Program Files\Git\cmd;C:\xampp2\php;C:\composer;C:\Program Files\Microsoft SQL Server\150\Tools\Binn\;C:\Users\wiam\Downloads\apache-maven-3.9.8-bin\apache-maven-3.9.8\bin;C:\Program Files\PostgreSQL\16\pgAdmin 4;C:\Users\wiam\AppData\Roaming\Microsoft\Windows\Start Menu\Programs\Python 3.12;C:\Program Files\Docker\Docker\resources\bin;C:\Users\wiam\AppData\Roaming\nvm;C:\Program Files\nodejs;C:\Users\wiam\AppData\Local\Programs\Python\Python312\Scripts\;C:\Users\wiam\AppData\Local\Programs\Python\Python312\;C:\Program Files\MySQL\MySQL Workbench 8.0;C:\mysql;C:\Program Files\Java\jdk-17;C:\xamppff\php;C:\Users\wiam\AppData\Local\Programs\Python\Python311\Scripts\;C:\Users\wiam\AppData\Local\Programs\Python\Python311\;C:\Users\wiam\AppData\Local\Microsoft\WindowsApps;C:\Users\wiam\AppData\Local\Programs\Microsoft VS Code\bin;C:\Program Files (x86)\GnuWin32\bin;C:\MinGW\bin;C:\MinGW\msys\1.0\bin;C:\Program Files (x86)\GnuWin32\bin;C:\Program Files\JetBrains\IntelliJ IDEA 2023.2.5\bin;C:\Users\wiam\AppData\Local\JetBrains\Toolbox\scripts;C:\Users\wiam\AppData\Local\ComposerSetup\bin;C:\Users\wiam\AppData\Roaming\Composer\vendor\bin;C:\Program Files\Java\jdk-1.8;C:\xampp\htdocs;C:\Program Files\JetBrains\IntelliJ IDEA 2024.1.1\bin;;C:\Program Files\heroku\bin;C:\Program Files\MySQL;C:\Users\wiam\AppData\Roaming\npm;C:\Users\wiam\AppData\Roaming\nvm;C:\Program Files\nodejs
USERNAME=wiam
OS=Windows_NT
PROCESSOR_IDENTIFIER=Intel64 Family 6 Model 69 Stepping 1, GenuineIntel
TMP=C:\Users\wiam\AppData\Local\Temp
TEMP=C:\Users\wiam\AppData\Local\Temp




Periodic native trim disabled

---------------  S Y S T E M  ---------------

OS:
 Windows 11 , 64 bit Build 22000 (10.0.22000.2538)
OS uptime: 2 days 16:25 hours
Hyper-V role detected

CPU: total 4 (initial active 4) (2 cores per cpu, 2 threads per core) family 6 model 69 stepping 1 microcode 0x26, cx8, cmov, fxsr, ht, mmx, sse, sse2, sse3, ssse3, sse4.1, sse4.2, popcnt, lzcnt, tsc, tscinvbit, avx, avx2, aes, erms, clmul, bmi1, bmi2, fma, vzeroupper, clflush, hv, rdtscp, f16c
Processor Information for all 4 processors :
  Max Mhz: 2301, Current Mhz: 2301, Mhz Limit: 2301

Memory: 4k page, system-wide physical 8097M (952M free)
TotalPageFile size 11913M (AvailPageFile size 0M)
current process WorkingSet (physical memory assigned to process): 71M, peak: 71M
current process commit charge ("private bytes"): 213M, peak: 213M

vm_info: OpenJDK 64-Bit Server VM (21.0.5+11-LTS) for windows-amd64 JRE (21.0.5+11-LTS), built on 2024-10-11T20:58:34Z by "Administrator" with MS VC++ 16.10 / 16.11 (VS2019)

END.
