#
# There is insufficient memory for the Java Runtime Environment to continue.
# Native memory allocation (malloc) failed to allocate 796656 bytes for Chunk::new
# Possible reasons:
#   The system is out of physical RAM or swap space
#   The process is running with CompressedOops enabled, and the Java Heap may be blocking the growth of the native heap
# Possible solutions:
#   Reduce memory load on the system
#   Increase physical memory or swap space
#   Check if swap backing store is full
#   Decrease Java heap size (-Xmx/-Xms)
#   Decrease number of Java threads
#   Decrease Java thread stack sizes (-Xss)
#   Set larger code cache with -XX:ReservedCodeCacheSize=
#   JVM is running with Unscaled Compressed Oops mode in which the Java heap is
#     placed in the first 4GB address space. The Java Heap base address is the
#     maximum limit for the native heap growth. Please use -XX:HeapBaseMinAddress
#     to set the Java Heap base and to place the Java Heap above 4GB virtual address.
# This output file may be truncated or incomplete.
#
#  Out of Memory Error (arena.cpp:168), pid=8496, tid=16008
#
# JRE version: Java(TM) SE Runtime Environment (21.0.2+13) (build 21.0.2+13-LTS-58)
# Java VM: Java HotSpot(TM) 64-Bit Server VM (21.0.2+13-LTS-58, mixed mode, sharing, tiered, compressed oops, compressed class ptrs, g1 gc, windows-amd64)
# No core dump will be written. Minidumps are not enabled by default on client versions of Windows
#

---------------  S U M M A R Y ------------

Command Line: --enable-preview -javaagent:D:\Program Files\IntelliJ IDEA 2024.2.3\lib\idea_rt.jar=62963:D:\Program Files\IntelliJ IDEA 2024.2.3\bin -Dfile.encoding=UTF-8 -Dsun.stdout.encoding=UTF-8 -Dsun.stderr.encoding=UTF-8 com.PhD_UAE.PhD.PhDApplication

Host: Intel(R) Core(TM) i5-8250U CPU @ 1.60GHz, 8 cores, 7G,  Windows 10 , 64 bit Build 19041 (10.0.19041.4957)
Time: Fri Nov  1 11:14:19 2024 Maroc (heure d64 bit Build 19041 (10.0.19041.4957) elapsed time: 6.660619 seconds (0d 0h 0m 6s)

---------------  T H R E A D  ---------------

Current thread (0x0000024bf8f09d50):  JavaThread "C2 CompilerThread0" daemon [_thread_in_native, id=16008, stack(0x000000638d500000,0x000000638d600000) (1024K)]


Current CompileTask:
C2:   6660 6255       4       org.springframework.core.BridgeMethodResolver::resolveBridgeMethod (180 bytes)

Stack: [0x000000638d500000,0x000000638d600000]
Native frames: (J=compiled Java code, j=interpreted, Vv=VM code, C=native code)
V  [jvm.dll+0x6cade9]
V  [jvm.dll+0x8569c1]
V  [jvm.dll+0x858d2e]
V  [jvm.dll+0x859413]
V  [jvm.dll+0x280e56]
V  [jvm.dll+0xc3f3d]
V  [jvm.dll+0xc4473]
V  [jvm.dll+0x3b5bf2]
V  [jvm.dll+0x382855]
V  [jvm.dll+0x381cca]
V  [jvm.dll+0x249bd0]
V  [jvm.dll+0x2491b1]
V  [jvm.dll+0x1c9634]
V  [jvm.dll+0x258859]
V  [jvm.dll+0x256e3a]
V  [jvm.dll+0x3ef6c6]
V  [jvm.dll+0x7ff568]
V  [jvm.dll+0x6c953d]
C  [ucrtbase.dll+0x21bb2]
C  [KERNEL32.DLL+0x17374]
C  [ntdll.dll+0x4cc91]


---------------  P R O C E S S  ---------------

Threads class SMR info:
_java_thread_list=0x0000024bff9b2530, length=20, elements={
0x0000024bda5f57f0, 0x0000024bf8eef630, 0x0000024bf8ef0700, 0x0000024bf8ef4590,
0x0000024bf8ef5270, 0x0000024bf8ef5e80, 0x0000024bf8ef6c40, 0x0000024bf8f09d50,
0x0000024bf8f0c800, 0x0000024bfd1cff00, 0x0000024bfd384f50, 0x0000024bfd1cf1e0,
0x0000024bfd1cf870, 0x0000024bfe3901b0, 0x0000024bfd1ce4c0, 0x0000024bfd1d12b0,
0x0000024bfd1cde30, 0x0000024bfd1d0590, 0x0000024bc22e9720, 0x0000024bc22e9090
}

Java Threads: ( => current thread )
  0x0000024bda5f57f0 JavaThread "main"                              [_thread_in_native, id=11840, stack(0x000000638c700000,0x000000638c800000) (1024K)]
  0x0000024bf8eef630 JavaThread "Reference Handler"          daemon [_thread_blocked, id=4124, stack(0x000000638cf00000,0x000000638d000000) (1024K)]
  0x0000024bf8ef0700 JavaThread "Finalizer"                  daemon [_thread_blocked, id=2296, stack(0x000000638d000000,0x000000638d100000) (1024K)]
  0x0000024bf8ef4590 JavaThread "Signal Dispatcher"          daemon [_thread_blocked, id=12800, stack(0x000000638d100000,0x000000638d200000) (1024K)]
  0x0000024bf8ef5270 JavaThread "Attach Listener"            daemon [_thread_blocked, id=7760, stack(0x000000638d200000,0x000000638d300000) (1024K)]
  0x0000024bf8ef5e80 JavaThread "Service Thread"             daemon [_thread_blocked, id=3756, stack(0x000000638d300000,0x000000638d400000) (1024K)]
  0x0000024bf8ef6c40 JavaThread "Monitor Deflation Thread"   daemon [_thread_blocked, id=6696, stack(0x000000638d400000,0x000000638d500000) (1024K)]
=>0x0000024bf8f09d50 JavaThread "C2 CompilerThread0"         daemon [_thread_in_native, id=16008, stack(0x000000638d500000,0x000000638d600000) (1024K)]
  0x0000024bf8f0c800 JavaThread "C1 CompilerThread0"         daemon [_thread_blocked, id=12352, stack(0x000000638d600000,0x000000638d700000) (1024K)]
  0x0000024bfd1cff00 JavaThread "Common-Cleaner"             daemon [_thread_blocked, id=5388, stack(0x000000638d700000,0x000000638d800000) (1024K)]
  0x0000024bfd384f50 JavaThread "C2 CompilerThread1"         daemon [_thread_in_native, id=14300, stack(0x000000638d800000,0x000000638d900000) (1024K)]
  0x0000024bfd1cf1e0 JavaThread "Monitor Ctrl-Break"         daemon [_thread_in_native, id=1704, stack(0x000000638da00000,0x000000638db00000) (1024K)]
  0x0000024bfd1cf870 JavaThread "Notification Thread"        daemon [_thread_blocked, id=292, stack(0x000000638db00000,0x000000638dc00000) (1024K)]
  0x0000024bfe3901b0 JavaThread "C2 CompilerThread2"         daemon [_thread_in_native, id=4384, stack(0x000000638e100000,0x000000638e200000) (1024K)]
  0x0000024bfd1ce4c0 JavaThread "Catalina-utility-1"                [_thread_blocked, id=10444, stack(0x000000638e400000,0x000000638e500000) (1024K)]
  0x0000024bfd1d12b0 JavaThread "Catalina-utility-2"                [_thread_blocked, id=6948, stack(0x000000638e500000,0x000000638e600000) (1024K)]
  0x0000024bfd1cde30 JavaThread "container-0"                       [_thread_blocked, id=9096, stack(0x000000638e600000,0x000000638e700000) (1024K)]
  0x0000024bfd1d0590 JavaThread "mysql-cj-abandoned-connection-cleanup" daemon [_thread_blocked, id=8872, stack(0x000000638e700000,0x000000638e800000) (1024K)]
  0x0000024bc22e9720 JavaThread "HikariPool-1 housekeeper"   daemon [_thread_blocked, id=12608, stack(0x000000638e900000,0x000000638ea00000) (1024K)]
  0x0000024bc22e9090 JavaThread "HikariPool-1 connection adder" daemon [_thread_blocked, id=11312, stack(0x000000638ea00000,0x000000638eb00000) (1024K)]
Total: 20

Other Threads:
  0x0000024bf8ecbb90 VMThread "VM Thread"                           [id=16260, stack(0x000000638ce00000,0x000000638cf00000) (1024K)]
  0x0000024bf8eb0810 WatcherThread "VM Periodic Task Thread"        [id=1928, stack(0x000000638cd00000,0x000000638ce00000) (1024K)]
  0x0000024bda64e5a0 WorkerThread "GC Thread#0"                     [id=9180, stack(0x000000638c800000,0x000000638c900000) (1024K)]
  0x0000024bfdf61c40 WorkerThread "GC Thread#1"                     [id=15564, stack(0x000000638d900000,0x000000638da00000) (1024K)]
  0x0000024bfdf61fe0 WorkerThread "GC Thread#2"                     [id=8644, stack(0x000000638dc00000,0x000000638dd00000) (1024K)]
  0x0000024bfdeacd30 WorkerThread "GC Thread#3"                     [id=5580, stack(0x000000638dd00000,0x000000638de00000) (1024K)]
  0x0000024bfdf34eb0 WorkerThread "GC Thread#4"                     [id=14144, stack(0x000000638de00000,0x000000638df00000) (1024K)]
  0x0000024bfdb02ec0 WorkerThread "GC Thread#5"                     [id=14972, stack(0x000000638df00000,0x000000638e000000) (1024K)]
  0x0000024bfe562040 WorkerThread "GC Thread#6"                     [id=5732, stack(0x000000638e200000,0x000000638e300000) (1024K)]
  0x0000024bfe5623e0 WorkerThread "GC Thread#7"                     [id=9120, stack(0x000000638e300000,0x000000638e400000) (1024K)]
  0x0000024bda660250 ConcurrentGCThread "G1 Main Marker"            [id=6716, stack(0x000000638c900000,0x000000638ca00000) (1024K)]
  0x0000024bda660c60 WorkerThread "G1 Conc#0"                       [id=4988, stack(0x000000638ca00000,0x000000638cb00000) (1024K)]
  0x0000024bff4d9070 WorkerThread "G1 Conc#1"                       [id=6324, stack(0x000000638e000000,0x000000638e100000) (1024K)]
  0x0000024bda6bda20 ConcurrentGCThread "G1 Refine#0"               [id=3240, stack(0x000000638cb00000,0x000000638cc00000) (1024K)]
  0x0000024bda6be4a0 ConcurrentGCThread "G1 Service"                [id=4796, stack(0x000000638cc00000,0x000000638cd00000) (1024K)]
Total: 15

Threads with active compile tasks:
C2 CompilerThread0     6686 6255       4       org.springframework.core.BridgeMethodResolver::resolveBridgeMethod (180 bytes)
C2 CompilerThread1     6686 6298   !   4       org.springframework.util.ReflectionUtils::doWithMethods (186 bytes)
C2 CompilerThread2     6686 6315       4       org.springframework.core.annotation.TypeMappedAnnotations::get (8 bytes)
Total: 3

VM state: not at safepoint (normal execution)

VM Mutex/Monitor currently owned by a thread: None

Heap address: 0x0000000082000000, size: 2016 MB, Compressed Oops mode: 32-bit

CDS archive(s) mapped at: [0x0000024b80000000-0x0000024b80c90000-0x0000024b80c90000), size 13172736, SharedBaseAddress: 0x0000024b80000000, ArchiveRelocationMode: 1.
Compressed class space mapped at: 0x0000024b81000000-0x0000024bc1000000, reserved size: 1073741824
Narrow klass base: 0x0000024b80000000, Narrow klass shift: 0, Narrow klass range: 0x100000000

GC Precious Log:
 CardTable entry size: 512
 Card Set container configuration: InlinePtr #cards 5 size 8 Array Of Cards #cards 12 size 40 Howl #buckets 4 coarsen threshold 1843 Howl Bitmap #cards 512 size 80 coarsen threshold 460 Card regions per heap region 1 cards per card region 2048
 CPUs: 8 total, 8 available
 Memory: 8058M
 Large Page Support: Disabled
 NUMA Support: Disabled
 Compressed Oops: Enabled (32-bit)
 Heap Region Size: 1M
 Heap Min Capacity: 8M
 Heap Initial Capacity: 126M
 Heap Max Capacity: 2016M
 Pre-touch: Disabled
 Parallel Workers: 8
 Concurrent Workers: 2
 Concurrent Refinement Workers: 8
 Periodic GC: Disabled

Heap:
 garbage-first heap   total 66560K, used 51225K [0x0000000082000000, 0x0000000100000000)
  region size 1024K, 29 young (29696K), 2 survivors (2048K)
 Metaspace       used 57575K, committed 58240K, reserved 1114112K
  class space    used 7648K, committed 7936K, reserved 1048576K

Heap Regions: E=young(eden), S=young(survivor), O=old, HS=humongous(starts), HC=humongous(continues), CS=collection set, F=free, TAMS=top-at-mark-start, PB=parsable bottom
|   0|0x0000000082000000, 0x0000000082100000, 0x0000000082100000|100%|HS|  |TAMS 0x0000000082000000| PB 0x0000000082000000| Complete 
|   1|0x0000000082100000, 0x0000000082200000, 0x0000000082200000|100%| O|  |TAMS 0x0000000082100000| PB 0x0000000082100000| Untracked 
|   2|0x0000000082200000, 0x0000000082300000, 0x0000000082300000|100%| O|  |TAMS 0x0000000082200000| PB 0x0000000082200000| Untracked 
|   3|0x0000000082300000, 0x0000000082400000, 0x0000000082400000|100%| O|  |TAMS 0x0000000082300000| PB 0x0000000082300000| Untracked 
|   4|0x0000000082400000, 0x0000000082500000, 0x0000000082500000|100%| O|  |TAMS 0x0000000082400000| PB 0x0000000082400000| Untracked 
|   5|0x0000000082500000, 0x0000000082600000, 0x0000000082600000|100%| O|  |TAMS 0x0000000082500000| PB 0x0000000082500000| Untracked 
|   6|0x0000000082600000, 0x0000000082700000, 0x0000000082700000|100%| O|  |TAMS 0x0000000082600000| PB 0x0000000082600000| Untracked 
|   7|0x0000000082700000, 0x0000000082800000, 0x0000000082800000|100%| O|  |TAMS 0x0000000082700000| PB 0x0000000082700000| Untracked 
|   8|0x0000000082800000, 0x0000000082900000, 0x0000000082900000|100%| O|  |TAMS 0x0000000082800000| PB 0x0000000082800000| Untracked 
|   9|0x0000000082900000, 0x0000000082a00000, 0x0000000082a00000|100%| O|  |TAMS 0x0000000082900000| PB 0x0000000082900000| Untracked 
|  10|0x0000000082a00000, 0x0000000082b00000, 0x0000000082b00000|100%| O|  |TAMS 0x0000000082a00000| PB 0x0000000082a00000| Untracked 
|  11|0x0000000082b00000, 0x0000000082c00000, 0x0000000082c00000|100%| O|  |TAMS 0x0000000082b00000| PB 0x0000000082b00000| Untracked 
|  12|0x0000000082c00000, 0x0000000082d00000, 0x0000000082d00000|100%| O|  |TAMS 0x0000000082c00000| PB 0x0000000082c00000| Untracked 
|  13|0x0000000082d00000, 0x0000000082e00000, 0x0000000082e00000|100%| O|  |TAMS 0x0000000082d00000| PB 0x0000000082d00000| Untracked 
|  14|0x0000000082e00000, 0x0000000082e00000, 0x0000000082f00000|  0%| F|  |TAMS 0x0000000082e00000| PB 0x0000000082e00000| Untracked 
|  15|0x0000000082f00000, 0x0000000083000000, 0x0000000083000000|100%| O|  |TAMS 0x0000000082f00000| PB 0x0000000082f00000| Untracked 
|  16|0x0000000083000000, 0x0000000083100000, 0x0000000083100000|100%| O|  |TAMS 0x0000000083000000| PB 0x0000000083000000| Untracked 
|  17|0x0000000083100000, 0x0000000083200000, 0x0000000083200000|100%| O|  |TAMS 0x0000000083100000| PB 0x0000000083100000| Untracked 
|  18|0x0000000083200000, 0x0000000083300000, 0x0000000083300000|100%| O|  |TAMS 0x0000000083200000| PB 0x0000000083200000| Untracked 
|  19|0x0000000083300000, 0x0000000083400000, 0x0000000083400000|100%| O|  |TAMS 0x0000000083300000| PB 0x0000000083300000| Untracked 
|  20|0x0000000083400000, 0x0000000083489d20, 0x0000000083500000| 53%| O|  |TAMS 0x0000000083400000| PB 0x0000000083400000| Untracked 
|  21|0x0000000083500000, 0x0000000083500000, 0x0000000083600000|  0%| F|  |TAMS 0x0000000083500000| PB 0x0000000083500000| Untracked 
|  22|0x0000000083600000, 0x0000000083600000, 0x0000000083700000|  0%| F|  |TAMS 0x0000000083600000| PB 0x0000000083600000| Untracked 
|  23|0x0000000083700000, 0x0000000083700000, 0x0000000083800000|  0%| F|  |TAMS 0x0000000083700000| PB 0x0000000083700000| Untracked 
|  24|0x0000000083800000, 0x0000000083800000, 0x0000000083900000|  0%| F|  |TAMS 0x0000000083800000| PB 0x0000000083800000| Untracked 
|  25|0x0000000083900000, 0x0000000083900000, 0x0000000083a00000|  0%| F|  |TAMS 0x0000000083900000| PB 0x0000000083900000| Untracked 
|  26|0x0000000083a00000, 0x0000000083a00000, 0x0000000083b00000|  0%| F|  |TAMS 0x0000000083a00000| PB 0x0000000083a00000| Untracked 
|  27|0x0000000083b00000, 0x0000000083b00000, 0x0000000083c00000|  0%| F|  |TAMS 0x0000000083b00000| PB 0x0000000083b00000| Untracked 
|  28|0x0000000083c00000, 0x0000000083c7c808, 0x0000000083d00000| 48%| S|CS|TAMS 0x0000000083c00000| PB 0x0000000083c00000| Complete 
|  29|0x0000000083d00000, 0x0000000083e00000, 0x0000000083e00000|100%| S|CS|TAMS 0x0000000083d00000| PB 0x0000000083d00000| Complete 
|  30|0x0000000083e00000, 0x0000000083e00000, 0x0000000083f00000|  0%| F|  |TAMS 0x0000000083e00000| PB 0x0000000083e00000| Untracked 
|  31|0x0000000083f00000, 0x0000000083f00000, 0x0000000084000000|  0%| F|  |TAMS 0x0000000083f00000| PB 0x0000000083f00000| Untracked 
|  32|0x0000000084000000, 0x0000000084000000, 0x0000000084100000|  0%| F|  |TAMS 0x0000000084000000| PB 0x0000000084000000| Untracked 
|  33|0x0000000084100000, 0x0000000084100000, 0x0000000084200000|  0%| F|  |TAMS 0x0000000084100000| PB 0x0000000084100000| Untracked 
|  34|0x0000000084200000, 0x0000000084200000, 0x0000000084300000|  0%| F|  |TAMS 0x0000000084200000| PB 0x0000000084200000| Untracked 
|  35|0x0000000084300000, 0x0000000084381c10, 0x0000000084400000| 50%| E|  |TAMS 0x0000000084300000| PB 0x0000000084300000| Complete 
|  36|0x0000000084400000, 0x0000000084500000, 0x0000000084500000|100%| E|CS|TAMS 0x0000000084400000| PB 0x0000000084400000| Complete 
|  37|0x0000000084500000, 0x0000000084600000, 0x0000000084600000|100%| E|CS|TAMS 0x0000000084500000| PB 0x0000000084500000| Complete 
|  38|0x0000000084600000, 0x0000000084700000, 0x0000000084700000|100%| E|CS|TAMS 0x0000000084600000| PB 0x0000000084600000| Complete 
|  39|0x0000000084700000, 0x0000000084800000, 0x0000000084800000|100%| E|CS|TAMS 0x0000000084700000| PB 0x0000000084700000| Complete 
|  40|0x0000000084800000, 0x0000000084900000, 0x0000000084900000|100%| E|CS|TAMS 0x0000000084800000| PB 0x0000000084800000| Complete 
|  41|0x0000000084900000, 0x0000000084a00000, 0x0000000084a00000|100%| E|CS|TAMS 0x0000000084900000| PB 0x0000000084900000| Complete 
|  42|0x0000000084a00000, 0x0000000084b00000, 0x0000000084b00000|100%| E|CS|TAMS 0x0000000084a00000| PB 0x0000000084a00000| Complete 
|  43|0x0000000084b00000, 0x0000000084c00000, 0x0000000084c00000|100%| E|CS|TAMS 0x0000000084b00000| PB 0x0000000084b00000| Complete 
|  44|0x0000000084c00000, 0x0000000084d00000, 0x0000000084d00000|100%| E|CS|TAMS 0x0000000084c00000| PB 0x0000000084c00000| Complete 
|  45|0x0000000084d00000, 0x0000000084e00000, 0x0000000084e00000|100%| E|CS|TAMS 0x0000000084d00000| PB 0x0000000084d00000| Complete 
|  46|0x0000000084e00000, 0x0000000084f00000, 0x0000000084f00000|100%| E|CS|TAMS 0x0000000084e00000| PB 0x0000000084e00000| Complete 
|  47|0x0000000084f00000, 0x0000000085000000, 0x0000000085000000|100%| E|CS|TAMS 0x0000000084f00000| PB 0x0000000084f00000| Complete 
|  48|0x0000000085000000, 0x0000000085100000, 0x0000000085100000|100%| E|CS|TAMS 0x0000000085000000| PB 0x0000000085000000| Complete 
|  49|0x0000000085100000, 0x0000000085200000, 0x0000000085200000|100%| E|CS|TAMS 0x0000000085100000| PB 0x0000000085100000| Complete 
|  50|0x0000000085200000, 0x0000000085300000, 0x0000000085300000|100%| E|CS|TAMS 0x0000000085200000| PB 0x0000000085200000| Complete 
|  51|0x0000000085300000, 0x0000000085400000, 0x0000000085400000|100%| E|CS|TAMS 0x0000000085300000| PB 0x0000000085300000| Complete 
|  52|0x0000000085400000, 0x0000000085500000, 0x0000000085500000|100%| E|CS|TAMS 0x0000000085400000| PB 0x0000000085400000| Complete 
|  53|0x0000000085500000, 0x0000000085600000, 0x0000000085600000|100%| E|CS|TAMS 0x0000000085500000| PB 0x0000000085500000| Complete 
|  72|0x0000000086800000, 0x0000000086900000, 0x0000000086900000|100%| E|CS|TAMS 0x0000000086800000| PB 0x0000000086800000| Complete 
|  73|0x0000000086900000, 0x0000000086a00000, 0x0000000086a00000|100%| E|CS|TAMS 0x0000000086900000| PB 0x0000000086900000| Complete 
|  74|0x0000000086a00000, 0x0000000086b00000, 0x0000000086b00000|100%| E|CS|TAMS 0x0000000086a00000| PB 0x0000000086a00000| Complete 
|  75|0x0000000086b00000, 0x0000000086c00000, 0x0000000086c00000|100%| E|CS|TAMS 0x0000000086b00000| PB 0x0000000086b00000| Complete 
|  76|0x0000000086c00000, 0x0000000086d00000, 0x0000000086d00000|100%| E|CS|TAMS 0x0000000086c00000| PB 0x0000000086c00000| Complete 
|  77|0x0000000086d00000, 0x0000000086e00000, 0x0000000086e00000|100%| E|CS|TAMS 0x0000000086d00000| PB 0x0000000086d00000| Complete 
|  78|0x0000000086e00000, 0x0000000086f00000, 0x0000000086f00000|100%| E|CS|TAMS 0x0000000086e00000| PB 0x0000000086e00000| Complete 
| 125|0x0000000089d00000, 0x0000000089e00000, 0x0000000089e00000|100%| E|CS|TAMS 0x0000000089d00000| PB 0x0000000089d00000| Complete 
|2013|0x00000000ffd00000, 0x00000000ffe00000, 0x00000000ffe00000|100%| O|  |TAMS 0x00000000ffd00000| PB 0x00000000ffd00000| Untracked 
|2014|0x00000000ffe00000, 0x00000000fff00000, 0x00000000fff00000|100%| O|  |TAMS 0x00000000ffe00000| PB 0x00000000ffe00000| Untracked 
|2015|0x00000000fff00000, 0x0000000100000000, 0x0000000100000000|100%| O|  |TAMS 0x00000000fff00000| PB 0x00000000fff00000| Untracked 

Card table byte_map: [0x0000024bf40d0000,0x0000024bf44c0000] _byte_map_base: 0x0000024bf3cc0000

Marking Bits: (CMBitMap*) 0x0000024bda64fbc0
 Bits: [0x0000024bf44c0000, 0x0000024bf6440000)

Polling page: 0x0000024bda6c0000

Metaspace:

Usage:
  Non-class:     48.77 MB used.
      Class:      7.48 MB used.
       Both:     56.25 MB used.

Virtual space:
  Non-class space:       64.00 MB reserved,      49.12 MB ( 77%) committed,  1 nodes.
      Class space:        1.00 GB reserved,       7.75 MB ( <1%) committed,  1 nodes.
             Both:        1.06 GB reserved,      56.88 MB (  5%) committed. 

Chunk freelists:
   Non-Class:  14.16 MB
       Class:  8.28 MB
        Both:  22.44 MB

MaxMetaspaceSize: unlimited
CompressedClassSpaceSize: 1.00 GB
Initial GC threshold: 21.00 MB
Current GC threshold: 59.50 MB
CDS: on
 - commit_granule_bytes: 65536.
 - commit_granule_words: 8192.
 - virtual_space_node_default_size: 8388608.
 - enlarge_chunks_in_place: 1.
 - use_allocation_guard: 0.


Internal statistics:

num_allocs_failed_limit: 9.
num_arena_births: 880.
num_arena_deaths: 0.
num_vsnodes_births: 2.
num_vsnodes_deaths: 0.
num_space_committed: 910.
num_space_uncommitted: 0.
num_chunks_returned_to_freelist: 9.
num_chunks_taken_from_freelist: 3049.
num_chunk_merges: 9.
num_chunk_splits: 2144.
num_chunks_enlarged: 1615.
num_inconsistent_stats: 0.

CodeHeap 'non-profiled nmethods': size=120000Kb used=3664Kb max_used=3664Kb free=116336Kb
 bounds [0x0000024bebd40000, 0x0000024bec0e0000, 0x0000024bf3270000]
CodeHeap 'profiled nmethods': size=120000Kb used=11169Kb max_used=11169Kb free=108830Kb
 bounds [0x0000024be4270000, 0x0000024be4d60000, 0x0000024beb7a0000]
CodeHeap 'non-nmethods': size=5760Kb used=1660Kb max_used=1690Kb free=4099Kb
 bounds [0x0000024beb7a0000, 0x0000024beba10000, 0x0000024bebd40000]
 total_blobs=6561 nmethods=5861 adapters=604
 compilation: enabled
              stopped_count=0, restarted_count=0
 full_count=0

Compilation events (20 events):
Event: 6.627 Thread 0x0000024bf8f0c800 6316       3       org.springframework.core.annotation.TypeMappedAnnotations$MergedAnnotationFinder::doWithAnnotations (10 bytes)
Event: 6.628 Thread 0x0000024bf8f0c800 nmethod 6316 0x0000024be4d44290 code [0x0000024be4d44440, 0x0000024be4d44580]
Event: 6.628 Thread 0x0000024bf8f0c800 6317       3       org.springframework.beans.factory.support.AbstractBeanFactory::isPrototypeCurrentlyInCreation (48 bytes)
Event: 6.628 Thread 0x0000024bf8f0c800 nmethod 6317 0x0000024be4d44690 code [0x0000024be4d44880, 0x0000024be4d44f10]
Event: 6.633 Thread 0x0000024bf8f0c800 6324       3       org.springframework.core.SerializableTypeWrapper$TypeProxyInvocationHandler::invoke (364 bytes)
Event: 6.637 Thread 0x0000024bf8f0c800 nmethod 6324 0x0000024be4d45090 code [0x0000024be4d45620, 0x0000024be4d481b8]
Event: 6.637 Thread 0x0000024bf8f0c800 6325       3       org.springframework.aop.support.AopUtils::canApply (210 bytes)
Event: 6.640 Thread 0x0000024bf8f0c800 nmethod 6325 0x0000024be4d48f10 code [0x0000024be4d49420, 0x0000024be4d4bce0]
Event: 6.640 Thread 0x0000024bf8f0c800 6326       3       org.springframework.core.convert.support.GenericConversionService$Converters::addInterfacesToClassHierarchy (51 bytes)
Event: 6.641 Thread 0x0000024bf8f0c800 nmethod 6326 0x0000024be4d4c910 code [0x0000024be4d4cb60, 0x0000024be4d4d3c8]
Event: 6.641 Thread 0x0000024bf8f0c800 6327       3       java.lang.invoke.LambdaForm$MH/0x0000024b812b6800::invoke (99 bytes)
Event: 6.641 Thread 0x0000024bf8f0c800 nmethod 6327 0x0000024be4d4d810 code [0x0000024be4d4da60, 0x0000024be4d4e690]
Event: 6.641 Thread 0x0000024bf8f0c800 6328       3       java.lang.invoke.LambdaForm$MH/0x0000024b812b6000::invoke (46 bytes)
Event: 6.642 Thread 0x0000024bf8f0c800 nmethod 6328 0x0000024be4d4e990 code [0x0000024be4d4eb80, 0x0000024be4d4f118]
Event: 6.642 Thread 0x0000024bf8f0c800 6329       3       java.lang.invoke.LambdaForm$MH/0x0000024b812b4c00::invoke (45 bytes)
Event: 6.642 Thread 0x0000024bf8f0c800 nmethod 6329 0x0000024be4d4f290 code [0x0000024be4d4f480, 0x0000024be4d4fae0]
Event: 6.654 Thread 0x0000024bf8f0c800 6330       1       java.lang.Module::getName (5 bytes)
Event: 6.654 Thread 0x0000024bf8f0c800 nmethod 6330 0x0000024bec0d3d10 code [0x0000024bec0d3ea0, 0x0000024bec0d3f68]
Event: 6.654 Thread 0x0000024bf8f0c800 6331       3       java.lang.reflect.ProxyGenerator$ProxyMethod::codeWrapArgument (54 bytes)
Event: 6.655 Thread 0x0000024bf8f0c800 nmethod 6331 0x0000024be4d4fc90 code [0x0000024be4d4fe80, 0x0000024be4d50300]

GC Heap History (16 events):
Event: 0.843 GC heap before
{Heap before GC invocations=0 (full 0):
 garbage-first heap   total 129024K, used 24576K [0x0000000082000000, 0x0000000100000000)
  region size 1024K, 23 young (23552K), 0 survivors (0K)
 Metaspace       used 6763K, committed 6976K, reserved 1114112K
  class space    used 791K, committed 896K, reserved 1048576K
}
Event: 0.849 GC heap after
{Heap after GC invocations=1 (full 0):
 garbage-first heap   total 129024K, used 7253K [0x0000000082000000, 0x0000000100000000)
  region size 1024K, 3 young (3072K), 3 survivors (3072K)
 Metaspace       used 6763K, committed 6976K, reserved 1114112K
  class space    used 791K, committed 896K, reserved 1048576K
}
Event: 1.411 GC heap before
{Heap before GC invocations=1 (full 0):
 garbage-first heap   total 129024K, used 34901K [0x0000000082000000, 0x0000000100000000)
  region size 1024K, 31 young (31744K), 3 survivors (3072K)
 Metaspace       used 14321K, committed 14656K, reserved 1114112K
  class space    used 1711K, committed 1856K, reserved 1048576K
}
Event: 1.418 GC heap after
{Heap after GC invocations=2 (full 0):
 garbage-first heap   total 129024K, used 10214K [0x0000000082000000, 0x0000000100000000)
  region size 1024K, 3 young (3072K), 3 survivors (3072K)
 Metaspace       used 14321K, committed 14656K, reserved 1114112K
  class space    used 1711K, committed 1856K, reserved 1048576K
}
Event: 2.472 GC heap before
{Heap before GC invocations=2 (full 0):
 garbage-first heap   total 129024K, used 54246K [0x0000000082000000, 0x0000000100000000)
  region size 1024K, 47 young (48128K), 3 survivors (3072K)
 Metaspace       used 21265K, committed 21504K, reserved 1114112K
  class space    used 2568K, committed 2688K, reserved 1048576K
}
Event: 2.481 GC heap after
{Heap after GC invocations=3 (full 0):
 garbage-first heap   total 129024K, used 14497K [0x0000000082000000, 0x0000000100000000)
  region size 1024K, 7 young (7168K), 7 survivors (7168K)
 Metaspace       used 21265K, committed 21504K, reserved 1114112K
  class space    used 2568K, committed 2688K, reserved 1048576K
}
Event: 3.790 GC heap before
{Heap before GC invocations=4 (full 0):
 garbage-first heap   total 55296K, used 54433K [0x0000000082000000, 0x0000000100000000)
  region size 1024K, 46 young (47104K), 7 survivors (7168K)
 Metaspace       used 29073K, committed 29568K, reserved 1114112K
  class space    used 3629K, committed 3904K, reserved 1048576K
}
Event: 3.805 GC heap after
{Heap after GC invocations=5 (full 0):
 garbage-first heap   total 66560K, used 17931K [0x0000000082000000, 0x0000000100000000)
  region size 1024K, 8 young (8192K), 8 survivors (8192K)
 Metaspace       used 29073K, committed 29568K, reserved 1114112K
  class space    used 3629K, committed 3904K, reserved 1048576K
}
Event: 4.597 GC heap before
{Heap before GC invocations=5 (full 0):
 garbage-first heap   total 66560K, used 45579K [0x0000000082000000, 0x0000000100000000)
  region size 1024K, 36 young (36864K), 8 survivors (8192K)
 Metaspace       used 35410K, committed 35968K, reserved 1114112K
  class space    used 4587K, committed 4864K, reserved 1048576K
}
Event: 4.604 GC heap after
{Heap after GC invocations=6 (full 0):
 garbage-first heap   total 66560K, used 20149K [0x0000000082000000, 0x0000000100000000)
  region size 1024K, 3 young (3072K), 3 survivors (3072K)
 Metaspace       used 35410K, committed 35968K, reserved 1114112K
  class space    used 4587K, committed 4864K, reserved 1048576K
}
Event: 4.632 GC heap before
{Heap before GC invocations=6 (full 0):
 garbage-first heap   total 66560K, used 21173K [0x0000000082000000, 0x0000000100000000)
  region size 1024K, 5 young (5120K), 3 survivors (3072K)
 Metaspace       used 35735K, committed 36288K, reserved 1114112K
  class space    used 4654K, committed 4928K, reserved 1048576K
}
Event: 4.634 GC heap after
{Heap after GC invocations=7 (full 0):
 garbage-first heap   total 66560K, used 19743K [0x0000000082000000, 0x0000000100000000)
  region size 1024K, 2 young (2048K), 2 survivors (2048K)
 Metaspace       used 35735K, committed 36288K, reserved 1114112K
  class space    used 4654K, committed 4928K, reserved 1048576K
}
Event: 5.435 GC heap before
{Heap before GC invocations=8 (full 0):
 garbage-first heap   total 66560K, used 54559K [0x0000000082000000, 0x0000000100000000)
  region size 1024K, 36 young (36864K), 2 survivors (2048K)
 Metaspace       used 45019K, committed 45568K, reserved 1114112K
  class space    used 5852K, committed 6080K, reserved 1048576K
}
Event: 5.439 GC heap after
{Heap after GC invocations=9 (full 0):
 garbage-first heap   total 66560K, used 23124K [0x0000000082000000, 0x0000000100000000)
  region size 1024K, 5 young (5120K), 5 survivors (5120K)
 Metaspace       used 45019K, committed 45568K, reserved 1114112K
  class space    used 5852K, committed 6080K, reserved 1048576K
}
Event: 6.001 GC heap before
{Heap before GC invocations=9 (full 0):
 garbage-first heap   total 66560K, used 55892K [0x0000000082000000, 0x0000000100000000)
  region size 1024K, 37 young (37888K), 5 survivors (5120K)
 Metaspace       used 51904K, committed 52480K, reserved 1114112K
  class space    used 6922K, committed 7168K, reserved 1048576K
}
Event: 6.007 GC heap after
{Heap after GC invocations=10 (full 0):
 garbage-first heap   total 66560K, used 24601K [0x0000000082000000, 0x0000000100000000)
  region size 1024K, 2 young (2048K), 2 survivors (2048K)
 Metaspace       used 51904K, committed 52480K, reserved 1114112K
  class space    used 6922K, committed 7168K, reserved 1048576K
}

Dll operation events (14 events):
Event: 0.009 Loaded shared library C:\Program Files\Java\jdk-21\bin\java.dll
Event: 0.048 Loaded shared library C:\Program Files\Java\jdk-21\bin\jsvml.dll
Event: 0.121 Loaded shared library C:\Program Files\Java\jdk-21\bin\zip.dll
Event: 0.124 Loaded shared library C:\Program Files\Java\jdk-21\bin\instrument.dll
Event: 0.128 Loaded shared library C:\Program Files\Java\jdk-21\bin\net.dll
Event: 0.129 Loaded shared library C:\Program Files\Java\jdk-21\bin\nio.dll
Event: 0.133 Loaded shared library C:\Program Files\Java\jdk-21\bin\zip.dll
Event: 0.242 Loaded shared library D:\Program Files\IntelliJ IDEA 2024.2.3\bin\breakgen64.dll
Event: 0.250 Loaded shared library C:\Program Files\Java\jdk-21\bin\extnet.dll
Event: 0.284 Loaded shared library C:\Program Files\Java\jdk-21\bin\jimage.dll
Event: 1.655 Loaded shared library C:\Program Files\Java\jdk-21\bin\sunmscapi.dll
Event: 3.713 Loaded shared library C:\Program Files\Java\jdk-21\bin\management.dll
Event: 3.715 Loaded shared library C:\Program Files\Java\jdk-21\bin\management_ext.dll
Event: 4.450 Loaded shared library C:\Program Files\Java\jdk-21\bin\verify.dll

Deoptimization events (20 events):
Event: 6.624 Thread 0x0000024bda5f57f0 Uncommon trap: trap_request=0xffffff45 fr.pc=0x0000024bebfa8e90 relative=0x0000000000000390
Event: 6.624 Thread 0x0000024bda5f57f0 Uncommon trap: reason=unstable_if action=reinterpret pc=0x0000024bebfa8e90 method=org.springframework.core.annotation.TypeMappedAnnotations$MergedAnnotationFinder.doWithAnnotations(Ljava/lang/Object;ILjava/lang/Object;[Ljava/lang/annotation/Annotation;)Lo
Event: 6.624 Thread 0x0000024bda5f57f0 DEOPT PACKING pc=0x0000024bebfa8e90 sp=0x000000638c7fcc70
Event: 6.624 Thread 0x0000024bda5f57f0 DEOPT UNPACKING pc=0x0000024beb7f46a2 sp=0x000000638c7fcbb0 mode 2
Event: 6.627 Thread 0x0000024bda5f57f0 Uncommon trap: trap_request=0xfffffff4 fr.pc=0x0000024bec0830a4 relative=0x0000000000000364
Event: 6.627 Thread 0x0000024bda5f57f0 Uncommon trap: reason=null_check action=make_not_entrant pc=0x0000024bec0830a4 method=sun.invoke.util.VerifyType.isNullConversion(Ljava/lang/Class;Ljava/lang/Class;Z)Z @ 67 c2
Event: 6.627 Thread 0x0000024bda5f57f0 DEOPT PACKING pc=0x0000024bec0830a4 sp=0x000000638c7fbd80
Event: 6.627 Thread 0x0000024bda5f57f0 DEOPT UNPACKING pc=0x0000024beb7f46a2 sp=0x000000638c7fbd00 mode 2
Event: 6.633 Thread 0x0000024bda5f57f0 Uncommon trap: trap_request=0xffffff45 fr.pc=0x0000024bebf27fb0 relative=0x00000000000000f0
Event: 6.633 Thread 0x0000024bda5f57f0 Uncommon trap: reason=unstable_if action=reinterpret pc=0x0000024bebf27fb0 method=org.springframework.core.ResolvableType.resolveClass()Ljava/lang/Class; @ 38 c2
Event: 6.633 Thread 0x0000024bda5f57f0 DEOPT PACKING pc=0x0000024bebf27fb0 sp=0x000000638c7fbe30
Event: 6.633 Thread 0x0000024bda5f57f0 DEOPT UNPACKING pc=0x0000024beb7f46a2 sp=0x000000638c7fbda8 mode 2
Event: 6.637 Thread 0x0000024bda5f57f0 Uncommon trap: trap_request=0xffffff45 fr.pc=0x0000024bebfd479c relative=0x00000000000001fc
Event: 6.637 Thread 0x0000024bda5f57f0 Uncommon trap: reason=unstable_if action=reinterpret pc=0x0000024bebfd479c method=java.util.ArrayDeque.addLast(Ljava/lang/Object;)V @ 42 c2
Event: 6.637 Thread 0x0000024bda5f57f0 DEOPT PACKING pc=0x0000024bebfd479c sp=0x000000638c7fc770
Event: 6.637 Thread 0x0000024bda5f57f0 DEOPT UNPACKING pc=0x0000024beb7f46a2 sp=0x000000638c7fc720 mode 2
Event: 6.637 Thread 0x0000024bda5f57f0 Uncommon trap: trap_request=0xffffff45 fr.pc=0x0000024bec049b98 relative=0x00000000000005d8
Event: 6.637 Thread 0x0000024bda5f57f0 Uncommon trap: reason=unstable_if action=reinterpret pc=0x0000024bec049b98 method=jdk.internal.reflect.DirectMethodHandleAccessor.checkArgumentCount(I[Ljava/lang/Object;)V @ 1 c2
Event: 6.637 Thread 0x0000024bda5f57f0 DEOPT PACKING pc=0x0000024bec049b98 sp=0x000000638c7fc190
Event: 6.637 Thread 0x0000024bda5f57f0 DEOPT UNPACKING pc=0x0000024beb7f46a2 sp=0x000000638c7fc0c0 mode 2

Classes loaded (20 events):
Event: 6.604 Loading class jdk/internal/reflect/ClassFileAssembler
Event: 6.604 Loading class jdk/internal/reflect/ClassFileAssembler done
Event: 6.604 Loading class jdk/internal/reflect/UTF8
Event: 6.604 Loading class jdk/internal/reflect/UTF8 done
Event: 6.605 Loading class jdk/internal/reflect/Label
Event: 6.605 Loading class jdk/internal/reflect/Label done
Event: 6.605 Loading class jdk/internal/reflect/Label$PatchInfo
Event: 6.605 Loading class jdk/internal/reflect/Label$PatchInfo done
Event: 6.605 Loading class jdk/internal/reflect/MethodAccessorGenerator$1
Event: 6.605 Loading class jdk/internal/reflect/MethodAccessorGenerator$1 done
Event: 6.605 Loading class jdk/internal/reflect/ClassDefiner
Event: 6.605 Loading class jdk/internal/reflect/ClassDefiner done
Event: 6.605 Loading class jdk/internal/reflect/ClassDefiner$1
Event: 6.605 Loading class jdk/internal/reflect/ClassDefiner$1 done
Event: 6.606 Loading class jdk/internal/reflect/SerializationConstructorAccessorImpl
Event: 6.606 Loading class jdk/internal/reflect/SerializationConstructorAccessorImpl done
Event: 6.631 Loading class java/lang/SafeVarargs
Event: 6.631 Loading class java/lang/SafeVarargs done
Event: 6.632 Loading class sun/reflect/generics/reflectiveObjects/GenericArrayTypeImpl
Event: 6.632 Loading class sun/reflect/generics/reflectiveObjects/GenericArrayTypeImpl done

Classes unloaded (0 events):
No events

Classes redefined (0 events):
No events

Internal exceptions (20 events):
Event: 6.122 Thread 0x0000024bda5f57f0 Exception <a 'java/lang/NoSuchMethodError'{0x0000000086954358}: 'java.lang.Object java.lang.invoke.DirectMethodHandle$Holder.newInvokeSpecial(java.lang.Object, java.lang.Object, int, java.lang.Object)'> (0x0000000086954358) 
thrown [s\open\src\hotspot\share\interpreter\linkResolver.cpp, line 773]
Event: 6.122 Thread 0x0000024bda5f57f0 Exception <a 'java/lang/NoSuchMethodError'{0x0000000086957cb8}: 'java.lang.Object java.lang.invoke.Invokers$Holder.linkToTargetMethod(java.lang.Object, int, java.lang.Object, java.lang.Object)'> (0x0000000086957cb8) 
thrown [s\open\src\hotspot\share\interpreter\linkResolver.cpp, line 773]
Event: 6.138 Thread 0x0000024bda5f57f0 Exception <a 'java/lang/NoSuchMethodError'{0x0000000086815778}: 'void java.lang.invoke.DirectMethodHandle$Holder.invokeSpecial(java.lang.Object, java.lang.Object, java.lang.Object, java.lang.Object, java.lang.Object, java.lang.Object, java.lang.Object, java.lang.Object)'> (0x0000000086815778) 
thrown [s\open\src\hotspot\share\interpreter\linkResolver.cpp, line 773]
Event: 6.142 Thread 0x0000024bda5f57f0 Exception <a 'java/lang/NoSuchMethodError'{0x000000008684bdd0}: 'void java.lang.invoke.DirectMethodHandle$Holder.invokeSpecial(java.lang.Object, java.lang.Object, int, java.lang.Object)'> (0x000000008684bdd0) 
thrown [s\open\src\hotspot\share\interpreter\linkResolver.cpp, line 773]
Event: 6.142 Thread 0x0000024bda5f57f0 Exception <a 'java/lang/NoSuchMethodError'{0x00000000868520f8}: 'java.lang.Object java.lang.invoke.DirectMethodHandle$Holder.newInvokeSpecial(java.lang.Object, java.lang.Object, int)'> (0x00000000868520f8) 
thrown [s\open\src\hotspot\share\interpreter\linkResolver.cpp, line 773]
Event: 6.161 Thread 0x0000024bda5f57f0 Exception <a 'java/lang/NoSuchMethodError'{0x0000000085591580}: 'int java.lang.invoke.DirectMethodHandle$Holder.invokeStatic(java.lang.Object, int, java.lang.Object)'> (0x0000000085591580) 
thrown [s\open\src\hotspot\share\interpreter\linkResolver.cpp, line 773]
Event: 6.163 Thread 0x0000024bda5f57f0 Exception <a 'java/lang/NoSuchMethodError'{0x00000000855b5a48}: 'java.lang.Object java.lang.invoke.DirectMethodHandle$Holder.newInvokeSpecial(java.lang.Object, java.lang.Object, java.lang.Object, java.lang.Object, java.lang.Object, int, java.lang.Object)'> (0x00000000855b5a48) 
thrown [s\open\src\hotspot\share\interpreter\linkResolver.cpp, line 773]
Event: 6.166 Thread 0x0000024bda5f57f0 Exception <a 'java/lang/NoSuchMethodError'{0x00000000855e7590}: 'java.lang.Object java.lang.invoke.DirectMethodHandle$Holder.newInvokeSpecial(java.lang.Object, java.lang.Object, java.lang.Object, java.lang.Object, java.lang.Object, java.lang.Object, java.lang.Object, java.lang.Object, java.lang.Object, java.lang.Object, java.lang.Object, java.lang.Object)'> (0x00000000855e7590) 
thrown [s\open\src\hotspot\share\interpreter\linkResolver.cpp, line 773]
Event: 6.166 Thread 0x0000024bda5f57f0 Exception <a 'java/lang/NoSuchMethodError'{0x00000000855ebe28}: 'java.lang.Object java.lang.invoke.DirectMethodHandle$Holder.invokeSpecial(java.lang.Object, java.lang.Object, java.lang.Object, java.lang.Object, java.lang.Object, java.lang.Object, java.lang.Object, java.lang.Object, java.lang.Object, java.lang.Object, java.lang.Object, java.lang.Object, java.lang.Object)'> (0x00000000855ebe28) 
thrown [s\open\src\hotspot\share\interpreter\linkResolver.cpp, line 773]
Event: 6.166 Thread 0x0000024bda5f57f0 Exception <a 'java/lang/NoSuchMethodError'{0x00000000855f0300}: 'java.lang.Object java.lang.invoke.Invokers$Holder.linkToTargetMethod(java.lang.Object, java.lang.Object, java.lang.Object, java.lang.Object, java.lang.Object, java.lang.Object, java.lang.Object, java.lang.Object, java.lang.Object, java.lang.Object, java.lang.Object, java.lang.Object)'> (0x00000000855f0300) 
thrown [s\open\src\hotspot\share\interpreter\linkResolver.cpp, line 773]
Event: 6.194 Thread 0x0000024bda5f57f0 Exception <a 'java/lang/IncompatibleClassChangeError'{0x00000000853764e8}: Found class java.lang.Object, but interface was expected> (0x00000000853764e8) 
thrown [s\open\src\hotspot\share\interpreter\linkResolver.cpp, line 840]
Event: 6.204 Thread 0x0000024bda5f57f0 Exception <a 'java/lang/NoSuchMethodError'{0x0000000085205e08}: 'java.lang.Object java.lang.invoke.DirectMethodHandle$Holder.newInvokeSpecial(java.lang.Object, java.lang.Object, int, java.lang.Object, int, java.lang.Object, java.lang.Object)'> (0x0000000085205e08) 
thrown [s\open\src\hotspot\share\interpreter\linkResolver.cpp, line 773]
Event: 6.216 Thread 0x0000024bda5f57f0 Exception <a 'java/lang/NoSuchMethodError'{0x000000008528b3b8}: 'java.lang.Object java.lang.invoke.DirectMethodHandle$Holder.newInvokeSpecial(java.lang.Object, java.lang.Object, java.lang.Object, java.lang.Object, java.lang.Object, java.lang.Object, java.lang.Object, int)'> (0x000000008528b3b8) 
thrown [s\open\src\hotspot\share\interpreter\linkResolver.cpp, line 773]
Event: 6.216 Thread 0x0000024bda5f57f0 Exception <a 'java/lang/NoSuchMethodError'{0x000000008528f918}: 'java.lang.Object java.lang.invoke.DirectMethodHandle$Holder.invokeSpecial(java.lang.Object, java.lang.Object, java.lang.Object, java.lang.Object, java.lang.Object, java.lang.Object, java.lang.Object, java.lang.Object, int)'> (0x000000008528f918) 
thrown [s\open\src\hotspot\share\interpreter\linkResolver.cpp, line 773]
Event: 6.216 Thread 0x0000024bda5f57f0 Exception <a 'java/lang/NoSuchMethodError'{0x0000000085293930}: 'java.lang.Object java.lang.invoke.Invokers$Holder.linkToTargetMethod(java.lang.Object, java.lang.Object, java.lang.Object, java.lang.Object, java.lang.Object, java.lang.Object, int, java.lang.Object)'> (0x0000000085293930) 
thrown [s\open\src\hotspot\share\interpreter\linkResolver.cpp, line 773]
Event: 6.253 Thread 0x0000024bda5f57f0 Exception <a 'java/lang/NoSuchMethodError'{0x000000008500f718}: 'void java.lang.invoke.DirectMethodHandle$Holder.invokeInterface(java.lang.Object, java.lang.Object)'> (0x000000008500f718) 
thrown [s\open\src\hotspot\share\interpreter\linkResolver.cpp, line 773]
Event: 6.484 Thread 0x0000024bda5f57f0 Exception <a 'java/lang/NoSuchMethodError'{0x0000000084b89ac8}: 'java.lang.Object java.lang.invoke.DirectMethodHandle$Holder.invokeSpecial(java.lang.Object, java.lang.Object, int, java.lang.Object, int)'> (0x0000000084b89ac8) 
thrown [s\open\src\hotspot\share\interpreter\linkResolver.cpp, line 773]
Event: 6.576 Thread 0x0000024bda5f57f0 Exception <a 'java/lang/NoSuchMethodError'{0x000000008497cad0}: 'void java.lang.invoke.Invokers$Holder.invokeExact_MT(java.lang.Object, java.lang.Object, java.lang.Object, java.lang.Object)'> (0x000000008497cad0) 
thrown [s\open\src\hotspot\share\interpreter\linkResolver.cpp, line 773]
Event: 6.627 Thread 0x0000024bda5f57f0 Implicit null exception at 0x0000024bec082e17 to 0x0000024bec083090
Event: 6.637 Thread 0x0000024bda5f57f0 Implicit null exception at 0x0000024bec049660 to 0x0000024bec049b7c

ZGC Phase Switch (0 events):
No events

VM Operations (20 events):
Event: 5.676 Executing VM operation: HandshakeAllThreads (Deoptimize)
Event: 5.677 Executing VM operation: HandshakeAllThreads (Deoptimize) done
Event: 5.680 Executing VM operation: HandshakeAllThreads (Deoptimize)
Event: 5.680 Executing VM operation: HandshakeAllThreads (Deoptimize) done
Event: 5.873 Executing VM operation: ICBufferFull
Event: 5.874 Executing VM operation: ICBufferFull done
Event: 5.982 Executing VM operation: ICBufferFull
Event: 5.982 Executing VM operation: ICBufferFull done
Event: 6.001 Executing VM operation: G1CollectForAllocation (G1 Evacuation Pause)
Event: 6.007 Executing VM operation: G1CollectForAllocation (G1 Evacuation Pause) done
Event: 6.223 Executing VM operation: HandshakeAllThreads (Deoptimize)
Event: 6.223 Executing VM operation: HandshakeAllThreads (Deoptimize) done
Event: 6.263 Executing VM operation: ICBufferFull
Event: 6.263 Executing VM operation: ICBufferFull done
Event: 6.267 Executing VM operation: HandshakeAllThreads (Deoptimize)
Event: 6.267 Executing VM operation: HandshakeAllThreads (Deoptimize) done
Event: 6.321 Executing VM operation: HandshakeAllThreads (Deoptimize)
Event: 6.321 Executing VM operation: HandshakeAllThreads (Deoptimize) done
Event: 6.624 Executing VM operation: ICBufferFull
Event: 6.624 Executing VM operation: ICBufferFull done

Events (20 events):
Event: 4.658 Thread 0x0000024bf8ecbb90 flushing nmethod 0x0000024bebd85b90
Event: 4.658 Thread 0x0000024bf8ecbb90 flushing nmethod 0x0000024bebd98790
Event: 4.658 Thread 0x0000024bf8ecbb90 flushing nmethod 0x0000024bebd7dc10
Event: 4.658 Thread 0x0000024bf8ecbb90 flushing nmethod 0x0000024bebd6d910
Event: 4.658 Thread 0x0000024bf8ecbb90 flushing nmethod 0x0000024bebd6d510
Event: 4.658 Thread 0x0000024bf8ecbb90 flushing nmethod 0x0000024bebd6d190
Event: 4.658 Thread 0x0000024bf8ecbb90 flushing nmethod 0x0000024bebd7c390
Event: 4.658 Thread 0x0000024bf8ecbb90 flushing nmethod 0x0000024bebd74a10
Event: 4.658 Thread 0x0000024bf8ecbb90 flushing nmethod 0x0000024bebd71b90
Event: 4.658 Thread 0x0000024bf8ecbb90 flushing nmethod 0x0000024bebd6cb90
Event: 4.658 Thread 0x0000024bf8ecbb90 flushing nmethod 0x0000024bebd5ac10
Event: 4.658 Thread 0x0000024bf8ecbb90 flushing nmethod 0x0000024bebd59090
Event: 4.658 Thread 0x0000024bf8ecbb90 flushing nmethod 0x0000024bebd67390
Event: 4.658 Thread 0x0000024bf8ecbb90 flushing nmethod 0x0000024bebd58390
Event: 4.658 Thread 0x0000024bf8ecbb90 flushing nmethod 0x0000024bebd5da90
Event: 4.658 Thread 0x0000024bf8ecbb90 flushing nmethod 0x0000024bebd4c810
Event: 4.658 Thread 0x0000024bf8ecbb90 flushing nmethod 0x0000024bebd46a10
Event: 4.658 Thread 0x0000024bf8ecbb90 flushing nmethod 0x0000024bebd41490
Event: 4.948 Thread 0x0000024bc22e9720 Thread added: 0x0000024bc22e9720
Event: 5.063 Thread 0x0000024bc22e9090 Thread added: 0x0000024bc22e9090


Dynamic libraries:
0x00007ff71f4b0000 - 0x00007ff71f4c0000 	C:\Program Files\Java\jdk-21\bin\java.exe
0x00007ffd3b830000 - 0x00007ffd3ba28000 	C:\WINDOWS\SYSTEM32\ntdll.dll
0x00007ffd3afe0000 - 0x00007ffd3b0a2000 	C:\WINDOWS\System32\KERNEL32.DLL
0x00007ffd393f0000 - 0x00007ffd396ee000 	C:\WINDOWS\System32\KERNELBASE.dll
0x00007ffd39010000 - 0x00007ffd39110000 	C:\WINDOWS\System32\ucrtbase.dll
0x00007ffd25cd0000 - 0x00007ffd25ceb000 	C:\Program Files\Java\jdk-21\bin\VCRUNTIME140.dll
0x00007ffd32660000 - 0x00007ffd32679000 	C:\Program Files\Java\jdk-21\bin\jli.dll
0x00007ffd3a1d0000 - 0x00007ffd3a282000 	C:\WINDOWS\System32\ADVAPI32.dll
0x00007ffd3b420000 - 0x00007ffd3b4be000 	C:\WINDOWS\System32\msvcrt.dll
0x00007ffd3b650000 - 0x00007ffd3b6f0000 	C:\WINDOWS\System32\sechost.dll
0x00007ffd3b170000 - 0x00007ffd3b293000 	C:\WINDOWS\System32\RPCRT4.dll
0x00007ffd393c0000 - 0x00007ffd393e7000 	C:\WINDOWS\System32\bcrypt.dll
0x00007ffd3a290000 - 0x00007ffd3a42d000 	C:\WINDOWS\System32\USER32.dll
0x00007ffd39390000 - 0x00007ffd393b2000 	C:\WINDOWS\System32\win32u.dll
0x00007ffd24970000 - 0x00007ffd24c0a000 	C:\WINDOWS\WinSxS\amd64_microsoft.windows.common-controls_6595b64144ccf1df_6.0.19041.4355_none_60b8b9eb71f62e16\COMCTL32.dll
0x00007ffd3b6f0000 - 0x00007ffd3b71b000 	C:\WINDOWS\System32\GDI32.dll
0x00007ffd39270000 - 0x00007ffd39387000 	C:\WINDOWS\System32\gdi32full.dll
0x00007ffd39760000 - 0x00007ffd397fd000 	C:\WINDOWS\System32\msvcp_win.dll
0x00007ffd33110000 - 0x00007ffd3311a000 	C:\WINDOWS\SYSTEM32\VERSION.dll
0x00007ffd3b4c0000 - 0x00007ffd3b4ef000 	C:\WINDOWS\System32\IMM32.DLL
0x00007ffd32780000 - 0x00007ffd3278c000 	C:\Program Files\Java\jdk-21\bin\vcruntime140_1.dll
0x00007ffd12180000 - 0x00007ffd1220e000 	C:\Program Files\Java\jdk-21\bin\msvcp140.dll
0x00007ffcd1460000 - 0x00007ffcd2177000 	C:\Program Files\Java\jdk-21\bin\server\jvm.dll
0x00007ffd3b2a0000 - 0x00007ffd3b30b000 	C:\WINDOWS\System32\WS2_32.dll
0x00007ffd38d30000 - 0x00007ffd38d7b000 	C:\WINDOWS\SYSTEM32\POWRPROF.dll
0x00007ffd28dd0000 - 0x00007ffd28df7000 	C:\WINDOWS\SYSTEM32\WINMM.dll
0x00007ffd38d10000 - 0x00007ffd38d22000 	C:\WINDOWS\SYSTEM32\UMPDC.dll
0x00007ffd36d50000 - 0x00007ffd36d62000 	C:\WINDOWS\SYSTEM32\kernel.appcore.dll
0x00007ffd32560000 - 0x00007ffd3256a000 	C:\Program Files\Java\jdk-21\bin\jimage.dll
0x00007ffd28ed0000 - 0x00007ffd290b4000 	C:\WINDOWS\SYSTEM32\DBGHELP.DLL
0x00007ffd28720000 - 0x00007ffd28754000 	C:\WINDOWS\SYSTEM32\dbgcore.DLL
0x00007ffd38f80000 - 0x00007ffd39002000 	C:\WINDOWS\System32\bcryptPrimitives.dll
0x00007ffd318c0000 - 0x00007ffd318cf000 	C:\Program Files\Java\jdk-21\bin\instrument.dll
0x00007ffd25480000 - 0x00007ffd2549f000 	C:\Program Files\Java\jdk-21\bin\java.dll
0x00007ffd39850000 - 0x00007ffd39fbf000 	C:\WINDOWS\System32\SHELL32.dll
0x00007ffd36f50000 - 0x00007ffd376f4000 	C:\WINDOWS\SYSTEM32\windows.storage.dll
0x00007ffd3a600000 - 0x00007ffd3a953000 	C:\WINDOWS\System32\combase.dll
0x00007ffd38830000 - 0x00007ffd3885e000 	C:\WINDOWS\SYSTEM32\Wldp.dll
0x00007ffd3b580000 - 0x00007ffd3b64d000 	C:\WINDOWS\System32\OLEAUT32.dll
0x00007ffd3b0c0000 - 0x00007ffd3b16d000 	C:\WINDOWS\System32\SHCORE.dll
0x00007ffd3b3c0000 - 0x00007ffd3b415000 	C:\WINDOWS\System32\shlwapi.dll
0x00007ffd38e00000 - 0x00007ffd38e24000 	C:\WINDOWS\SYSTEM32\profapi.dll
0x00007ffd09bf0000 - 0x00007ffd09cc7000 	C:\Program Files\Java\jdk-21\bin\jsvml.dll
0x00007ffd198f0000 - 0x00007ffd19908000 	C:\Program Files\Java\jdk-21\bin\zip.dll
0x00007ffd2f9a0000 - 0x00007ffd2f9b0000 	C:\Program Files\Java\jdk-21\bin\net.dll
0x00007ffd31600000 - 0x00007ffd3170d000 	C:\WINDOWS\SYSTEM32\WINHTTP.dll
0x00007ffd38590000 - 0x00007ffd385fa000 	C:\WINDOWS\system32\mswsock.dll
0x00007ffd252e0000 - 0x00007ffd252f6000 	C:\Program Files\Java\jdk-21\bin\nio.dll
0x00007ffd19560000 - 0x00007ffd1957a000 	D:\Program Files\IntelliJ IDEA 2024.2.3\bin\breakgen64.dll
0x00007ffd255d0000 - 0x00007ffd255d9000 	C:\Program Files\Java\jdk-21\bin\extnet.dll
0x00007ffd21c40000 - 0x00007ffd21c4e000 	C:\Program Files\Java\jdk-21\bin\sunmscapi.dll
0x00007ffd39110000 - 0x00007ffd3926c000 	C:\WINDOWS\System32\CRYPT32.dll
0x00007ffd388a0000 - 0x00007ffd388c7000 	C:\WINDOWS\SYSTEM32\ncrypt.dll
0x00007ffd38860000 - 0x00007ffd3889b000 	C:\WINDOWS\SYSTEM32\NTASN1.dll
0x00007ffd38790000 - 0x00007ffd387a8000 	C:\WINDOWS\SYSTEM32\CRYPTSP.dll
0x00007ffd37eb0000 - 0x00007ffd37ee4000 	C:\WINDOWS\system32\rsaenh.dll
0x00007ffd38dc0000 - 0x00007ffd38dee000 	C:\WINDOWS\SYSTEM32\USERENV.dll
0x00007ffd38780000 - 0x00007ffd3878c000 	C:\WINDOWS\SYSTEM32\CRYPTBASE.dll
0x00007ffd38270000 - 0x00007ffd382ab000 	C:\WINDOWS\SYSTEM32\IPHLPAPI.DLL
0x00007ffd3a1c0000 - 0x00007ffd3a1c8000 	C:\WINDOWS\System32\NSI.dll
0x00007ffd25470000 - 0x00007ffd2547a000 	C:\Program Files\Java\jdk-21\bin\management.dll
0x00007ffd226d0000 - 0x00007ffd226db000 	C:\Program Files\Java\jdk-21\bin\management_ext.dll
0x00007ffd3b720000 - 0x00007ffd3b728000 	C:\WINDOWS\System32\PSAPI.DLL
0x00007ffd21c00000 - 0x00007ffd21c10000 	C:\Program Files\Java\jdk-21\bin\verify.dll
0x00007ffd382b0000 - 0x00007ffd3837a000 	C:\WINDOWS\SYSTEM32\DNSAPI.dll
0x00007ffd315d0000 - 0x00007ffd315da000 	C:\Windows\System32\rasadhlp.dll
0x00007ffd2f460000 - 0x00007ffd2f4e0000 	C:\WINDOWS\System32\fwpuclnt.dll

dbghelp: loaded successfully - version: 4.0.5 - missing functions: none
symbol engine: initialized successfully - sym options: 0x614 - pdb path: .;C:\Program Files\Java\jdk-21\bin;C:\WINDOWS\SYSTEM32;C:\WINDOWS\WinSxS\amd64_microsoft.windows.common-controls_6595b64144ccf1df_6.0.19041.4355_none_60b8b9eb71f62e16;C:\Program Files\Java\jdk-21\bin\server;D:\Program Files\IntelliJ IDEA 2024.2.3\bin

VM Arguments:
jvm_args: --enable-preview -javaagent:D:\Program Files\IntelliJ IDEA 2024.2.3\lib\idea_rt.jar=62963:D:\Program Files\IntelliJ IDEA 2024.2.3\bin -Dfile.encoding=UTF-8 -Dsun.stdout.encoding=UTF-8 -Dsun.stderr.encoding=UTF-8 
java_command: com.PhD_UAE.PhD.PhDApplication
java_class_path (initial): C:\Users\lenovo\Desktop\Phd_back\target\classes;C:\Users\lenovo\.m2\repository\org\springframework\boot\spring-boot-starter-data-jpa\3.3.4\spring-boot-starter-data-jpa-3.3.4.jar;C:\Users\lenovo\.m2\repository\org\springframework\boot\spring-boot-starter-aop\3.3.4\spring-boot-starter-aop-3.3.4.jar;C:\Users\lenovo\.m2\repository\org\aspectj\aspectjweaver\1.9.22.1\aspectjweaver-1.9.22.1.jar;C:\Users\lenovo\.m2\repository\org\springframework\boot\spring-boot-starter-jdbc\3.3.4\spring-boot-starter-jdbc-3.3.4.jar;C:\Users\lenovo\.m2\repository\com\zaxxer\HikariCP\5.1.0\HikariCP-5.1.0.jar;C:\Users\lenovo\.m2\repository\org\springframework\spring-jdbc\6.1.13\spring-jdbc-6.1.13.jar;C:\Users\lenovo\.m2\repository\org\hibernate\orm\hibernate-core\6.5.3.Final\hibernate-core-6.5.3.Final.jar;C:\Users\lenovo\.m2\repository\jakarta\persistence\jakarta.persistence-api\3.1.0\jakarta.persistence-api-3.1.0.jar;C:\Users\lenovo\.m2\repository\jakarta\transaction\jakarta.transaction-api\2.0.1\jakarta.transaction-api-2.0.1.jar;C:\Users\lenovo\.m2\repository\org\jboss\logging\jboss-logging\3.5.3.Final\jboss-logging-3.5.3.Final.jar;C:\Users\lenovo\.m2\repository\org\hibernate\common\hibernate-commons-annotations\6.0.6.Final\hibernate-commons-annotations-6.0.6.Final.jar;C:\Users\lenovo\.m2\repository\io\smallrye\jandex\3.1.2\jandex-3.1.2.jar;C:\Users\lenovo\.m2\repository\com\fasterxml\classmate\1.7.0\classmate-1.7.0.jar;C:\Users\lenovo\.m2\repository\net\bytebuddy\byte-buddy\1.14.19\byte-buddy-1.14.19.jar;C:\Users\lenovo\.m2\repository\org\glassfish\jaxb\jaxb-runtime\4.0.5\jaxb-runtime-4.0.5.jar;C:\Users\lenovo\.m2\repository\org\glassfish\jaxb\jaxb-core\4.0.5\jaxb-core-4.0.5.jar;C:\Users\lenovo\.m2\repository\org\eclipse\angus\angus-activation\2.0.2\angus-activation-2.0.2.jar;C:\Users\lenovo\.m2\repository\org\glassfish\jaxb\txw2\4.0.5\txw2-4.0.5.jar;C:\Users\lenovo\.m2\repository\com\sun\istack\istack-commons-runtime\4.1.2\istack-commons-runtime-4.1.2.jar;C:\Users\lenovo\.m2\repository\jakarta\inject\jakarta.inject-api\2.0.1\jakarta.inject-api-2.0.1.jar;C:\Users\lenovo\.m2\repository\org\antlr\antlr4-runtime\4.13.0\antlr4-runtime-4.13.0.jar;C:\Users\lenovo\.m2\repository\org\springframework\data\spring-data-jpa\3.3.4\spring-data-jpa-3.3.4.jar;C:\Users\lenovo\.m2\repository\org\springframework\data\spring-data-commons\3.3.4\spring-data-commons-3.3.4.jar;C:\Users\lenovo\.m2\repository\org\springframework\spring-orm\6.1.13\spring-orm-6.1.13.jar;C:\Users\lenovo\.m2\repository\org\springframework\spring-context\6.1.13\spring-context-6.1.13.jar;C:\Users\lenovo\.m2\repository\org\springframework\spring-tx\6.1.13\spring-tx-6.1.13.jar;C:\Users\lenovo\.m2\repository\org\springframework\spring-beans\6.1.13\spring-beans-6.1.13.jar;C:\Users\lenovo\.m2\repository\jakarta\annotation\jakarta.annotation-api\2.1.1\jakarta.annotation-api-2.1.1.jar;C:\Users\lenovo\.m2\repository\org\slf4j\slf4j-api\2.0.16\slf4j-api-2.0.16.jar;C:\Users\lenovo\.m2\repository\org\springframework\spring-aspects\6.1.13\spring-aspects-6.1.13.jar;C:\Users\lenovo\.m2\repository\org\springframework\boot\spring-boot-starter-web\3.3.4\spring-boot-starter-web-3.3.4.jar;C:\Users\lenovo\.m2\repository\org\springframework\boot\spring-boot-starter\3.3.4\spring-boot-starter-3.3.4.jar;C:\Users\lenovo\.m2\repository\org\springframework\boot\spring-boot\3.3.4\spring-boot-3.3.4.jar;C:\Users\lenovo\.m2\repository\org\springframework\boot\spring-boot-autoconfigure\3.3.4\spring-boot-autoconfigure-3.3.4.jar;C:\Users\lenovo\.m2\repository\org\springframework\boot\spring-boot-starter-logging\3.3.4\spring-boot-starter-logging-3.3.4.jar;C:\Users\lenovo\.m2\repository\ch\qos\logback\logback-classic\1.5.8\logback-classic-1.5.8.jar;C:\Users\lenovo\.m2\repository\ch\qos\logback\logback-core\1.5.8\logback-core-1.5.8.jar;C:\Users\lenovo\.m2\repository\org\apache\logging\log4j\log4j-to-slf4j\2.23.1\log4j-to-slf4j-2.23.1.jar;C:\Users\lenovo\.m2\repository\org\apache\logging\log4j\log4j-api\2.23.1\log4j-api-2.23.1.jar;C:\Users\lenovo\.m2\repository\org\slf4j\jul-to-slf4j\2.0.16\jul-to-slf4j-2.0.16.jar;C:\Users\lenovo\.m2\repository\org\yaml\snakeyaml\2.2\snakeyaml-2.2.jar;C:\Users\lenovo\.m2\repository\org\springframework\boot\spring-boot-starter-json\3.3.4\spring-boot-starter-json-3.3.4.jar;C:\Users\lenovo\.m2\repository\com\fasterxml\jackson\core\jackson-databind\2.17.2\jackson-databind-2.17.2.jar;C:\Users\lenovo\.m2\repository\com\fasterxml\jackson\core\jackson-annotations\2.17.2\jackson-annotations-2.17.2.jar;C:\Users\lenovo\.m2\repository\com\fasterxml\jackson\core\jackson-core\2.17.2\jackson-core-2.17.2.jar;C:\Users\lenovo\.m2\repository\com\fasterxml\jackson\datatype\jackson-datatype-jdk8\2.17.2\jackson-datatype-jdk8-2.17.2.jar;C:\Users\lenovo\.m2\repository\com\fasterxml\jackson\datatype\jackson-datatype-jsr310\2.17.2\jackson-datatype-jsr310-2.17.2.jar;C:\Users\lenovo\.m2\repository\com\fasterxml\jackson\module\jackson-module-parameter-names\2.17.2\jackson-module-parameter-names-2.17.2.jar;C:\Users\lenovo\.m2\repository\org\springframework\boot\spring-boot-starter-tomcat\3.3.4\spring-boot-starter-tomcat-3.3.4.jar;C:\Users\lenovo\.m2\repository\org\apache\tomcat\embed\tomcat-embed-core\10.1.30\tomcat-embed-core-10.1.30.jar;C:\Users\lenovo\.m2\repository\org\apache\tomcat\embed\tomcat-embed-el\10.1.30\tomcat-embed-el-10.1.30.jar;C:\Users\lenovo\.m2\repository\org\apache\tomcat\embed\tomcat-embed-websocket\10.1.30\tomcat-embed-websocket-10.1.30.jar;C:\Users\lenovo\.m2\repository\org\springframework\spring-web\6.1.13\spring-web-6.1.13.jar;C:\Users\lenovo\.m2\repository\io\micrometer\micrometer-observation\1.13.4\micrometer-observation-1.13.4.jar;C:\Users\lenovo\.m2\repository\io\micrometer\micrometer-commons\1.13.4\micrometer-commons-1.13.4.jar;C:\Users\lenovo\.m2\repository\org\springframework\spring-webmvc\6.1.13\spring-webmvc-6.1.13.jar;C:\Users\lenovo\.m2\repository\org\springframework\spring-expression\6.1.13\spring-expression-6.1.13.jar;C:\Users\lenovo\.m2\repository\com\mysql\mysql-connector-j\8.3.0\mysql-connector-j-8.3.0.jar;C:\Users\lenovo\.m2\repository\org\projectlombok\lombok\1.18.34\lombok-1.18.34.jar;C:\Users\lenovo\.m2\repository\jakarta\xml\bind\jakarta.xml.bind-api\4.0.2\jakarta.xml.bind-api-4.0.2.jar;C:\Users\lenovo\.m2\repository\jakarta\activation\jakarta.activation-api\2.1.3\jakarta.activation-api-2.1.3.jar;C:\Users\lenovo\.m2\repository\org\springframework\spring-core\6.1.13\spring-core-6.1.13.jar;C:\Users\lenovo\.m2\repository\org\springframework\spring-jcl\6.1.13\spring-jcl-6.1.13.jar;C:\Users\lenovo\.m2\repository\org\springframework\boot\spring-boot-starter-security\3.3.4\spring-boot-starter-security-3.3.4.jar;C:\Users\lenovo\.m2\repository\org\springframework\spring-aop\6.1.13\spring-aop-6.1.13.jar;C:\Users\lenovo\.m2\repository\org\springframework\security\spring-security-config\6.3.3\spring-security-config-6.3.3.jar;C:\Users\lenovo\.m2\repository\org\springframework\security\spring-security-core\6.3.3\spring-security-core-6.3.3.jar;C:\Users\lenovo\.m2\repository\org\springframework\security\spring-security-crypto\6.3.3\spring-security-crypto-6.3.3.jar;C:\Users\lenovo\.m2\repository\org\springframework\security\spring-security-web\6.3.3\spring-security-web-6.3.3.jar
Launcher Type: SUN_STANDARD

[Global flags]
     intx CICompilerCount                          = 4                                         {product} {ergonomic}
     uint ConcGCThreads                            = 2                                         {product} {ergonomic}
     uint G1ConcRefinementThreads                  = 8                                         {product} {ergonomic}
   size_t G1HeapRegionSize                         = 1048576                                   {product} {ergonomic}
    uintx GCDrainStackTargetSize                   = 64                                        {product} {ergonomic}
   size_t InitialHeapSize                          = 132120576                                 {product} {ergonomic}
   size_t MarkStackSize                            = 4194304                                   {product} {ergonomic}
   size_t MaxHeapSize                              = 2113929216                                {product} {ergonomic}
   size_t MaxNewSize                               = 1267728384                                {product} {ergonomic}
   size_t MinHeapDeltaBytes                        = 1048576                                   {product} {ergonomic}
   size_t MinHeapSize                              = 8388608                                   {product} {ergonomic}
    uintx NonNMethodCodeHeapSize                   = 5839372                                {pd product} {ergonomic}
    uintx NonProfiledCodeHeapSize                  = 122909434                              {pd product} {ergonomic}
    uintx ProfiledCodeHeapSize                     = 122909434                              {pd product} {ergonomic}
    uintx ReservedCodeCacheSize                    = 251658240                              {pd product} {ergonomic}
     bool SegmentedCodeCache                       = true                                      {product} {ergonomic}
   size_t SoftMaxHeapSize                          = 2113929216                             {manageable} {ergonomic}
     bool UseCompressedOops                        = true                           {product lp64_product} {ergonomic}
     bool UseG1GC                                  = true                                      {product} {ergonomic}
     bool UseLargePagesIndividualAllocation        = false                                  {pd product} {ergonomic}

Logging:
Log output configuration:
 #0: stdout all=warning uptime,level,tags foldmultilines=false
 #1: stderr all=off uptime,level,tags foldmultilines=false

Environment Variables:
PATH=C:\Users\lenovo\AppData\Local\Programs\Python\Python312\Scripts\;C:\Users\lenovo\AppData\Local\Programs\Python\Python312\;C:\Program Files\Common Files\Oracle\Java\javapath;C:\oraclexe\app\oracle\product\11.2.0\server\bin;C:\ProgramData\watcom-1.3\binnt;C:\ProgramData\watcom-1.3\binw;C:\watcom-1.3\binnt;C:\watcom-1.3\binw;C:\WINDOWS\system32;C:\WINDOWS;C:\WINDOWS\System32\Wbem;C:\WINDOWS\System32\WindowsPowerShell\v1.0\;C:\WINDOWS\System32\OpenSSH\;C:\Program Files\MySQL\MySQL Server 5.5\bin;C:\MinGW\bin;C:\ProgramData\chocolatey\bin;C:\xampp\php;C:\Program Files\MongoDB\Server\7.0;C:\Program Files\Apache Software Foundation\Tomcat 11.0\bin;C:\Program Files\Git\cmd;C:\Program Files\PowerShell\7\;D:\Program Files\heroku\bin;C:\Program Files\Docker\Docker\resources\bin;D:\Program Files\apache-maven-3.9.9\bin;C:\Users\lenovo\AppData\Roaming\nvm;C:\Program Files\nodejs;C:\Users\lenovo\AppData\Local\Programs\Python\Python312\Scripts\;C:\Users\lenovo\AppData\Local\Programs\Python\Python312\;C:\Users\lenovo\AppData\Local\Programs\Python\Launcher\;C:\Users\lenovo\AppData\Local\Microsoft\WindowsApps;C:\Users\lenovo\Downloads\GnuWin32\GnuWin32\bin;C:\Program Files (x86)\GnuWin32\bin;C:\MinGW\bin;C:\MinGW\msys\1.0\bin;C:\MinGW\bin;C:\Users\lenovo\AppData\Local\Programs\Microsoft VS Code\bin;C:\Program Files\JetBrains\IntelliJ IDEA Community Edition 2023.3.4\bin;;C:\Users\lenovo\Downloads\java;C:\xampp\php;C:\Users\lenovo\AppData\Local\ComposerSetup\bin;C:\Users\lenovo\AppData\Roaming\Composer\vendor\bin;C:\Program Files\Java\jdk-21\bin;D:\Program Files\IntelliJ IDEA 2024.2.3\bin;;D:\Program Files\heroku\bin;C:\Program Files\Docker\Docker\resources\bin;C:\Users\lenovo\AppData\Roaming\npm;C:\Users\lenovo\AppData\Roaming\nvm;C:\Program Files\nodejs
USERNAME=lenovo
OS=Windows_NT
PROCESSOR_IDENTIFIER=Intel64 Family 6 Model 142 Stepping 10, GenuineIntel
TMP=C:\Users\lenovo\AppData\Local\Temp
TEMP=C:\Users\lenovo\AppData\Local\Temp




Periodic native trim disabled

---------------  S Y S T E M  ---------------

OS:
 Windows 10 , 64 bit Build 19041 (10.0.19041.4957)
OS uptime: 0 days 13:22 hours

CPU: total 8 (initial active 8) (4 cores per cpu, 2 threads per core) family 6 model 142 stepping 10 microcode 0xb4, cx8, cmov, fxsr, ht, mmx, 3dnowpref, sse, sse2, sse3, ssse3, sse4.1, sse4.2, popcnt, lzcnt, tsc, tscinvbit, avx, avx2, aes, erms, clmul, bmi1, bmi2, adx, fma, vzeroupper, clflush, clflushopt, rdtscp, f16c
Processor Information for all 8 processors :
  Max Mhz: 1801, Current Mhz: 1801, Mhz Limit: 1801

Memory: 4k page, system-wide physical 8058M (647M free)
TotalPageFile size 10106M (AvailPageFile size 5M)
current process WorkingSet (physical memory assigned to process): 240M, peak: 240M
current process commit charge ("private bytes"): 277M, peak: 279M

vm_info: Java HotSpot(TM) 64-Bit Server VM (21.0.2+13-LTS-58) for windows-amd64 JRE (21.0.2+13-LTS-58), built on 2024-01-05T18:32:24Z by "mach5one" with MS VC++ 17.1 (VS2022)

END.
