#
# There is insufficient memory for the Java Runtime Environment to continue.
# Native memory allocation (malloc) failed to allocate 32744 bytes. Error detail: Chunk::new
# Possible reasons:
#   The system is out of physical RAM or swap space
#   This process is running with CompressedOops enabled, and the Java Heap may be blocking the growth of the native heap
# Possible solutions:
#   Reduce memory load on the system
#   Increase physical memory or swap space
#   Check if swap backing store is full
#   Decrease Java heap size (-Xmx/-Xms)
#   Decrease number of Java threads
#   Decrease Java thread stack sizes (-Xss)
#   Set larger code cache with -XX:ReservedCodeCacheSize=
#   JVM is running with Unscaled Compressed Oops mode in which the Java heap is
#     placed in the first 4GB address space. The Java Heap base address is the
#     maximum limit for the native heap growth. Please use -XX:HeapBaseMinAddress
#     to set the Java Heap base and to place the Java Heap above 4GB virtual address.
# This output file may be truncated or incomplete.
#
#  Out of Memory Error (arena.cpp:168), pid=6036, tid=9244
#
# JRE version: OpenJDK Runtime Environment Corretto-21.0.5.11.1 (21.0.5+11) (build 21.0.5+11-LTS)
# Java VM: OpenJDK 64-Bit Server VM Corretto-21.0.5.11.1 (21.0.5+11-LTS, mixed mode, emulated-client, sharing, tiered, compressed oops, compressed class ptrs, g1 gc, windows-amd64)
# No core dump will be written. Minidumps are not enabled by default on client versions of Windows
#

---------------  S U M M A R Y ------------

Command Line: --enable-preview -XX:TieredStopAtLevel=1 -Dspring.output.ansi.enabled=always -Dcom.sun.management.jmxremote -Dspring.jmx.enabled=true -Dspring.liveBeansView.mbeanDomain -Dspring.application.admin.enabled=true -Dmanagement.endpoints.jmx.exposure.include=* -javaagent:C:\Program Files\JetBrains\IntelliJ IDEA 2024.1.1\lib\idea_rt.jar=61306:C:\Program Files\JetBrains\IntelliJ IDEA 2024.1.1\bin -Dfile.encoding=UTF-8 -Dsun.stdout.encoding=UTF-8 -Dsun.stderr.encoding=UTF-8 com.PhD_UAE.PhD.PhDApplication

Host: Intel(R) Core(TM) i5-4200U CPU @ 1.60GHz, 4 cores, 7G,  Windows 11 , 64 bit Build 22000 (10.0.22000.2538)
Time: Fri Nov  1 15:45:45 2024 Morocco Daylight Time elapsed time: 12.978841 seconds (0d 0h 0m 12s)

---------------  T H R E A D  ---------------

Current thread (0x00000184d7543fe0):  JavaThread "C1 CompilerThread0" daemon [_thread_in_native, id=9244, stack(0x0000001286600000,0x0000001286700000) (1024K)]


Current CompileTask:
C1:12979 2837       1       org.springframework.asm.ClassReader::accept (1401 bytes)

Stack: [0x0000001286600000,0x0000001286700000]
Native frames: (J=compiled Java code, j=interpreted, Vv=VM code, C=native code)
V  [jvm.dll+0x6d9b69]
V  [jvm.dll+0x8b6073]
V  [jvm.dll+0x8b83ce]
V  [jvm.dll+0x8b8ab3]
V  [jvm.dll+0x286226]
V  [jvm.dll+0xc65ed]
V  [jvm.dll+0xc6b23]
V  [jvm.dll+0x198eee]
V  [jvm.dll+0x1b04ad]
V  [jvm.dll+0x155c5d]
V  [jvm.dll+0x155ee3]
V  [jvm.dll+0x1561a6]
V  [jvm.dll+0x15551f]
V  [jvm.dll+0x157341]
V  [jvm.dll+0x25d249]
V  [jvm.dll+0x25b7fb]
V  [jvm.dll+0x3fab46]
V  [jvm.dll+0x85ed68]
V  [jvm.dll+0x6d836d]
C  [ucrtbase.dll+0x26c0c]
C  [KERNEL32.DLL+0x153e0]
C  [ntdll.dll+0x485b]


---------------  P R O C E S S  ---------------

Threads class SMR info:
_java_thread_list=0x00000184dc95d320, length=14, elements={
0x00000184c72e7b40, 0x00000184d75377f0, 0x00000184d753a7c0, 0x00000184d753c100,
0x00000184d753de70, 0x00000184d753ea70, 0x00000184d753f720, 0x00000184d7543fe0,
0x00000184d76d6a10, 0x00000184d772e9f0, 0x00000184d7a9d190, 0x00000184d7a9de00,
0x00000184dc312d10, 0x00000184dc802090
}

Java Threads: ( => current thread )
  0x00000184c72e7b40 JavaThread "main"                              [_thread_in_Java, id=4656, stack(0x0000001285800000,0x0000001285900000) (1024K)]
  0x00000184d75377f0 JavaThread "Reference Handler"          daemon [_thread_blocked, id=8984, stack(0x0000001286000000,0x0000001286100000) (1024K)]
  0x00000184d753a7c0 JavaThread "Finalizer"                  daemon [_thread_blocked, id=3196, stack(0x0000001286100000,0x0000001286200000) (1024K)]
  0x00000184d753c100 JavaThread "Signal Dispatcher"          daemon [_thread_blocked, id=13136, stack(0x0000001286200000,0x0000001286300000) (1024K)]
  0x00000184d753de70 JavaThread "Attach Listener"            daemon [_thread_blocked, id=12028, stack(0x0000001286300000,0x0000001286400000) (1024K)]
  0x00000184d753ea70 JavaThread "Service Thread"             daemon [_thread_blocked, id=3352, stack(0x0000001286400000,0x0000001286500000) (1024K)]
  0x00000184d753f720 JavaThread "Monitor Deflation Thread"   daemon [_thread_blocked, id=4824, stack(0x0000001286500000,0x0000001286600000) (1024K)]
=>0x00000184d7543fe0 JavaThread "C1 CompilerThread0"         daemon [_thread_in_native, id=9244, stack(0x0000001286600000,0x0000001286700000) (1024K)]
  0x00000184d76d6a10 JavaThread "Common-Cleaner"             daemon [_thread_blocked, id=7524, stack(0x0000001286700000,0x0000001286800000) (1024K)]
  0x00000184d772e9f0 JavaThread "C1 CompilerThread1"         daemon [_thread_in_native, id=4820, stack(0x0000001286800000,0x0000001286900000) (1024K)]
  0x00000184d7a9d190 JavaThread "Monitor Ctrl-Break"         daemon [_thread_in_native, id=13284, stack(0x0000001286900000,0x0000001286a00000) (1024K)]
  0x00000184d7a9de00 JavaThread "Notification Thread"        daemon [_thread_blocked, id=320, stack(0x0000001286a00000,0x0000001286b00000) (1024K)]
  0x00000184dc312d10 JavaThread "RMI TCP Accept-0"           daemon [_thread_in_native, id=1888, stack(0x0000001286e00000,0x0000001286f00000) (1024K)]
  0x00000184dc802090 JavaThread "C1 CompilerThread2"         daemon [_thread_in_native, id=12900, stack(0x0000001287000000,0x0000001287100000) (1024K)]
Total: 14

Other Threads:
  0x00000184d751c840 VMThread "VM Thread"                           [id=1148, stack(0x0000001285f00000,0x0000001286000000) (1024K)]
  0x00000184d750d740 WatcherThread "VM Periodic Task Thread"        [id=13444, stack(0x0000001285e00000,0x0000001285f00000) (1024K)]
  0x00000184c733cfb0 WorkerThread "GC Thread#0"                     [id=10940, stack(0x0000001285900000,0x0000001285a00000) (1024K)]
  0x00000184dc177d70 WorkerThread "GC Thread#1"                     [id=992, stack(0x0000001286c00000,0x0000001286d00000) (1024K)]
  0x00000184dc17c120 WorkerThread "GC Thread#2"                     [id=4488, stack(0x0000001286d00000,0x0000001286e00000) (1024K)]
  0x00000184dc190980 WorkerThread "GC Thread#3"                     [id=304, stack(0x0000001286f00000,0x0000001287000000) (1024K)]
  0x00000184c734de90 ConcurrentGCThread "G1 Main Marker"            [id=14248, stack(0x0000001285a00000,0x0000001285b00000) (1024K)]
  0x00000184c734f130 WorkerThread "G1 Conc#0"                       [id=9008, stack(0x0000001285b00000,0x0000001285c00000) (1024K)]
  0x00000184c73ae900 ConcurrentGCThread "G1 Refine#0"               [id=4316, stack(0x0000001285c00000,0x0000001285d00000) (1024K)]
  0x00000184d73cd670 ConcurrentGCThread "G1 Service"                [id=14484, stack(0x0000001285d00000,0x0000001285e00000) (1024K)]
Total: 10

Threads with active compile tasks:
C1 CompilerThread0  13079 2837       1       org.springframework.asm.ClassReader::accept (1401 bytes)
C1 CompilerThread1  13079 2840       1       jdk.internal.loader.BuiltinClassLoader::definePackage (277 bytes)
C1 CompilerThread2  13080 2842       1       java.util.concurrent.atomic.AtomicInteger::set (6 bytes)
Total: 3

VM state: not at safepoint (normal execution)

VM Mutex/Monitor currently owned by a thread: None

Heap address: 0x0000000081600000, size: 2026 MB, Compressed Oops mode: 32-bit

CDS archive(s) mapped at: [0x0000018480000000-0x0000018480c80000-0x0000018480c80000), size 13107200, SharedBaseAddress: 0x0000018480000000, ArchiveRelocationMode: 1.
Compressed class space mapped at: 0x0000018481000000-0x00000184c1000000, reserved size: 1073741824
Narrow klass base: 0x0000018480000000, Narrow klass shift: 0, Narrow klass range: 0x100000000

GC Precious Log:
 CardTable entry size: 512
 Card Set container configuration: InlinePtr #cards 5 size 8 Array Of Cards #cards 12 size 40 Howl #buckets 4 coarsen threshold 1843 Howl Bitmap #cards 512 size 80 coarsen threshold 460 Card regions per heap region 1 cards per card region 2048
 CPUs: 4 total, 4 available
 Memory: 8097M
 Large Page Support: Disabled
 NUMA Support: Disabled
 Compressed Oops: Enabled (32-bit)
 Heap Region Size: 1M
 Heap Min Capacity: 8M
 Heap Initial Capacity: 128M
 Heap Max Capacity: 2026M
 Pre-touch: Disabled
 Parallel Workers: 4
 Concurrent Workers: 1
 Concurrent Refinement Workers: 4
 Periodic GC: Disabled

Heap:
 garbage-first heap   total 131072K, used 46529K [0x0000000081600000, 0x0000000100000000)
  region size 1024K, 40 young (40960K), 2 survivors (2048K)
 Metaspace       used 19942K, committed 20224K, reserved 1114112K
  class space    used 2581K, committed 2688K, reserved 1048576K

Heap Regions: E=young(eden), S=young(survivor), O=old, HS=humongous(starts), HC=humongous(continues), CS=collection set, F=free, TAMS=top-at-mark-start, PB=parsable bottom
|   0|0x0000000081600000, 0x0000000081700000, 0x0000000081700000|100%|HS|  |TAMS 0x0000000081600000| PB 0x0000000081600000| Complete 
|   1|0x0000000081700000, 0x0000000081800000, 0x0000000081800000|100%| O|  |TAMS 0x0000000081700000| PB 0x0000000081700000| Untracked 
|   2|0x0000000081800000, 0x0000000081900000, 0x0000000081900000|100%| O|  |TAMS 0x0000000081800000| PB 0x0000000081800000| Untracked 
|   3|0x0000000081900000, 0x0000000081a00000, 0x0000000081a00000|100%| O|  |TAMS 0x0000000081900000| PB 0x0000000081900000| Untracked 
|   4|0x0000000081a00000, 0x0000000081b00000, 0x0000000081b00000|100%| O|  |TAMS 0x0000000081a00000| PB 0x0000000081a00000| Untracked 
|   5|0x0000000081b00000, 0x0000000081c00000, 0x0000000081c00000|100%| O|  |TAMS 0x0000000081b00000| PB 0x0000000081b00000| Untracked 
|   6|0x0000000081c00000, 0x0000000081d00000, 0x0000000081d00000|100%| O|  |TAMS 0x0000000081c00000| PB 0x0000000081c00000| Untracked 
|   7|0x0000000081d00000, 0x0000000081de11b0, 0x0000000081e00000| 87%| O|  |TAMS 0x0000000081d00000| PB 0x0000000081d00000| Untracked 
|   8|0x0000000081e00000, 0x0000000081e00000, 0x0000000081f00000|  0%| F|  |TAMS 0x0000000081e00000| PB 0x0000000081e00000| Untracked 
|   9|0x0000000081f00000, 0x0000000081f00000, 0x0000000082000000|  0%| F|  |TAMS 0x0000000081f00000| PB 0x0000000081f00000| Untracked 
|  10|0x0000000082000000, 0x0000000082000000, 0x0000000082100000|  0%| F|  |TAMS 0x0000000082000000| PB 0x0000000082000000| Untracked 
|  11|0x0000000082100000, 0x0000000082100000, 0x0000000082200000|  0%| F|  |TAMS 0x0000000082100000| PB 0x0000000082100000| Untracked 
|  12|0x0000000082200000, 0x0000000082200000, 0x0000000082300000|  0%| F|  |TAMS 0x0000000082200000| PB 0x0000000082200000| Untracked 
|  13|0x0000000082300000, 0x0000000082300000, 0x0000000082400000|  0%| F|  |TAMS 0x0000000082300000| PB 0x0000000082300000| Untracked 
|  14|0x0000000082400000, 0x0000000082400000, 0x0000000082500000|  0%| F|  |TAMS 0x0000000082400000| PB 0x0000000082400000| Untracked 
|  15|0x0000000082500000, 0x0000000082500000, 0x0000000082600000|  0%| F|  |TAMS 0x0000000082500000| PB 0x0000000082500000| Untracked 
|  16|0x0000000082600000, 0x0000000082600000, 0x0000000082700000|  0%| F|  |TAMS 0x0000000082600000| PB 0x0000000082600000| Untracked 
|  17|0x0000000082700000, 0x0000000082700000, 0x0000000082800000|  0%| F|  |TAMS 0x0000000082700000| PB 0x0000000082700000| Untracked 
|  18|0x0000000082800000, 0x0000000082800000, 0x0000000082900000|  0%| F|  |TAMS 0x0000000082800000| PB 0x0000000082800000| Untracked 
|  19|0x0000000082900000, 0x0000000082900000, 0x0000000082a00000|  0%| F|  |TAMS 0x0000000082900000| PB 0x0000000082900000| Untracked 
|  20|0x0000000082a00000, 0x0000000082a00000, 0x0000000082b00000|  0%| F|  |TAMS 0x0000000082a00000| PB 0x0000000082a00000| Untracked 
|  21|0x0000000082b00000, 0x0000000082b00000, 0x0000000082c00000|  0%| F|  |TAMS 0x0000000082b00000| PB 0x0000000082b00000| Untracked 
|  22|0x0000000082c00000, 0x0000000082c00000, 0x0000000082d00000|  0%| F|  |TAMS 0x0000000082c00000| PB 0x0000000082c00000| Untracked 
|  23|0x0000000082d00000, 0x0000000082d00000, 0x0000000082e00000|  0%| F|  |TAMS 0x0000000082d00000| PB 0x0000000082d00000| Untracked 
|  24|0x0000000082e00000, 0x0000000082e00000, 0x0000000082f00000|  0%| F|  |TAMS 0x0000000082e00000| PB 0x0000000082e00000| Untracked 
|  25|0x0000000082f00000, 0x0000000082f00000, 0x0000000083000000|  0%| F|  |TAMS 0x0000000082f00000| PB 0x0000000082f00000| Untracked 
|  26|0x0000000083000000, 0x0000000083000000, 0x0000000083100000|  0%| F|  |TAMS 0x0000000083000000| PB 0x0000000083000000| Untracked 
|  27|0x0000000083100000, 0x0000000083100000, 0x0000000083200000|  0%| F|  |TAMS 0x0000000083100000| PB 0x0000000083100000| Untracked 
|  28|0x0000000083200000, 0x0000000083200000, 0x0000000083300000|  0%| F|  |TAMS 0x0000000083200000| PB 0x0000000083200000| Untracked 
|  29|0x0000000083300000, 0x0000000083300000, 0x0000000083400000|  0%| F|  |TAMS 0x0000000083300000| PB 0x0000000083300000| Untracked 
|  30|0x0000000083400000, 0x0000000083400000, 0x0000000083500000|  0%| F|  |TAMS 0x0000000083400000| PB 0x0000000083400000| Untracked 
|  31|0x0000000083500000, 0x0000000083500000, 0x0000000083600000|  0%| F|  |TAMS 0x0000000083500000| PB 0x0000000083500000| Untracked 
|  32|0x0000000083600000, 0x0000000083600000, 0x0000000083700000|  0%| F|  |TAMS 0x0000000083600000| PB 0x0000000083600000| Untracked 
|  33|0x0000000083700000, 0x0000000083700000, 0x0000000083800000|  0%| F|  |TAMS 0x0000000083700000| PB 0x0000000083700000| Untracked 
|  34|0x0000000083800000, 0x0000000083800000, 0x0000000083900000|  0%| F|  |TAMS 0x0000000083800000| PB 0x0000000083800000| Untracked 
|  35|0x0000000083900000, 0x0000000083900000, 0x0000000083a00000|  0%| F|  |TAMS 0x0000000083900000| PB 0x0000000083900000| Untracked 
|  36|0x0000000083a00000, 0x0000000083a00000, 0x0000000083b00000|  0%| F|  |TAMS 0x0000000083a00000| PB 0x0000000083a00000| Untracked 
|  37|0x0000000083b00000, 0x0000000083b00000, 0x0000000083c00000|  0%| F|  |TAMS 0x0000000083b00000| PB 0x0000000083b00000| Untracked 
|  38|0x0000000083c00000, 0x0000000083c00000, 0x0000000083d00000|  0%| F|  |TAMS 0x0000000083c00000| PB 0x0000000083c00000| Untracked 
|  39|0x0000000083d00000, 0x0000000083d00000, 0x0000000083e00000|  0%| F|  |TAMS 0x0000000083d00000| PB 0x0000000083d00000| Untracked 
|  40|0x0000000083e00000, 0x0000000083e00000, 0x0000000083f00000|  0%| F|  |TAMS 0x0000000083e00000| PB 0x0000000083e00000| Untracked 
|  41|0x0000000083f00000, 0x0000000083f00000, 0x0000000084000000|  0%| F|  |TAMS 0x0000000083f00000| PB 0x0000000083f00000| Untracked 
|  42|0x0000000084000000, 0x0000000084000000, 0x0000000084100000|  0%| F|  |TAMS 0x0000000084000000| PB 0x0000000084000000| Untracked 
|  43|0x0000000084100000, 0x0000000084100000, 0x0000000084200000|  0%| F|  |TAMS 0x0000000084100000| PB 0x0000000084100000| Untracked 
|  44|0x0000000084200000, 0x0000000084200000, 0x0000000084300000|  0%| F|  |TAMS 0x0000000084200000| PB 0x0000000084200000| Untracked 
|  45|0x0000000084300000, 0x0000000084300000, 0x0000000084400000|  0%| F|  |TAMS 0x0000000084300000| PB 0x0000000084300000| Untracked 
|  46|0x0000000084400000, 0x0000000084400000, 0x0000000084500000|  0%| F|  |TAMS 0x0000000084400000| PB 0x0000000084400000| Untracked 
|  47|0x0000000084500000, 0x0000000084500000, 0x0000000084600000|  0%| F|  |TAMS 0x0000000084500000| PB 0x0000000084500000| Untracked 
|  48|0x0000000084600000, 0x0000000084600000, 0x0000000084700000|  0%| F|  |TAMS 0x0000000084600000| PB 0x0000000084600000| Untracked 
|  49|0x0000000084700000, 0x0000000084700000, 0x0000000084800000|  0%| F|  |TAMS 0x0000000084700000| PB 0x0000000084700000| Untracked 
|  50|0x0000000084800000, 0x0000000084800000, 0x0000000084900000|  0%| F|  |TAMS 0x0000000084800000| PB 0x0000000084800000| Untracked 
|  51|0x0000000084900000, 0x0000000084900000, 0x0000000084a00000|  0%| F|  |TAMS 0x0000000084900000| PB 0x0000000084900000| Untracked 
|  52|0x0000000084a00000, 0x0000000084a00000, 0x0000000084b00000|  0%| F|  |TAMS 0x0000000084a00000| PB 0x0000000084a00000| Untracked 
|  53|0x0000000084b00000, 0x0000000084b00000, 0x0000000084c00000|  0%| F|  |TAMS 0x0000000084b00000| PB 0x0000000084b00000| Untracked 
|  54|0x0000000084c00000, 0x0000000084c00000, 0x0000000084d00000|  0%| F|  |TAMS 0x0000000084c00000| PB 0x0000000084c00000| Untracked 
|  55|0x0000000084d00000, 0x0000000084d00000, 0x0000000084e00000|  0%| F|  |TAMS 0x0000000084d00000| PB 0x0000000084d00000| Untracked 
|  56|0x0000000084e00000, 0x0000000084e00000, 0x0000000084f00000|  0%| F|  |TAMS 0x0000000084e00000| PB 0x0000000084e00000| Untracked 
|  57|0x0000000084f00000, 0x0000000084f00000, 0x0000000085000000|  0%| F|  |TAMS 0x0000000084f00000| PB 0x0000000084f00000| Untracked 
|  58|0x0000000085000000, 0x0000000085000000, 0x0000000085100000|  0%| F|  |TAMS 0x0000000085000000| PB 0x0000000085000000| Untracked 
|  59|0x0000000085100000, 0x0000000085100000, 0x0000000085200000|  0%| F|  |TAMS 0x0000000085100000| PB 0x0000000085100000| Untracked 
|  60|0x0000000085200000, 0x0000000085200000, 0x0000000085300000|  0%| F|  |TAMS 0x0000000085200000| PB 0x0000000085200000| Untracked 
|  61|0x0000000085300000, 0x0000000085300000, 0x0000000085400000|  0%| F|  |TAMS 0x0000000085300000| PB 0x0000000085300000| Untracked 
|  62|0x0000000085400000, 0x0000000085400000, 0x0000000085500000|  0%| F|  |TAMS 0x0000000085400000| PB 0x0000000085400000| Untracked 
|  63|0x0000000085500000, 0x0000000085500000, 0x0000000085600000|  0%| F|  |TAMS 0x0000000085500000| PB 0x0000000085500000| Untracked 
|  64|0x0000000085600000, 0x0000000085600000, 0x0000000085700000|  0%| F|  |TAMS 0x0000000085600000| PB 0x0000000085600000| Untracked 
|  65|0x0000000085700000, 0x0000000085700000, 0x0000000085800000|  0%| F|  |TAMS 0x0000000085700000| PB 0x0000000085700000| Untracked 
|  66|0x0000000085800000, 0x0000000085800000, 0x0000000085900000|  0%| F|  |TAMS 0x0000000085800000| PB 0x0000000085800000| Untracked 
|  67|0x0000000085900000, 0x0000000085900000, 0x0000000085a00000|  0%| F|  |TAMS 0x0000000085900000| PB 0x0000000085900000| Untracked 
|  68|0x0000000085a00000, 0x0000000085a00000, 0x0000000085b00000|  0%| F|  |TAMS 0x0000000085a00000| PB 0x0000000085a00000| Untracked 
|  69|0x0000000085b00000, 0x0000000085b00000, 0x0000000085c00000|  0%| F|  |TAMS 0x0000000085b00000| PB 0x0000000085b00000| Untracked 
|  70|0x0000000085c00000, 0x0000000085c00000, 0x0000000085d00000|  0%| F|  |TAMS 0x0000000085c00000| PB 0x0000000085c00000| Untracked 
|  71|0x0000000085d00000, 0x0000000085d00000, 0x0000000085e00000|  0%| F|  |TAMS 0x0000000085d00000| PB 0x0000000085d00000| Untracked 
|  72|0x0000000085e00000, 0x0000000085e00000, 0x0000000085f00000|  0%| F|  |TAMS 0x0000000085e00000| PB 0x0000000085e00000| Untracked 
|  73|0x0000000085f00000, 0x0000000085f00000, 0x0000000086000000|  0%| F|  |TAMS 0x0000000085f00000| PB 0x0000000085f00000| Untracked 
|  74|0x0000000086000000, 0x0000000086000000, 0x0000000086100000|  0%| F|  |TAMS 0x0000000086000000| PB 0x0000000086000000| Untracked 
|  75|0x0000000086100000, 0x0000000086100000, 0x0000000086200000|  0%| F|  |TAMS 0x0000000086100000| PB 0x0000000086100000| Untracked 
|  76|0x0000000086200000, 0x0000000086200000, 0x0000000086300000|  0%| F|  |TAMS 0x0000000086200000| PB 0x0000000086200000| Untracked 
|  77|0x0000000086300000, 0x0000000086300000, 0x0000000086400000|  0%| F|  |TAMS 0x0000000086300000| PB 0x0000000086300000| Untracked 
|  78|0x0000000086400000, 0x0000000086400000, 0x0000000086500000|  0%| F|  |TAMS 0x0000000086400000| PB 0x0000000086400000| Untracked 
|  79|0x0000000086500000, 0x0000000086500000, 0x0000000086600000|  0%| F|  |TAMS 0x0000000086500000| PB 0x0000000086500000| Untracked 
|  80|0x0000000086600000, 0x0000000086600000, 0x0000000086700000|  0%| F|  |TAMS 0x0000000086600000| PB 0x0000000086600000| Untracked 
|  81|0x0000000086700000, 0x0000000086700000, 0x0000000086800000|  0%| F|  |TAMS 0x0000000086700000| PB 0x0000000086700000| Untracked 
|  82|0x0000000086800000, 0x0000000086800000, 0x0000000086900000|  0%| F|  |TAMS 0x0000000086800000| PB 0x0000000086800000| Untracked 
|  83|0x0000000086900000, 0x0000000086900000, 0x0000000086a00000|  0%| F|  |TAMS 0x0000000086900000| PB 0x0000000086900000| Untracked 
|  84|0x0000000086a00000, 0x0000000086a00000, 0x0000000086b00000|  0%| F|  |TAMS 0x0000000086a00000| PB 0x0000000086a00000| Untracked 
|  85|0x0000000086b00000, 0x0000000086b00000, 0x0000000086c00000|  0%| F|  |TAMS 0x0000000086b00000| PB 0x0000000086b00000| Untracked 
|  86|0x0000000086c00000, 0x0000000086c00000, 0x0000000086d00000|  0%| F|  |TAMS 0x0000000086c00000| PB 0x0000000086c00000| Untracked 
|  87|0x0000000086d00000, 0x0000000086d528a0, 0x0000000086e00000| 32%| E|  |TAMS 0x0000000086d00000| PB 0x0000000086d00000| Complete 
|  88|0x0000000086e00000, 0x0000000086f00000, 0x0000000086f00000|100%| E|CS|TAMS 0x0000000086e00000| PB 0x0000000086e00000| Complete 
|  89|0x0000000086f00000, 0x0000000087000000, 0x0000000087000000|100%| E|CS|TAMS 0x0000000086f00000| PB 0x0000000086f00000| Complete 
|  90|0x0000000087000000, 0x0000000087100000, 0x0000000087100000|100%| E|CS|TAMS 0x0000000087000000| PB 0x0000000087000000| Complete 
|  91|0x0000000087100000, 0x0000000087200000, 0x0000000087200000|100%| E|CS|TAMS 0x0000000087100000| PB 0x0000000087100000| Complete 
|  92|0x0000000087200000, 0x0000000087300000, 0x0000000087300000|100%| E|CS|TAMS 0x0000000087200000| PB 0x0000000087200000| Complete 
|  93|0x0000000087300000, 0x0000000087400000, 0x0000000087400000|100%| E|  |TAMS 0x0000000087300000| PB 0x0000000087300000| Complete 
|  94|0x0000000087400000, 0x0000000087500000, 0x0000000087500000|100%| E|CS|TAMS 0x0000000087400000| PB 0x0000000087400000| Complete 
|  95|0x0000000087500000, 0x0000000087600000, 0x0000000087600000|100%| E|CS|TAMS 0x0000000087500000| PB 0x0000000087500000| Complete 
|  96|0x0000000087600000, 0x0000000087700000, 0x0000000087700000|100%| E|CS|TAMS 0x0000000087600000| PB 0x0000000087600000| Complete 
|  97|0x0000000087700000, 0x0000000087800000, 0x0000000087800000|100%| E|CS|TAMS 0x0000000087700000| PB 0x0000000087700000| Complete 
|  98|0x0000000087800000, 0x0000000087900000, 0x0000000087900000|100%| E|CS|TAMS 0x0000000087800000| PB 0x0000000087800000| Complete 
|  99|0x0000000087900000, 0x0000000087a00000, 0x0000000087a00000|100%| E|CS|TAMS 0x0000000087900000| PB 0x0000000087900000| Complete 
| 100|0x0000000087a00000, 0x0000000087b00000, 0x0000000087b00000|100%| E|CS|TAMS 0x0000000087a00000| PB 0x0000000087a00000| Complete 
| 101|0x0000000087b00000, 0x0000000087c00000, 0x0000000087c00000|100%| E|CS|TAMS 0x0000000087b00000| PB 0x0000000087b00000| Complete 
| 102|0x0000000087c00000, 0x0000000087d00000, 0x0000000087d00000|100%| E|CS|TAMS 0x0000000087c00000| PB 0x0000000087c00000| Complete 
| 103|0x0000000087d00000, 0x0000000087e00000, 0x0000000087e00000|100%| E|CS|TAMS 0x0000000087d00000| PB 0x0000000087d00000| Complete 
| 104|0x0000000087e00000, 0x0000000087f00000, 0x0000000087f00000|100%| E|CS|TAMS 0x0000000087e00000| PB 0x0000000087e00000| Complete 
| 105|0x0000000087f00000, 0x0000000088000000, 0x0000000088000000|100%| E|CS|TAMS 0x0000000087f00000| PB 0x0000000087f00000| Complete 
| 106|0x0000000088000000, 0x000000008808f3d8, 0x0000000088100000| 55%| S|CS|TAMS 0x0000000088000000| PB 0x0000000088000000| Complete 
| 107|0x0000000088100000, 0x0000000088200000, 0x0000000088200000|100%| S|CS|TAMS 0x0000000088100000| PB 0x0000000088100000| Complete 
| 108|0x0000000088200000, 0x0000000088300000, 0x0000000088300000|100%| E|CS|TAMS 0x0000000088200000| PB 0x0000000088200000| Complete 
| 109|0x0000000088300000, 0x0000000088400000, 0x0000000088400000|100%| E|CS|TAMS 0x0000000088300000| PB 0x0000000088300000| Complete 
| 110|0x0000000088400000, 0x0000000088500000, 0x0000000088500000|100%| E|CS|TAMS 0x0000000088400000| PB 0x0000000088400000| Complete 
| 111|0x0000000088500000, 0x0000000088600000, 0x0000000088600000|100%| E|CS|TAMS 0x0000000088500000| PB 0x0000000088500000| Complete 
| 112|0x0000000088600000, 0x0000000088700000, 0x0000000088700000|100%| E|CS|TAMS 0x0000000088600000| PB 0x0000000088600000| Complete 
| 113|0x0000000088700000, 0x0000000088800000, 0x0000000088800000|100%| E|CS|TAMS 0x0000000088700000| PB 0x0000000088700000| Complete 
| 114|0x0000000088800000, 0x0000000088900000, 0x0000000088900000|100%| E|CS|TAMS 0x0000000088800000| PB 0x0000000088800000| Complete 
| 115|0x0000000088900000, 0x0000000088a00000, 0x0000000088a00000|100%| E|CS|TAMS 0x0000000088900000| PB 0x0000000088900000| Complete 
| 116|0x0000000088a00000, 0x0000000088b00000, 0x0000000088b00000|100%| E|CS|TAMS 0x0000000088a00000| PB 0x0000000088a00000| Complete 
| 117|0x0000000088b00000, 0x0000000088c00000, 0x0000000088c00000|100%| E|CS|TAMS 0x0000000088b00000| PB 0x0000000088b00000| Complete 
| 118|0x0000000088c00000, 0x0000000088d00000, 0x0000000088d00000|100%| E|CS|TAMS 0x0000000088c00000| PB 0x0000000088c00000| Complete 
| 119|0x0000000088d00000, 0x0000000088e00000, 0x0000000088e00000|100%| E|CS|TAMS 0x0000000088d00000| PB 0x0000000088d00000| Complete 
| 120|0x0000000088e00000, 0x0000000088f00000, 0x0000000088f00000|100%| E|CS|TAMS 0x0000000088e00000| PB 0x0000000088e00000| Complete 
| 121|0x0000000088f00000, 0x0000000089000000, 0x0000000089000000|100%| E|CS|TAMS 0x0000000088f00000| PB 0x0000000088f00000| Complete 
| 122|0x0000000089000000, 0x0000000089100000, 0x0000000089100000|100%| E|CS|TAMS 0x0000000089000000| PB 0x0000000089000000| Complete 
| 123|0x0000000089100000, 0x0000000089200000, 0x0000000089200000|100%| E|CS|TAMS 0x0000000089100000| PB 0x0000000089100000| Complete 
| 124|0x0000000089200000, 0x0000000089300000, 0x0000000089300000|100%| E|CS|TAMS 0x0000000089200000| PB 0x0000000089200000| Complete 
| 125|0x0000000089300000, 0x0000000089400000, 0x0000000089400000|100%| E|CS|TAMS 0x0000000089300000| PB 0x0000000089300000| Complete 
| 126|0x0000000089400000, 0x0000000089500000, 0x0000000089500000|100%| E|CS|TAMS 0x0000000089400000| PB 0x0000000089400000| Complete 
| 127|0x0000000089500000, 0x0000000089600000, 0x0000000089600000|100%| E|CS|TAMS 0x0000000089500000| PB 0x0000000089500000| Complete 

Card table byte_map: [0x00000184d2dd0000,0x00000184d31d0000] _byte_map_base: 0x00000184d29c5000

Marking Bits: (CMBitMap*) 0x00000184c733d6b0
 Bits: [0x00000184d31d0000, 0x00000184d5178000)

Polling page: 0x00000184c6ab0000

Metaspace:

Usage:
  Non-class:     16.96 MB used.
      Class:      2.52 MB used.
       Both:     19.48 MB used.

Virtual space:
  Non-class space:       64.00 MB reserved,      17.12 MB ( 27%) committed,  1 nodes.
      Class space:        1.00 GB reserved,       2.69 MB ( <1%) committed,  1 nodes.
             Both:        1.06 GB reserved,      19.81 MB (  2%) committed. 

Chunk freelists:
   Non-Class:  14.47 MB
       Class:  13.17 MB
        Both:  27.64 MB

MaxMetaspaceSize: unlimited
CompressedClassSpaceSize: 1.00 GB
Initial GC threshold: 21.00 MB
Current GC threshold: 21.00 MB
CDS: on
 - commit_granule_bytes: 65536.
 - commit_granule_words: 8192.
 - virtual_space_node_default_size: 8388608.
 - enlarge_chunks_in_place: 1.
 - use_allocation_guard: 0.


Internal statistics:

num_allocs_failed_limit: 0.
num_arena_births: 334.
num_arena_deaths: 0.
num_vsnodes_births: 2.
num_vsnodes_deaths: 0.
num_space_committed: 317.
num_space_uncommitted: 0.
num_chunks_returned_to_freelist: 0.
num_chunks_taken_from_freelist: 881.
num_chunk_merges: 0.
num_chunk_splits: 638.
num_chunks_enlarged: 496.
num_inconsistent_stats: 0.

CodeCache: size=49152Kb used=6684Kb max_used=6684Kb free=42467Kb
 bounds [0x00000184cf9d0000, 0x00000184d0060000, 0x00000184d29d0000]
 total_blobs=3360 nmethods=2839 adapters=443
 compilation: enabled
              stopped_count=0, restarted_count=0
 full_count=0

Compilation events (20 events):
Event: 12.949 Thread 0x00000184d772e9f0 nmethod 2828 0x00000184d0051510 code [0x00000184d00516e0, 0x00000184d0051810]
Event: 12.949 Thread 0x00000184d772e9f0 2830       1       org.springframework.core.type.AnnotatedTypeMetadata::getAnnotationAttributes (40 bytes)
Event: 12.949 Thread 0x00000184dc802090 nmethod 2829 0x00000184d0051910 code [0x00000184d0051ac0, 0x00000184d0051c40]
Event: 12.949 Thread 0x00000184dc802090 2831       1       org.springframework.core.annotation.MergedAnnotationSelectors::firstDirectlyDeclared (4 bytes)
Event: 12.950 Thread 0x00000184d7543fe0 nmethod 2827 0x00000184d0051d90 code [0x00000184d0051f80, 0x00000184d0052438]
Event: 12.950 Thread 0x00000184dc802090 nmethod 2831 0x00000184d0052610 code [0x00000184d00527a0, 0x00000184d0052850]
Event: 12.950 Thread 0x00000184d7543fe0 2832       1       org.springframework.core.type.classreading.SimpleAnnotationMetadata::getSuperClassName (5 bytes)
Event: 12.950 Thread 0x00000184dc802090 2833       1       org.springframework.boot.autoconfigure.AutoConfigurationMetadataLoader$PropertiesAutoConfigurationMetadata::getSet (23 bytes)
Event: 12.950 Thread 0x00000184d7543fe0 nmethod 2832 0x00000184d0052910 code [0x00000184d0052aa0, 0x00000184d0052b68]
Event: 12.951 Thread 0x00000184d772e9f0 nmethod 2830 0x00000184d0052c10 code [0x00000184d0052e40, 0x00000184d00531d8]
Event: 12.954 Thread 0x00000184dc802090 nmethod 2833 0x00000184d0053410 code [0x00000184d0053720, 0x00000184d0053f38]
Event: 12.956 Thread 0x00000184d772e9f0 2834       1       org.springframework.core.annotation.TypeMappedAnnotation::getValue (151 bytes)
Event: 12.957 Thread 0x00000184d7543fe0 2835       1       org.springframework.core.annotation.MergedAnnotationsCollection::isPresent (136 bytes)
Event: 12.958 Thread 0x00000184dc802090 2836       1       java.lang.ClassLoader::getResource (41 bytes)
Event: 12.958 Thread 0x00000184d772e9f0 nmethod 2834 0x00000184d0054590 code [0x00000184d0054780, 0x00000184d0054a78]
Event: 12.959 Thread 0x00000184d7543fe0 nmethod 2835 0x00000184d0054d10 code [0x00000184d0054f20, 0x00000184d0055348]
Event: 12.959 Thread 0x00000184dc802090 nmethod 2836 0x00000184d0055690 code [0x00000184d0055860, 0x00000184d0055a88]
Event: 12.960 Thread 0x00000184d7543fe0 2837       1       org.springframework.asm.ClassReader::accept (1401 bytes)
Event: 12.965 Thread 0x00000184d772e9f0 2838       1       java.io.ByteArrayOutputStream::<init> (43 bytes)
Event: 12.966 Thread 0x00000184d772e9f0 nmethod 2838 0x00000184d0055c10 code [0x00000184d0055e00, 0x00000184d00561f0]

GC Heap History (6 events):
Event: 1.323 GC heap before
{Heap before GC invocations=0 (full 0):
 garbage-first heap   total 131072K, used 14336K [0x0000000081600000, 0x0000000100000000)
  region size 1024K, 13 young (13312K), 0 survivors (0K)
 Metaspace       used 4006K, committed 4160K, reserved 1114112K
  class space    used 458K, committed 512K, reserved 1048576K
}
Event: 1.435 GC heap after
{Heap after GC invocations=1 (full 0):
 garbage-first heap   total 131072K, used 6092K [0x0000000081600000, 0x0000000100000000)
  region size 1024K, 2 young (2048K), 2 survivors (2048K)
 Metaspace       used 4006K, committed 4160K, reserved 1114112K
  class space    used 458K, committed 512K, reserved 1048576K
}
Event: 6.079 GC heap before
{Heap before GC invocations=1 (full 0):
 garbage-first heap   total 131072K, used 19404K [0x0000000081600000, 0x0000000100000000)
  region size 1024K, 15 young (15360K), 2 survivors (2048K)
 Metaspace       used 8436K, committed 8704K, reserved 1114112K
  class space    used 1030K, committed 1152K, reserved 1048576K
}
Event: 6.112 GC heap after
{Heap after GC invocations=2 (full 0):
 garbage-first heap   total 131072K, used 8183K [0x0000000081600000, 0x0000000100000000)
  region size 1024K, 2 young (2048K), 2 survivors (2048K)
 Metaspace       used 8436K, committed 8704K, reserved 1114112K
  class space    used 1030K, committed 1152K, reserved 1048576K
}
Event: 8.751 GC heap before
{Heap before GC invocations=2 (full 0):
 garbage-first heap   total 131072K, used 25591K [0x0000000081600000, 0x0000000100000000)
  region size 1024K, 20 young (20480K), 2 survivors (2048K)
 Metaspace       used 12846K, committed 13120K, reserved 1114112K
  class space    used 1673K, committed 1792K, reserved 1048576K
}
Event: 8.769 GC heap after
{Heap after GC invocations=3 (full 0):
 garbage-first heap   total 131072K, used 9665K [0x0000000081600000, 0x0000000100000000)
  region size 1024K, 2 young (2048K), 2 survivors (2048K)
 Metaspace       used 12846K, committed 13120K, reserved 1114112K
  class space    used 1673K, committed 1792K, reserved 1048576K
}

Dll operation events (12 events):
Event: 0.020 Loaded shared library C:\Users\wiam\.jdks\corretto-21.0.5\bin\java.dll
Event: 0.447 Loaded shared library C:\Users\wiam\.jdks\corretto-21.0.5\bin\zip.dll
Event: 0.453 Loaded shared library C:\Users\wiam\.jdks\corretto-21.0.5\bin\instrument.dll
Event: 0.463 Loaded shared library C:\Users\wiam\.jdks\corretto-21.0.5\bin\net.dll
Event: 0.468 Loaded shared library C:\Users\wiam\.jdks\corretto-21.0.5\bin\nio.dll
Event: 0.474 Loaded shared library C:\Users\wiam\.jdks\corretto-21.0.5\bin\zip.dll
Event: 0.639 Loaded shared library C:\Program Files\JetBrains\IntelliJ IDEA 2024.1.1\bin\breakgen64.dll
Event: 0.649 Loaded shared library C:\Users\wiam\.jdks\corretto-21.0.5\bin\jimage.dll
Event: 0.659 Loaded shared library C:\Users\wiam\.jdks\corretto-21.0.5\bin\extnet.dll
Event: 0.684 Loaded shared library C:\Users\wiam\.jdks\corretto-21.0.5\bin\management.dll
Event: 0.701 Loaded shared library C:\Users\wiam\.jdks\corretto-21.0.5\bin\management_ext.dll
Event: 10.578 Loaded shared library C:\Users\wiam\.jdks\corretto-21.0.5\bin\sunmscapi.dll

Deoptimization events (0 events):
No events

Classes loaded (20 events):
Event: 10.648 Loading class sun/security/ssl/SunJSSE
Event: 10.649 Loading class sun/security/ssl/SunJSSE done
Event: 10.650 Loading class com/sun/crypto/provider/SunJCE
Event: 10.651 Loading class com/sun/crypto/provider/SunJCE done
Event: 10.665 Loading class sun/security/provider/certpath/ldap/JdkLDAP
Event: 10.666 Loading class sun/security/provider/certpath/ldap/JdkLDAP done
Event: 10.667 Loading class sun/security/provider/certpath/ldap/JdkLDAP$ProviderService
Event: 10.667 Loading class sun/security/provider/certpath/ldap/JdkLDAP$ProviderService done
Event: 10.667 Loading class com/sun/security/sasl/Provider
Event: 10.668 Loading class com/sun/security/sasl/Provider done
Event: 10.668 Loading class com/sun/security/sasl/Provider$1
Event: 10.668 Loading class com/sun/security/sasl/Provider$1 done
Event: 10.669 Loading class com/sun/security/sasl/Provider$ProviderService
Event: 10.669 Loading class com/sun/security/sasl/Provider$ProviderService done
Event: 11.978 Loading class java/lang/Thread$ThreadNumbering
Event: 11.979 Loading class java/lang/Thread$ThreadNumbering done
Event: 12.119 Loading class javax/naming/ldap/LdapContext
Event: 12.138 Loading class javax/naming/directory/DirContext
Event: 12.161 Loading class javax/naming/directory/DirContext done
Event: 12.161 Loading class javax/naming/ldap/LdapContext done

Classes unloaded (0 events):
No events

Classes redefined (0 events):
No events

Internal exceptions (20 events):
Event: 7.845 Thread 0x00000184c72e7b40 Exception <a 'java/lang/NoSuchMethodError'{0x0000000088c62280}: 'java.lang.Object java.lang.invoke.DirectMethodHandle$Holder.invokeStaticInit(java.lang.Object, long, java.lang.Object)'> (0x0000000088c62280) 
thrown [s\src\hotspot\share\interpreter\linkResolver.cpp, line 773]
Event: 7.846 Thread 0x00000184c72e7b40 Exception <a 'java/lang/NoSuchMethodError'{0x0000000088c67b28}: 'java.lang.Object java.lang.invoke.DirectMethodHandle$Holder.newInvokeSpecial(java.lang.Object, long)'> (0x0000000088c67b28) 
thrown [s\src\hotspot\share\interpreter\linkResolver.cpp, line 773]
Event: 7.908 Thread 0x00000184c72e7b40 Exception <a 'java/lang/NoSuchMethodError'{0x0000000088cc4ec0}: 'void java.lang.invoke.DirectMethodHandle$Holder.invokeVirtual(java.lang.Object, java.lang.Object, java.lang.Object, java.lang.Object)'> (0x0000000088cc4ec0) 
thrown [s\src\hotspot\share\interpreter\linkResolver.cpp, line 773]
Event: 8.168 Thread 0x00000184d79887f0 Exception <a 'java/lang/NoClassDefFoundError'{0x0000000088a91560}: jakarta/validation/Validation> (0x0000000088a91560) 
thrown [s\src\hotspot\share\classfile\systemDictionary.cpp, line 301]
Event: 8.245 Thread 0x00000184c72e7b40 Exception <a 'java/lang/NoSuchMethodError'{0x0000000088ad0388}: 'java.lang.reflect.Field[] java.lang.Class.getDeclaredFields(java.lang.Class)'> (0x0000000088ad0388) 
thrown [s\src\hotspot\share\interpreter\linkResolver.cpp, line 773]
Event: 8.247 Thread 0x00000184c72e7b40 Exception <a 'java/lang/NoSuchMethodError'{0x0000000088ad4d08}: 'java.lang.Object java.lang.invoke.DirectMethodHandle$Holder.invokeStatic(java.lang.Object, java.lang.Object, int)'> (0x0000000088ad4d08) 
thrown [s\src\hotspot\share\interpreter\linkResolver.cpp, line 773]
Event: 8.249 Thread 0x00000184c72e7b40 Exception <a 'java/lang/NoSuchMethodError'{0x0000000088adfea8}: 'void java.lang.invoke.DelegatingMethodHandle$Holder.delegate(java.lang.Object, java.lang.Object, int, java.lang.Object)'> (0x0000000088adfea8) 
thrown [s\src\hotspot\share\interpreter\linkResolver.cpp, line 773]
Event: 8.309 Thread 0x00000184c72e7b40 Exception <a 'java/lang/NoSuchMethodError'{0x0000000088852158}: 'void java.lang.invoke.DirectMethodHandle$Holder.invokeVirtual(java.lang.Object, java.lang.Object, int)'> (0x0000000088852158) 
thrown [s\src\hotspot\share\interpreter\linkResolver.cpp, line 773]
Event: 8.311 Thread 0x00000184c72e7b40 Exception <a 'java/lang/NoSuchMethodError'{0x00000000888562c8}: 'int java.lang.invoke.DirectMethodHandle$Holder.invokeSpecial(java.lang.Object, java.lang.Object, java.lang.Object, int)'> (0x00000000888562c8) 
thrown [s\src\hotspot\share\interpreter\linkResolver.cpp, line 773]
Event: 8.315 Thread 0x00000184c72e7b40 Exception <a 'java/lang/NoSuchMethodError'{0x0000000088881e00}: 'java.lang.Object java.lang.invoke.DirectMethodHandle$Holder.invokeStatic(java.lang.Object, java.lang.Object, java.lang.Object, java.lang.Object, int)'> (0x0000000088881e00) 
thrown [s\src\hotspot\share\interpreter\linkResolver.cpp, line 773]
Event: 8.319 Thread 0x00000184c72e7b40 Exception <a 'java/lang/NoSuchMethodError'{0x000000008888cdd0}: 'void java.lang.invoke.DelegatingMethodHandle$Holder.reinvoke_L(java.lang.Object, java.lang.Object, int)'> (0x000000008888cdd0) 
thrown [s\src\hotspot\share\interpreter\linkResolver.cpp, line 773]
Event: 8.335 Thread 0x00000184c72e7b40 Exception <a 'java/lang/IncompatibleClassChangeError'{0x00000000888fbfb0}: Found class java.lang.Object, but interface was expected> (0x00000000888fbfb0) 
thrown [s\src\hotspot\share\interpreter\linkResolver.cpp, line 840]
Event: 9.974 Thread 0x00000184c72e7b40 Exception <a 'java/lang/NoSuchMethodError'{0x000000008864be28}: 'int java.lang.invoke.DirectMethodHandle$Holder.invokeSpecial(java.lang.Object, java.lang.Object, java.lang.Object, java.lang.Object, java.lang.Object)'> (0x000000008864be28) 
thrown [s\src\hotspot\share\interpreter\linkResolver.cpp, line 773]
Event: 9.988 Thread 0x00000184c72e7b40 Exception <a 'java/lang/NoSuchMethodError'{0x0000000088653f48}: 'void java.lang.invoke.DirectMethodHandle$Holder.invokeVirtual(java.lang.Object, java.lang.Object)'> (0x0000000088653f48) 
thrown [s\src\hotspot\share\interpreter\linkResolver.cpp, line 773]
Event: 10.230 Thread 0x00000184d79887f0 Exception <a 'java/lang/NoSuchMethodError'{0x0000000087f8df98}: 'long java.lang.invoke.DirectMethodHandle$Holder.invokeStatic(java.lang.Object, java.lang.Object)'> (0x0000000087f8df98) 
thrown [s\src\hotspot\share\interpreter\linkResolver.cpp, line 773]
Event: 10.231 Thread 0x00000184d79887f0 Exception <a 'java/lang/NoSuchMethodError'{0x0000000087f91090}: 'long java.lang.invoke.DirectMethodHandle$Holder.invokeStaticInit(java.lang.Object, java.lang.Object)'> (0x0000000087f91090) 
thrown [s\src\hotspot\share\interpreter\linkResolver.cpp, line 773]
Event: 10.237 Thread 0x00000184d79887f0 Exception <a 'java/lang/NoSuchMethodError'{0x0000000087f9d5d0}: 'long java.lang.invoke.DirectMethodHandle$Holder.invokeInterface(java.lang.Object, java.lang.Object)'> (0x0000000087f9d5d0) 
thrown [s\src\hotspot\share\interpreter\linkResolver.cpp, line 773]
Event: 10.238 Thread 0x00000184d79887f0 Exception <a 'java/lang/IncompatibleClassChangeError'{0x0000000087fa05f0}: Found class java.lang.Object, but interface was expected> (0x0000000087fa05f0) 
thrown [s\src\hotspot\share\interpreter\linkResolver.cpp, line 840]
Event: 10.262 Thread 0x00000184d79887f0 Exception <a 'java/lang/NoSuchMethodError'{0x0000000087fb8b80}: 'java.lang.Object java.lang.invoke.DirectMethodHandle$Holder.invokeVirtual(java.lang.Object, java.lang.Object, java.lang.Object, java.lang.Object)'> (0x0000000087fb8b80) 
thrown [s\src\hotspot\share\interpreter\linkResolver.cpp, line 773]
Event: 12.586 Thread 0x00000184c72e7b40 Exception <a 'java/lang/IncompatibleClassChangeError'{0x0000000087226708}: Found class java.lang.Object, but interface was expected> (0x0000000087226708) 
thrown [s\src\hotspot\share\interpreter\linkResolver.cpp, line 840]

ZGC Phase Switch (0 events):
No events

VM Operations (20 events):
Event: 7.349 Executing VM operation: Cleanup
Event: 7.349 Executing VM operation: Cleanup done
Event: 8.078 Executing VM operation: HandshakeAllThreads (Deoptimize)
Event: 8.078 Executing VM operation: HandshakeAllThreads (Deoptimize) done
Event: 8.091 Executing VM operation: HandshakeAllThreads (Deoptimize)
Event: 8.091 Executing VM operation: HandshakeAllThreads (Deoptimize) done
Event: 8.750 Executing VM operation: G1CollectForAllocation (G1 Evacuation Pause)
Event: 8.770 Executing VM operation: G1CollectForAllocation (G1 Evacuation Pause) done
Event: 9.541 Executing VM operation: HandshakeAllThreads (Deoptimize)
Event: 9.542 Executing VM operation: HandshakeAllThreads (Deoptimize) done
Event: 9.874 Executing VM operation: HandshakeAllThreads (Deoptimize)
Event: 9.874 Executing VM operation: HandshakeAllThreads (Deoptimize) done
Event: 9.874 Executing VM operation: Cleanup
Event: 9.874 Executing VM operation: Cleanup done
Event: 10.615 Executing VM operation: HandshakeAllThreads (Deoptimize)
Event: 10.615 Executing VM operation: HandshakeAllThreads (Deoptimize) done
Event: 11.618 Executing VM operation: Cleanup
Event: 11.618 Executing VM operation: Cleanup done
Event: 12.622 Executing VM operation: Cleanup
Event: 12.623 Executing VM operation: Cleanup done

Memory protections (0 events):
No events

Nmethod flushes (0 events):
No events

Events (20 events):
Event: 0.042 Thread 0x00000184c72e7b40 Thread added: 0x00000184c72e7b40
Event: 0.076 Thread 0x00000184c72e7b40 Thread added: 0x00000184d75377f0
Event: 0.076 Thread 0x00000184c72e7b40 Thread added: 0x00000184d753a7c0
Event: 0.077 Thread 0x00000184c72e7b40 Thread added: 0x00000184d753c100
Event: 0.077 Thread 0x00000184c72e7b40 Thread added: 0x00000184d753de70
Event: 0.077 Thread 0x00000184c72e7b40 Thread added: 0x00000184d753ea70
Event: 0.077 Thread 0x00000184c72e7b40 Thread added: 0x00000184d753f720
Event: 0.077 Thread 0x00000184c72e7b40 Thread added: 0x00000184d7543fe0
Event: 0.403 Thread 0x00000184c72e7b40 Thread added: 0x00000184d76d6a10
Event: 0.417 Thread 0x00000184d7543fe0 Thread added: 0x00000184d772e9f0
Event: 0.640 Thread 0x00000184c72e7b40 Thread added: 0x00000184d7a9d190
Event: 0.640 Thread 0x00000184c72e7b40 Thread added: 0x00000184d7a9de00
Event: 0.887 Thread 0x00000184d7543fe0 Thread added: 0x00000184dc14f4e0
Event: 2.053 Thread 0x00000184c72e7b40 Thread added: 0x00000184dc312d10
Event: 3.500 Thread 0x00000184dc14f4e0 Thread exited: 0x00000184dc14f4e0
Event: 8.122 Thread 0x00000184c72e7b40 Thread added: 0x00000184d79887f0
Event: 9.251 Thread 0x00000184d772e9f0 Thread added: 0x00000184dc802090
Event: 10.695 Thread 0x00000184d79887f0 Thread exited: 0x00000184d79887f0
Event: 11.979 Thread 0x00000184c72e7b40 Thread added: 0x00000184dcab9c50
Event: 12.320 Thread 0x00000184dcab9c50 Thread exited: 0x00000184dcab9c50


Dynamic libraries:
0x00007ff676680000 - 0x00007ff67668e000 	C:\Users\wiam\.jdks\corretto-21.0.5\bin\java.exe
0x00007ffb1fb20000 - 0x00007ffb1fd29000 	C:\Windows\SYSTEM32\ntdll.dll
0x00007ffb1f1b0000 - 0x00007ffb1f26d000 	C:\Windows\System32\KERNEL32.DLL
0x00007ffb1d3b0000 - 0x00007ffb1d734000 	C:\Windows\System32\KERNELBASE.dll
0x00007ffb1d740000 - 0x00007ffb1d851000 	C:\Windows\System32\ucrtbase.dll
0x00007ffb0ea40000 - 0x00007ffb0ea58000 	C:\Users\wiam\.jdks\corretto-21.0.5\bin\jli.dll
0x00007ffb0ea20000 - 0x00007ffb0ea3b000 	C:\Users\wiam\.jdks\corretto-21.0.5\bin\VCRUNTIME140.dll
0x00007ffb1e420000 - 0x00007ffb1e5cd000 	C:\Windows\System32\USER32.dll
0x00007ffb1cfb0000 - 0x00007ffb1cfd6000 	C:\Windows\System32\win32u.dll
0x00007ffb081e0000 - 0x00007ffb08485000 	C:\Windows\WinSxS\amd64_microsoft.windows.common-controls_6595b64144ccf1df_6.0.22000.120_none_9d947278b86cc467\COMCTL32.dll
0x00007ffb1f340000 - 0x00007ffb1f36a000 	C:\Windows\System32\GDI32.dll
0x00007ffb1cfe0000 - 0x00007ffb1d0fe000 	C:\Windows\System32\gdi32full.dll
0x00007ffb1daa0000 - 0x00007ffb1db43000 	C:\Windows\System32\msvcrt.dll
0x00007ffb1d860000 - 0x00007ffb1d8fd000 	C:\Windows\System32\msvcp_win.dll
0x00007ffb1d970000 - 0x00007ffb1d9a1000 	C:\Windows\System32\IMM32.DLL
0x00007ffb1a260000 - 0x00007ffb1a26c000 	C:\Users\wiam\.jdks\corretto-21.0.5\bin\vcruntime140_1.dll
0x00007ffb0d870000 - 0x00007ffb0d8fd000 	C:\Users\wiam\.jdks\corretto-21.0.5\bin\msvcp140.dll
0x00007ffadb550000 - 0x00007ffadc2ed000 	C:\Users\wiam\.jdks\corretto-21.0.5\bin\server\jvm.dll
0x00007ffb1f3f0000 - 0x00007ffb1f49e000 	C:\Windows\System32\ADVAPI32.dll
0x00007ffb1f100000 - 0x00007ffb1f19e000 	C:\Windows\System32\sechost.dll
0x00007ffb1e5d0000 - 0x00007ffb1e6f1000 	C:\Windows\System32\RPCRT4.dll
0x00007ffb1fa70000 - 0x00007ffb1fadf000 	C:\Windows\System32\WS2_32.dll
0x00007ffb1cce0000 - 0x00007ffb1cd2d000 	C:\Windows\SYSTEM32\POWRPROF.dll
0x00007ffb17f40000 - 0x00007ffb17f73000 	C:\Windows\SYSTEM32\WINMM.dll
0x00007ffb10eb0000 - 0x00007ffb10eba000 	C:\Windows\SYSTEM32\VERSION.dll
0x00007ffb1ccc0000 - 0x00007ffb1ccd3000 	C:\Windows\SYSTEM32\UMPDC.dll
0x00007ffb1bfe0000 - 0x00007ffb1bff8000 	C:\Windows\SYSTEM32\kernel.appcore.dll
0x00007ffb19660000 - 0x00007ffb1966a000 	C:\Users\wiam\.jdks\corretto-21.0.5\bin\jimage.dll
0x00007ffb054b0000 - 0x00007ffb056d1000 	C:\Windows\SYSTEM32\DBGHELP.DLL
0x00007ffb02c00000 - 0x00007ffb02c31000 	C:\Windows\SYSTEM32\dbgcore.DLL
0x00007ffb1d270000 - 0x00007ffb1d2ef000 	C:\Windows\System32\bcryptPrimitives.dll
0x00007ffb18de0000 - 0x00007ffb18dee000 	C:\Users\wiam\.jdks\corretto-21.0.5\bin\instrument.dll
0x00007ffb0ba30000 - 0x00007ffb0ba4f000 	C:\Users\wiam\.jdks\corretto-21.0.5\bin\java.dll
0x00007ffb1e860000 - 0x00007ffb1f025000 	C:\Windows\System32\SHELL32.dll
0x00007ffb1b040000 - 0x00007ffb1b8a2000 	C:\Windows\SYSTEM32\windows.storage.dll
0x00007ffb1f650000 - 0x00007ffb1f9c6000 	C:\Windows\System32\combase.dll
0x00007ffb1aed0000 - 0x00007ffb1b037000 	C:\Windows\SYSTEM32\wintypes.dll
0x00007ffb1dcf0000 - 0x00007ffb1ddda000 	C:\Windows\System32\SHCORE.dll
0x00007ffb1f2d0000 - 0x00007ffb1f32d000 	C:\Windows\System32\shlwapi.dll
0x00007ffb1cee0000 - 0x00007ffb1cf05000 	C:\Windows\SYSTEM32\profapi.dll
0x00007ffb068c0000 - 0x00007ffb068d8000 	C:\Users\wiam\.jdks\corretto-21.0.5\bin\zip.dll
0x00007ffb0f810000 - 0x00007ffb0f820000 	C:\Users\wiam\.jdks\corretto-21.0.5\bin\net.dll
0x00007ffb167d0000 - 0x00007ffb168e4000 	C:\Windows\SYSTEM32\WINHTTP.dll
0x00007ffb1c480000 - 0x00007ffb1c4e7000 	C:\Windows\system32\mswsock.dll
0x00007ffb09a30000 - 0x00007ffb09a46000 	C:\Users\wiam\.jdks\corretto-21.0.5\bin\nio.dll
0x00007ffb068a0000 - 0x00007ffb068ba000 	C:\Program Files\JetBrains\IntelliJ IDEA 2024.1.1\bin\breakgen64.dll
0x00007ffb0ea10000 - 0x00007ffb0ea19000 	C:\Users\wiam\.jdks\corretto-21.0.5\bin\extnet.dll
0x00007ffb1bb20000 - 0x00007ffb1bc07000 	C:\Windows\SYSTEM32\DNSAPI.dll
0x00007ffb1baf0000 - 0x00007ffb1bb1d000 	C:\Windows\SYSTEM32\IPHLPAPI.DLL
0x00007ffb1f1a0000 - 0x00007ffb1f1a9000 	C:\Windows\System32\NSI.dll
0x00007ffb08180000 - 0x00007ffb0818a000 	C:\Windows\System32\rasadhlp.dll
0x00007ffb116d0000 - 0x00007ffb11751000 	C:\Windows\System32\fwpuclnt.dll
0x00007ffb0baa0000 - 0x00007ffb0baa9000 	C:\Users\wiam\.jdks\corretto-21.0.5\bin\management.dll
0x00007ffb0b9c0000 - 0x00007ffb0b9cb000 	C:\Users\wiam\.jdks\corretto-21.0.5\bin\management_ext.dll
0x00007ffb1f3e0000 - 0x00007ffb1f3e8000 	C:\Windows\System32\PSAPI.DLL
0x00007ffb1c750000 - 0x00007ffb1c768000 	C:\Windows\SYSTEM32\CRYPTSP.dll
0x00007ffb1bf40000 - 0x00007ffb1bf75000 	C:\Windows\system32\rsaenh.dll
0x00007ffb1c520000 - 0x00007ffb1c54c000 	C:\Windows\SYSTEM32\USERENV.dll
0x00007ffb1c900000 - 0x00007ffb1c927000 	C:\Windows\SYSTEM32\bcrypt.dll
0x00007ffb1c670000 - 0x00007ffb1c67c000 	C:\Windows\SYSTEM32\CRYPTBASE.dll
0x00007ffb00e10000 - 0x00007ffb00e27000 	C:\Windows\system32\napinsp.dll
0x00007ffb00df0000 - 0x00007ffb00e0b000 	C:\Windows\system32\pnrpnsp.dll
0x00007ffb00dd0000 - 0x00007ffb00de2000 	C:\Windows\System32\winrnr.dll
0x00007ffb14e00000 - 0x00007ffb14e15000 	C:\Windows\system32\wshbth.dll
0x00007ffb00db0000 - 0x00007ffb00dcf000 	C:\Windows\system32\nlansp_c.dll
0x00007ffb06890000 - 0x00007ffb0689e000 	C:\Users\wiam\.jdks\corretto-21.0.5\bin\sunmscapi.dll
0x00007ffb1d100000 - 0x00007ffb1d262000 	C:\Windows\System32\CRYPT32.dll
0x00007ffb1c8d0000 - 0x00007ffb1c8f8000 	C:\Windows\SYSTEM32\ncrypt.dll
0x00007ffb1c890000 - 0x00007ffb1c8c7000 	C:\Windows\SYSTEM32\NTASN1.dll

dbghelp: loaded successfully - version: 4.0.5 - missing functions: none
symbol engine: initialized successfully - sym options: 0x614 - pdb path: .;C:\Users\wiam\.jdks\corretto-21.0.5\bin;C:\Windows\SYSTEM32;C:\Windows\WinSxS\amd64_microsoft.windows.common-controls_6595b64144ccf1df_6.0.22000.120_none_9d947278b86cc467;C:\Users\wiam\.jdks\corretto-21.0.5\bin\server;C:\Program Files\JetBrains\IntelliJ IDEA 2024.1.1\bin

VM Arguments:
jvm_args: --enable-preview -XX:TieredStopAtLevel=1 -Dspring.output.ansi.enabled=always -Dcom.sun.management.jmxremote -Dspring.jmx.enabled=true -Dspring.liveBeansView.mbeanDomain -Dspring.application.admin.enabled=true -Dmanagement.endpoints.jmx.exposure.include=* -javaagent:C:\Program Files\JetBrains\IntelliJ IDEA 2024.1.1\lib\idea_rt.jar=61306:C:\Program Files\JetBrains\IntelliJ IDEA 2024.1.1\bin -Dfile.encoding=UTF-8 -Dsun.stdout.encoding=UTF-8 -Dsun.stderr.encoding=UTF-8 
java_command: com.PhD_UAE.PhD.PhDApplication
java_class_path (initial): C:\Users\wiam\Downloads\test\Phd_back\target\classes;C:\Users\wiam\.m2\repository\org\springframework\boot\spring-boot-starter-data-jpa\3.3.4\spring-boot-starter-data-jpa-3.3.4.jar;C:\Users\wiam\.m2\repository\org\springframework\boot\spring-boot-starter-aop\3.3.4\spring-boot-starter-aop-3.3.4.jar;C:\Users\wiam\.m2\repository\org\aspectj\aspectjweaver\1.9.22.1\aspectjweaver-1.9.22.1.jar;C:\Users\wiam\.m2\repository\org\springframework\boot\spring-boot-starter-jdbc\3.3.4\spring-boot-starter-jdbc-3.3.4.jar;C:\Users\wiam\.m2\repository\com\zaxxer\HikariCP\5.1.0\HikariCP-5.1.0.jar;C:\Users\wiam\.m2\repository\org\springframework\spring-jdbc\6.1.13\spring-jdbc-6.1.13.jar;C:\Users\wiam\.m2\repository\org\hibernate\orm\hibernate-core\6.5.3.Final\hibernate-core-6.5.3.Final.jar;C:\Users\wiam\.m2\repository\jakarta\persistence\jakarta.persistence-api\3.1.0\jakarta.persistence-api-3.1.0.jar;C:\Users\wiam\.m2\repository\jakarta\transaction\jakarta.transaction-api\2.0.1\jakarta.transaction-api-2.0.1.jar;C:\Users\wiam\.m2\repository\org\jboss\logging\jboss-logging\3.5.3.Final\jboss-logging-3.5.3.Final.jar;C:\Users\wiam\.m2\repository\org\hibernate\common\hibernate-commons-annotations\6.0.6.Final\hibernate-commons-annotations-6.0.6.Final.jar;C:\Users\wiam\.m2\repository\io\smallrye\jandex\3.1.2\jandex-3.1.2.jar;C:\Users\wiam\.m2\repository\com\fasterxml\classmate\1.7.0\classmate-1.7.0.jar;C:\Users\wiam\.m2\repository\net\bytebuddy\byte-buddy\1.14.19\byte-buddy-1.14.19.jar;C:\Users\wiam\.m2\repository\org\glassfish\jaxb\jaxb-runtime\4.0.5\jaxb-runtime-4.0.5.jar;C:\Users\wiam\.m2\repository\org\glassfish\jaxb\jaxb-core\4.0.5\jaxb-core-4.0.5.jar;C:\Users\wiam\.m2\repository\org\eclipse\angus\angus-activation\2.0.2\angus-activation-2.0.2.jar;C:\Users\wiam\.m2\repository\org\glassfish\jaxb\txw2\4.0.5\txw2-4.0.5.jar;C:\Users\wiam\.m2\repository\com\sun\istack\istack-commons-runtime\4.1.2\istack-commons-runtime-4.1.2.jar;C:\Users\wiam\.m2\repository\jakarta\inject\jakarta.inject-api\2.0.1\jakarta.inject-api-2.0.1.jar;C:\Users\wiam\.m2\repository\org\antlr\antlr4-runtime\4.13.0\antlr4-runtime-4.13.0.jar;C:\Users\wiam\.m2\repository\org\springframework\data\spring-data-jpa\3.3.4\spring-data-jpa-3.3.4.jar;C:\Users\wiam\.m2\repository\org\springframework\data\spring-data-commons\3.3.4\spring-data-commons-3.3.4.jar;C:\Users\wiam\.m2\repository\org\springframework\spring-orm\6.1.13\spring-orm-6.1.13.jar;C:\Users\wiam\.m2\repository\org\springframework\spring-context\6.1.13\spring-context-6.1.13.jar;C:\Users\wiam\.m2\repository\org\springframework\spring-tx\6.1.13\spring-tx-6.1.13.jar;C:\Users\wiam\.m2\repository\org\springframework\spring-beans\6.1.13\spring-beans-6.1.13.jar;C:\Users\wiam\.m2\repository\jakarta\annotation\jakarta.annotation-api\2.1.1\jakarta.annotation-api-2.1.1.jar;C:\Users\wiam\.m2\repository\org\slf4j\slf4j-api\2.0.16\slf4j-api-2.0.16.jar;C:\Users\wiam\.m2\repository\org\springframework\spring-aspects\6.1.13\spring-aspects-6.1.13.jar;C:\Users\wiam\.m2\repository\org\springframework\boot\spring-boot-starter-web\3.3.4\spring-boot-starter-web-3.3.4.jar;C:\Users\wiam\.m2\repository\org\springframework\boot\spring-boot-starter\3.3.4\spring-boot-starter-3.3.4.jar;C:\Users\wiam\.m2\repository\org\springframework\boot\spring-boot\3.3.4\spring-boot-3.3.4.jar;C:\Users\wiam\.m2\repository\org\springframework\boot\spring-boot-autoconfigure\3.3.4\spring-boot-autoconfigure-3.3.4.jar;C:\Users\wiam\.m2\repository\org\springframework\boot\spring-boot-starter-logging\3.3.4\spring-boot-starter-logging-3.3.4.jar;C:\Users\wiam\.m2\repository\ch\qos\logback\logback-classic\1.5.8\logback-classic-1.5.8.jar;C:\Users\wiam\.m2\repository\ch\qos\logback\logback-core\1.5.8\logback-core-1.5.8.jar;C:\Users\wiam\.m2\repository\org\apache\logging\log4j\log4j-to-slf4j\2.23.1\log4j-to-slf4j-2.23.1.jar;C:\Users\wiam\.m2\repository\org\apache\logging\log4j\log4j-api\2.23.1\log4j-api-2.23.1.jar;C:\Users\wiam\.m2\repository\org\slf4j\jul-to-slf4j\2.0.16\jul-to-slf4j-2.0.16.jar;C:\Users\wiam\.m2\repository\org\yaml\snakeyaml\2.2\snakeyaml-2.2.jar;C:\Users\wiam\.m2\repository\org\springframework\boot\spring-boot-starter-json\3.3.4\spring-boot-starter-json-3.3.4.jar;C:\Users\wiam\.m2\repository\com\fasterxml\jackson\core\jackson-databind\2.17.2\jackson-databind-2.17.2.jar;C:\Users\wiam\.m2\repository\com\fasterxml\jackson\core\jackson-annotations\2.17.2\jackson-annotations-2.17.2.jar;C:\Users\wiam\.m2\repository\com\fasterxml\jackson\core\jackson-core\2.17.2\jackson-core-2.17.2.jar;C:\Users\wiam\.m2\repository\com\fasterxml\jackson\datatype\jackson-datatype-jdk8\2.17.2\jackson-datatype-jdk8-2.17.2.jar;C:\Users\wiam\.m2\repository\com\fasterxml\jackson\datatype\jackson-datatype-jsr310\2.17.2\jackson-datatype-jsr310-2.17.2.jar;C:\Users\wiam\.m2\repository\com\fasterxml\jackson\module\jackson-module-parameter-names\2.17.2\jackson-module-parameter-names-2.17.2.jar;C:\Users\wiam\.m2\repository\org\springframework\boot\spring-boot-starter-tomcat\3.3.4\spring-boot-starter-tomcat-3.3.4.jar;C:\Users\wiam\.m2\repository\org\apache\tomcat\embed\tomcat-embed-core\10.1.30\tomcat-embed-core-10.1.30.jar;C:\Users\wiam\.m2\repository\org\apache\tomcat\embed\tomcat-embed-el\10.1.30\tomcat-embed-el-10.1.30.jar;C:\Users\wiam\.m2\repository\org\apache\tomcat\embed\tomcat-embed-websocket\10.1.30\tomcat-embed-websocket-10.1.30.jar;C:\Users\wiam\.m2\repository\org\springframework\spring-web\6.1.13\spring-web-6.1.13.jar;C:\Users\wiam\.m2\repository\io\micrometer\micrometer-observation\1.13.4\micrometer-observation-1.13.4.jar;C:\Users\wiam\.m2\repository\io\micrometer\micrometer-commons\1.13.4\micrometer-commons-1.13.4.jar;C:\Users\wiam\.m2\repository\org\springframework\spring-webmvc\6.1.13\spring-webmvc-6.1.13.jar;C:\Users\wiam\.m2\repository\org\springframework\spring-expression\6.1.13\spring-expression-6.1.13.jar;C:\Users\wiam\.m2\repository\com\mysql\mysql-connector-j\8.3.0\mysql-connector-j-8.3.0.jar;C:\Users\wiam\.m2\repository\org\projectlombok\lombok\1.18.34\lombok-1.18.34.jar;C:\Users\wiam\.m2\repository\jakarta\xml\bind\jakarta.xml.bind-api\4.0.2\jakarta.xml.bind-api-4.0.2.jar;C:\Users\wiam\.m2\repository\jakarta\activation\jakarta.activation-api\2.1.3\jakarta.activation-api-2.1.3.jar;C:\Users\wiam\.m2\repository\org\springframework\spring-core\6.1.13\spring-core-6.1.13.jar;C:\Users\wiam\.m2\repository\org\springframework\spring-jcl\6.1.13\spring-jcl-6.1.13.jar;C:\Users\wiam\.m2\repository\org\springframework\boot\spring-boot-starter-security\3.3.4\spring-boot-starter-security-3.3.4.jar;C:\Users\wiam\.m2\repository\org\springframework\spring-aop\6.1.13\spring-aop-6.1.13.jar;C:\Users\wiam\.m2\repository\org\springframework\security\spring-security-config\6.3.3\spring-security-config-6.3.3.jar;C:\Users\wiam\.m2\repository\org\springframework\security\spring-security-core\6.3.3\spring-security-core-6.3.3.jar;C:\Users\wiam\.m2\repository\org\springframework\security\spring-security-crypto\6.3.3\spring-security-crypto-6.3.3.jar;C:\Users\wiam\.m2\repository\org\springframework\security\spring-security-web\6.3.3\spring-security-web-6.3.3.jar
Launcher Type: SUN_STANDARD

[Global flags]
     intx CICompilerCount                          = 3                                         {product} {ergonomic}
     uint ConcGCThreads                            = 1                                         {product} {ergonomic}
     uint G1ConcRefinementThreads                  = 4                                         {product} {ergonomic}
   size_t G1HeapRegionSize                         = 1048576                                   {product} {ergonomic}
    uintx GCDrainStackTargetSize                   = 64                                        {product} {ergonomic}
   size_t InitialHeapSize                          = 134217728                                 {product} {ergonomic}
     bool ManagementServer                         = true                                      {product} {command line}
   size_t MarkStackSize                            = 4194304                                   {product} {ergonomic}
   size_t MaxHeapSize                              = 2124414976                                {product} {ergonomic}
   size_t MaxNewSize                               = 1274019840                                {product} {ergonomic}
   size_t MinHeapDeltaBytes                        = 1048576                                   {product} {ergonomic}
   size_t MinHeapSize                              = 8388608                                   {product} {ergonomic}
    uintx NonNMethodCodeHeapSize                   = 4096                                   {pd product} {ergonomic}
    uintx NonProfiledCodeHeapSize                  = 0                                      {pd product} {ergonomic}
     bool ProfileInterpreter                       = false                                  {pd product} {command line}
    uintx ProfiledCodeHeapSize                     = 0                                      {pd product} {ergonomic}
   size_t SoftMaxHeapSize                          = 2124414976                             {manageable} {ergonomic}
     intx TieredStopAtLevel                        = 1                                         {product} {command line}
     bool UseCompressedOops                        = true                           {product lp64_product} {ergonomic}
     bool UseG1GC                                  = true                                      {product} {ergonomic}
     bool UseLargePagesIndividualAllocation        = false                                  {pd product} {ergonomic}

Logging:
Log output configuration:
 #0: stdout all=warning uptime,level,tags foldmultilines=false
 #1: stderr all=off uptime,level,tags foldmultilines=false

Environment Variables:
PATH=C:\Program Files\Java\jdk-17;C:\Program Files\Common Files\Oracle\Java\javapath;C:\Program Files\Java\jdk1.8.0_202\bin;C:\Program Files\Java\jdk1.8.0_202;C:\Program Files (x86)\Common Files\Oracle\Java\javapath;C:\oraclexe\app\oracle\product\11.2.0\server\bin;C:\oraclexe\app\oracle\product\11.2.0\server\bin;C:\Windows\system32;C:\Windows;C:\Windows\System32\Wbem;C:\Windows\System32\WindowsPowerShell\v1.0\;C:\Windows\System32\OpenSSH\;C:\Program Files\mongosh\mongosh-1.10.6-win32-x64\bin;C:\Program Files\MySQL\MySQL Server 8.0\bin;C:\xampp\php;C:\Program Files\Git\cmd;C:\xampp2\php;C:\composer;C:\Program Files\Microsoft SQL Server\150\Tools\Binn\;C:\Users\wiam\Downloads\apache-maven-3.9.8-bin\apache-maven-3.9.8\bin;C:\Program Files\PostgreSQL\16\pgAdmin 4;C:\Users\wiam\AppData\Roaming\Microsoft\Windows\Start Menu\Programs\Python 3.12;C:\Program Files\Docker\Docker\resources\bin;C:\Users\wiam\AppData\Roaming\nvm;C:\Program Files\nodejs;C:\Users\wiam\AppData\Local\Programs\Python\Python312\Scripts\;C:\Users\wiam\AppData\Local\Programs\Python\Python312\;C:\Program Files\MySQL\MySQL Workbench 8.0;C:\mysql;C:\Program Files\Java\jdk-17;C:\xamppff\php;C:\Users\wiam\AppData\Local\Programs\Python\Python311\Scripts\;C:\Users\wiam\AppData\Local\Programs\Python\Python311\;C:\Users\wiam\AppData\Local\Microsoft\WindowsApps;C:\Users\wiam\AppData\Local\Programs\Microsoft VS Code\bin;C:\Program Files (x86)\GnuWin32\bin;C:\MinGW\bin;C:\MinGW\msys\1.0\bin;C:\Program Files (x86)\GnuWin32\bin;C:\Program Files\JetBrains\IntelliJ IDEA 2023.2.5\bin;C:\Users\wiam\AppData\Local\JetBrains\Toolbox\scripts;C:\Users\wiam\AppData\Local\ComposerSetup\bin;C:\Users\wiam\AppData\Roaming\Composer\vendor\bin;C:\Program Files\Java\jdk-1.8;C:\xampp\htdocs;C:\Program Files\JetBrains\IntelliJ IDEA 2024.1.1\bin;;C:\Program Files\heroku\bin;C:\Program Files\MySQL;C:\Users\wiam\AppData\Roaming\npm;C:\Users\wiam\AppData\Roaming\nvm;C:\Program Files\nodejs
USERNAME=wiam
OS=Windows_NT
PROCESSOR_IDENTIFIER=Intel64 Family 6 Model 69 Stepping 1, GenuineIntel
TMP=C:\Users\wiam\AppData\Local\Temp
TEMP=C:\Users\wiam\AppData\Local\Temp




Periodic native trim disabled

---------------  S Y S T E M  ---------------

OS:
 Windows 11 , 64 bit Build 22000 (10.0.22000.2538)
OS uptime: 2 days 16:27 hours
Hyper-V role detected

CPU: total 4 (initial active 4) (2 cores per cpu, 2 threads per core) family 6 model 69 stepping 1 microcode 0x26, cx8, cmov, fxsr, ht, mmx, sse, sse2, sse3, ssse3, sse4.1, sse4.2, popcnt, lzcnt, tsc, tscinvbit, avx, avx2, aes, erms, clmul, bmi1, bmi2, fma, vzeroupper, clflush, hv, rdtscp, f16c
Processor Information for all 4 processors :
  Max Mhz: 2301, Current Mhz: 1000, Mhz Limit: 989

Memory: 4k page, system-wide physical 8097M (791M free)
TotalPageFile size 11913M (AvailPageFile size 4M)
current process WorkingSet (physical memory assigned to process): 122M, peak: 122M
current process commit charge ("private bytes"): 235M, peak: 235M

vm_info: OpenJDK 64-Bit Server VM (21.0.5+11-LTS) for windows-amd64 JRE (21.0.5+11-LTS), built on 2024-10-11T20:58:34Z by "Administrator" with MS VC++ 16.10 / 16.11 (VS2019)

END.
