#
# There is insufficient memory for the Java Runtime Environment to continue.
# Native memory allocation (mmap) failed to map 12582912 bytes for G1 virtual space
# Possible reasons:
#   The system is out of physical RAM or swap space
#   The process is running with CompressedOops enabled, and the Java Heap may be blocking the growth of the native heap
# Possible solutions:
#   Reduce memory load on the system
#   Increase physical memory or swap space
#   Check if swap backing store is full
#   Decrease Java heap size (-Xmx/-Xms)
#   Decrease number of Java threads
#   Decrease Java thread stack sizes (-Xss)
#   Set larger code cache with -XX:ReservedCodeCacheSize=
#   JVM is running with Unscaled Compressed Oops mode in which the Java heap is
#     placed in the first 4GB address space. The Java Heap base address is the
#     maximum limit for the native heap growth. Please use -XX:HeapBaseMinAddress
#     to set the Java Heap base and to place the Java Heap above 4GB virtual address.
# This output file may be truncated or incomplete.
#
#  Out of Memory Error (os_windows.cpp:3600), pid=22584, tid=18828
#
# JRE version: Java(TM) SE Runtime Environment (21.0.2+13) (build 21.0.2+13-LTS-58)
# Java VM: Java HotSpot(TM) 64-Bit Server VM (21.0.2+13-LTS-58, mixed mode, emulated-client, sharing, tiered, compressed oops, compressed class ptrs, g1 gc, windows-amd64)
# No core dump will be written. Minidumps are not enabled by default on client versions of Windows
#

---------------  S U M M A R Y ------------

Command Line: --enable-preview -XX:TieredStopAtLevel=1 -Dspring.output.ansi.enabled=always -Dcom.sun.management.jmxremote -Dspring.jmx.enabled=true -Dspring.liveBeansView.mbeanDomain -Dspring.application.admin.enabled=true -Dmanagement.endpoints.jmx.exposure.include=* -javaagent:D:\Program Files\IntelliJ IDEA 2024.2.3\lib\idea_rt.jar=49806:D:\Program Files\IntelliJ IDEA 2024.2.3\bin -Dfile.encoding=UTF-8 -Dsun.stdout.encoding=UTF-8 -Dsun.stderr.encoding=UTF-8 com.PhD_UAE.PhD.PhDApplication

Host: Intel(R) Core(TM) i5-8250U CPU @ 1.60GHz, 8 cores, 7G,  Windows 10 , 64 bit Build 19041 (10.0.19041.4957)
Time: Sun Oct 27 15:25:33 2024 Maroc (heure d64 bit Build 19041 (10.0.19041.4957) elapsed time: 97.368555 seconds (0d 0h 1m 37s)

---------------  T H R E A D  ---------------

Current thread (0x000002ac9190cf00):  VMThread "VM Thread"          [id=18828, stack(0x000000eefc700000,0x000000eefc800000) (1024K)]

Stack: [0x000000eefc700000,0x000000eefc800000]
Native frames: (J=compiled Java code, j=interpreted, Vv=VM code, C=native code)
V  [jvm.dll+0x6cade9]
V  [jvm.dll+0x8569c1]
V  [jvm.dll+0x858d2e]
V  [jvm.dll+0x859413]
V  [jvm.dll+0x280e56]
V  [jvm.dll+0x6c74d5]
V  [jvm.dll+0x6bbeca]
V  [jvm.dll+0x355bca]
V  [jvm.dll+0x35d816]
V  [jvm.dll+0x3ae67e]
V  [jvm.dll+0x3ae928]
V  [jvm.dll+0x3295dc]
V  [jvm.dll+0x329667]
V  [jvm.dll+0x36df1c]
V  [jvm.dll+0x36c71d]
V  [jvm.dll+0x328d51]
V  [jvm.dll+0x36be2a]
V  [jvm.dll+0x85ef18]
V  [jvm.dll+0x860014]
V  [jvm.dll+0x860550]
V  [jvm.dll+0x8607f3]
V  [jvm.dll+0x7ff568]
V  [jvm.dll+0x6c953d]
C  [ucrtbase.dll+0x21bb2]
C  [KERNEL32.DLL+0x17374]
C  [ntdll.dll+0x4cc91]

VM_Operation (0x000000eefe8f7040): G1CollectForAllocation, mode: safepoint, requested by thread 0x000002acd8f85140


---------------  P R O C E S S  ---------------

Threads class SMR info:
_java_thread_list=0x000002acd9d6ade0, length=30, elements={
0x000002ac9192cf70, 0x000002ac9192de90, 0x000002ac91935830, 0x000002ac91937500,
0x000002ac91937f60, 0x000002ac919389c0, 0x000002ac9193c920, 0x000002ac918f78b0,
0x000002acd70e1770, 0x000002acd70e4560, 0x000002acd7236b00, 0x000002acd776f570,
0x000002acd8846ca0, 0x000002acd88a0ea0, 0x000002acd896d1b0, 0x000002acd88da390,
0x000002acd8f83700, 0x000002acd8f85140, 0x000002acd8f83d90, 0x000002acd8f84420,
0x000002acd8f84ab0, 0x000002acd8f857d0, 0x000002acd9dfa200, 0x000002acd9df8130,
0x000002acd9dfbc40, 0x000002acd9dfaf20, 0x000002acd9df9b70, 0x000002acd9df6d80,
0x000002acd9dfc2d0, 0x000002acd9df8e50
}

Java Threads: ( => current thread )
  0x000002ac9192cf70 JavaThread "Reference Handler"          daemon [_thread_blocked, id=25356, stack(0x000000eefc800000,0x000000eefc900000) (1024K)]
  0x000002ac9192de90 JavaThread "Finalizer"                  daemon [_thread_blocked, id=12704, stack(0x000000eefc900000,0x000000eefca00000) (1024K)]
  0x000002ac91935830 JavaThread "Signal Dispatcher"          daemon [_thread_blocked, id=19952, stack(0x000000eefca00000,0x000000eefcb00000) (1024K)]
  0x000002ac91937500 JavaThread "Attach Listener"            daemon [_thread_blocked, id=23216, stack(0x000000eefcb00000,0x000000eefcc00000) (1024K)]
  0x000002ac91937f60 JavaThread "Service Thread"             daemon [_thread_blocked, id=12708, stack(0x000000eefcc00000,0x000000eefcd00000) (1024K)]
  0x000002ac919389c0 JavaThread "Monitor Deflation Thread"   daemon [_thread_blocked, id=1652, stack(0x000000eefcd00000,0x000000eefce00000) (1024K)]
  0x000002ac9193c920 JavaThread "C1 CompilerThread0"         daemon [_thread_blocked, id=25320, stack(0x000000eefce00000,0x000000eefcf00000) (1024K)]
  0x000002ac918f78b0 JavaThread "Common-Cleaner"             daemon [_thread_blocked, id=9328, stack(0x000000eefcf00000,0x000000eefd000000) (1024K)]
  0x000002acd70e1770 JavaThread "Monitor Ctrl-Break"         daemon [_thread_in_native, id=25492, stack(0x000000eefd100000,0x000000eefd200000) (1024K)]
  0x000002acd70e4560 JavaThread "Notification Thread"        daemon [_thread_blocked, id=25196, stack(0x000000eefd200000,0x000000eefd300000) (1024K)]
  0x000002acd7236b00 JavaThread "RMI TCP Accept-0"           daemon [_thread_in_native, id=276, stack(0x000000eefd500000,0x000000eefd600000) (1024K)]
  0x000002acd776f570 JavaThread "RMI Scheduler(0)"           daemon [_thread_blocked, id=16956, stack(0x000000eefdd00000,0x000000eefde00000) (1024K)]
  0x000002acd8846ca0 JavaThread "Catalina-utility-1"                [_thread_blocked, id=2408, stack(0x000000eefe000000,0x000000eefe100000) (1024K)]
  0x000002acd88a0ea0 JavaThread "Catalina-utility-2"                [_thread_blocked, id=20104, stack(0x000000eefe100000,0x000000eefe200000) (1024K)]
  0x000002acd896d1b0 JavaThread "container-0"                       [_thread_blocked, id=15948, stack(0x000000eefe200000,0x000000eefe300000) (1024K)]
  0x000002acd88da390 JavaThread "mysql-cj-abandoned-connection-cleanup" daemon [_thread_blocked, id=23212, stack(0x000000eefe300000,0x000000eefe400000) (1024K)]
  0x000002acd8f83700 JavaThread "HikariPool-1 housekeeper"   daemon [_thread_blocked, id=25132, stack(0x000000eefe600000,0x000000eefe700000) (1024K)]
  0x000002acd8f85140 JavaThread "http-nio-8088-exec-1"       daemon [_thread_blocked, id=25036, stack(0x000000eefe800000,0x000000eefe900000) (1024K)]
  0x000002acd8f83d90 JavaThread "http-nio-8088-exec-2"       daemon [_thread_blocked, id=17052, stack(0x000000eefe900000,0x000000eefea00000) (1024K)]
  0x000002acd8f84420 JavaThread "http-nio-8088-exec-3"       daemon [_thread_blocked, id=21240, stack(0x000000eefea00000,0x000000eefeb00000) (1024K)]
  0x000002acd8f84ab0 JavaThread "http-nio-8088-exec-4"       daemon [_thread_blocked, id=25572, stack(0x000000eefeb00000,0x000000eefec00000) (1024K)]
  0x000002acd8f857d0 JavaThread "http-nio-8088-exec-5"       daemon [_thread_blocked, id=17156, stack(0x000000eefec00000,0x000000eefed00000) (1024K)]
  0x000002acd9dfa200 JavaThread "http-nio-8088-exec-6"       daemon [_thread_blocked, id=11652, stack(0x000000eefed00000,0x000000eefee00000) (1024K)]
  0x000002acd9df8130 JavaThread "http-nio-8088-exec-7"       daemon [_thread_blocked, id=14592, stack(0x000000eefee00000,0x000000eefef00000) (1024K)]
  0x000002acd9dfbc40 JavaThread "http-nio-8088-exec-8"       daemon [_thread_blocked, id=9300, stack(0x000000eefef00000,0x000000eeff000000) (1024K)]
  0x000002acd9dfaf20 JavaThread "http-nio-8088-exec-9"       daemon [_thread_blocked, id=19920, stack(0x000000eeff000000,0x000000eeff100000) (1024K)]
  0x000002acd9df9b70 JavaThread "http-nio-8088-exec-10"      daemon [_thread_blocked, id=3604, stack(0x000000eeff100000,0x000000eeff200000) (1024K)]
  0x000002acd9df6d80 JavaThread "http-nio-8088-Poller"       daemon [_thread_in_native, id=9576, stack(0x000000eeff200000,0x000000eeff300000) (1024K)]
  0x000002acd9dfc2d0 JavaThread "http-nio-8088-Acceptor"     daemon [_thread_in_native, id=23100, stack(0x000000eeff300000,0x000000eeff400000) (1024K)]
  0x000002acd9df8e50 JavaThread "DestroyJavaVM"                     [_thread_blocked, id=19724, stack(0x000000eefc000000,0x000000eefc100000) (1024K)]
Total: 30

Other Threads:
=>0x000002ac9190cf00 VMThread "VM Thread"                           [id=18828, stack(0x000000eefc700000,0x000000eefc800000) (1024K)]
  0x000002ac918f67a0 WatcherThread "VM Periodic Task Thread"        [id=14828, stack(0x000000eefc600000,0x000000eefc700000) (1024K)]
  0x000002acffd52030 WorkerThread "GC Thread#0"                     [id=21272, stack(0x000000eefc100000,0x000000eefc200000) (1024K)]
  0x000002acd762b370 WorkerThread "GC Thread#1"                     [id=17344, stack(0x000000eefd600000,0x000000eefd700000) (1024K)]
  0x000002acd762b710 WorkerThread "GC Thread#2"                     [id=14800, stack(0x000000eefd700000,0x000000eefd800000) (1024K)]
  0x000002acd7659840 WorkerThread "GC Thread#3"                     [id=13532, stack(0x000000eefd800000,0x000000eefd900000) (1024K)]
  0x000002acd7659be0 WorkerThread "GC Thread#4"                     [id=17844, stack(0x000000eefd900000,0x000000eefda00000) (1024K)]
  0x000002acd7659f80 WorkerThread "GC Thread#5"                     [id=14512, stack(0x000000eefda00000,0x000000eefdb00000) (1024K)]
  0x000002acd765ab30 WorkerThread "GC Thread#6"                     [id=10976, stack(0x000000eefdb00000,0x000000eefdc00000) (1024K)]
  0x000002acd77e8bd0 WorkerThread "GC Thread#7"                     [id=22768, stack(0x000000eefdf00000,0x000000eefe000000) (1024K)]
  0x000002acffd640e0 ConcurrentGCThread "G1 Main Marker"            [id=24836, stack(0x000000eefc200000,0x000000eefc300000) (1024K)]
  0x000002acffd65290 WorkerThread "G1 Conc#0"                       [id=10856, stack(0x000000eefc300000,0x000000eefc400000) (1024K)]
  0x000002acd77e96b0 WorkerThread "G1 Conc#1"                       [id=9152, stack(0x000000eefde00000,0x000000eefdf00000) (1024K)]
  0x000002acffdbe910 ConcurrentGCThread "G1 Refine#0"               [id=11844, stack(0x000000eefc400000,0x000000eefc500000) (1024K)]
  0x000002ac917c9500 ConcurrentGCThread "G1 Service"                [id=16904, stack(0x000000eefc500000,0x000000eefc600000) (1024K)]
Total: 15

Threads with active compile tasks:
Total: 0

VM state: at safepoint (normal execution)

VM Mutex/Monitor currently owned by a thread:  ([mutex/lock_event])
[0x00007ff8cfcdcd68] Threads_lock - owner thread: 0x000002ac9190cf00
[0x00007ff8cfcdce68] Heap_lock - owner thread: 0x000002acd8f85140

Heap address: 0x0000000082000000, size: 2016 MB, Compressed Oops mode: 32-bit

CDS archive(s) mapped at: [0x000002ac92000000-0x000002ac92c90000-0x000002ac92c90000), size 13172736, SharedBaseAddress: 0x000002ac92000000, ArchiveRelocationMode: 1.
Compressed class space mapped at: 0x000002ac93000000-0x000002acd3000000, reserved size: 1073741824
Narrow klass base: 0x000002ac92000000, Narrow klass shift: 0, Narrow klass range: 0x100000000

GC Precious Log:
 CardTable entry size: 512
 Card Set container configuration: InlinePtr #cards 5 size 8 Array Of Cards #cards 12 size 40 Howl #buckets 4 coarsen threshold 1843 Howl Bitmap #cards 512 size 80 coarsen threshold 460 Card regions per heap region 1 cards per card region 2048
 CPUs: 8 total, 8 available
 Memory: 8058M
 Large Page Support: Disabled
 NUMA Support: Disabled
 Compressed Oops: Enabled (32-bit)
 Heap Region Size: 1M
 Heap Min Capacity: 8M
 Heap Initial Capacity: 126M
 Heap Max Capacity: 2016M
 Pre-touch: Disabled
 Parallel Workers: 8
 Concurrent Workers: 2
 Concurrent Refinement Workers: 8
 Periodic GC: Disabled

Heap:
 garbage-first heap   total 61440K, used 34288K [0x0000000082000000, 0x0000000100000000)
  region size 1024K, 2 young (2048K), 2 survivors (2048K)
 Metaspace       used 65732K, committed 66496K, reserved 1114112K
  class space    used 9317K, committed 9664K, reserved 1048576K

Heap Regions: E=young(eden), S=young(survivor), O=old, HS=humongous(starts), HC=humongous(continues), CS=collection set, F=free, TAMS=top-at-mark-start, PB=parsable bottom
|   0|0x0000000082000000, 0x0000000082100000, 0x0000000082100000|100%|HS|  |TAMS 0x0000000082100000| PB 0x0000000082000000| Complete 
|   1|0x0000000082100000, 0x0000000082200000, 0x0000000082200000|100%| O|  |TAMS 0x0000000082200000| PB 0x0000000082100000| Untracked 
|   2|0x0000000082200000, 0x0000000082300000, 0x0000000082300000|100%| O|  |TAMS 0x0000000082300000| PB 0x0000000082200000| Untracked 
|   3|0x0000000082300000, 0x0000000082400000, 0x0000000082400000|100%| O|  |TAMS 0x0000000082400000| PB 0x0000000082300000| Untracked 
|   4|0x0000000082400000, 0x0000000082500000, 0x0000000082500000|100%| O|  |TAMS 0x0000000082500000| PB 0x0000000082400000| Untracked 
|   5|0x0000000082500000, 0x0000000082600000, 0x0000000082600000|100%| O|  |TAMS 0x0000000082600000| PB 0x0000000082500000| Untracked 
|   6|0x0000000082600000, 0x0000000082700000, 0x0000000082700000|100%| O|  |TAMS 0x0000000082700000| PB 0x0000000082600000| Untracked 
|   7|0x0000000082700000, 0x0000000082800000, 0x0000000082800000|100%| O|  |TAMS 0x0000000082800000| PB 0x0000000082700000| Untracked 
|   8|0x0000000082800000, 0x0000000082900000, 0x0000000082900000|100%| O|  |TAMS 0x0000000082900000| PB 0x0000000082800000| Untracked 
|   9|0x0000000082900000, 0x0000000082a00000, 0x0000000082a00000|100%| O|  |TAMS 0x0000000082a00000| PB 0x0000000082900000| Untracked 
|  10|0x0000000082a00000, 0x0000000082b00000, 0x0000000082b00000|100%| O|  |TAMS 0x0000000082b00000| PB 0x0000000082a00000| Untracked 
|  11|0x0000000082b00000, 0x0000000082c00000, 0x0000000082c00000|100%| O|  |TAMS 0x0000000082c00000| PB 0x0000000082b00000| Untracked 
|  12|0x0000000082c00000, 0x0000000082d00000, 0x0000000082d00000|100%| O|  |TAMS 0x0000000082d00000| PB 0x0000000082c00000| Untracked 
|  13|0x0000000082d00000, 0x0000000082e00000, 0x0000000082e00000|100%| O|  |TAMS 0x0000000082e00000| PB 0x0000000082d00000| Untracked 
|  14|0x0000000082e00000, 0x0000000082f00000, 0x0000000082f00000|100%| O|  |TAMS 0x0000000082f00000| PB 0x0000000082e00000| Untracked 
|  15|0x0000000082f00000, 0x0000000083000000, 0x0000000083000000|100%| O|  |TAMS 0x0000000083000000| PB 0x0000000082f00000| Untracked 
|  16|0x0000000083000000, 0x0000000083100000, 0x0000000083100000|100%| O|  |TAMS 0x0000000083000000| PB 0x0000000083000000| Untracked 
|  17|0x0000000083100000, 0x0000000083200000, 0x0000000083200000|100%| O|  |TAMS 0x0000000083200000| PB 0x0000000083100000| Untracked 
|  18|0x0000000083200000, 0x0000000083300000, 0x0000000083300000|100%| O|  |TAMS 0x0000000083300000| PB 0x0000000083200000| Untracked 
|  19|0x0000000083300000, 0x0000000083400000, 0x0000000083400000|100%| O|  |TAMS 0x0000000083400000| PB 0x0000000083300000| Untracked 
|  20|0x0000000083400000, 0x0000000083500000, 0x0000000083500000|100%| O|  |TAMS 0x0000000083500000| PB 0x0000000083400000| Untracked 
|  21|0x0000000083500000, 0x0000000083600000, 0x0000000083600000|100%| O|  |TAMS 0x0000000083600000| PB 0x0000000083500000| Untracked 
|  22|0x0000000083600000, 0x0000000083700000, 0x0000000083700000|100%| O|  |TAMS 0x0000000083700000| PB 0x0000000083600000| Untracked 
|  23|0x0000000083700000, 0x0000000083800000, 0x0000000083800000|100%| O|  |TAMS 0x0000000083800000| PB 0x0000000083700000| Untracked 
|  24|0x0000000083800000, 0x0000000083900000, 0x0000000083900000|100%| O|  |TAMS 0x0000000083900000| PB 0x0000000083800000| Untracked 
|  25|0x0000000083900000, 0x0000000083a00000, 0x0000000083a00000|100%| O|  |TAMS 0x0000000083a00000| PB 0x0000000083900000| Untracked 
|  26|0x0000000083a00000, 0x0000000083b00000, 0x0000000083b00000|100%| O|  |TAMS 0x0000000083b00000| PB 0x0000000083a00000| Untracked 
|  27|0x0000000083b00000, 0x0000000083c00000, 0x0000000083c00000|100%| O|  |TAMS 0x0000000083c00000| PB 0x0000000083b00000| Untracked 
|  28|0x0000000083c00000, 0x0000000083d00000, 0x0000000083d00000|100%| O|  |TAMS 0x0000000083c00000| PB 0x0000000083c00000| Untracked 
|  29|0x0000000083d00000, 0x0000000083d897c0, 0x0000000083e00000| 53%| O|  |TAMS 0x0000000083d00000| PB 0x0000000083d00000| Untracked 
|  30|0x0000000083e00000, 0x0000000083e00000, 0x0000000083f00000|  0%| F|  |TAMS 0x0000000083e00000| PB 0x0000000083e00000| Untracked 
|  31|0x0000000083f00000, 0x0000000083f00000, 0x0000000084000000|  0%| F|  |TAMS 0x0000000083f00000| PB 0x0000000083f00000| Untracked 
|  32|0x0000000084000000, 0x0000000084100000, 0x0000000084100000|100%| O|  |TAMS 0x0000000084100000| PB 0x0000000084000000| Untracked 
|  33|0x0000000084100000, 0x0000000084200000, 0x0000000084200000|100%| O|  |TAMS 0x00000000841dfb00| PB 0x0000000084100000| Untracked 
|  34|0x0000000084200000, 0x0000000084200000, 0x0000000084300000|  0%| F|  |TAMS 0x0000000084200000| PB 0x0000000084200000| Untracked 
|  35|0x0000000084300000, 0x0000000084300000, 0x0000000084400000|  0%| F|  |TAMS 0x0000000084300000| PB 0x0000000084300000| Untracked 
|  36|0x0000000084400000, 0x0000000084400000, 0x0000000084500000|  0%| F|  |TAMS 0x0000000084400000| PB 0x0000000084400000| Untracked 
|  37|0x0000000084500000, 0x00000000845f2930, 0x0000000084600000| 94%| S|CS|TAMS 0x0000000084500000| PB 0x0000000084500000| Complete 
|  38|0x0000000084600000, 0x0000000084700000, 0x0000000084700000|100%| S|CS|TAMS 0x0000000084600000| PB 0x0000000084600000| Complete 
|  39|0x0000000084700000, 0x0000000084700000, 0x0000000084800000|  0%| F|  |TAMS 0x0000000084700000| PB 0x0000000084700000| Untracked 
|  40|0x0000000084800000, 0x0000000084800000, 0x0000000084900000|  0%| F|  |TAMS 0x0000000084800000| PB 0x0000000084800000| Untracked 
|  41|0x0000000084900000, 0x0000000084900000, 0x0000000084a00000|  0%| F|  |TAMS 0x0000000084900000| PB 0x0000000084900000| Untracked 
|  42|0x0000000084a00000, 0x0000000084a00000, 0x0000000084b00000|  0%| F|  |TAMS 0x0000000084a00000| PB 0x0000000084a00000| Untracked 
|  43|0x0000000084b00000, 0x0000000084b00000, 0x0000000084c00000|  0%| F|  |TAMS 0x0000000084b00000| PB 0x0000000084b00000| Untracked 
|  44|0x0000000084c00000, 0x0000000084c00000, 0x0000000084d00000|  0%| F|  |TAMS 0x0000000084c00000| PB 0x0000000084c00000| Untracked 
|  45|0x0000000084d00000, 0x0000000084d00000, 0x0000000084e00000|  0%| F|  |TAMS 0x0000000084d00000| PB 0x0000000084d00000| Untracked 
|  46|0x0000000084e00000, 0x0000000084e00000, 0x0000000084f00000|  0%| F|  |TAMS 0x0000000084e00000| PB 0x0000000084e00000| Untracked 
|  47|0x0000000084f00000, 0x0000000084f00000, 0x0000000085000000|  0%| F|  |TAMS 0x0000000084f00000| PB 0x0000000084f00000| Untracked 
|  48|0x0000000085000000, 0x0000000085000000, 0x0000000085100000|  0%| F|  |TAMS 0x0000000085000000| PB 0x0000000085000000| Untracked 
|  49|0x0000000085100000, 0x0000000085100000, 0x0000000085200000|  0%| F|  |TAMS 0x0000000085100000| PB 0x0000000085100000| Untracked 
|  50|0x0000000085200000, 0x0000000085200000, 0x0000000085300000|  0%| F|  |TAMS 0x0000000085200000| PB 0x0000000085200000| Untracked 
|  51|0x0000000085300000, 0x0000000085300000, 0x0000000085400000|  0%| F|  |TAMS 0x0000000085300000| PB 0x0000000085300000| Untracked 
|  52|0x0000000085400000, 0x0000000085400000, 0x0000000085500000|  0%| F|  |TAMS 0x0000000085400000| PB 0x0000000085400000| Untracked 
|  83|0x0000000087300000, 0x0000000087300000, 0x0000000087400000|  0%| F|  |TAMS 0x0000000087300000| PB 0x0000000087300000| Untracked 
|  84|0x0000000087400000, 0x0000000087400000, 0x0000000087500000|  0%| F|  |TAMS 0x0000000087400000| PB 0x0000000087400000| Untracked 
|  85|0x0000000087500000, 0x0000000087500000, 0x0000000087600000|  0%| F|  |TAMS 0x0000000087500000| PB 0x0000000087500000| Untracked 
|  86|0x0000000087600000, 0x0000000087600000, 0x0000000087700000|  0%| F|  |TAMS 0x0000000087600000| PB 0x0000000087600000| Untracked 
|  87|0x0000000087700000, 0x0000000087700000, 0x0000000087800000|  0%| F|  |TAMS 0x0000000087700000| PB 0x0000000087700000| Untracked 
|  88|0x0000000087800000, 0x0000000087800000, 0x0000000087900000|  0%| F|  |TAMS 0x0000000087800000| PB 0x0000000087800000| Untracked 
| 125|0x0000000089d00000, 0x0000000089d00000, 0x0000000089e00000|  0%| F|  |TAMS 0x0000000089d00000| PB 0x0000000089d00000| Untracked 

Card table byte_map: [0x000002ac8cba0000,0x000002ac8cf90000] _byte_map_base: 0x000002ac8c790000

Marking Bits: (CMBitMap*) 0x000002acffd52640
 Bits: [0x000002ac8cf90000, 0x000002ac8ef10000)

Polling page: 0x000002acff0c0000

Metaspace:

Usage:
  Non-class:     55.09 MB used.
      Class:      9.10 MB used.
       Both:     64.19 MB used.

Virtual space:
  Non-class space:       64.00 MB reserved,      55.50 MB ( 87%) committed,  1 nodes.
      Class space:        1.00 GB reserved,       9.44 MB ( <1%) committed,  1 nodes.
             Both:        1.06 GB reserved,      64.94 MB (  6%) committed. 

Chunk freelists:
   Non-Class:  7.62 MB
       Class:  6.53 MB
        Both:  14.16 MB

MaxMetaspaceSize: unlimited
CompressedClassSpaceSize: 1.00 GB
Initial GC threshold: 21.00 MB
Current GC threshold: 95.56 MB
CDS: on
 - commit_granule_bytes: 65536.
 - commit_granule_words: 8192.
 - virtual_space_node_default_size: 8388608.
 - enlarge_chunks_in_place: 1.
 - use_allocation_guard: 0.


Internal statistics:

num_allocs_failed_limit: 6.
num_arena_births: 1092.
num_arena_deaths: 0.
num_vsnodes_births: 2.
num_vsnodes_deaths: 0.
num_space_committed: 1039.
num_space_uncommitted: 0.
num_chunks_returned_to_freelist: 6.
num_chunks_taken_from_freelist: 3472.
num_chunk_merges: 6.
num_chunk_splits: 2513.
num_chunks_enlarged: 1917.
num_inconsistent_stats: 0.

CodeCache: size=49152Kb used=12516Kb max_used=14103Kb free=36635Kb
 bounds [0x000002ac897b0000, 0x000002ac8a580000, 0x000002ac8c7b0000]
 total_blobs=7932 nmethods=7220 adapters=635
 compilation: enabled
              stopped_count=0, restarted_count=0
 full_count=0

Compilation events (20 events):
Event: 97.177 Thread 0x000002ac9193c920 7284       1       java.io.StringReader::ensureOpen (18 bytes)
Event: 97.178 Thread 0x000002ac9193c920 nmethod 7284 0x000002ac8996ae10 code [0x000002ac8996afc0, 0x000002ac8996b128]
Event: 97.208 Thread 0x000002ac9193c920 7285 %     1       java.util.Properties$LineReader::readLine @ 293 (584 bytes)
Event: 97.209 Thread 0x000002ac9193c920 nmethod 7285% 0x000002ac89968d90 code [0x000002ac89969040, 0x000002ac8996a3e8]
Event: 97.212 Thread 0x000002ac9193c920 7286       1       java.lang.invoke.StringConcatFactory::prepender (67 bytes)
Event: 97.212 Thread 0x000002ac9193c920 nmethod 7286 0x000002ac89968510 code [0x000002ac89968700, 0x000002ac89968bd8]
Event: 97.221 Thread 0x000002ac9193c920 7287 %     1       java.util.Properties$LineReader::readLine @ 53 (584 bytes)
Event: 97.222 Thread 0x000002ac9193c920 nmethod 7287% 0x000002ac89966490 code [0x000002ac89966740, 0x000002ac89967b00]
Event: 97.239 Thread 0x000002ac9193c920 7288       1       java.lang.invoke.MethodHandle::asCollectorChecks (75 bytes)
Event: 97.240 Thread 0x000002ac9193c920 nmethod 7288 0x000002ac89965d10 code [0x000002ac89965f00, 0x000002ac89966240]
Event: 97.249 Thread 0x000002ac9193c920 7289       1       org.springframework.security.crypto.bcrypt.BCrypt::streamtowords (111 bytes)
Event: 97.249 Thread 0x000002ac9193c920 nmethod 7289 0x000002ac89965690 code [0x000002ac89965840, 0x000002ac89965ae8]
Event: 97.249 Thread 0x000002ac9193c920 7291       1       org.springframework.security.crypto.bcrypt.BCrypt::encipher (253 bytes)
Event: 97.249 Thread 0x000002ac9193c920 nmethod 7291 0x000002ac89964e10 code [0x000002ac89964fe0, 0x000002ac899653a8]
Event: 97.249 Thread 0x000002ac9193c920 7290       1       org.springframework.security.crypto.bcrypt.BCrypt::streamtoword (17 bytes)
Event: 97.249 Thread 0x000002ac9193c920 nmethod 7290 0x000002ac89964990 code [0x000002ac89964b40, 0x000002ac89964cd0]
Event: 97.255 Thread 0x000002ac9193c920 7292       1       org.springframework.security.crypto.bcrypt.BCrypt::key (196 bytes)
Event: 97.255 Thread 0x000002ac9193c920 nmethod 7292 0x000002ac89963b90 code [0x000002ac89963da0, 0x000002ac89964480]
Event: 97.344 Thread 0x000002ac9193c920 7293       1       org.springframework.core.ResolvableType::resolveVariable (185 bytes)
Event: 97.344 Thread 0x000002ac9193c920 nmethod 7293 0x000002ac89962c10 code [0x000002ac89962f00, 0x000002ac89963748]

GC Heap History (20 events):
Event: 2.407 GC heap after
{Heap after GC invocations=5 (full 0):
 garbage-first heap   total 51200K, used 15399K [0x0000000082000000, 0x0000000100000000)
  region size 1024K, 3 young (3072K), 3 survivors (3072K)
 Metaspace       used 23330K, committed 23680K, reserved 1114112K
  class space    used 3099K, committed 3264K, reserved 1048576K
}
Event: 2.854 GC heap before
{Heap before GC invocations=5 (full 0):
 garbage-first heap   total 51200K, used 36903K [0x0000000082000000, 0x0000000100000000)
  region size 1024K, 25 young (25600K), 3 survivors (3072K)
 Metaspace       used 26738K, committed 27264K, reserved 1114112K
  class space    used 3628K, committed 3840K, reserved 1048576K
}
Event: 2.863 GC heap after
{Heap after GC invocations=6 (full 0):
 garbage-first heap   total 51200K, used 17331K [0x0000000082000000, 0x0000000100000000)
  region size 1024K, 4 young (4096K), 4 survivors (4096K)
 Metaspace       used 26738K, committed 27264K, reserved 1114112K
  class space    used 3628K, committed 3840K, reserved 1048576K
}
Event: 3.288 GC heap before
{Heap before GC invocations=6 (full 0):
 garbage-first heap   total 51200K, used 40883K [0x0000000082000000, 0x0000000100000000)
  region size 1024K, 27 young (27648K), 4 survivors (4096K)
 Metaspace       used 29813K, committed 30400K, reserved 1114112K
  class space    used 4060K, committed 4352K, reserved 1048576K
}
Event: 3.293 GC heap after
{Heap after GC invocations=7 (full 0):
 garbage-first heap   total 61440K, used 19418K [0x0000000082000000, 0x0000000100000000)
  region size 1024K, 2 young (2048K), 2 survivors (2048K)
 Metaspace       used 29813K, committed 30400K, reserved 1114112K
  class space    used 4060K, committed 4352K, reserved 1048576K
}
Event: 3.997 GC heap before
{Heap before GC invocations=7 (full 0):
 garbage-first heap   total 61440K, used 33754K [0x0000000082000000, 0x0000000100000000)
  region size 1024K, 18 young (18432K), 2 survivors (2048K)
 Metaspace       used 34227K, committed 34816K, reserved 1114112K
  class space    used 4707K, committed 4992K, reserved 1048576K
}
Event: 4.001 GC heap after
{Heap after GC invocations=8 (full 0):
 garbage-first heap   total 61440K, used 20300K [0x0000000082000000, 0x0000000100000000)
  region size 1024K, 3 young (3072K), 3 survivors (3072K)
 Metaspace       used 34227K, committed 34816K, reserved 1114112K
  class space    used 4707K, committed 4992K, reserved 1048576K
}
Event: 4.657 GC heap before
{Heap before GC invocations=9 (full 0):
 garbage-first heap   total 61440K, used 52044K [0x0000000082000000, 0x0000000100000000)
  region size 1024K, 34 young (34816K), 3 survivors (3072K)
 Metaspace       used 42597K, committed 43200K, reserved 1114112K
  class space    used 5919K, committed 6144K, reserved 1048576K
}
Event: 4.662 GC heap after
{Heap after GC invocations=10 (full 0):
 garbage-first heap   total 61440K, used 23032K [0x0000000082000000, 0x0000000100000000)
  region size 1024K, 4 young (4096K), 4 survivors (4096K)
 Metaspace       used 42597K, committed 43200K, reserved 1114112K
  class space    used 5919K, committed 6144K, reserved 1048576K
}
Event: 5.275 GC heap before
{Heap before GC invocations=10 (full 0):
 garbage-first heap   total 61440K, used 50680K [0x0000000082000000, 0x0000000100000000)
  region size 1024K, 32 young (32768K), 4 survivors (4096K)
 Metaspace       used 50648K, committed 51200K, reserved 1114112K
  class space    used 7149K, committed 7360K, reserved 1048576K
}
Event: 5.281 GC heap after
{Heap after GC invocations=11 (full 0):
 garbage-first heap   total 61440K, used 24604K [0x0000000082000000, 0x0000000100000000)
  region size 1024K, 3 young (3072K), 3 survivors (3072K)
 Metaspace       used 50648K, committed 51200K, reserved 1114112K
  class space    used 7149K, committed 7360K, reserved 1048576K
}
Event: 5.651 GC heap before
{Heap before GC invocations=11 (full 0):
 garbage-first heap   total 61440K, used 52252K [0x0000000082000000, 0x0000000100000000)
  region size 1024K, 30 young (30720K), 3 survivors (3072K)
 Metaspace       used 53996K, committed 54656K, reserved 1114112K
  class space    used 7651K, committed 7936K, reserved 1048576K
}
Event: 5.654 GC heap after
{Heap after GC invocations=12 (full 0):
 garbage-first heap   total 61440K, used 25351K [0x0000000082000000, 0x0000000100000000)
  region size 1024K, 3 young (3072K), 3 survivors (3072K)
 Metaspace       used 53996K, committed 54656K, reserved 1114112K
  class space    used 7651K, committed 7936K, reserved 1048576K
}
Event: 6.210 GC heap before
{Heap before GC invocations=12 (full 0):
 garbage-first heap   total 61440K, used 43783K [0x0000000082000000, 0x0000000100000000)
  region size 1024K, 22 young (22528K), 3 survivors (3072K)
 Metaspace       used 57728K, committed 58368K, reserved 1114112K
  class space    used 8090K, committed 8384K, reserved 1048576K
}
Event: 6.214 GC heap after
{Heap after GC invocations=13 (full 0):
 garbage-first heap   total 61440K, used 27440K [0x0000000082000000, 0x0000000100000000)
  region size 1024K, 3 young (3072K), 3 survivors (3072K)
 Metaspace       used 57728K, committed 58368K, reserved 1114112K
  class space    used 8090K, committed 8384K, reserved 1048576K
}
Event: 6.741 GC heap before
{Heap before GC invocations=14 (full 0):
 garbage-first heap   total 61440K, used 53040K [0x0000000082000000, 0x0000000100000000)
  region size 1024K, 28 young (28672K), 3 survivors (3072K)
 Metaspace       used 60763K, committed 61504K, reserved 1114112K
  class space    used 8643K, committed 8960K, reserved 1048576K
}
Event: 6.747 GC heap after
{Heap after GC invocations=15 (full 0):
 garbage-first heap   total 61440K, used 29731K [0x0000000082000000, 0x0000000100000000)
  region size 1024K, 4 young (4096K), 4 survivors (4096K)
 Metaspace       used 60763K, committed 61504K, reserved 1114112K
  class space    used 8643K, committed 8960K, reserved 1048576K
}
Event: 7.182 GC heap before
{Heap before GC invocations=15 (full 0):
 garbage-first heap   total 61440K, used 53283K [0x0000000082000000, 0x0000000100000000)
  region size 1024K, 27 young (27648K), 4 survivors (4096K)
 Metaspace       used 63154K, committed 63936K, reserved 1114112K
  class space    used 9007K, committed 9344K, reserved 1048576K
}
Event: 7.188 GC heap after
{Heap after GC invocations=16 (full 0):
 garbage-first heap   total 61440K, used 32294K [0x0000000082000000, 0x0000000100000000)
  region size 1024K, 3 young (3072K), 3 survivors (3072K)
 Metaspace       used 63154K, committed 63936K, reserved 1114112K
  class space    used 9007K, committed 9344K, reserved 1048576K
}
Event: 97.360 GC heap before
{Heap before GC invocations=16 (full 0):
 garbage-first heap   total 61440K, used 52774K [0x0000000082000000, 0x0000000100000000)
  region size 1024K, 24 young (24576K), 3 survivors (3072K)
 Metaspace       used 65732K, committed 66496K, reserved 1114112K
  class space    used 9317K, committed 9664K, reserved 1048576K
}

Dll operation events (13 events):
Event: 0.011 Loaded shared library C:\Program Files\Java\jdk-21\bin\java.dll
Event: 0.147 Loaded shared library C:\Program Files\Java\jdk-21\bin\zip.dll
Event: 0.151 Loaded shared library C:\Program Files\Java\jdk-21\bin\instrument.dll
Event: 0.156 Loaded shared library C:\Program Files\Java\jdk-21\bin\net.dll
Event: 0.158 Loaded shared library C:\Program Files\Java\jdk-21\bin\nio.dll
Event: 0.161 Loaded shared library C:\Program Files\Java\jdk-21\bin\zip.dll
Event: 0.262 Loaded shared library D:\Program Files\IntelliJ IDEA 2024.2.3\bin\breakgen64.dll
Event: 0.269 Loaded shared library C:\Program Files\Java\jdk-21\bin\jimage.dll
Event: 0.274 Loaded shared library C:\Program Files\Java\jdk-21\bin\extnet.dll
Event: 0.293 Loaded shared library C:\Program Files\Java\jdk-21\bin\management.dll
Event: 0.312 Loaded shared library C:\Program Files\Java\jdk-21\bin\management_ext.dll
Event: 1.758 Loaded shared library C:\Program Files\Java\jdk-21\bin\sunmscapi.dll
Event: 3.978 Loaded shared library C:\Program Files\Java\jdk-21\bin\verify.dll

Deoptimization events (10 events):
Event: 2.732 Thread 0x000002acffcfafa0 DEOPT PACKING pc=0x000002ac89f9ec8c sp=0x000000eefc0fd090
Event: 2.732 Thread 0x000002acffcfafa0 DEOPT UNPACKING pc=0x000002ac89804e42 sp=0x000000eefc0fc548 mode 0
Event: 5.682 Thread 0x000002acffcfafa0 DEOPT PACKING pc=0x000002ac8a34645c sp=0x000000eefc0fd300
Event: 5.682 Thread 0x000002acffcfafa0 DEOPT UNPACKING pc=0x000002ac89804e42 sp=0x000000eefc0fc888 mode 0
Event: 6.240 Thread 0x000002acffcfafa0 DEOPT PACKING pc=0x000002ac89e07e1c sp=0x000000eefc0fc430
Event: 6.240 Thread 0x000002acffcfafa0 DEOPT UNPACKING pc=0x000002ac89804e42 sp=0x000000eefc0fb988 mode 0
Event: 6.410 Thread 0x000002acffcfafa0 DEOPT PACKING pc=0x000002ac89e571d9 sp=0x000000eefc0fc750
Event: 6.410 Thread 0x000002acffcfafa0 DEOPT UNPACKING pc=0x000002ac89804e42 sp=0x000000eefc0fbc58 mode 3
Event: 6.412 Thread 0x000002acffcfafa0 DEOPT PACKING pc=0x000002ac89e51d1a sp=0x000000eefc0fc710
Event: 6.412 Thread 0x000002acffcfafa0 DEOPT UNPACKING pc=0x000002ac89804e42 sp=0x000000eefc0fbc58 mode 3

Classes loaded (20 events):
Event: 97.134 Loading class sun/nio/ch/SocketAdaptor
Event: 97.134 Loading class sun/nio/ch/SocketAdaptor done
Event: 97.135 Loading class sun/nio/ch/SocketChannelImpl$DefaultOptionsHolder
Event: 97.135 Loading class sun/nio/ch/SocketChannelImpl$DefaultOptionsHolder done
Event: 97.137 Loading class sun/nio/ch/SelectionKeyImpl
Event: 97.138 Loading class java/nio/channels/spi/AbstractSelectionKey
Event: 97.138 Loading class java/nio/channels/SelectionKey
Event: 97.138 Loading class java/nio/channels/SelectionKey done
Event: 97.138 Loading class java/nio/channels/spi/AbstractSelectionKey done
Event: 97.138 Loading class sun/nio/ch/SelectionKeyImpl done
Event: 97.139 Loading class java/lang/invoke/ConstantBootstraps
Event: 97.139 Loading class java/lang/invoke/ConstantBootstraps done
Event: 97.176 Loading class sun/nio/cs/ThreadLocalCoders
Event: 97.176 Loading class sun/nio/cs/ThreadLocalCoders done
Event: 97.176 Loading class sun/nio/cs/ThreadLocalCoders$1
Event: 97.177 Loading class sun/nio/cs/ThreadLocalCoders$Cache
Event: 97.177 Loading class sun/nio/cs/ThreadLocalCoders$Cache done
Event: 97.177 Loading class sun/nio/cs/ThreadLocalCoders$1 done
Event: 97.177 Loading class sun/nio/cs/ThreadLocalCoders$2
Event: 97.177 Loading class sun/nio/cs/ThreadLocalCoders$2 done

Classes unloaded (0 events):
No events

Classes redefined (0 events):
No events

Internal exceptions (20 events):
Event: 5.638 Thread 0x000002acffcfafa0 Exception <a 'java/lang/NoSuchMethodError'{0x000000008417b558}: 'java.lang.Object java.lang.invoke.Invokers$Holder.linkToTargetMethod(java.lang.Object, java.lang.Object, java.lang.Object, java.lang.Object, java.lang.Object, java.lang.Object, int, java.lang.Object)'> (0x000000008417b558) 
thrown [s\open\src\hotspot\share\interpreter\linkResolver.cpp, line 773]
Event: 5.984 Thread 0x000002acffcfafa0 Exception <a 'java/lang/NoSuchMethodError'{0x0000000087395cd0}: 'java.lang.Object java.lang.invoke.DirectMethodHandle$Holder.invokeSpecial(java.lang.Object, java.lang.Object, int, java.lang.Object, int)'> (0x0000000087395cd0) 
thrown [s\open\src\hotspot\share\interpreter\linkResolver.cpp, line 773]
Event: 6.051 Thread 0x000002acffcfafa0 Exception <a 'java/lang/NoSuchMethodError'{0x00000000853f3f48}: 'void java.lang.invoke.Invokers$Holder.invokeExact_MT(java.lang.Object, java.lang.Object, java.lang.Object, java.lang.Object)'> (0x00000000853f3f48) 
thrown [s\open\src\hotspot\share\interpreter\linkResolver.cpp, line 773]
Event: 6.121 Thread 0x000002acffcfafa0 Exception <a 'java/lang/IncompatibleClassChangeError'{0x0000000084ea7fa0}: Found class java.lang.Object, but interface was expected> (0x0000000084ea7fa0) 
thrown [s\open\src\hotspot\share\interpreter\linkResolver.cpp, line 840]
Event: 6.128 Thread 0x000002acffcfafa0 Exception <a 'java/lang/IncompatibleClassChangeError'{0x0000000084d27a00}: Found class java.lang.Object, but interface was expected> (0x0000000084d27a00) 
thrown [s\open\src\hotspot\share\interpreter\linkResolver.cpp, line 840]
Event: 6.155 Thread 0x000002acffcfafa0 Exception <a 'java/lang/IncompatibleClassChangeError'{0x0000000084c87fd0}: Found class java.lang.Object, but interface was expected> (0x0000000084c87fd0) 
thrown [s\open\src\hotspot\share\interpreter\linkResolver.cpp, line 840]
Event: 6.358 Thread 0x000002acffcfafa0 Exception <a 'java/lang/IncompatibleClassChangeError'{0x00000000873f0740}: Found class java.lang.Object, but interface was expected> (0x00000000873f0740) 
thrown [s\open\src\hotspot\share\interpreter\linkResolver.cpp, line 840]
Event: 6.486 Thread 0x000002acffcfafa0 Exception <a 'java/lang/IncompatibleClassChangeError'{0x0000000085043f40}: Found class java.lang.Object, but interface was expected> (0x0000000085043f40) 
thrown [s\open\src\hotspot\share\interpreter\linkResolver.cpp, line 840]
Event: 6.523 Thread 0x000002acffcfafa0 Exception <a 'java/lang/NoSuchMethodError'{0x0000000084fca5f8}: 'java.lang.Object java.lang.invoke.DirectMethodHandle$Holder.invokeStatic(java.lang.Object, int, java.lang.Object)'> (0x0000000084fca5f8) 
thrown [s\open\src\hotspot\share\interpreter\linkResolver.cpp, line 773]
Event: 6.587 Thread 0x000002acffcfafa0 Exception <a 'java/lang/NoSuchMethodError'{0x0000000084b0ddc0}: 'java.lang.Object java.lang.invoke.DirectMethodHandle$Holder.newInvokeSpecial(java.lang.Object, java.lang.Object, java.lang.Object, java.lang.Object, java.lang.Object, java.lang.Object, java.lang.Object, java.lang.Object)'> (0x0000000084b0ddc0) 
thrown [s\open\src\hotspot\share\interpreter\linkResolver.cpp, line 773]
Event: 6.875 Thread 0x000002acffcfafa0 Exception <a 'java/lang/IncompatibleClassChangeError'{0x0000000085409ff8}: Found class java.lang.Object, but interface was expected> (0x0000000085409ff8) 
thrown [s\open\src\hotspot\share\interpreter\linkResolver.cpp, line 840]
Event: 6.962 Thread 0x000002acffcfafa0 Exception <a 'sun/nio/fs/WindowsException'{0x0000000085092678}> (0x0000000085092678) 
thrown [s\open\src\hotspot\share\prims\jni.cpp, line 520]
Event: 7.033 Thread 0x000002acffcfafa0 Exception <a 'java/lang/NoSuchMethodError'{0x0000000084d6b4c0}: 'void java.lang.invoke.DirectMethodHandle$Holder.invokeVirtual(java.lang.Object, java.lang.Object, long)'> (0x0000000084d6b4c0) 
thrown [s\open\src\hotspot\share\interpreter\linkResolver.cpp, line 773]
Event: 7.049 Thread 0x000002acffcfafa0 Exception <a 'java/lang/NoSuchMethodError'{0x0000000084c5d218}: 'java.lang.Object java.lang.invoke.DirectMethodHandle$Holder.invokeSpecial(java.lang.Object, java.lang.Object, int, int, int, int)'> (0x0000000084c5d218) 
thrown [s\open\src\hotspot\share\interpreter\linkResolver.cpp, line 773]
Event: 7.112 Thread 0x000002acffcfafa0 Exception <a 'java/lang/NoSuchMethodError'{0x000000008492f550}: 'int java.lang.invoke.DirectMethodHandle$Holder.invokeStaticInit(java.lang.Object, java.lang.Object, java.lang.Object, java.lang.Object)'> (0x000000008492f550) 
thrown [s\open\src\hotspot\share\interpreter\linkResolver.cpp, line 773]
Event: 7.151 Thread 0x000002acffcfafa0 Exception <a 'java/lang/IncompatibleClassChangeError'{0x000000008473ab38}: Found class java.lang.Object, but interface was expected> (0x000000008473ab38) 
thrown [s\open\src\hotspot\share\interpreter\linkResolver.cpp, line 840]
Event: 7.312 Thread 0x000002acffcfafa0 Exception <a 'java/lang/NoSuchMethodError'{0x00000000852e4d58}: 'java.lang.Object java.lang.invoke.DirectMethodHandle$Holder.newInvokeSpecial(java.lang.Object, java.lang.Object, int, java.lang.Object, java.lang.Object)'> (0x00000000852e4d58) 
thrown [s\open\src\hotspot\share\interpreter\linkResolver.cpp, line 773]
Event: 7.783 Thread 0x000002acd8a098d0 Exception <a 'java/lang/NoSuchMethodError'{0x0000000084e39ae0}: 'java.lang.Object java.lang.invoke.DirectMethodHandle$Holder.invokeInterface(java.lang.Object, java.lang.Object, java.lang.Object, java.lang.Object, java.lang.Object, java.lang.Object, java.lang.Object)'> (0x0000000084e39ae0) 
thrown [s\open\src\hotspot\share\interpreter\linkResolver.cpp, line 773]
Event: 97.173 Thread 0x000002acd8f85140 Exception <a 'java/lang/NoSuchMethodError'{0x0000000084c23688}: 'java.lang.Object java.lang.invoke.DirectMethodHandle$Holder.invokeSpecial(java.lang.Object, java.lang.Object, java.lang.Object, java.lang.Object, java.lang.Object, long)'> (0x0000000084c23688) 
thrown [s\open\src\hotspot\share\interpreter\linkResolver.cpp, line 773]
Event: 97.173 Thread 0x000002acd8f85140 Exception <a 'java/lang/NoSuchMethodError'{0x0000000084c26e48}: 'java.lang.Object java.lang.invoke.Invokers$Holder.linkToTargetMethod(java.lang.Object, java.lang.Object, java.lang.Object, long, java.lang.Object)'> (0x0000000084c26e48) 
thrown [s\open\src\hotspot\share\interpreter\linkResolver.cpp, line 773]

ZGC Phase Switch (0 events):
No events

VM Operations (20 events):
Event: 7.060 Executing VM operation: HandshakeAllThreads (Deoptimize) done
Event: 7.182 Executing VM operation: G1CollectForAllocation (G1 Evacuation Pause)
Event: 7.188 Executing VM operation: G1CollectForAllocation (G1 Evacuation Pause) done
Event: 9.199 Executing VM operation: Cleanup
Event: 9.199 Executing VM operation: Cleanup done
Event: 60.021 Executing VM operation: HandshakeAllThreads (HandshakeForDeflation)
Event: 60.021 Executing VM operation: HandshakeAllThreads (HandshakeForDeflation) done
Event: 60.021 Executing VM operation: RendezvousGCThreads
Event: 60.021 Executing VM operation: RendezvousGCThreads done
Event: 64.060 Executing VM operation: Cleanup
Event: 64.060 Executing VM operation: Cleanup done
Event: 74.149 Executing VM operation: Cleanup
Event: 74.149 Executing VM operation: Cleanup done
Event: 97.135 Executing VM operation: HandshakeAllThreads (Deoptimize)
Event: 97.135 Executing VM operation: HandshakeAllThreads (Deoptimize) done
Event: 97.191 Executing VM operation: HandshakeAllThreads (Deoptimize)
Event: 97.191 Executing VM operation: HandshakeAllThreads (Deoptimize) done
Event: 97.191 Executing VM operation: Cleanup
Event: 97.191 Executing VM operation: Cleanup done
Event: 97.360 Executing VM operation: G1CollectForAllocation (G1 Evacuation Pause)

Events (20 events):
Event: 7.326 Thread 0x000002acd9df8130 Thread added: 0x000002acd9df8130
Event: 7.326 Thread 0x000002acd9dfbc40 Thread added: 0x000002acd9dfbc40
Event: 7.327 Thread 0x000002acd9dfaf20 Thread added: 0x000002acd9dfaf20
Event: 7.327 Thread 0x000002acd9df9b70 Thread added: 0x000002acd9df9b70
Event: 7.339 Thread 0x000002acd9df6d80 Thread added: 0x000002acd9df6d80
Event: 7.340 Thread 0x000002acd9dfc2d0 Thread added: 0x000002acd9dfc2d0
Event: 7.360 Thread 0x000002acffcfafa0 Thread exited: 0x000002acffcfafa0
Event: 7.360 Thread 0x000002acd9df8e50 Thread added: 0x000002acd9df8e50
Event: 7.770 Thread 0x000002acd9dfc960 Thread added: 0x000002acd9dfc960
Event: 7.776 Thread 0x000002acd9dfc960 Thread exited: 0x000002acd9dfc960
Event: 7.777 Thread 0x000002acd9dfa890 Thread added: 0x000002acd9dfa890
Event: 7.788 Thread 0x000002acd9dfa890 Thread exited: 0x000002acd9dfa890
Event: 7.789 Thread 0x000002acd9df66f0 Thread added: 0x000002acd9df66f0
Event: 7.796 Thread 0x000002acd9df66f0 Thread exited: 0x000002acd9df66f0
Event: 9.949 Thread 0x000002acd8f83070 Thread exited: 0x000002acd8f83070
Event: 12.809 Thread 0x000002acd717f940 Thread exited: 0x000002acd717f940
Event: 17.815 Thread 0x000002acd717d280 Thread exited: 0x000002acd717d280
Event: 22.827 Thread 0x000002ac91b710e0 Thread exited: 0x000002ac91b710e0
Event: 91.149 Thread 0x000002acd7715240 Thread exited: 0x000002acd7715240
Event: 93.729 Thread 0x000002acd8a098d0 Thread exited: 0x000002acd8a098d0


Dynamic libraries:
0x00007ff7ecd70000 - 0x00007ff7ecd80000 	C:\Program Files\Java\jdk-21\bin\java.exe
0x00007ff913550000 - 0x00007ff913748000 	C:\WINDOWS\SYSTEM32\ntdll.dll
0x00007ff9119f0000 - 0x00007ff911ab2000 	C:\WINDOWS\System32\KERNEL32.DLL
0x00007ff910ec0000 - 0x00007ff9111be000 	C:\WINDOWS\System32\KERNELBASE.dll
0x00007ff911320000 - 0x00007ff911420000 	C:\WINDOWS\System32\ucrtbase.dll
0x00007ff90a8c0000 - 0x00007ff90a8d9000 	C:\Program Files\Java\jdk-21\bin\jli.dll
0x00007ff9015f0000 - 0x00007ff90160b000 	C:\Program Files\Java\jdk-21\bin\VCRUNTIME140.dll
0x00007ff911930000 - 0x00007ff9119e2000 	C:\WINDOWS\System32\ADVAPI32.dll
0x00007ff911d20000 - 0x00007ff911dbe000 	C:\WINDOWS\System32\msvcrt.dll
0x00007ff9125f0000 - 0x00007ff912690000 	C:\WINDOWS\System32\sechost.dll
0x00007ff912410000 - 0x00007ff912533000 	C:\WINDOWS\System32\RPCRT4.dll
0x00007ff911540000 - 0x00007ff911567000 	C:\WINDOWS\System32\bcrypt.dll
0x00007ff913310000 - 0x00007ff9134ad000 	C:\WINDOWS\System32\USER32.dll
0x00007ff911510000 - 0x00007ff911532000 	C:\WINDOWS\System32\win32u.dll
0x00007ff8fdb10000 - 0x00007ff8fddaa000 	C:\WINDOWS\WinSxS\amd64_microsoft.windows.common-controls_6595b64144ccf1df_6.0.19041.4355_none_60b8b9eb71f62e16\COMCTL32.dll
0x00007ff911640000 - 0x00007ff91166b000 	C:\WINDOWS\System32\GDI32.dll
0x00007ff910da0000 - 0x00007ff910eb7000 	C:\WINDOWS\System32\gdi32full.dll
0x00007ff911470000 - 0x00007ff91150d000 	C:\WINDOWS\System32\msvcp_win.dll
0x00007ff90bbb0000 - 0x00007ff90bbba000 	C:\WINDOWS\SYSTEM32\VERSION.dll
0x00007ff9123e0000 - 0x00007ff91240f000 	C:\WINDOWS\System32\IMM32.DLL
0x00007ff90aa70000 - 0x00007ff90aa7c000 	C:\Program Files\Java\jdk-21\bin\vcruntime140_1.dll
0x00007ff8f1a30000 - 0x00007ff8f1abe000 	C:\Program Files\Java\jdk-21\bin\msvcp140.dll
0x00007ff8cf0a0000 - 0x00007ff8cfdb7000 	C:\Program Files\Java\jdk-21\bin\server\jvm.dll
0x00007ff911b70000 - 0x00007ff911bdb000 	C:\WINDOWS\System32\WS2_32.dll
0x00007ff910a50000 - 0x00007ff910a9b000 	C:\WINDOWS\SYSTEM32\POWRPROF.dll
0x00007ff9016f0000 - 0x00007ff901717000 	C:\WINDOWS\SYSTEM32\WINMM.dll
0x00007ff910a30000 - 0x00007ff910a42000 	C:\WINDOWS\SYSTEM32\UMPDC.dll
0x00007ff90ea30000 - 0x00007ff90ea42000 	C:\WINDOWS\SYSTEM32\kernel.appcore.dll
0x00007ff90a8b0000 - 0x00007ff90a8ba000 	C:\Program Files\Java\jdk-21\bin\jimage.dll
0x00007ff9017d0000 - 0x00007ff9019b4000 	C:\WINDOWS\SYSTEM32\DBGHELP.DLL
0x00007ff900370000 - 0x00007ff9003a4000 	C:\WINDOWS\SYSTEM32\dbgcore.DLL
0x00007ff910d10000 - 0x00007ff910d92000 	C:\WINDOWS\System32\bcryptPrimitives.dll
0x00007ff90a2a0000 - 0x00007ff90a2af000 	C:\Program Files\Java\jdk-21\bin\instrument.dll
0x00007ff9014f0000 - 0x00007ff90150f000 	C:\Program Files\Java\jdk-21\bin\java.dll
0x00007ff912840000 - 0x00007ff912faf000 	C:\WINDOWS\System32\SHELL32.dll
0x00007ff90ec30000 - 0x00007ff90f3d4000 	C:\WINDOWS\SYSTEM32\windows.storage.dll
0x00007ff912fb0000 - 0x00007ff913303000 	C:\WINDOWS\System32\combase.dll
0x00007ff910550000 - 0x00007ff91057e000 	C:\WINDOWS\SYSTEM32\Wldp.dll
0x00007ff911570000 - 0x00007ff91163d000 	C:\WINDOWS\System32\OLEAUT32.dll
0x00007ff912540000 - 0x00007ff9125ed000 	C:\WINDOWS\System32\SHCORE.dll
0x00007ff911750000 - 0x00007ff9117a5000 	C:\WINDOWS\System32\shlwapi.dll
0x00007ff910b20000 - 0x00007ff910b44000 	C:\WINDOWS\SYSTEM32\profapi.dll
0x00007ff8fc310000 - 0x00007ff8fc328000 	C:\Program Files\Java\jdk-21\bin\zip.dll
0x00007ff8fc350000 - 0x00007ff8fc360000 	C:\Program Files\Java\jdk-21\bin\net.dll
0x00007ff90a490000 - 0x00007ff90a59d000 	C:\WINDOWS\SYSTEM32\WINHTTP.dll
0x00007ff910270000 - 0x00007ff9102da000 	C:\WINDOWS\system32\mswsock.dll
0x00007ff8fc330000 - 0x00007ff8fc346000 	C:\Program Files\Java\jdk-21\bin\nio.dll
0x00007ff8fc2c0000 - 0x00007ff8fc2da000 	D:\Program Files\IntelliJ IDEA 2024.2.3\bin\breakgen64.dll
0x00007ff8fc2b0000 - 0x00007ff8fc2b9000 	C:\Program Files\Java\jdk-21\bin\extnet.dll
0x00007ff90ffa0000 - 0x00007ff91006a000 	C:\WINDOWS\SYSTEM32\DNSAPI.dll
0x00007ff90ff60000 - 0x00007ff90ff9b000 	C:\WINDOWS\SYSTEM32\IPHLPAPI.DLL
0x00007ff911be0000 - 0x00007ff911be8000 	C:\WINDOWS\System32\NSI.dll
0x00007ff9039c0000 - 0x00007ff9039ca000 	C:\Windows\System32\rasadhlp.dll
0x00007ff909210000 - 0x00007ff909290000 	C:\WINDOWS\System32\fwpuclnt.dll
0x00007ff8fc270000 - 0x00007ff8fc27a000 	C:\Program Files\Java\jdk-21\bin\management.dll
0x00007ff8fc260000 - 0x00007ff8fc26b000 	C:\Program Files\Java\jdk-21\bin\management_ext.dll
0x00007ff9117b0000 - 0x00007ff9117b8000 	C:\WINDOWS\System32\PSAPI.DLL
0x00007ff9104b0000 - 0x00007ff9104c8000 	C:\WINDOWS\SYSTEM32\CRYPTSP.dll
0x00007ff90fb90000 - 0x00007ff90fbc4000 	C:\WINDOWS\system32\rsaenh.dll
0x00007ff910aa0000 - 0x00007ff910ace000 	C:\WINDOWS\SYSTEM32\USERENV.dll
0x00007ff9104a0000 - 0x00007ff9104ac000 	C:\WINDOWS\SYSTEM32\CRYPTBASE.dll
0x00007ff8e8190000 - 0x00007ff8e81a7000 	C:\WINDOWS\system32\napinsp.dll
0x00007ff8e80f0000 - 0x00007ff8e810b000 	C:\WINDOWS\system32\pnrpnsp.dll
0x00007ff8fbdc0000 - 0x00007ff8fbdd5000 	C:\WINDOWS\system32\wshbth.dll
0x00007ff90d2c0000 - 0x00007ff90d2dd000 	C:\WINDOWS\system32\NLAapi.dll
0x00007ff8e8030000 - 0x00007ff8e8042000 	C:\WINDOWS\System32\winrnr.dll
0x00007ff8fc180000 - 0x00007ff8fc18e000 	C:\Program Files\Java\jdk-21\bin\sunmscapi.dll
0x00007ff9111c0000 - 0x00007ff91131c000 	C:\WINDOWS\System32\CRYPT32.dll
0x00007ff9105c0000 - 0x00007ff9105e7000 	C:\WINDOWS\SYSTEM32\ncrypt.dll
0x00007ff910580000 - 0x00007ff9105bb000 	C:\WINDOWS\SYSTEM32\NTASN1.dll
0x00007ff8fbb60000 - 0x00007ff8fbb70000 	C:\Program Files\Java\jdk-21\bin\verify.dll
0x00007ff8f2420000 - 0x00007ff8f2427000 	C:\WINDOWS\system32\wshunix.dll

dbghelp: loaded successfully - version: 4.0.5 - missing functions: none
symbol engine: initialized successfully - sym options: 0x614 - pdb path: .;C:\Program Files\Java\jdk-21\bin;C:\WINDOWS\SYSTEM32;C:\WINDOWS\WinSxS\amd64_microsoft.windows.common-controls_6595b64144ccf1df_6.0.19041.4355_none_60b8b9eb71f62e16;C:\Program Files\Java\jdk-21\bin\server;D:\Program Files\IntelliJ IDEA 2024.2.3\bin

VM Arguments:
jvm_args: --enable-preview -XX:TieredStopAtLevel=1 -Dspring.output.ansi.enabled=always -Dcom.sun.management.jmxremote -Dspring.jmx.enabled=true -Dspring.liveBeansView.mbeanDomain -Dspring.application.admin.enabled=true -Dmanagement.endpoints.jmx.exposure.include=* -javaagent:D:\Program Files\IntelliJ IDEA 2024.2.3\lib\idea_rt.jar=49806:D:\Program Files\IntelliJ IDEA 2024.2.3\bin -Dfile.encoding=UTF-8 -Dsun.stdout.encoding=UTF-8 -Dsun.stderr.encoding=UTF-8 
java_command: com.PhD_UAE.PhD.PhDApplication
java_class_path (initial): C:\Users\lenovo\Desktop\Phd_back\target\classes;C:\Users\lenovo\.m2\repository\org\springframework\boot\spring-boot-starter-data-jpa\3.3.4\spring-boot-starter-data-jpa-3.3.4.jar;C:\Users\lenovo\.m2\repository\org\springframework\boot\spring-boot-starter-aop\3.3.4\spring-boot-starter-aop-3.3.4.jar;C:\Users\lenovo\.m2\repository\org\aspectj\aspectjweaver\1.9.22.1\aspectjweaver-1.9.22.1.jar;C:\Users\lenovo\.m2\repository\org\springframework\boot\spring-boot-starter-jdbc\3.3.4\spring-boot-starter-jdbc-3.3.4.jar;C:\Users\lenovo\.m2\repository\com\zaxxer\HikariCP\5.1.0\HikariCP-5.1.0.jar;C:\Users\lenovo\.m2\repository\org\springframework\spring-jdbc\6.1.13\spring-jdbc-6.1.13.jar;C:\Users\lenovo\.m2\repository\org\hibernate\orm\hibernate-core\6.5.3.Final\hibernate-core-6.5.3.Final.jar;C:\Users\lenovo\.m2\repository\jakarta\persistence\jakarta.persistence-api\3.1.0\jakarta.persistence-api-3.1.0.jar;C:\Users\lenovo\.m2\repository\jakarta\transaction\jakarta.transaction-api\2.0.1\jakarta.transaction-api-2.0.1.jar;C:\Users\lenovo\.m2\repository\org\jboss\logging\jboss-logging\3.5.3.Final\jboss-logging-3.5.3.Final.jar;C:\Users\lenovo\.m2\repository\org\hibernate\common\hibernate-commons-annotations\6.0.6.Final\hibernate-commons-annotations-6.0.6.Final.jar;C:\Users\lenovo\.m2\repository\io\smallrye\jandex\3.1.2\jandex-3.1.2.jar;C:\Users\lenovo\.m2\repository\com\fasterxml\classmate\1.7.0\classmate-1.7.0.jar;C:\Users\lenovo\.m2\repository\net\bytebuddy\byte-buddy\1.14.19\byte-buddy-1.14.19.jar;C:\Users\lenovo\.m2\repository\org\glassfish\jaxb\jaxb-runtime\4.0.5\jaxb-runtime-4.0.5.jar;C:\Users\lenovo\.m2\repository\org\glassfish\jaxb\jaxb-core\4.0.5\jaxb-core-4.0.5.jar;C:\Users\lenovo\.m2\repository\org\eclipse\angus\angus-activation\2.0.2\angus-activation-2.0.2.jar;C:\Users\lenovo\.m2\repository\org\glassfish\jaxb\txw2\4.0.5\txw2-4.0.5.jar;C:\Users\lenovo\.m2\repository\com\sun\istack\istack-commons-runtime\4.1.2\istack-commons-runtime-4.1.2.jar;C:\Users\lenovo\.m2\repository\jakarta\inject\jakarta.inject-api\2.0.1\jakarta.inject-api-2.0.1.jar;C:\Users\lenovo\.m2\repository\org\antlr\antlr4-runtime\4.13.0\antlr4-runtime-4.13.0.jar;C:\Users\lenovo\.m2\repository\org\springframework\data\spring-data-jpa\3.3.4\spring-data-jpa-3.3.4.jar;C:\Users\lenovo\.m2\repository\org\springframework\data\spring-data-commons\3.3.4\spring-data-commons-3.3.4.jar;C:\Users\lenovo\.m2\repository\org\springframework\spring-orm\6.1.13\spring-orm-6.1.13.jar;C:\Users\lenovo\.m2\repository\org\springframework\spring-context\6.1.13\spring-context-6.1.13.jar;C:\Users\lenovo\.m2\repository\org\springframework\spring-tx\6.1.13\spring-tx-6.1.13.jar;C:\Users\lenovo\.m2\repository\org\springframework\spring-beans\6.1.13\spring-beans-6.1.13.jar;C:\Users\lenovo\.m2\repository\jakarta\annotation\jakarta.annotation-api\2.1.1\jakarta.annotation-api-2.1.1.jar;C:\Users\lenovo\.m2\repository\org\slf4j\slf4j-api\2.0.16\slf4j-api-2.0.16.jar;C:\Users\lenovo\.m2\repository\org\springframework\spring-aspects\6.1.13\spring-aspects-6.1.13.jar;C:\Users\lenovo\.m2\repository\org\springframework\boot\spring-boot-starter-web\3.3.4\spring-boot-starter-web-3.3.4.jar;C:\Users\lenovo\.m2\repository\org\springframework\boot\spring-boot-starter\3.3.4\spring-boot-starter-3.3.4.jar;C:\Users\lenovo\.m2\repository\org\springframework\boot\spring-boot\3.3.4\spring-boot-3.3.4.jar;C:\Users\lenovo\.m2\repository\org\springframework\boot\spring-boot-autoconfigure\3.3.4\spring-boot-autoconfigure-3.3.4.jar;C:\Users\lenovo\.m2\repository\org\springframework\boot\spring-boot-starter-logging\3.3.4\spring-boot-starter-logging-3.3.4.jar;C:\Users\lenovo\.m2\repository\ch\qos\logback\logback-classic\1.5.8\logback-classic-1.5.8.jar;C:\Users\lenovo\.m2\repository\ch\qos\logback\logback-core\1.5.8\logback-core-1.5.8.jar;C:\Users\lenovo\.m2\repository\org\apache\logging\log4j\log4j-to-slf4j\2.23.1\log4j-to-slf4j-2.23.1.jar;C:\Users\lenovo\.m2\repository\org\apache\logging\log4j\log4j-api\2.23.1\log4j-api-2.23.1.jar;C:\Users\lenovo\.m2\repository\org\slf4j\jul-to-slf4j\2.0.16\jul-to-slf4j-2.0.16.jar;C:\Users\lenovo\.m2\repository\org\yaml\snakeyaml\2.2\snakeyaml-2.2.jar;C:\Users\lenovo\.m2\repository\org\springframework\boot\spring-boot-starter-json\3.3.4\spring-boot-starter-json-3.3.4.jar;C:\Users\lenovo\.m2\repository\com\fasterxml\jackson\core\jackson-databind\2.17.2\jackson-databind-2.17.2.jar;C:\Users\lenovo\.m2\repository\com\fasterxml\jackson\core\jackson-annotations\2.17.2\jackson-annotations-2.17.2.jar;C:\Users\lenovo\.m2\repository\com\fasterxml\jackson\core\jackson-core\2.17.2\jackson-core-2.17.2.jar;C:\Users\lenovo\.m2\repository\com\fasterxml\jackson\datatype\jackson-datatype-jdk8\2.17.2\jackson-datatype-jdk8-2.17.2.jar;C:\Users\lenovo\.m2\repository\com\fasterxml\jackson\datatype\jackson-datatype-jsr310\2.17.2\jackson-datatype-jsr310-2.17.2.jar;C:\Users\lenovo\.m2\repository\com\fasterxml\jackson\module\jackson-module-parameter-names\2.17.2\jackson-module-parameter-names-2.17.2.jar;C:\Users\lenovo\.m2\repository\org\springframework\boot\spring-boot-starter-tomcat\3.3.4\spring-boot-starter-tomcat-3.3.4.jar;C:\Users\lenovo\.m2\repository\org\apache\tomcat\embed\tomcat-embed-core\10.1.30\tomcat-embed-core-10.1.30.jar;C:\Users\lenovo\.m2\repository\org\apache\tomcat\embed\tomcat-embed-el\10.1.30\tomcat-embed-el-10.1.30.jar;C:\Users\lenovo\.m2\repository\org\apache\tomcat\embed\tomcat-embed-websocket\10.1.30\tomcat-embed-websocket-10.1.30.jar;C:\Users\lenovo\.m2\repository\org\springframework\spring-web\6.1.13\spring-web-6.1.13.jar;C:\Users\lenovo\.m2\repository\io\micrometer\micrometer-observation\1.13.4\micrometer-observation-1.13.4.jar;C:\Users\lenovo\.m2\repository\io\micrometer\micrometer-commons\1.13.4\micrometer-commons-1.13.4.jar;C:\Users\lenovo\.m2\repository\org\springframework\spring-webmvc\6.1.13\spring-webmvc-6.1.13.jar;C:\Users\lenovo\.m2\repository\org\springframework\spring-expression\6.1.13\spring-expression-6.1.13.jar;C:\Users\lenovo\.m2\repository\com\mysql\mysql-connector-j\8.3.0\mysql-connector-j-8.3.0.jar;C:\Users\lenovo\.m2\repository\org\projectlombok\lombok\1.18.34\lombok-1.18.34.jar;C:\Users\lenovo\.m2\repository\jakarta\xml\bind\jakarta.xml.bind-api\4.0.2\jakarta.xml.bind-api-4.0.2.jar;C:\Users\lenovo\.m2\repository\jakarta\activation\jakarta.activation-api\2.1.3\jakarta.activation-api-2.1.3.jar;C:\Users\lenovo\.m2\repository\org\springframework\spring-core\6.1.13\spring-core-6.1.13.jar;C:\Users\lenovo\.m2\repository\org\springframework\spring-jcl\6.1.13\spring-jcl-6.1.13.jar;C:\Users\lenovo\.m2\repository\org\springframework\boot\spring-boot-starter-security\3.3.4\spring-boot-starter-security-3.3.4.jar;C:\Users\lenovo\.m2\repository\org\springframework\spring-aop\6.1.13\spring-aop-6.1.13.jar;C:\Users\lenovo\.m2\repository\org\springframework\security\spring-security-config\6.3.3\spring-security-config-6.3.3.jar;C:\Users\lenovo\.m2\repository\org\springframework\security\spring-security-core\6.3.3\spring-security-core-6.3.3.jar;C:\Users\lenovo\.m2\repository\org\springframework\security\spring-security-crypto\6.3.3\spring-security-crypto-6.3.3.jar;C:\Users\lenovo\.m2\repository\org\springframework\security\spring-security-web\6.3.3\spring-security-web-6.3.3.jar
Launcher Type: SUN_STANDARD

[Global flags]
     intx CICompilerCount                          = 4                                         {product} {ergonomic}
     uint ConcGCThreads                            = 2                                         {product} {ergonomic}
     uint G1ConcRefinementThreads                  = 8                                         {product} {ergonomic}
   size_t G1HeapRegionSize                         = 1048576                                   {product} {ergonomic}
    uintx GCDrainStackTargetSize                   = 64                                        {product} {ergonomic}
   size_t InitialHeapSize                          = 132120576                                 {product} {ergonomic}
     bool ManagementServer                         = true                                      {product} {command line}
   size_t MarkStackSize                            = 4194304                                   {product} {ergonomic}
   size_t MaxHeapSize                              = 2113929216                                {product} {ergonomic}
   size_t MaxNewSize                               = 1267728384                                {product} {ergonomic}
   size_t MinHeapDeltaBytes                        = 1048576                                   {product} {ergonomic}
   size_t MinHeapSize                              = 8388608                                   {product} {ergonomic}
    uintx NonNMethodCodeHeapSize                   = 4096                                   {pd product} {ergonomic}
    uintx NonProfiledCodeHeapSize                  = 0                                      {pd product} {ergonomic}
     bool ProfileInterpreter                       = false                                  {pd product} {command line}
    uintx ProfiledCodeHeapSize                     = 0                                      {pd product} {ergonomic}
   size_t SoftMaxHeapSize                          = 2113929216                             {manageable} {ergonomic}
     intx TieredStopAtLevel                        = 1                                         {product} {command line}
     bool UseCompressedOops                        = true                           {product lp64_product} {ergonomic}
     bool UseG1GC                                  = true                                      {product} {ergonomic}
     bool UseLargePagesIndividualAllocation        = false                                  {pd product} {ergonomic}

Logging:
Log output configuration:
 #0: stdout all=warning uptime,level,tags foldmultilines=false
 #1: stderr all=off uptime,level,tags foldmultilines=false

Environment Variables:
PATH=C:\Users\lenovo\AppData\Local\Programs\Python\Python312\Scripts\;C:\Users\lenovo\AppData\Local\Programs\Python\Python312\;C:\Program Files\Common Files\Oracle\Java\javapath;C:\oraclexe\app\oracle\product\11.2.0\server\bin;C:\ProgramData\watcom-1.3\binnt;C:\ProgramData\watcom-1.3\binw;C:\watcom-1.3\binnt;C:\watcom-1.3\binw;C:\WINDOWS\system32;C:\WINDOWS;C:\WINDOWS\System32\Wbem;C:\WINDOWS\System32\WindowsPowerShell\v1.0\;C:\WINDOWS\System32\OpenSSH\;C:\Program Files\MySQL\MySQL Server 5.5\bin;C:\MinGW\bin;C:\ProgramData\chocolatey\bin;C:\xampp\php;C:\Program Files\MongoDB\Server\7.0;C:\Program Files\Apache Software Foundation\Tomcat 11.0\bin;C:\Program Files\Git\cmd;C:\Program Files\PowerShell\7\;D:\Program Files\heroku\bin;C:\Program Files\Docker\Docker\resources\bin;D:\Program Files\apache-maven-3.9.9\bin;C:\Users\lenovo\AppData\Roaming\nvm;C:\Program Files\nodejs;C:\Users\lenovo\AppData\Local\Programs\Python\Python312\Scripts\;C:\Users\lenovo\AppData\Local\Programs\Python\Python312\;C:\Users\lenovo\AppData\Local\Programs\Python\Launcher\;C:\Users\lenovo\AppData\Local\Microsoft\WindowsApps;C:\Users\lenovo\Downloads\GnuWin32\GnuWin32\bin;C:\Program Files (x86)\GnuWin32\bin;C:\MinGW\bin;C:\MinGW\msys\1.0\bin;C:\MinGW\bin;C:\Users\lenovo\AppData\Local\Programs\Microsoft VS Code\bin;C:\Program Files\JetBrains\IntelliJ IDEA Community Edition 2023.3.4\bin;;C:\Users\lenovo\Downloads\java;C:\xampp\php;C:\Users\lenovo\AppData\Local\ComposerSetup\bin;C:\Users\lenovo\AppData\Roaming\Composer\vendor\bin;C:\Program Files\Java\jdk-21\bin;D:\Program Files\IntelliJ IDEA 2024.2.3\bin;;D:\Program Files\heroku\bin;C:\Program Files\Docker\Docker\resources\bin;C:\Users\lenovo\AppData\Roaming\npm;C:\Users\lenovo\AppData\Roaming\nvm;C:\Program Files\nodejs
USERNAME=lenovo
OS=Windows_NT
PROCESSOR_IDENTIFIER=Intel64 Family 6 Model 142 Stepping 10, GenuineIntel
TMP=C:\Users\lenovo\AppData\Local\Temp
TEMP=C:\Users\lenovo\AppData\Local\Temp




Periodic native trim disabled

---------------  S Y S T E M  ---------------

OS:
 Windows 10 , 64 bit Build 19041 (10.0.19041.4957)
OS uptime: 0 days 20:14 hours
Hyper-V role detected

CPU: total 8 (initial active 8) (4 cores per cpu, 2 threads per core) family 6 model 142 stepping 10 microcode 0xb4, cx8, cmov, fxsr, ht, mmx, 3dnowpref, sse, sse2, sse3, ssse3, sse4.1, sse4.2, popcnt, lzcnt, tsc, tscinvbit, avx, avx2, aes, erms, clmul, bmi1, bmi2, adx, fma, vzeroupper, clflush, clflushopt, hv, rdtscp, f16c
Processor Information for all 8 processors :
  Max Mhz: 1801, Current Mhz: 1801, Mhz Limit: 1801

Memory: 4k page, system-wide physical 8058M (654M free)
TotalPageFile size 10106M (AvailPageFile size 11M)
current process WorkingSet (physical memory assigned to process): 217M, peak: 217M
current process commit charge ("private bytes"): 257M, peak: 269M

vm_info: Java HotSpot(TM) 64-Bit Server VM (21.0.2+13-LTS-58) for windows-amd64 JRE (21.0.2+13-LTS-58), built on 2024-01-05T18:32:24Z by "mach5one" with MS VC++ 17.1 (VS2022)

END.
