#
# There is insufficient memory for the Java Runtime Environment to continue.
# Native memory allocation (mmap) failed to map 65536 bytes for Failed to commit metaspace.
# Possible reasons:
#   The system is out of physical RAM or swap space
#   The process is running with CompressedOops enabled, and the Java Heap may be blocking the growth of the native heap
# Possible solutions:
#   Reduce memory load on the system
#   Increase physical memory or swap space
#   Check if swap backing store is full
#   Decrease Java heap size (-Xmx/-Xms)
#   Decrease number of Java threads
#   Decrease Java thread stack sizes (-Xss)
#   Set larger code cache with -XX:ReservedCodeCacheSize=
#   JVM is running with Unscaled Compressed Oops mode in which the Java heap is
#     placed in the first 4GB address space. The Java Heap base address is the
#     maximum limit for the native heap growth. Please use -XX:HeapBaseMinAddress
#     to set the Java Heap base and to place the Java Heap above 4GB virtual address.
# This output file may be truncated or incomplete.
#
#  Out of Memory Error (virtualSpaceNode.cpp:112), pid=5284, tid=22316
#
# JRE version: Java(TM) SE Runtime Environment (21.0.2+13) (build 21.0.2+13-LTS-58)
# Java VM: Java HotSpot(TM) 64-Bit Server VM (21.0.2+13-LTS-58, mixed mode, sharing, tiered, compressed oops, compressed class ptrs, g1 gc, windows-amd64)
# No core dump will be written. Minidumps are not enabled by default on client versions of Windows
#

---------------  S U M M A R Y ------------

Command Line: --enable-preview -javaagent:D:\Program Files\IntelliJ IDEA 2024.2.3\lib\idea_rt.jar=60540:D:\Program Files\IntelliJ IDEA 2024.2.3\bin -Dfile.encoding=UTF-8 -Dsun.stdout.encoding=UTF-8 -Dsun.stderr.encoding=UTF-8 com.PhD_UAE.PhD.PhDApplication

Host: Intel(R) Core(TM) i5-8250U CPU @ 1.60GHz, 8 cores, 7G,  Windows 10 , 64 bit Build 19041 (10.0.19041.4957)
Time: Sun Nov  3 17:23:49 2024 Maroc (heure d64 bit Build 19041 (10.0.19041.4957) elapsed time: 1.425978 seconds (0d 0h 0m 1s)

---------------  T H R E A D  ---------------

Current thread (0x000002598044ce60):  JavaThread "background-preinit"        [_thread_in_vm, id=22316, stack(0x000000b2c3400000,0x000000b2c3500000) (1024K)]

Stack: [0x000000b2c3400000,0x000000b2c3500000]
Native frames: (J=compiled Java code, j=interpreted, Vv=VM code, C=native code)
V  [jvm.dll+0x6cade9]
V  [jvm.dll+0x8569c1]
V  [jvm.dll+0x858d2e]
V  [jvm.dll+0x859413]
V  [jvm.dll+0x280e56]
V  [jvm.dll+0x8526ee]
V  [jvm.dll+0x66e705]
V  [jvm.dll+0x1e68cc]
V  [jvm.dll+0x1e669e]
V  [jvm.dll+0x67104c]
V  [jvm.dll+0x670e62]
V  [jvm.dll+0x66f0de]
V  [jvm.dll+0x26b47f]
V  [jvm.dll+0x679305]
V  [jvm.dll+0x217b73]
V  [jvm.dll+0x2180b5]
V  [jvm.dll+0x218ad1]
V  [jvm.dll+0x20dd9e]
V  [jvm.dll+0x5ad3dc]
V  [jvm.dll+0x7cf5e6]
V  [jvm.dll+0x470270]
V  [jvm.dll+0x475ef8]
C  [java.dll+0x17ec]

Java frames: (J=compiled Java code, j=interpreted, Vv=VM code)
J 1036  java.lang.ClassLoader.defineClass1(Ljava/lang/ClassLoader;Ljava/lang/String;[BIILjava/security/ProtectionDomain;Ljava/lang/String;)Ljava/lang/Class; java.base@21.0.2 (0 bytes) @ 0x00000259ad512d11 [0x00000259ad512c40+0x00000000000000d1]
J 1200 c1 java.lang.ClassLoader.defineClass(Ljava/lang/String;[BIILjava/security/ProtectionDomain;)Ljava/lang/Class; java.base@21.0.2 (43 bytes) @ 0x00000259a5bec7fc [0x00000259a5bec4a0+0x000000000000035c]
J 1183 c1 java.security.SecureClassLoader.defineClass(Ljava/lang/String;[BIILjava/security/CodeSource;)Ljava/lang/Class; java.base@21.0.2 (16 bytes) @ 0x00000259a5be539c [0x00000259a5be52c0+0x00000000000000dc]
J 1088 c1 jdk.internal.loader.BuiltinClassLoader.defineClass(Ljava/lang/String;Ljdk/internal/loader/Resource;)Ljava/lang/Class; java.base@21.0.2 (121 bytes) @ 0x00000259a5bbeb44 [0x00000259a5bbdbc0+0x0000000000000f84]
J 971 c1 jdk.internal.loader.BuiltinClassLoader.findClassOnClassPathOrNull(Ljava/lang/String;)Ljava/lang/Class; java.base@21.0.2 (64 bytes) @ 0x00000259a5b86324 [0x00000259a5b85620+0x0000000000000d04]
J 483 c1 jdk.internal.loader.BuiltinClassLoader.loadClassOrNull(Ljava/lang/String;Z)Ljava/lang/Class; java.base@21.0.2 (143 bytes) @ 0x00000259a5a8e944 [0x00000259a5a8dee0+0x0000000000000a64]
J 769 c1 jdk.internal.loader.ClassLoaders$AppClassLoader.loadClass(Ljava/lang/String;Z)Ljava/lang/Class; java.base@21.0.2 (40 bytes) @ 0x00000259a5b13d44 [0x00000259a5b13b60+0x00000000000001e4]
J 768 c1 java.lang.ClassLoader.loadClass(Ljava/lang/String;)Ljava/lang/Class; java.base@21.0.2 (7 bytes) @ 0x00000259a5b13854 [0x00000259a5b13740+0x0000000000000114]
v  ~StubRoutines::call_stub 0x00000259acf1100d
j  com.fasterxml.jackson.databind.ObjectMapper.<init>(Lcom/fasterxml/jackson/core/JsonFactory;Lcom/fasterxml/jackson/databind/ser/DefaultSerializerProvider;Lcom/fasterxml/jackson/databind/deser/DefaultDeserializationContext;)V+274
j  com.fasterxml.jackson.databind.ObjectMapper.<init>()V+4
j  org.springframework.http.converter.json.Jackson2ObjectMapperBuilder.build()Lcom/fasterxml/jackson/databind/ObjectMapper;+81
j  org.springframework.http.converter.json.MappingJackson2HttpMessageConverter.<init>()V+4
j  org.springframework.http.converter.support.AllEncompassingFormHttpMessageConverter.<init>()V+55
j  org.springframework.boot.autoconfigure.BackgroundPreinitializer$MessageConverterInitializer.run()V+4
j  org.springframework.boot.autoconfigure.BackgroundPreinitializer$1.runSafely(Ljava/lang/Runnable;)Z+1
j  org.springframework.boot.autoconfigure.BackgroundPreinitializer$1.run()V+32
j  java.lang.Thread.runWith(Ljava/lang/Object;Ljava/lang/Runnable;)V+5 java.base@21.0.2
j  java.lang.Thread.run()V+19 java.base@21.0.2
v  ~StubRoutines::call_stub 0x00000259acf1100d

Compiled method (n/a)    1448 1036     n 0       java.lang.ClassLoader::defineClass1 (native)
 total in heap  [0x00000259ad512a90,0x00000259ad5130f0] = 1632
 relocation     [0x00000259ad512bf0,0x00000259ad512c28] = 56
 main code      [0x00000259ad512c40,0x00000259ad5130ef] = 1199
 stub code      [0x00000259ad5130ef,0x00000259ad5130f0] = 1

[Constant Pool (empty)]

[MachCode]
[Entry Point]
  # {method} {0x00000259ba43cd80} 'defineClass1' '(Ljava/lang/ClassLoader;Ljava/lang/String;[BIILjava/security/ProtectionDomain;Ljava/lang/String;)Ljava/lang/Class;' in 'java/lang/ClassLoader'
  # parm0:    rdx:rdx   = 'java/lang/ClassLoader'
  # parm1:    r8:r8     = 'java/lang/String'
  # parm2:    r9:r9     = '[B'
  # parm3:    rdi       = int
  # parm4:    rsi       = int
  # parm5:    rcx:rcx   = 'java/security/ProtectionDomain'
  # parm6:    [sp+0xa0]   = 'java/lang/String'  (sp of caller)
  0x00000259ad512c40: 448b 5208 | 49bb 0000 | 00ba 5902 | 0000 4d03 | d349 3bc2 | 0f84 0600 

  0x00000259ad512c58: ;   {runtime_call ic_miss_stub}
  0x00000259ad512c58: 0000 e921 | bba4 ff90 
[Verified Entry Point]
  0x00000259ad512c60: 8984 2400 | 80ff ff55 | 488b ec48 | 81ec 9000 | 0000 6690 | 4181 7f20 | 0100 0000 

  0x00000259ad512c7c: ;   {runtime_call StubRoutines (final stubs)}
  0x00000259ad512c7c: 7405 e8dd | 20a3 ff48 | 837d 1000 | 488d 4510 | 480f 4445 | 1048 8944 | 2440 4889 | 4c24 7048 
  0x00000259ad512c9c: 83f9 0048 | 8d44 2470 | 480f 4444 | 2470 4889 | 4424 3848 | 8974 2430 | 4889 7c24 | 284c 894c 
  0x00000259ad512cbc: 2458 4983 | f900 488d | 4424 5848 | 0f44 4424 | 5848 8944 | 2420 4c89 | 4424 5049 | 83f8 004c 
  0x00000259ad512cdc: 8d4c 2450 | 4c0f 444c | 2450 4889 | 5424 4848 | 83fa 004c | 8d44 2448 | 4c0f 4444 

  0x00000259ad512cf8: ;   {oop(a 'java/lang/Class'{0x000000008242ab10} = 'java/lang/ClassLoader')}
  0x00000259ad512cf8: 2448 49be | 10ab 4282 | 0000 0000 | 4c89 7424 | 784c 8d74 | 2478 498b | d6c5 f877 

  0x00000259ad512d14: ;   {internal_word}
  0x00000259ad512d14: 49ba 112d | 51ad 5902 | 0000 4d89 | 97a0 0300 | 0049 89a7 | 9803 0000 

  0x00000259ad512d2c: ;   {external_word}
  0x00000259ad512d2c: 49ba f945 | 2429 fa7f | 0000 4180 | 3a00 0f84 | 4e00 0000 | 5241 5041 

  0x00000259ad512d44: ;   {metadata({method} {0x00000259ba43cd80} 'defineClass1' '(Ljava/lang/ClassLoader;Ljava/lang/String;[BIILjava/security/ProtectionDomain;Ljava/lang/String;)Ljava/lang/Class;' in 'java/lang/ClassLoader')}
  0x00000259ad512d44: 5148 ba78 | cd43 ba59 | 0200 0049 | 8bcf 4883 | ec20 40f6 | c40f 0f84 | 1900 0000 | 4883 ec08 
  0x00000259ad512d64: ;   {runtime_call}
  0x00000259ad512d64: 48b8 4009 | d528 fa7f | 0000 ffd0 | 4883 c408 | e90c 0000 

  0x00000259ad512d78: ;   {runtime_call}
  0x00000259ad512d78: 0048 b840 | 09d5 28fa | 7f00 00ff | d048 83c4 | 2041 5941 | 585a 498d | 8fb8 0300 | 0041 c787 
  0x00000259ad512d98: 4c04 0000 | 0400 0000 

  0x00000259ad512da0: ;   {runtime_call}
  0x00000259ad512da0: 48b8 ac16 | 724f fa7f | 0000 ffd0 | c5f8 7741 | c787 4c04 | 0000 0500 | 0000 f083 | 4424 c000 
  0x00000259ad512dc0: 493b af50 | 0400 000f | 870e 0000 | 0041 83bf | 4804 0000 | 000f 842b | 0000 00c5 | f877 4889 
  0x00000259ad512de0: 45f8 498b | cf4c 8be4 | 4883 ec20 | 4883 e4f0 

  0x00000259ad512df0: ;   {runtime_call}
  0x00000259ad512df0: 48b8 d0c3 | a028 fa7f | 0000 ffd0 | 498b e44d | 33e4 488b | 45f8 41c7 | 874c 0400 | 0008 0000 
  0x00000259ad512e10: 0041 83bf | c804 0000 | 020f 84a3 

  0x00000259ad512e1c: ;   {external_word}
  0x00000259ad512e1c: 0200 0049 | baf9 4524 | 29fa 7f00 | 0041 803a | 000f 844c | 0000 0048 

  0x00000259ad512e34: ;   {metadata({method} {0x00000259ba43cd80} 'defineClass1' '(Ljava/lang/ClassLoader;Ljava/lang/String;[BIILjava/security/ProtectionDomain;Ljava/lang/String;)Ljava/lang/Class;' in 'java/lang/ClassLoader')}
  0x00000259ad512e34: 8945 f848 | ba78 cd43 | ba59 0200 | 0049 8bcf | 4883 ec20 | 40f6 c40f | 0f84 1900 | 0000 4883 
  0x00000259ad512e54: ;   {runtime_call}
  0x00000259ad512e54: ec08 48b8 | 4009 d528 | fa7f 0000 | ffd0 4883 | c408 e90c 

  0x00000259ad512e68: ;   {runtime_call}
  0x00000259ad512e68: 0000 0048 | b840 09d5 | 28fa 7f00 | 00ff d048 | 83c4 2048 | 8b45 f849 | c787 9803 | 0000 0000 
  0x00000259ad512e88: 0000 49c7 | 87a0 0300 | 0000 0000 | 00c5 f877 | 4885 c00f | 84fe 0100 | 00a8 030f | 8508 0000 
  0x00000259ad512ea8: 0048 8b00 | e9ee 0100 | 00a8 010f | 8509 0000 | 0048 8b40 | fee9 dd01 | 0000 488b | 40ff 4180 
  0x00000259ad512ec8: 7f40 000f | 84ce 0100 | 0048 83f8 | 000f 84c4 | 0100 0049 | 8b4f 2848 | 83f9 000f | 8414 0000 
  0x00000259ad512ee8: 0048 83e9 | 0849 894f | 2849 034f | 3848 8901 | e9a2 0100 | 0048 81ec | d000 0000 | 4889 0424 
  0x00000259ad512f08: 4889 4c24 | 0848 8954 | 2410 4889 | 7424 1848 | 897c 2420 | 4c89 4424 | 284c 894c | 2430 4c89 
  0x00000259ad512f28: 5424 384c | 895c 2440 | c5fb 1144 | 2450 c5fb | 114c 2458 | c5fb 1154 | 2460 c5fb | 115c 2468 
  0x00000259ad512f48: c5fb 1164 | 2470 c5fb | 116c 2478 | c5fb 11b4 | 2480 0000 | 00c5 fb11 | bc24 8800 | 0000 c57b 
  0x00000259ad512f68: ;   {no_reloc}
  0x00000259ad512f68: 1184 2490 | 0000 00c5 | 7b11 8c24 | 9800 0000 | c57b 1194 | 24a0 0000 | 00c5 7b11 | 9c24 a800 
  0x00000259ad512f88: 0000 c57b | 11a4 24b0 | 0000 00c5 | 7b11 ac24 | b800 0000 | c57b 11b4 | 24c0 0000 | 00c5 7b11 
  0x00000259ad512fa8: bc24 c800 | 0000 498b | d748 8bc8 | 4883 ec20 | 40f6 c40f | 0f84 1900 | 0000 4883 

  0x00000259ad512fc4: ;   {runtime_call}
  0x00000259ad512fc4: ec08 48b8 | 9026 9428 | fa7f 0000 | ffd0 4883 | c408 e90c 

  0x00000259ad512fd8: ;   {runtime_call}
  0x00000259ad512fd8: 0000 0048 | b890 2694 | 28fa 7f00 | 00ff d048 | 83c4 20c5 | 7b10 bc24 | c800 0000 | c57b 10b4 
  0x00000259ad512ff8: 24c0 0000 | 00c5 7b10 | ac24 b800 | 0000 c57b | 10a4 24b0 | 0000 00c5 | 7b10 9c24 | a800 0000 
  0x00000259ad513018: c57b 1094 | 24a0 0000 | 00c5 7b10 | 8c24 9800 | 0000 c57b | 1084 2490 | 0000 00c5 | fb10 bc24 
  0x00000259ad513038: 8800 0000 | c5fb 10b4 | 2480 0000 | 00c5 fb10 | 6c24 78c5 | fb10 6424 | 70c5 fb10 | 5c24 68c5 
  0x00000259ad513058: fb10 5424 | 60c5 fb10 | 4c24 58c5 | fb10 4424 | 504c 8b5c | 2440 4c8b | 5424 384c | 8b4c 2430 
  0x00000259ad513078: 4c8b 4424 | 2848 8b7c | 2420 488b | 7424 1848 | 8b54 2410 | 488b 4c24 | 0848 8b04 | 2448 81c4 
  0x00000259ad513098: d000 0000 | c5f8 7749 | 8b8f 2804 | 0000 c781 | 0001 0000 | 0000 0000 | c949 837f | 0800 0f85 
  0x00000259ad5130b8: 0100 0000 

  0x00000259ad5130bc: ;   {runtime_call StubRoutines (initial stubs)}
  0x00000259ad5130bc: c3e9 3ede | 9fff c5f8 | 7748 8945 | f84c 8be4 | 4883 ec20 | 4883 e4f0 

  0x00000259ad5130d4: ;   {runtime_call}
  0x00000259ad5130d4: 48b8 7041 | d528 fa7f | 0000 ffd0 | 498b e44d | 33e4 488b | 45f8 e930 | fdff fff4 
[/MachCode]


Compiled method (c1)    1457 1200       3       java.lang.ClassLoader::defineClass (43 bytes)
 total in heap  [0x00000259a5bec290,0x00000259a5becbe8] = 2392
 relocation     [0x00000259a5bec3f0,0x00000259a5bec490] = 160
 main code      [0x00000259a5bec4a0,0x00000259a5bec940] = 1184
 stub code      [0x00000259a5bec940,0x00000259a5bec9b8] = 120
 metadata       [0x00000259a5bec9b8,0x00000259a5bec9e8] = 48
 scopes data    [0x00000259a5bec9e8,0x00000259a5becad8] = 240
 scopes pcs     [0x00000259a5becad8,0x00000259a5becbb8] = 224
 dependencies   [0x00000259a5becbb8,0x00000259a5becbc0] = 8
 nul chk table  [0x00000259a5becbc0,0x00000259a5becbe8] = 40

[Constant Pool (empty)]

[MachCode]
[Entry Point]
  # {method} {0x00000259ba43d100} 'defineClass' '(Ljava/lang/String;[BIILjava/security/ProtectionDomain;)Ljava/lang/Class;' in 'java/lang/ClassLoader'
  # this:     rdx:rdx   = 'java/lang/ClassLoader'
  # parm0:    r8:r8     = 'java/lang/String'
  # parm1:    r9:r9     = '[B'
  # parm2:    rdi       = int
  # parm3:    rsi       = int
  # parm4:    rcx:rcx   = 'java/security/ProtectionDomain'
  #           [sp+0xc0]  (sp of caller)
  0x00000259a5bec4a0: 448b 5208 | 49bb 0000 | 00ba 5902 | 0000 4d03 | d34c 3bd0 

  0x00000259a5bec4b4: ;   {runtime_call ic_miss_stub}
  0x00000259a5bec4b4: 0f85 c622 | 3707 660f | 1f44 0000 
[Verified Entry Point]
  0x00000259a5bec4c0: 8984 2400 | 80ff ff55 | 4881 ecb0 | 0000 0090 | 4181 7f20 | 0100 0000 

  0x00000259a5bec4d8: ;   {runtime_call StubRoutines (final stubs)}
  0x00000259a5bec4d8: 7405 e881 | 8835 0748 | 8954 2478 

  0x00000259a5bec4e4: ;   {metadata(method data for {method} {0x00000259ba43d100} 'defineClass' '(Ljava/lang/String;[BIILjava/security/ProtectionDomain;)Ljava/lang/Class;' in 'java/lang/ClassLoader')}
  0x00000259a5bec4e4: 48bb 504a | 2bfb 5902 | 0000 8b83 | cc00 0000 | 83c0 0289 | 83cc 0000 | 0025 fe07 | 0000 85c0 
  0x00000259a5bec504: 0f84 5803 | 0000 89b4 | 2494 0000 | 0089 bc24 | 9000 0000 | 4c89 8c24 | 8800 0000 

  0x00000259a5bec520: ;   {metadata(method data for {method} {0x00000259ba43d100} 'defineClass' '(Ljava/lang/String;[BIILjava/security/ProtectionDomain;)Ljava/lang/Class;' in 'java/lang/ClassLoader')}
  0x00000259a5bec520: 488b da48 | b850 4a2b | fb59 0200 | 0048 8380 | 1001 0000 | 0149 8bd8 | 4c8b c34c | 8bc9 488b 
  0x00000259a5bec540: ca48 8bd1 | 4889 9c24 | 8000 0000 

  0x00000259a5bec54c: ;   {optimized virtual_call}
  0x00000259a5bec54c: 6666 90e8 

  0x00000259a5bec550: ; ImmutableOopMap {[120]=Oop [128]=Oop [136]=Oop }
                      ;*invokevirtual preDefineClass {reexecute=0 rethrow=0 return_oop=0}
                      ; - java.lang.ClassLoader::defineClass@4 (line 1025)
  0x00000259a5bec550: 4c0a 0000 

  0x00000259a5bec554: ;   {other}
  0x00000259a5bec554: 0f1f 8400 | c402 0000 | 4889 8424 | 9800 0000 | 488b 5424 

  0x00000259a5bec568: ;   {metadata(method data for {method} {0x00000259ba43d100} 'defineClass' '(Ljava/lang/String;[BIILjava/security/ProtectionDomain;)Ljava/lang/Class;' in 'java/lang/ClassLoader')}
  0x00000259a5bec568: 7849 b850 | 4a2b fb59 | 0200 0049 | 8380 4801 

  0x00000259a5bec578: ;   {metadata(method data for {method} {0x00000259ba43cde8} 'defineClassSourceLocation' '(Ljava/security/ProtectionDomain;)Ljava/lang/String;' in 'java/lang/ClassLoader')}
  0x00000259a5bec578: 0000 0149 | b8e8 552b | fb59 0200 | 0041 8b90 | cc00 0000 | 83c2 0241 | 8990 cc00 | 0000 81e2 
  0x00000259a5bec598: feff 1f00 | 85d2 0f84 | df02 0000 

  0x00000259a5bec5a4: ; implicit exception: dispatches to 0x00000259a5bec8a4
  0x00000259a5bec5a4: 483b 004c 

  0x00000259a5bec5a8: ;   {metadata(method data for {method} {0x00000259ba43cde8} 'defineClassSourceLocation' '(Ljava/security/ProtectionDomain;)Ljava/lang/String;' in 'java/lang/ClassLoader')}
  0x00000259a5bec5a8: 8bc0 48ba | e855 2bfb | 5902 0000 | 4883 8210 | 0100 0001 | 448b 4010 

  0x00000259a5bec5c0: ;   {metadata(method data for {method} {0x00000259ba43cde8} 'defineClassSourceLocation' '(Ljava/security/ProtectionDomain;)Ljava/lang/String;' in 'java/lang/ClassLoader')}
  0x00000259a5bec5c0: 4d85 c048 | bae8 552b | fb59 0200 | 0048 be58 | 0100 0000 | 0000 0075 | 0a48 be48 | 0100 0000 
  0x00000259a5bec5e0: 0000 0048 | 8b3c 3248 | 8d7f 0148 | 893c 320f | 850f 0000 

  0x00000259a5bec5f4: ;   {oop(nullptr)}
  0x00000259a5bec5f4: 0048 bb00 | 0000 0000 | 0000 00e9 | a301 0000 

  0x00000259a5bec604: ; implicit exception: dispatches to 0x00000259a5bec8a9
  0x00000259a5bec604: 493b 0049 

  0x00000259a5bec608: ;   {metadata(method data for {method} {0x00000259ba43cde8} 'defineClassSourceLocation' '(Ljava/security/ProtectionDomain;)Ljava/lang/String;' in 'java/lang/ClassLoader')}
  0x00000259a5bec608: 8bd0 48be | e855 2bfb | 5902 0000 | 4883 8668 | 0100 0001 | 418b 500c 

  0x00000259a5bec620: ;   {metadata(method data for {method} {0x00000259ba43cde8} 'defineClassSourceLocation' '(Ljava/security/ProtectionDomain;)Ljava/lang/String;' in 'java/lang/ClassLoader')}
  0x00000259a5bec620: 4885 d248 | bee8 552b | fb59 0200 | 0048 bfb0 | 0100 0000 | 0000 0075 | 0a48 bfa0 | 0100 0000 
  0x00000259a5bec640: 0000 0048 | 8b1c 3e48 | 8d5b 0148 | 891c 3e0f | 850f 0000 

  0x00000259a5bec654: ;   {oop(nullptr)}
  0x00000259a5bec654: 0048 bb00 | 0000 0000 | 0000 00e9 | 4301 0000 

  0x00000259a5bec664: ;   {metadata(method data for {method} {0x00000259ba43cde8} 'defineClassSourceLocation' '(Ljava/security/ProtectionDomain;)Ljava/lang/String;' in 'java/lang/ClassLoader')}
  0x00000259a5bec664: 48be e855 | 2bfb 5902 | 0000 4883 | 86c0 0100 | 0001 483b | 024c 8bc2 

  0x00000259a5bec67c: ;   {metadata(method data for {method} {0x00000259ba43cde8} 'defineClassSourceLocation' '(Ljava/security/ProtectionDomain;)Ljava/lang/String;' in 'java/lang/ClassLoader')}
  0x00000259a5bec67c: 48be e855 | 2bfb 5902 | 0000 4883 | 86f8 0100 

  0x00000259a5bec68c: ;   {metadata(method data for {method} {0x00000259ba01aa98} 'toString' '()Ljava/lang/String;' in 'java/net/URL')}
  0x00000259a5bec68c: 0001 49b8 | 48a0 1bfb | 5902 0000 | 418b b0cc | 0000 0083 | c602 4189 | b0cc 0000 | 0081 e6fe 
  0x00000259a5bec6ac: ff1f 0085 | f60f 84fc | 0100 004c 

  0x00000259a5bec6b8: ;   {metadata(method data for {method} {0x00000259ba01aa98} 'toString' '()Ljava/lang/String;' in 'java/net/URL')}
  0x00000259a5bec6b8: 8bc2 48be | 48a0 1bfb | 5902 0000 | 4883 8610 | 0100 0001 

  0x00000259a5bec6cc: ;   {metadata(method data for {method} {0x00000259ba430a00} 'toExternalForm' '()Ljava/lang/String;' in 'java/net/URL')}
  0x00000259a5bec6cc: 49b8 d0a1 | 1bfb 5902 | 0000 418b | b0cc 0000 | 0083 c602 | 4189 b0cc | 0000 0081 | e6fe ff1f 
  0x00000259a5bec6ec: 0085 f60f | 84df 0100 | 008b 7238 

  0x00000259a5bec6f8: ; implicit exception: dispatches to 0x00000259a5bec8f5
  0x00000259a5bec6f8: 483b 064c 

  0x00000259a5bec6fc: ;   {metadata(method data for {method} {0x00000259ba430a00} 'toExternalForm' '()Ljava/lang/String;' in 'java/net/URL')}
  0x00000259a5bec6fc: 8bc6 48bf | d0a1 1bfb | 5902 0000 | 458b 4008 | 49ba 0000 | 00ba 5902 | 0000 4d03 | c24c 3b87 
  0x00000259a5bec71c: 2001 0000 | 750d 4883 | 8728 0100 | 0001 e960 | 0000 004c | 3b87 3001 | 0000 750d | 4883 8738 
  0x00000259a5bec73c: 0100 0001 | e94a 0000 | 0048 83bf | 2001 0000 | 0075 174c | 8987 2001 | 0000 48c7 | 8728 0100 
  0x00000259a5bec75c: 0001 0000 | 00e9 2900 | 0000 4883 | bf30 0100 | 0000 7517 | 4c89 8730 | 0100 0048 | c787 3801 
  0x00000259a5bec77c: 0000 0100 | 0000 e908 | 0000 0048 | 8387 1001 | 0000 014c | 8bc2 488b 

  0x00000259a5bec794: ;   {optimized virtual_call}
  0x00000259a5bec794: d666 90e8 

  0x00000259a5bec798: ; ImmutableOopMap {[120]=Oop [128]=Oop [136]=Oop [152]=Oop }
                      ;*invokevirtual toExternalForm {reexecute=0 rethrow=0 return_oop=0}
                      ; - java.net.URL::toExternalForm@5 (line 1203)
                      ; - java.net.URL::toString@1 (line 1189)
                      ; - java.lang.ClassLoader::defineClassSourceLocation@22 (line 927)
                      ; - java.lang.ClassLoader::defineClass@12 (line 1026)
  0x00000259a5bec798: 8402 f8ff 

  0x00000259a5bec79c: ;   {other}
  0x00000259a5bec79c: 0f1f 8400 | 0c05 0001 | 488b d848 | 8b84 2498 | 0000 008b | b424 9400 | 0000 8bbc | 2490 0000 
  0x00000259a5bec7bc: 004c 8b8c | 2488 0000 | 004c 8b84 | 2480 0000 | 0048 8b54 

  0x00000259a5bec7d0: ;   {metadata(method data for {method} {0x00000259ba43d100} 'defineClass' '(Ljava/lang/String;[BIILjava/security/ProtectionDomain;)Ljava/lang/Class;' in 'java/lang/ClassLoader')}
  0x00000259a5bec7d0: 2478 48b9 | 504a 2bfb | 5902 0000 | 4883 8180 | 0100 0001 | 4c8b da49 | 8bd3 488b | c848 891c 
  0x00000259a5bec7f0: 2466 0f1f 

  0x00000259a5bec7f4: ;   {static_call}
  0x00000259a5bec7f4: 4400 00e8 

  0x00000259a5bec7f8: ; ImmutableOopMap {[120]=Oop [152]=Oop }
                      ;*invokestatic defineClass1 {reexecute=0 rethrow=0 return_oop=0}
                      ; - java.lang.ClassLoader::defineClass@27 (line 1027)
  0x00000259a5bec7f8: 6464 9207 

  0x00000259a5bec7fc: ;   {other}
  0x00000259a5bec7fc: 0f1f 8400 | 6c05 0002 | 488b 5424 

  0x00000259a5bec808: ;   {metadata(method data for {method} {0x00000259ba43d100} 'defineClass' '(Ljava/lang/String;[BIILjava/security/ProtectionDomain;)Ljava/lang/Class;' in 'java/lang/ClassLoader')}
  0x00000259a5bec808: 7849 b850 | 4a2b fb59 | 0200 0049 | 8380 9001 | 0000 014c | 8bc0 4c8b | 8c24 9800 | 0000 488b 
  0x00000259a5bec828: 5424 7848 | 8984 24a0 | 0000 000f 

  0x00000259a5bec834: ;   {optimized virtual_call}
  0x00000259a5bec834: 1f40 00e8 

  0x00000259a5bec838: ; ImmutableOopMap {[160]=Oop }
                      ;*invokevirtual postDefineClass {reexecute=0 rethrow=0 return_oop=0}
                      ; - java.lang.ClassLoader::defineClass@37 (line 1028)
  0x00000259a5bec838: 6480 0000 

  0x00000259a5bec83c: ;   {other}
  0x00000259a5bec83c: 0f1f 8400 | ac05 0003 | 488b 8424 | a000 0000 | 4881 c4b0 | 0000 005d 

  0x00000259a5bec854: ;   {poll_return}
  0x00000259a5bec854: 493b a750 | 0400 000f | 8799 0000 

  0x00000259a5bec860: ;   {metadata({method} {0x00000259ba43d100} 'defineClass' '(Ljava/lang/String;[BIILjava/security/ProtectionDomain;)Ljava/lang/Class;' in 'java/lang/ClassLoader')}
  0x00000259a5bec860: 00c3 49ba | f8d0 43ba | 5902 0000 | 4c89 5424 | 0848 c704 | 24ff ffff 

  0x00000259a5bec878: ;   {runtime_call counter_overflow Runtime1 stub}
  0x00000259a5bec878: ffe8 82b1 

  0x00000259a5bec87c: ; ImmutableOopMap {rdx=Oop r8=Oop r9=Oop rcx=Oop [120]=Oop }
                      ;*synchronization entry
                      ; - java.lang.ClassLoader::defineClass@-1 (line 1025)
  0x00000259a5bec87c: 4307 e987 

  0x00000259a5bec880: ;   {metadata({method} {0x00000259ba43cde8} 'defineClassSourceLocation' '(Ljava/security/ProtectionDomain;)Ljava/lang/String;' in 'java/lang/ClassLoader')}
  0x00000259a5bec880: fcff ff49 | bae0 cd43 | ba59 0200 | 004c 8954 | 2408 48c7 | 0424 ffff 

  0x00000259a5bec898: ;   {runtime_call counter_overflow Runtime1 stub}
  0x00000259a5bec898: ffff e861 

  0x00000259a5bec89c: ; ImmutableOopMap {rax=Oop [120]=Oop [128]=Oop [136]=Oop [152]=Oop }
                      ;*synchronization entry
                      ; - java.lang.ClassLoader::defineClassSourceLocation@-1 (line 924)
                      ; - java.lang.ClassLoader::defineClass@12 (line 1026)
  0x00000259a5bec89c: b143 07e9 | 00fd ffff 

  0x00000259a5bec8a4: ;   {runtime_call throw_null_pointer_exception Runtime1 stub}
  0x00000259a5bec8a4: e8d7 3643 

  0x00000259a5bec8a8: ; ImmutableOopMap {rax=Oop [120]=Oop [128]=Oop [136]=Oop [152]=Oop }
                      ;*invokevirtual getCodeSource {reexecute=0 rethrow=0 return_oop=0}
                      ; - java.lang.ClassLoader::defineClassSourceLocation@1 (line 924)
                      ; - java.lang.ClassLoader::defineClass@12 (line 1026)
                      ;   {runtime_call throw_null_pointer_exception Runtime1 stub}
  0x00000259a5bec8a8: 07e8 d236 

  0x00000259a5bec8ac: ; ImmutableOopMap {rax=Oop r8=Oop [120]=Oop [128]=Oop [136]=Oop [152]=Oop }
                      ;*invokevirtual getLocation {reexecute=0 rethrow=0 return_oop=0}
                      ; - java.lang.ClassLoader::defineClassSourceLocation@12 (line 926)
                      ; - java.lang.ClassLoader::defineClass@12 (line 1026)
                      ;   {runtime_call throw_null_pointer_exception Runtime1 stub}
  0x00000259a5bec8ac: 4307 e8cd 

  0x00000259a5bec8b0: ; ImmutableOopMap {rdx=Oop [120]=Oop [128]=Oop [136]=Oop [152]=Oop }
                      ;*invokevirtual toString {reexecute=0 rethrow=0 return_oop=0}
                      ; - java.lang.ClassLoader::defineClassSourceLocation@22 (line 927)
                      ; - java.lang.ClassLoader::defineClass@12 (line 1026)
                      ;   {metadata({method} {0x00000259ba01aa98} 'toString' '()Ljava/lang/String;' in 'java/net/URL')}
  0x00000259a5bec8b0: 3643 0749 | ba90 aa01 | ba59 0200 | 004c 8954 | 2408 48c7 | 0424 ffff 

  0x00000259a5bec8c8: ;   {runtime_call counter_overflow Runtime1 stub}
  0x00000259a5bec8c8: ffff e831 

  0x00000259a5bec8cc: ; ImmutableOopMap {rdx=Oop [120]=Oop [128]=Oop [136]=Oop [152]=Oop }
                      ;*synchronization entry
                      ; - java.net.URL::toString@-1 (line 1189)
                      ; - java.lang.ClassLoader::defineClassSourceLocation@22 (line 927)
                      ; - java.lang.ClassLoader::defineClass@12 (line 1026)
  0x00000259a5bec8cc: b143 07e9 | e3fd ffff 

  0x00000259a5bec8d4: ;   {metadata({method} {0x00000259ba430a00} 'toExternalForm' '()Ljava/lang/String;' in 'java/net/URL')}
  0x00000259a5bec8d4: 49ba f809 | 43ba 5902 | 0000 4c89 | 5424 0848 | c704 24ff 

  0x00000259a5bec8e8: ;   {runtime_call counter_overflow Runtime1 stub}
  0x00000259a5bec8e8: ffff ffe8 

  0x00000259a5bec8ec: ; ImmutableOopMap {rdx=Oop [120]=Oop [128]=Oop [136]=Oop [152]=Oop }
                      ;*synchronization entry
                      ; - java.net.URL::toExternalForm@-1 (line 1203)
                      ; - java.net.URL::toString@1 (line 1189)
                      ; - java.lang.ClassLoader::defineClassSourceLocation@22 (line 927)
                      ; - java.lang.ClassLoader::defineClass@12 (line 1026)
  0x00000259a5bec8ec: 10b1 4307 | e900 feff 

  0x00000259a5bec8f4: ;   {runtime_call throw_null_pointer_exception Runtime1 stub}
  0x00000259a5bec8f4: ffe8 8636 

  0x00000259a5bec8f8: ; ImmutableOopMap {rdx=Oop rsi=Oop [120]=Oop [128]=Oop [136]=Oop [152]=Oop }
                      ;*invokevirtual toExternalForm {reexecute=0 rethrow=0 return_oop=0}
                      ; - java.net.URL::toExternalForm@5 (line 1203)
                      ; - java.net.URL::toString@1 (line 1189)
                      ; - java.lang.ClassLoader::defineClassSourceLocation@22 (line 927)
                      ; - java.lang.ClassLoader::defineClass@12 (line 1026)
                      ;   {internal_word}
  0x00000259a5bec8f8: 4307 49ba | 54c8 bea5 | 5902 0000 | 4d89 9768 

  0x00000259a5bec908: ;   {runtime_call SafepointBlob}
  0x00000259a5bec908: 0400 00e9 | f08d 3707 | 498b 8700 | 0500 0049 | c787 0005 | 0000 0000 | 0000 49c7 | 8708 0500 
  0x00000259a5bec928: 0000 0000 | 0048 81c4 | b000 0000 

  0x00000259a5bec934: ;   {runtime_call unwind_exception Runtime1 stub}
  0x00000259a5bec934: 5de9 4627 | 4307 f4f4 | f4f4 f4f4 
[Stub Code]
  0x00000259a5bec940: ;   {no_reloc}
  0x00000259a5bec940: 0f1f 4400 

  0x00000259a5bec944: ;   {static_stub}
  0x00000259a5bec944: 0048 bb00 | 0000 0000 

  0x00000259a5bec94c: ;   {runtime_call}
  0x00000259a5bec94c: 0000 00e9 | fbff ffff 

  0x00000259a5bec954: ;   {static_stub}
  0x00000259a5bec954: 48bb 0000 | 0000 0000 

  0x00000259a5bec95c: ;   {runtime_call}
  0x00000259a5bec95c: 0000 e9fb 

  0x00000259a5bec960: ;   {static_stub}
  0x00000259a5bec960: ffff ff48 | bb00 0000 | 0000 0000 

  0x00000259a5bec96c: ;   {runtime_call}
  0x00000259a5bec96c: 00e9 fbff 

  0x00000259a5bec970: ;   {static_stub}
  0x00000259a5bec970: ffff 48bb | 20cd 43ba | 5902 0000 

  0x00000259a5bec97c: ;   {runtime_call I2C/C2I adapters}
  0x00000259a5bec97c: e9ea e336 

  0x00000259a5bec980: ;   {runtime_call handle_exception_from_callee Runtime1 stub}
  0x00000259a5bec980: 07e8 7a74 

  0x00000259a5bec984: ;   {external_word}
  0x00000259a5bec984: 4307 48b9 | 0048 fc28 | fa7f 0000 | 4883 e4f0 

  0x00000259a5bec994: ;   {runtime_call}
  0x00000259a5bec994: 48b8 4024 | c428 fa7f | 0000 ffd0 

  0x00000259a5bec9a0: ;   {section_word}
  0x00000259a5bec9a0: f449 baa1 | c9be a559 | 0200 0041 

  0x00000259a5bec9ac: ;   {runtime_call DeoptimizationBlob}
  0x00000259a5bec9ac: 52e9 ee7f | 3707 f4f4 | f4f4 f4f4 
[/MachCode]


Compiled method (c1)    1468 1183       3       java.security.SecureClassLoader::defineClass (16 bytes)
 total in heap  [0x00000259a5be5110,0x00000259a5be5510] = 1024
 relocation     [0x00000259a5be5270,0x00000259a5be52c0] = 80
 main code      [0x00000259a5be52c0,0x00000259a5be5418] = 344
 stub code      [0x00000259a5be5418,0x00000259a5be5468] = 80
 metadata       [0x00000259a5be5468,0x00000259a5be5470] = 8
 scopes data    [0x00000259a5be5470,0x00000259a5be54b8] = 72
 scopes pcs     [0x00000259a5be54b8,0x00000259a5be5508] = 80
 dependencies   [0x00000259a5be5508,0x00000259a5be5510] = 8

[Constant Pool (empty)]

[MachCode]
[Entry Point]
  # {method} {0x00000259ba04d810} 'defineClass' '(Ljava/lang/String;[BIILjava/security/CodeSource;)Ljava/lang/Class;' in 'java/security/SecureClassLoader'
  # this:     rdx:rdx   = 'java/security/SecureClassLoader'
  # parm0:    r8:r8     = 'java/lang/String'
  # parm1:    r9:r9     = '[B'
  # parm2:    rdi       = int
  # parm3:    rsi       = int
  # parm4:    rcx:rcx   = 'java/security/CodeSource'
  #           [sp+0x80]  (sp of caller)
  0x00000259a5be52c0: 448b 5208 | 49bb 0000 | 00ba 5902 | 0000 4d03 | d34c 3bd0 

  0x00000259a5be52d4: ;   {runtime_call ic_miss_stub}
  0x00000259a5be52d4: 0f85 a694 | 3707 660f | 1f44 0000 
[Verified Entry Point]
  0x00000259a5be52e0: 8984 2400 | 80ff ff55 | 4883 ec70 | 4181 7f20 | 0100 0000 

  0x00000259a5be52f4: ;   {runtime_call StubRoutines (final stubs)}
  0x00000259a5be52f4: 7405 e865 

  0x00000259a5be52f8: ;   {metadata(method data for {method} {0x00000259ba04d810} 'defineClass' '(Ljava/lang/String;[BIILjava/security/CodeSource;)Ljava/lang/Class;' in 'java/security/SecureClassLoader')}
  0x00000259a5be52f8: fa35 0748 | bbd0 7329 | fb59 0200 | 008b 83cc | 0000 0083 | c002 8983 | cc00 0000 | 25fe 0700 
  0x00000259a5be5318: 0085 c00f | 8496 0000 | 0089 7424 | 5c89 7c24 | 584c 894c | 2450 4c89 | 4424 4848 

  0x00000259a5be5334: ;   {metadata(method data for {method} {0x00000259ba04d810} 'defineClass' '(Ljava/lang/String;[BIILjava/security/CodeSource;)Ljava/lang/Class;' in 'java/security/SecureClassLoader')}
  0x00000259a5be5334: 8bda 48b8 | d073 29fb | 5902 0000 | 4883 8010 | 0100 0001 | 4c8b c148 | 8bc2 488b | d048 8944 
  0x00000259a5be5354: ;   {optimized virtual_call}
  0x00000259a5be5354: 2440 90e8 

  0x00000259a5be5358: ; ImmutableOopMap {[64]=Oop [72]=Oop [80]=Oop }
                      ;*invokevirtual getProtectionDomain {reexecute=0 rethrow=0 return_oop=0}
                      ; - java.security.SecureClassLoader::defineClass@9 (line 150)
  0x00000259a5be5358: 44fa fdff 

  0x00000259a5be535c: ;   {other}
  0x00000259a5be535c: 0f1f 8400 | 4c02 0000 | 488b 5424 

  0x00000259a5be5368: ;   {metadata(method data for {method} {0x00000259ba04d810} 'defineClass' '(Ljava/lang/String;[BIILjava/security/CodeSource;)Ljava/lang/Class;' in 'java/security/SecureClassLoader')}
  0x00000259a5be5368: 4049 b8d0 | 7329 fb59 | 0200 0049 | 8380 4801 | 0000 014c | 8b44 2448 | 4c8b 4c24 | 508b 7c24 
  0x00000259a5be5388: 588b 7424 | 5c48 8bc8 | 488b 5424 

  0x00000259a5be5394: ;   {optimized virtual_call}
  0x00000259a5be5394: 4066 90e8 

  0x00000259a5be5398: ; ImmutableOopMap {}
                      ;*invokevirtual defineClass {reexecute=0 rethrow=0 return_oop=0}
                      ; - java.security.SecureClassLoader::defineClass@12 (line 150)
  0x00000259a5be5398: 2471 0000 

  0x00000259a5be539c: ;   {other}
  0x00000259a5be539c: 0f1f 8400 | 8c02 0001 | 4883 c470 

  0x00000259a5be53a8: ;   {poll_return}
  0x00000259a5be53a8: 5d49 3ba7 | 5004 0000 | 0f87 2200 

  0x00000259a5be53b4: ;   {metadata({method} {0x00000259ba04d810} 'defineClass' '(Ljava/lang/String;[BIILjava/security/CodeSource;)Ljava/lang/Class;' in 'java/security/SecureClassLoader')}
  0x00000259a5be53b4: 0000 c349 | ba08 d804 | ba59 0200 | 004c 8954 | 2408 48c7 | 0424 ffff 

  0x00000259a5be53cc: ;   {runtime_call counter_overflow Runtime1 stub}
  0x00000259a5be53cc: ffff e82d 

  0x00000259a5be53d0: ; ImmutableOopMap {rdx=Oop r8=Oop r9=Oop rcx=Oop }
                      ;*synchronization entry
                      ; - java.security.SecureClassLoader::defineClass@-1 (line 150)
  0x00000259a5be53d0: 2644 07e9 | 49ff ffff 

  0x00000259a5be53d8: ;   {internal_word}
  0x00000259a5be53d8: 49ba a953 | bea5 5902 | 0000 4d89 | 9768 0400 

  0x00000259a5be53e8: ;   {runtime_call SafepointBlob}
  0x00000259a5be53e8: 00e9 1203 | 3807 498b | 8700 0500 | 0049 c787 | 0005 0000 | 0000 0000 | 49c7 8708 | 0500 0000 
  0x00000259a5be5408: 0000 0048 | 83c4 705d 

  0x00000259a5be5410: ;   {runtime_call unwind_exception Runtime1 stub}
  0x00000259a5be5410: e96b 9c43 | 07f4 f4f4 
[Stub Code]
  0x00000259a5be5418: ;   {no_reloc}
  0x00000259a5be5418: 48bb 0000 | 0000 0000 

  0x00000259a5be5420: ;   {runtime_call}
  0x00000259a5be5420: 0000 e9fb 

  0x00000259a5be5424: ;   {static_stub}
  0x00000259a5be5424: ffff ff48 | bbf8 d043 | ba59 0200 

  0x00000259a5be5430: ;   {runtime_call I2C/C2I adapters}
  0x00000259a5be5430: 00e9 3fbd 

  0x00000259a5be5434: ;   {runtime_call handle_exception_from_callee Runtime1 stub}
  0x00000259a5be5434: 3607 e8c5 

  0x00000259a5be5438: ;   {external_word}
  0x00000259a5be5438: e943 0748 | b900 48fc | 28fa 7f00 | 0048 83e4 

  0x00000259a5be5448: ;   {runtime_call}
  0x00000259a5be5448: f048 b840 | 24c4 28fa | 7f00 00ff 

  0x00000259a5be5454: ;   {section_word}
  0x00000259a5be5454: d0f4 49ba | 5654 bea5 | 5902 0000 

  0x00000259a5be5460: ;   {runtime_call DeoptimizationBlob}
  0x00000259a5be5460: 4152 e939 | f537 07f4 
[/MachCode]


---------------  P R O C E S S  ---------------

Threads class SMR info:
_java_thread_list=0x00000259800be6b0, length=15, elements={
0x000002599b40dd40, 0x00000259b9e8f800, 0x00000259b9e90260, 0x00000259b9e90cc0,
0x00000259b9e91a80, 0x00000259b9e944f0, 0x00000259b9e9cf60, 0x00000259b9ea5250,
0x00000259b9ea7910, 0x00000259ff1da090, 0x00000259ff2d9880, 0x00000259ff49b260,
0x00000259ff51e2b0, 0x000002598044ce60, 0x00000259805dfa40
}

Java Threads: ( => current thread )
  0x000002599b40dd40 JavaThread "main"                              [_thread_in_vm, id=3412, stack(0x000000b2c1b00000,0x000000b2c1c00000) (1024K)]
  0x00000259b9e8f800 JavaThread "Reference Handler"          daemon [_thread_blocked, id=24724, stack(0x000000b2c2300000,0x000000b2c2400000) (1024K)]
  0x00000259b9e90260 JavaThread "Finalizer"                  daemon [_thread_blocked, id=23216, stack(0x000000b2c2400000,0x000000b2c2500000) (1024K)]
  0x00000259b9e90cc0 JavaThread "Signal Dispatcher"          daemon [_thread_blocked, id=22792, stack(0x000000b2c2500000,0x000000b2c2600000) (1024K)]
  0x00000259b9e91a80 JavaThread "Attach Listener"            daemon [_thread_blocked, id=26308, stack(0x000000b2c2600000,0x000000b2c2700000) (1024K)]
  0x00000259b9e944f0 JavaThread "Service Thread"             daemon [_thread_blocked, id=16400, stack(0x000000b2c2700000,0x000000b2c2800000) (1024K)]
  0x00000259b9e9cf60 JavaThread "Monitor Deflation Thread"   daemon [_thread_blocked, id=14660, stack(0x000000b2c2800000,0x000000b2c2900000) (1024K)]
  0x00000259b9ea5250 JavaThread "C2 CompilerThread0"         daemon [_thread_blocked, id=24968, stack(0x000000b2c2900000,0x000000b2c2a00000) (1024K)]
  0x00000259b9ea7910 JavaThread "C1 CompilerThread0"         daemon [_thread_blocked, id=9300, stack(0x000000b2c2a00000,0x000000b2c2b00000) (1024K)]
  0x00000259ff1da090 JavaThread "Common-Cleaner"             daemon [_thread_blocked, id=27436, stack(0x000000b2c2b00000,0x000000b2c2c00000) (1024K)]
  0x00000259ff2d9880 JavaThread "C2 CompilerThread1"         daemon [_thread_blocked, id=14088, stack(0x000000b2c2c00000,0x000000b2c2d00000) (1024K)]
  0x00000259ff49b260 JavaThread "Monitor Ctrl-Break"         daemon [_thread_in_native, id=11460, stack(0x000000b2c2d00000,0x000000b2c2e00000) (1024K)]
  0x00000259ff51e2b0 JavaThread "Notification Thread"        daemon [_thread_blocked, id=27952, stack(0x000000b2c2e00000,0x000000b2c2f00000) (1024K)]
=>0x000002598044ce60 JavaThread "background-preinit"                [_thread_in_vm, id=22316, stack(0x000000b2c3400000,0x000000b2c3500000) (1024K)]
  0x00000259805dfa40 JavaThread "C2 CompilerThread2"         daemon [_thread_blocked, id=22948, stack(0x000000b2c3500000,0x000000b2c3600000) (1024K)]
Total: 15

Other Threads:
  0x00000259b9e713a0 VMThread "VM Thread"                           [id=25364, stack(0x000000b2c2200000,0x000000b2c2300000) (1024K)]
  0x00000259b9e57bb0 WatcherThread "VM Periodic Task Thread"        [id=17528, stack(0x000000b2c2100000,0x000000b2c2200000) (1024K)]
  0x000002599d5d1ca0 WorkerThread "GC Thread#0"                     [id=18596, stack(0x000000b2c1c00000,0x000000b2c1d00000) (1024K)]
  0x00000259801bda70 WorkerThread "GC Thread#1"                     [id=26740, stack(0x000000b2c2f00000,0x000000b2c3000000) (1024K)]
  0x00000259801be220 WorkerThread "GC Thread#2"                     [id=8932, stack(0x000000b2c3000000,0x000000b2c3100000) (1024K)]
  0x00000259801c6ab0 WorkerThread "GC Thread#3"                     [id=12344, stack(0x000000b2c3100000,0x000000b2c3200000) (1024K)]
  0x00000259800e1710 WorkerThread "GC Thread#4"                     [id=14564, stack(0x000000b2c3200000,0x000000b2c3300000) (1024K)]
  0x00000259800e1cc0 WorkerThread "GC Thread#5"                     [id=4560, stack(0x000000b2c3300000,0x000000b2c3400000) (1024K)]
  0x0000025980acc5f0 WorkerThread "GC Thread#6"                     [id=18280, stack(0x000000b2c3600000,0x000000b2c3700000) (1024K)]
  0x00000259807c3e30 WorkerThread "GC Thread#7"                     [id=13772, stack(0x000000b2c3700000,0x000000b2c3800000) (1024K)]
  0x000002599d5e2690 ConcurrentGCThread "G1 Main Marker"            [id=16260, stack(0x000000b2c1d00000,0x000000b2c1e00000) (1024K)]
  0x000002599d5e3150 WorkerThread "G1 Conc#0"                       [id=18048, stack(0x000000b2c1e00000,0x000000b2c1f00000) (1024K)]
  0x000002599d63e0f0 ConcurrentGCThread "G1 Refine#0"               [id=23344, stack(0x000000b2c1f00000,0x000000b2c2000000) (1024K)]
  0x000002599d63e910 ConcurrentGCThread "G1 Service"                [id=25156, stack(0x000000b2c2000000,0x000000b2c2100000) (1024K)]
Total: 14

Threads with active compile tasks:
Total: 0

VM state: not at safepoint (normal execution)

VM Mutex/Monitor currently owned by a thread:  ([mutex/lock_event])
[0x00007ffa2925ace8] Metaspace_lock - owner thread: 0x000002598044ce60

Heap address: 0x0000000082000000, size: 2016 MB, Compressed Oops mode: 32-bit

CDS archive(s) mapped at: [0x00000259ba000000-0x00000259bac90000-0x00000259bac90000), size 13172736, SharedBaseAddress: 0x00000259ba000000, ArchiveRelocationMode: 1.
Compressed class space mapped at: 0x00000259bb000000-0x00000259fb000000, reserved size: 1073741824
Narrow klass base: 0x00000259ba000000, Narrow klass shift: 0, Narrow klass range: 0x100000000

GC Precious Log:
 CardTable entry size: 512
 Card Set container configuration: InlinePtr #cards 5 size 8 Array Of Cards #cards 12 size 40 Howl #buckets 4 coarsen threshold 1843 Howl Bitmap #cards 512 size 80 coarsen threshold 460 Card regions per heap region 1 cards per card region 2048
 CPUs: 8 total, 8 available
 Memory: 8058M
 Large Page Support: Disabled
 NUMA Support: Disabled
 Compressed Oops: Enabled (32-bit)
 Heap Region Size: 1M
 Heap Min Capacity: 8M
 Heap Initial Capacity: 126M
 Heap Max Capacity: 2016M
 Pre-touch: Disabled
 Parallel Workers: 8
 Concurrent Workers: 2
 Concurrent Refinement Workers: 8
 Periodic GC: Disabled

Heap:
 garbage-first heap   total 129024K, used 10880K [0x0000000082000000, 0x0000000100000000)
  region size 1024K, 5 young (5120K), 3 survivors (3072K)
 Metaspace       used 14685K, committed 14976K, reserved 1114112K
  class space    used 1766K, committed 1920K, reserved 1048576K

Heap Regions: E=young(eden), S=young(survivor), O=old, HS=humongous(starts), HC=humongous(continues), CS=collection set, F=free, TAMS=top-at-mark-start, PB=parsable bottom
|   0|0x0000000082000000, 0x0000000082100000, 0x0000000082100000|100%|HS|  |TAMS 0x0000000082000000| PB 0x0000000082000000| Complete 
|   1|0x0000000082100000, 0x0000000082200000, 0x0000000082200000|100%| O|  |TAMS 0x0000000082100000| PB 0x0000000082100000| Untracked 
|   2|0x0000000082200000, 0x0000000082300000, 0x0000000082300000|100%| O|  |TAMS 0x0000000082200000| PB 0x0000000082200000| Untracked 
|   3|0x0000000082300000, 0x0000000082400000, 0x0000000082400000|100%| O|  |TAMS 0x0000000082300000| PB 0x0000000082300000| Untracked 
|   4|0x0000000082400000, 0x0000000082500000, 0x0000000082500000|100%| O|  |TAMS 0x0000000082400000| PB 0x0000000082400000| Untracked 
|   5|0x0000000082500000, 0x0000000082600000, 0x0000000082600000|100%| O|  |TAMS 0x0000000082500000| PB 0x0000000082500000| Untracked 
|   6|0x0000000082600000, 0x0000000082700000, 0x0000000082700000|100%| O|  |TAMS 0x0000000082600000| PB 0x0000000082600000| Untracked 
|   7|0x0000000082700000, 0x0000000082725600, 0x0000000082800000| 14%| O|  |TAMS 0x0000000082700000| PB 0x0000000082700000| Untracked 
|   8|0x0000000082800000, 0x0000000082800000, 0x0000000082900000|  0%| F|  |TAMS 0x0000000082800000| PB 0x0000000082800000| Untracked 
|   9|0x0000000082900000, 0x0000000082900000, 0x0000000082a00000|  0%| F|  |TAMS 0x0000000082900000| PB 0x0000000082900000| Untracked 
|  10|0x0000000082a00000, 0x0000000082a00000, 0x0000000082b00000|  0%| F|  |TAMS 0x0000000082a00000| PB 0x0000000082a00000| Untracked 
|  11|0x0000000082b00000, 0x0000000082b00000, 0x0000000082c00000|  0%| F|  |TAMS 0x0000000082b00000| PB 0x0000000082b00000| Untracked 
|  12|0x0000000082c00000, 0x0000000082c00000, 0x0000000082d00000|  0%| F|  |TAMS 0x0000000082c00000| PB 0x0000000082c00000| Untracked 
|  13|0x0000000082d00000, 0x0000000082d00000, 0x0000000082e00000|  0%| F|  |TAMS 0x0000000082d00000| PB 0x0000000082d00000| Untracked 
|  14|0x0000000082e00000, 0x0000000082e00000, 0x0000000082f00000|  0%| F|  |TAMS 0x0000000082e00000| PB 0x0000000082e00000| Untracked 
|  15|0x0000000082f00000, 0x0000000082f00000, 0x0000000083000000|  0%| F|  |TAMS 0x0000000082f00000| PB 0x0000000082f00000| Untracked 
|  16|0x0000000083000000, 0x0000000083000000, 0x0000000083100000|  0%| F|  |TAMS 0x0000000083000000| PB 0x0000000083000000| Untracked 
|  17|0x0000000083100000, 0x0000000083100000, 0x0000000083200000|  0%| F|  |TAMS 0x0000000083100000| PB 0x0000000083100000| Untracked 
|  18|0x0000000083200000, 0x0000000083200000, 0x0000000083300000|  0%| F|  |TAMS 0x0000000083200000| PB 0x0000000083200000| Untracked 
|  19|0x0000000083300000, 0x0000000083300000, 0x0000000083400000|  0%| F|  |TAMS 0x0000000083300000| PB 0x0000000083300000| Untracked 
|  20|0x0000000083400000, 0x0000000083400000, 0x0000000083500000|  0%| F|  |TAMS 0x0000000083400000| PB 0x0000000083400000| Untracked 
|  21|0x0000000083500000, 0x0000000083500000, 0x0000000083600000|  0%| F|  |TAMS 0x0000000083500000| PB 0x0000000083500000| Untracked 
|  22|0x0000000083600000, 0x0000000083600000, 0x0000000083700000|  0%| F|  |TAMS 0x0000000083600000| PB 0x0000000083600000| Untracked 
|  23|0x0000000083700000, 0x0000000083700000, 0x0000000083800000|  0%| F|  |TAMS 0x0000000083700000| PB 0x0000000083700000| Untracked 
|  24|0x0000000083800000, 0x0000000083800000, 0x0000000083900000|  0%| F|  |TAMS 0x0000000083800000| PB 0x0000000083800000| Untracked 
|  25|0x0000000083900000, 0x0000000083900000, 0x0000000083a00000|  0%| F|  |TAMS 0x0000000083900000| PB 0x0000000083900000| Untracked 
|  26|0x0000000083a00000, 0x0000000083a00000, 0x0000000083b00000|  0%| F|  |TAMS 0x0000000083a00000| PB 0x0000000083a00000| Untracked 
|  27|0x0000000083b00000, 0x0000000083b00000, 0x0000000083c00000|  0%| F|  |TAMS 0x0000000083b00000| PB 0x0000000083b00000| Untracked 
|  28|0x0000000083c00000, 0x0000000083c00000, 0x0000000083d00000|  0%| F|  |TAMS 0x0000000083c00000| PB 0x0000000083c00000| Untracked 
|  29|0x0000000083d00000, 0x0000000083d00000, 0x0000000083e00000|  0%| F|  |TAMS 0x0000000083d00000| PB 0x0000000083d00000| Untracked 
|  30|0x0000000083e00000, 0x0000000083e00000, 0x0000000083f00000|  0%| F|  |TAMS 0x0000000083e00000| PB 0x0000000083e00000| Untracked 
|  31|0x0000000083f00000, 0x0000000083f00000, 0x0000000084000000|  0%| F|  |TAMS 0x0000000083f00000| PB 0x0000000083f00000| Untracked 
|  32|0x0000000084000000, 0x0000000084000000, 0x0000000084100000|  0%| F|  |TAMS 0x0000000084000000| PB 0x0000000084000000| Untracked 
|  33|0x0000000084100000, 0x0000000084100000, 0x0000000084200000|  0%| F|  |TAMS 0x0000000084100000| PB 0x0000000084100000| Untracked 
|  34|0x0000000084200000, 0x0000000084200000, 0x0000000084300000|  0%| F|  |TAMS 0x0000000084200000| PB 0x0000000084200000| Untracked 
|  35|0x0000000084300000, 0x0000000084300000, 0x0000000084400000|  0%| F|  |TAMS 0x0000000084300000| PB 0x0000000084300000| Untracked 
|  36|0x0000000084400000, 0x0000000084400000, 0x0000000084500000|  0%| F|  |TAMS 0x0000000084400000| PB 0x0000000084400000| Untracked 
|  37|0x0000000084500000, 0x0000000084500000, 0x0000000084600000|  0%| F|  |TAMS 0x0000000084500000| PB 0x0000000084500000| Untracked 
|  38|0x0000000084600000, 0x0000000084600000, 0x0000000084700000|  0%| F|  |TAMS 0x0000000084600000| PB 0x0000000084600000| Untracked 
|  39|0x0000000084700000, 0x0000000084700000, 0x0000000084800000|  0%| F|  |TAMS 0x0000000084700000| PB 0x0000000084700000| Untracked 
|  40|0x0000000084800000, 0x0000000084800000, 0x0000000084900000|  0%| F|  |TAMS 0x0000000084800000| PB 0x0000000084800000| Untracked 
|  41|0x0000000084900000, 0x0000000084900000, 0x0000000084a00000|  0%| F|  |TAMS 0x0000000084900000| PB 0x0000000084900000| Untracked 
|  42|0x0000000084a00000, 0x0000000084a00000, 0x0000000084b00000|  0%| F|  |TAMS 0x0000000084a00000| PB 0x0000000084a00000| Untracked 
|  43|0x0000000084b00000, 0x0000000084b00000, 0x0000000084c00000|  0%| F|  |TAMS 0x0000000084b00000| PB 0x0000000084b00000| Untracked 
|  44|0x0000000084c00000, 0x0000000084c00000, 0x0000000084d00000|  0%| F|  |TAMS 0x0000000084c00000| PB 0x0000000084c00000| Untracked 
|  45|0x0000000084d00000, 0x0000000084d00000, 0x0000000084e00000|  0%| F|  |TAMS 0x0000000084d00000| PB 0x0000000084d00000| Untracked 
|  46|0x0000000084e00000, 0x0000000084e00000, 0x0000000084f00000|  0%| F|  |TAMS 0x0000000084e00000| PB 0x0000000084e00000| Untracked 
|  47|0x0000000084f00000, 0x0000000084f00000, 0x0000000085000000|  0%| F|  |TAMS 0x0000000084f00000| PB 0x0000000084f00000| Untracked 
|  48|0x0000000085000000, 0x0000000085000000, 0x0000000085100000|  0%| F|  |TAMS 0x0000000085000000| PB 0x0000000085000000| Untracked 
|  49|0x0000000085100000, 0x0000000085100000, 0x0000000085200000|  0%| F|  |TAMS 0x0000000085100000| PB 0x0000000085100000| Untracked 
|  50|0x0000000085200000, 0x0000000085200000, 0x0000000085300000|  0%| F|  |TAMS 0x0000000085200000| PB 0x0000000085200000| Untracked 
|  51|0x0000000085300000, 0x0000000085300000, 0x0000000085400000|  0%| F|  |TAMS 0x0000000085300000| PB 0x0000000085300000| Untracked 
|  52|0x0000000085400000, 0x0000000085400000, 0x0000000085500000|  0%| F|  |TAMS 0x0000000085400000| PB 0x0000000085400000| Untracked 
|  53|0x0000000085500000, 0x0000000085500000, 0x0000000085600000|  0%| F|  |TAMS 0x0000000085500000| PB 0x0000000085500000| Untracked 
|  54|0x0000000085600000, 0x0000000085600000, 0x0000000085700000|  0%| F|  |TAMS 0x0000000085600000| PB 0x0000000085600000| Untracked 
|  55|0x0000000085700000, 0x0000000085700000, 0x0000000085800000|  0%| F|  |TAMS 0x0000000085700000| PB 0x0000000085700000| Untracked 
|  56|0x0000000085800000, 0x0000000085800000, 0x0000000085900000|  0%| F|  |TAMS 0x0000000085800000| PB 0x0000000085800000| Untracked 
|  57|0x0000000085900000, 0x0000000085900000, 0x0000000085a00000|  0%| F|  |TAMS 0x0000000085900000| PB 0x0000000085900000| Untracked 
|  58|0x0000000085a00000, 0x0000000085a00000, 0x0000000085b00000|  0%| F|  |TAMS 0x0000000085a00000| PB 0x0000000085a00000| Untracked 
|  59|0x0000000085b00000, 0x0000000085b00000, 0x0000000085c00000|  0%| F|  |TAMS 0x0000000085b00000| PB 0x0000000085b00000| Untracked 
|  60|0x0000000085c00000, 0x0000000085c00000, 0x0000000085d00000|  0%| F|  |TAMS 0x0000000085c00000| PB 0x0000000085c00000| Untracked 
|  61|0x0000000085d00000, 0x0000000085d00000, 0x0000000085e00000|  0%| F|  |TAMS 0x0000000085d00000| PB 0x0000000085d00000| Untracked 
|  62|0x0000000085e00000, 0x0000000085e00000, 0x0000000085f00000|  0%| F|  |TAMS 0x0000000085e00000| PB 0x0000000085e00000| Untracked 
|  63|0x0000000085f00000, 0x0000000085f00000, 0x0000000086000000|  0%| F|  |TAMS 0x0000000085f00000| PB 0x0000000085f00000| Untracked 
|  64|0x0000000086000000, 0x0000000086000000, 0x0000000086100000|  0%| F|  |TAMS 0x0000000086000000| PB 0x0000000086000000| Untracked 
|  65|0x0000000086100000, 0x0000000086100000, 0x0000000086200000|  0%| F|  |TAMS 0x0000000086100000| PB 0x0000000086100000| Untracked 
|  66|0x0000000086200000, 0x0000000086200000, 0x0000000086300000|  0%| F|  |TAMS 0x0000000086200000| PB 0x0000000086200000| Untracked 
|  67|0x0000000086300000, 0x0000000086300000, 0x0000000086400000|  0%| F|  |TAMS 0x0000000086300000| PB 0x0000000086300000| Untracked 
|  68|0x0000000086400000, 0x0000000086400000, 0x0000000086500000|  0%| F|  |TAMS 0x0000000086400000| PB 0x0000000086400000| Untracked 
|  69|0x0000000086500000, 0x0000000086500000, 0x0000000086600000|  0%| F|  |TAMS 0x0000000086500000| PB 0x0000000086500000| Untracked 
|  70|0x0000000086600000, 0x0000000086600000, 0x0000000086700000|  0%| F|  |TAMS 0x0000000086600000| PB 0x0000000086600000| Untracked 
|  71|0x0000000086700000, 0x0000000086700000, 0x0000000086800000|  0%| F|  |TAMS 0x0000000086700000| PB 0x0000000086700000| Untracked 
|  72|0x0000000086800000, 0x0000000086800000, 0x0000000086900000|  0%| F|  |TAMS 0x0000000086800000| PB 0x0000000086800000| Untracked 
|  73|0x0000000086900000, 0x0000000086900000, 0x0000000086a00000|  0%| F|  |TAMS 0x0000000086900000| PB 0x0000000086900000| Untracked 
|  74|0x0000000086a00000, 0x0000000086a00000, 0x0000000086b00000|  0%| F|  |TAMS 0x0000000086a00000| PB 0x0000000086a00000| Untracked 
|  75|0x0000000086b00000, 0x0000000086b00000, 0x0000000086c00000|  0%| F|  |TAMS 0x0000000086b00000| PB 0x0000000086b00000| Untracked 
|  76|0x0000000086c00000, 0x0000000086c00000, 0x0000000086d00000|  0%| F|  |TAMS 0x0000000086c00000| PB 0x0000000086c00000| Untracked 
|  77|0x0000000086d00000, 0x0000000086d00000, 0x0000000086e00000|  0%| F|  |TAMS 0x0000000086d00000| PB 0x0000000086d00000| Untracked 
|  78|0x0000000086e00000, 0x0000000086e00000, 0x0000000086f00000|  0%| F|  |TAMS 0x0000000086e00000| PB 0x0000000086e00000| Untracked 
|  79|0x0000000086f00000, 0x0000000086f00000, 0x0000000087000000|  0%| F|  |TAMS 0x0000000086f00000| PB 0x0000000086f00000| Untracked 
|  80|0x0000000087000000, 0x0000000087000000, 0x0000000087100000|  0%| F|  |TAMS 0x0000000087000000| PB 0x0000000087000000| Untracked 
|  81|0x0000000087100000, 0x0000000087100000, 0x0000000087200000|  0%| F|  |TAMS 0x0000000087100000| PB 0x0000000087100000| Untracked 
|  82|0x0000000087200000, 0x0000000087200000, 0x0000000087300000|  0%| F|  |TAMS 0x0000000087200000| PB 0x0000000087200000| Untracked 
|  83|0x0000000087300000, 0x0000000087300000, 0x0000000087400000|  0%| F|  |TAMS 0x0000000087300000| PB 0x0000000087300000| Untracked 
|  84|0x0000000087400000, 0x0000000087400000, 0x0000000087500000|  0%| F|  |TAMS 0x0000000087400000| PB 0x0000000087400000| Untracked 
|  85|0x0000000087500000, 0x0000000087500000, 0x0000000087600000|  0%| F|  |TAMS 0x0000000087500000| PB 0x0000000087500000| Untracked 
|  86|0x0000000087600000, 0x0000000087600000, 0x0000000087700000|  0%| F|  |TAMS 0x0000000087600000| PB 0x0000000087600000| Untracked 
|  87|0x0000000087700000, 0x0000000087700000, 0x0000000087800000|  0%| F|  |TAMS 0x0000000087700000| PB 0x0000000087700000| Untracked 
|  88|0x0000000087800000, 0x0000000087800000, 0x0000000087900000|  0%| F|  |TAMS 0x0000000087800000| PB 0x0000000087800000| Untracked 
|  89|0x0000000087900000, 0x0000000087900000, 0x0000000087a00000|  0%| F|  |TAMS 0x0000000087900000| PB 0x0000000087900000| Untracked 
|  90|0x0000000087a00000, 0x0000000087a00000, 0x0000000087b00000|  0%| F|  |TAMS 0x0000000087a00000| PB 0x0000000087a00000| Untracked 
|  91|0x0000000087b00000, 0x0000000087b7ada8, 0x0000000087c00000| 47%| S|CS|TAMS 0x0000000087b00000| PB 0x0000000087b00000| Complete 
|  92|0x0000000087c00000, 0x0000000087d00000, 0x0000000087d00000|100%| S|CS|TAMS 0x0000000087c00000| PB 0x0000000087c00000| Complete 
|  93|0x0000000087d00000, 0x0000000087e00000, 0x0000000087e00000|100%| S|CS|TAMS 0x0000000087d00000| PB 0x0000000087d00000| Complete 
|  94|0x0000000087e00000, 0x0000000087e00000, 0x0000000087f00000|  0%| F|  |TAMS 0x0000000087e00000| PB 0x0000000087e00000| Untracked 
|  95|0x0000000087f00000, 0x0000000087f00000, 0x0000000088000000|  0%| F|  |TAMS 0x0000000087f00000| PB 0x0000000087f00000| Untracked 
|  96|0x0000000088000000, 0x0000000088000000, 0x0000000088100000|  0%| F|  |TAMS 0x0000000088000000| PB 0x0000000088000000| Untracked 
|  97|0x0000000088100000, 0x0000000088100000, 0x0000000088200000|  0%| F|  |TAMS 0x0000000088100000| PB 0x0000000088100000| Untracked 
|  98|0x0000000088200000, 0x0000000088200000, 0x0000000088300000|  0%| F|  |TAMS 0x0000000088200000| PB 0x0000000088200000| Untracked 
|  99|0x0000000088300000, 0x0000000088300000, 0x0000000088400000|  0%| F|  |TAMS 0x0000000088300000| PB 0x0000000088300000| Untracked 
| 100|0x0000000088400000, 0x0000000088400000, 0x0000000088500000|  0%| F|  |TAMS 0x0000000088400000| PB 0x0000000088400000| Untracked 
| 101|0x0000000088500000, 0x0000000088500000, 0x0000000088600000|  0%| F|  |TAMS 0x0000000088500000| PB 0x0000000088500000| Untracked 
| 102|0x0000000088600000, 0x0000000088600000, 0x0000000088700000|  0%| F|  |TAMS 0x0000000088600000| PB 0x0000000088600000| Untracked 
| 103|0x0000000088700000, 0x0000000088700000, 0x0000000088800000|  0%| F|  |TAMS 0x0000000088700000| PB 0x0000000088700000| Untracked 
| 104|0x0000000088800000, 0x0000000088800000, 0x0000000088900000|  0%| F|  |TAMS 0x0000000088800000| PB 0x0000000088800000| Untracked 
| 105|0x0000000088900000, 0x0000000088900000, 0x0000000088a00000|  0%| F|  |TAMS 0x0000000088900000| PB 0x0000000088900000| Untracked 
| 106|0x0000000088a00000, 0x0000000088a00000, 0x0000000088b00000|  0%| F|  |TAMS 0x0000000088a00000| PB 0x0000000088a00000| Untracked 
| 107|0x0000000088b00000, 0x0000000088b00000, 0x0000000088c00000|  0%| F|  |TAMS 0x0000000088b00000| PB 0x0000000088b00000| Untracked 
| 108|0x0000000088c00000, 0x0000000088c00000, 0x0000000088d00000|  0%| F|  |TAMS 0x0000000088c00000| PB 0x0000000088c00000| Untracked 
| 109|0x0000000088d00000, 0x0000000088d00000, 0x0000000088e00000|  0%| F|  |TAMS 0x0000000088d00000| PB 0x0000000088d00000| Untracked 
| 110|0x0000000088e00000, 0x0000000088e00000, 0x0000000088f00000|  0%| F|  |TAMS 0x0000000088e00000| PB 0x0000000088e00000| Untracked 
| 111|0x0000000088f00000, 0x0000000088f00000, 0x0000000089000000|  0%| F|  |TAMS 0x0000000088f00000| PB 0x0000000088f00000| Untracked 
| 112|0x0000000089000000, 0x0000000089000000, 0x0000000089100000|  0%| F|  |TAMS 0x0000000089000000| PB 0x0000000089000000| Untracked 
| 113|0x0000000089100000, 0x0000000089100000, 0x0000000089200000|  0%| F|  |TAMS 0x0000000089100000| PB 0x0000000089100000| Untracked 
| 114|0x0000000089200000, 0x0000000089200000, 0x0000000089300000|  0%| F|  |TAMS 0x0000000089200000| PB 0x0000000089200000| Untracked 
| 115|0x0000000089300000, 0x0000000089300000, 0x0000000089400000|  0%| F|  |TAMS 0x0000000089300000| PB 0x0000000089300000| Untracked 
| 116|0x0000000089400000, 0x0000000089400000, 0x0000000089500000|  0%| F|  |TAMS 0x0000000089400000| PB 0x0000000089400000| Untracked 
| 117|0x0000000089500000, 0x0000000089500000, 0x0000000089600000|  0%| F|  |TAMS 0x0000000089500000| PB 0x0000000089500000| Untracked 
| 118|0x0000000089600000, 0x0000000089600000, 0x0000000089700000|  0%| F|  |TAMS 0x0000000089600000| PB 0x0000000089600000| Untracked 
| 119|0x0000000089700000, 0x0000000089700000, 0x0000000089800000|  0%| F|  |TAMS 0x0000000089700000| PB 0x0000000089700000| Untracked 
| 120|0x0000000089800000, 0x0000000089800000, 0x0000000089900000|  0%| F|  |TAMS 0x0000000089800000| PB 0x0000000089800000| Untracked 
| 121|0x0000000089900000, 0x0000000089900000, 0x0000000089a00000|  0%| F|  |TAMS 0x0000000089900000| PB 0x0000000089900000| Untracked 
| 122|0x0000000089a00000, 0x0000000089a00000, 0x0000000089b00000|  0%| F|  |TAMS 0x0000000089a00000| PB 0x0000000089a00000| Untracked 
| 123|0x0000000089b00000, 0x0000000089b00000, 0x0000000089c00000|  0%| F|  |TAMS 0x0000000089b00000| PB 0x0000000089b00000| Untracked 
| 124|0x0000000089c00000, 0x0000000089c6a780, 0x0000000089d00000| 41%| E|  |TAMS 0x0000000089c00000| PB 0x0000000089c00000| Complete 
| 125|0x0000000089d00000, 0x0000000089e00000, 0x0000000089e00000|100%| E|CS|TAMS 0x0000000089d00000| PB 0x0000000089d00000| Complete 

Card table byte_map: [0x00000259b5100000,0x00000259b54f0000] _byte_map_base: 0x00000259b4cf0000

Marking Bits: (CMBitMap*) 0x000002599d5d21b0
 Bits: [0x00000259b54f0000, 0x00000259b7470000)

Polling page: 0x000002599b4f0000

Metaspace:

Usage:
  Non-class:     12.62 MB used.
      Class:      1.73 MB used.
       Both:     14.34 MB used.

Virtual space:
  Non-class space:       64.00 MB reserved,      12.75 MB ( 20%) committed,  1 nodes.
      Class space:        1.00 GB reserved,       1.88 MB ( <1%) committed,  1 nodes.
             Both:        1.06 GB reserved,      14.62 MB (  1%) committed. 

Chunk freelists:
   Non-Class:  2.30 MB
       Class:  14.08 MB
        Both:  16.38 MB

MaxMetaspaceSize: unlimited
CompressedClassSpaceSize: 1.00 GB
Initial GC threshold: 21.00 MB
Current GC threshold: 21.00 MB
CDS: on
 - commit_granule_bytes: 65536.
 - commit_granule_words: 8192.
 - virtual_space_node_default_size: 8388608.
 - enlarge_chunks_in_place: 1.
 - use_allocation_guard: 0.


Internal statistics:

num_allocs_failed_limit: 0.
num_arena_births: 284.
num_arena_deaths: 0.
num_vsnodes_births: 2.
num_vsnodes_deaths: 0.
num_space_committed: 234.
num_space_uncommitted: 0.
num_chunks_returned_to_freelist: 0.
num_chunks_taken_from_freelist: 794.
num_chunk_merges: 0.
num_chunk_splits: 512.
num_chunks_enlarged: 345.
num_inconsistent_stats: 0.

CodeHeap 'non-profiled nmethods': size=120000Kb used=792Kb max_used=792Kb free=119207Kb
 bounds [0x00000259ad4b0000, 0x00000259ad720000, 0x00000259b49e0000]
CodeHeap 'profiled nmethods': size=120000Kb used=3566Kb max_used=3566Kb free=116433Kb
 bounds [0x00000259a59e0000, 0x00000259a5d60000, 0x00000259acf10000]
CodeHeap 'non-nmethods': size=5760Kb used=1425Kb max_used=1451Kb free=4334Kb
 bounds [0x00000259acf10000, 0x00000259ad180000, 0x00000259ad4b0000]
 total_blobs=2486 nmethods=1973 adapters=417
 compilation: enabled
              stopped_count=0, restarted_count=0
 full_count=0

Compilation events (20 events):
Event: 1.416 Thread 0x00000259b9ea7910 1959   !   3       jdk.internal.ref.PhantomCleanable::isListEmpty (34 bytes)
Event: 1.416 Thread 0x00000259b9ea7910 nmethod 1959 0x00000259a5d53310 code [0x00000259a5d534c0, 0x00000259a5d53720]
Event: 1.416 Thread 0x00000259b9ea5250 nmethod 1945 0x00000259ad573d10 code [0x00000259ad573f40, 0x00000259ad5758f0]
Event: 1.416 Thread 0x00000259b9ea7910 1963       3       java.util.concurrent.ConcurrentHashMap::remove (8 bytes)
Event: 1.417 Thread 0x00000259b9ea7910 nmethod 1963 0x00000259a5d53810 code [0x00000259a5d539c0, 0x00000259a5d53b10]
Event: 1.417 Thread 0x00000259b9ea7910 1964       3       java.util.zip.ZipEntry::setExtra0 (493 bytes)
Event: 1.418 Thread 0x00000259b9ea7910 nmethod 1964 0x00000259a5d53b90 code [0x00000259a5d53f40, 0x00000259a5d55b50]
Event: 1.418 Thread 0x00000259b9ea7910 1965       3       java.lang.PublicMethods$Key::hashCode (19 bytes)
Event: 1.419 Thread 0x00000259b9ea7910 nmethod 1965 0x00000259a5d56490 code [0x00000259a5d56640, 0x00000259a5d567d0]
Event: 1.419 Thread 0x00000259b9ea7910 1966       3       jdk.internal.reflect.ReflectionFactory::getExecutableSharedParameterTypes (11 bytes)
Event: 1.419 Thread 0x00000259b9ea7910 nmethod 1966 0x00000259a5d56890 code [0x00000259a5d56a40, 0x00000259a5d56cb8]
Event: 1.419 Thread 0x00000259b9ea7910 1967       3       java.lang.reflect.ReflectAccess::getExecutableSharedParameterTypes (5 bytes)
Event: 1.419 Thread 0x00000259b9ea7910 nmethod 1967 0x00000259a5d56e10 code [0x00000259a5d56fc0, 0x00000259a5d57198]
Event: 1.419 Thread 0x00000259b9ea7910 1968       3       java.lang.Class::privateGetDeclaredMethods (64 bytes)
Event: 1.419 Thread 0x00000259b9ea7910 nmethod 1968 0x00000259a5d57290 code [0x00000259a5d574c0, 0x00000259a5d57ca0]
Event: 1.421 Thread 0x00000259b9ea7910 1969       3       org.springframework.core.ResolvableType::forType (17 bytes)
Event: 1.421 Thread 0x00000259b9ea7910 nmethod 1969 0x00000259a5d57f10 code [0x00000259a5d580e0, 0x00000259a5d58550]
Event: 1.421 Thread 0x00000259b9ea7910 1970       3       java.lang.invoke.LambdaForm$MH/0x00000259bb001800::invoke (25 bytes)
Event: 1.421 Thread 0x00000259b9ea7910 nmethod 1970 0x00000259a5d58710 code [0x00000259a5d588e0, 0x00000259a5d58e00]
Event: 1.423 Thread 0x00000259b9ea7910 1971       3       java.lang.invoke.MethodHandle::getApproximateCommonClassLoader (58 bytes)

GC Heap History (4 events):
Event: 0.801 GC heap before
{Heap before GC invocations=0 (full 0):
 garbage-first heap   total 129024K, used 23552K [0x0000000082000000, 0x0000000100000000)
  region size 1024K, 23 young (23552K), 0 survivors (0K)
 Metaspace       used 6742K, committed 6976K, reserved 1114112K
  class space    used 786K, committed 896K, reserved 1048576K
}
Event: 0.807 GC heap after
{Heap after GC invocations=1 (full 0):
 garbage-first heap   total 129024K, used 7338K [0x0000000082000000, 0x0000000100000000)
  region size 1024K, 3 young (3072K), 3 survivors (3072K)
 Metaspace       used 6742K, committed 6976K, reserved 1114112K
  class space    used 786K, committed 896K, reserved 1048576K
}
Event: 1.407 GC heap before
{Heap before GC invocations=1 (full 0):
 garbage-first heap   total 129024K, used 36010K [0x0000000082000000, 0x0000000100000000)
  region size 1024K, 32 young (32768K), 3 survivors (3072K)
 Metaspace       used 14416K, committed 14784K, reserved 1114112K
  class space    used 1733K, committed 1920K, reserved 1048576K
}
Event: 1.414 GC heap after
{Heap after GC invocations=2 (full 0):
 garbage-first heap   total 129024K, used 9856K [0x0000000082000000, 0x0000000100000000)
  region size 1024K, 3 young (3072K), 3 survivors (3072K)
 Metaspace       used 14416K, committed 14784K, reserved 1114112K
  class space    used 1733K, committed 1920K, reserved 1048576K
}

Dll operation events (10 events):
Event: 0.009 Loaded shared library C:\Program Files\Java\jdk-21\bin\java.dll
Event: 0.047 Loaded shared library C:\Program Files\Java\jdk-21\bin\jsvml.dll
Event: 0.160 Loaded shared library C:\Program Files\Java\jdk-21\bin\zip.dll
Event: 0.163 Loaded shared library C:\Program Files\Java\jdk-21\bin\instrument.dll
Event: 0.168 Loaded shared library C:\Program Files\Java\jdk-21\bin\net.dll
Event: 0.170 Loaded shared library C:\Program Files\Java\jdk-21\bin\nio.dll
Event: 0.173 Loaded shared library C:\Program Files\Java\jdk-21\bin\zip.dll
Event: 0.269 Loaded shared library D:\Program Files\IntelliJ IDEA 2024.2.3\bin\breakgen64.dll
Event: 0.281 Loaded shared library C:\Program Files\Java\jdk-21\bin\extnet.dll
Event: 0.320 Loaded shared library C:\Program Files\Java\jdk-21\bin\jimage.dll

Deoptimization events (20 events):
Event: 1.301 Thread 0x000002598044ce60 Uncommon trap: trap_request=0xffffff45 fr.pc=0x00000259ad518274 relative=0x0000000000000054
Event: 1.301 Thread 0x000002598044ce60 Uncommon trap: reason=unstable_if action=reinterpret pc=0x00000259ad518274 method=java.lang.CharacterData.of(I)Ljava/lang/CharacterData; @ 4 c2
Event: 1.301 Thread 0x000002598044ce60 DEOPT PACKING pc=0x00000259ad518274 sp=0x000000b2c34fd2c0
Event: 1.301 Thread 0x000002598044ce60 DEOPT UNPACKING pc=0x00000259acf646a2 sp=0x000000b2c34fd260 mode 2
Event: 1.326 Thread 0x000002599b40dd40 Uncommon trap: trap_request=0xffffff45 fr.pc=0x00000259ad50fff0 relative=0x0000000000000330
Event: 1.326 Thread 0x000002599b40dd40 Uncommon trap: reason=unstable_if action=reinterpret pc=0x00000259ad50fff0 method=jdk.internal.org.objectweb.asm.SymbolTable.put(Ljdk/internal/org/objectweb/asm/SymbolTable$Entry;)Ljdk/internal/org/objectweb/asm/SymbolTable$Entry; @ 13 c2
Event: 1.326 Thread 0x000002599b40dd40 DEOPT PACKING pc=0x00000259ad50fff0 sp=0x000000b2c1bfd6e0
Event: 1.326 Thread 0x000002599b40dd40 DEOPT UNPACKING pc=0x00000259acf646a2 sp=0x000000b2c1bfd660 mode 2
Event: 1.363 Thread 0x000002599b40dd40 Uncommon trap: trap_request=0xffffff45 fr.pc=0x00000259ad558350 relative=0x0000000000000130
Event: 1.363 Thread 0x000002599b40dd40 Uncommon trap: reason=unstable_if action=reinterpret pc=0x00000259ad558350 method=java.lang.Integer.getChars(II[B)I @ 25 c2
Event: 1.363 Thread 0x000002599b40dd40 DEOPT PACKING pc=0x00000259ad558350 sp=0x000000b2c1bfe530
Event: 1.363 Thread 0x000002599b40dd40 DEOPT UNPACKING pc=0x00000259acf646a2 sp=0x000000b2c1bfe4b8 mode 2
Event: 1.419 Thread 0x000002599b40dd40 Uncommon trap: trap_request=0xffffffde fr.pc=0x00000259ad5553f0 relative=0x0000000000000390
Event: 1.419 Thread 0x000002599b40dd40 Uncommon trap: reason=class_check action=maybe_recompile pc=0x00000259ad5553f0 method=java.util.HashMap.getNode(Ljava/lang/Object;)Ljava/util/HashMap$Node; @ 128 c2
Event: 1.419 Thread 0x000002599b40dd40 DEOPT PACKING pc=0x00000259ad5553f0 sp=0x000000b2c1bfe5f0
Event: 1.419 Thread 0x000002599b40dd40 DEOPT UNPACKING pc=0x00000259acf646a2 sp=0x000000b2c1bfe508 mode 2
Event: 1.419 Thread 0x000002599b40dd40 Uncommon trap: trap_request=0xffffffde fr.pc=0x00000259ad5553f0 relative=0x0000000000000390
Event: 1.419 Thread 0x000002599b40dd40 Uncommon trap: reason=class_check action=maybe_recompile pc=0x00000259ad5553f0 method=java.util.HashMap.getNode(Ljava/lang/Object;)Ljava/util/HashMap$Node; @ 128 c2
Event: 1.419 Thread 0x000002599b40dd40 DEOPT PACKING pc=0x00000259ad5553f0 sp=0x000000b2c1bfe5f0
Event: 1.419 Thread 0x000002599b40dd40 DEOPT UNPACKING pc=0x00000259acf646a2 sp=0x000000b2c1bfe508 mode 2

Classes loaded (20 events):
Event: 1.321 Loading class java/lang/annotation/Repeatable
Event: 1.321 Loading class java/lang/annotation/Repeatable done
Event: 1.404 Loading class java/util/concurrent/ExecutionException
Event: 1.404 Loading class java/util/concurrent/ExecutionException done
Event: 1.414 Loading class java/beans/IntrospectionException
Event: 1.414 Loading class java/beans/IntrospectionException done
Event: 1.414 Loading class java/beans/PropertyDescriptor
Event: 1.414 Loading class java/beans/PropertyDescriptor done
Event: 1.416 Loading class java/beans/BeanInfo
Event: 1.416 Loading class java/beans/BeanInfo done
Event: 1.419 Loading class java/beans/MethodRef
Event: 1.419 Loading class java/beans/MethodRef done
Event: 1.420 Loading class java/beans/SimpleBeanInfo
Event: 1.420 Loading class java/beans/SimpleBeanInfo done
Event: 1.420 Loading class com/sun/beans/TypeResolver
Event: 1.420 Loading class com/sun/beans/TypeResolver done
Event: 1.420 Loading class com/sun/beans/WeakCache
Event: 1.420 Loading class com/sun/beans/WeakCache done
Event: 1.421 Loading class com/sun/beans/WildcardTypeImpl
Event: 1.421 Loading class com/sun/beans/WildcardTypeImpl done

Classes unloaded (0 events):
No events

Classes redefined (0 events):
No events

Internal exceptions (20 events):
Event: 0.899 Thread 0x000002599b40dd40 Exception <a 'java/lang/NoSuchMethodError'{0x0000000089af4d78}: 'void java.lang.invoke.DirectMethodHandle$Holder.invokeInterface(java.lang.Object, java.lang.Object, java.lang.Object)'> (0x0000000089af4d78) 
thrown [s\open\src\hotspot\share\interpreter\linkResolver.cpp, line 773]
Event: 0.929 Thread 0x000002599b40dd40 Exception <a 'java/lang/NoSuchMethodError'{0x0000000089982d48}: 'void java.lang.invoke.DirectMethodHandle$Holder.invokeStaticInit(java.lang.Object, java.lang.Object, java.lang.Object)'> (0x0000000089982d48) 
thrown [s\open\src\hotspot\share\interpreter\linkResolver.cpp, line 773]
Event: 0.938 Thread 0x000002599b40dd40 Exception <a 'java/lang/NoSuchMethodError'{0x00000000899c8658}: 'java.lang.Object java.lang.invoke.DirectMethodHandle$Holder.invokeVirtual(java.lang.Object, java.lang.Object, java.lang.Object)'> (0x00000000899c8658) 
thrown [s\open\src\hotspot\share\interpreter\linkResolver.cpp, line 773]
Event: 0.945 Thread 0x000002599b40dd40 Exception <a 'java/lang/NoSuchMethodError'{0x00000000899e8b80}: 'java.lang.Object java.lang.invoke.DirectMethodHandle$Holder.invokeStatic(java.lang.Object, long, java.lang.Object)'> (0x00000000899e8b80) 
thrown [s\open\src\hotspot\share\interpreter\linkResolver.cpp, line 773]
Event: 0.946 Thread 0x000002599b40dd40 Exception <a 'java/lang/NoSuchMethodError'{0x00000000899ec1d8}: 'java.lang.Object java.lang.invoke.DirectMethodHandle$Holder.invokeStaticInit(java.lang.Object, long, java.lang.Object)'> (0x00000000899ec1d8) 
thrown [s\open\src\hotspot\share\interpreter\linkResolver.cpp, line 773]
Event: 0.946 Thread 0x000002599b40dd40 Exception <a 'java/lang/NoSuchMethodError'{0x00000000899f1978}: 'java.lang.Object java.lang.invoke.DirectMethodHandle$Holder.newInvokeSpecial(java.lang.Object, long)'> (0x00000000899f1978) 
thrown [s\open\src\hotspot\share\interpreter\linkResolver.cpp, line 773]
Event: 0.975 Thread 0x000002599b40dd40 Exception <a 'java/lang/NoSuchMethodError'{0x0000000089851c60}: 'void java.lang.invoke.DirectMethodHandle$Holder.invokeVirtual(java.lang.Object, java.lang.Object, java.lang.Object, java.lang.Object)'> (0x0000000089851c60) 
thrown [s\open\src\hotspot\share\interpreter\linkResolver.cpp, line 773]
Event: 1.058 Thread 0x000002599b40dd40 Exception <a 'java/lang/NoSuchMethodError'{0x000000008979c5a8}: 'void java.lang.invoke.DirectMethodHandle$Holder.invokeSpecial(java.lang.Object, java.lang.Object, java.lang.Object)'> (0x000000008979c5a8) 
thrown [s\open\src\hotspot\share\interpreter\linkResolver.cpp, line 773]
Event: 1.112 Thread 0x000002598044ce60 Exception <a 'java/lang/NoClassDefFoundError'{0x00000000896ddf18}: jakarta/validation/Validation> (0x00000000896ddf18) 
thrown [s\open\src\hotspot\share\classfile\systemDictionary.cpp, line 301]
Event: 1.127 Thread 0x000002599b40dd40 Exception <a 'java/lang/NoSuchMethodError'{0x00000000896c4bb0}: 'java.lang.reflect.Field[] java.lang.Class.getDeclaredFields(java.lang.Class)'> (0x00000000896c4bb0) 
thrown [s\open\src\hotspot\share\interpreter\linkResolver.cpp, line 773]
Event: 1.130 Thread 0x000002599b40dd40 Exception <a 'java/lang/NoSuchMethodError'{0x000000008954ca30}: 'java.lang.Object java.lang.invoke.DirectMethodHandle$Holder.invokeStatic(java.lang.Object, java.lang.Object, int)'> (0x000000008954ca30) 
thrown [s\open\src\hotspot\share\interpreter\linkResolver.cpp, line 773]
Event: 1.132 Thread 0x000002599b40dd40 Exception <a 'java/lang/NoSuchMethodError'{0x0000000089557900}: 'void java.lang.invoke.DelegatingMethodHandle$Holder.delegate(java.lang.Object, java.lang.Object, int, java.lang.Object)'> (0x0000000089557900) 
thrown [s\open\src\hotspot\share\interpreter\linkResolver.cpp, line 773]
Event: 1.157 Thread 0x000002599b40dd40 Exception <a 'java/lang/NoSuchMethodError'{0x00000000894b0f18}: 'void java.lang.invoke.DirectMethodHandle$Holder.invokeVirtual(java.lang.Object, java.lang.Object, int)'> (0x00000000894b0f18) 
thrown [s\open\src\hotspot\share\interpreter\linkResolver.cpp, line 773]
Event: 1.159 Thread 0x000002599b40dd40 Exception <a 'java/lang/NoSuchMethodError'{0x00000000894b52d0}: 'int java.lang.invoke.DirectMethodHandle$Holder.invokeSpecial(java.lang.Object, java.lang.Object, java.lang.Object, int)'> (0x00000000894b52d0) 
thrown [s\open\src\hotspot\share\interpreter\linkResolver.cpp, line 773]
Event: 1.162 Thread 0x000002599b40dd40 Exception <a 'java/lang/NoSuchMethodError'{0x00000000894c7350}: 'java.lang.Object java.lang.invoke.DirectMethodHandle$Holder.invokeStatic(java.lang.Object, java.lang.Object, java.lang.Object, java.lang.Object, int)'> (0x00000000894c7350) 
thrown [s\open\src\hotspot\share\interpreter\linkResolver.cpp, line 773]
Event: 1.164 Thread 0x000002599b40dd40 Exception <a 'java/lang/NoSuchMethodError'{0x00000000894d20b0}: 'void java.lang.invoke.DelegatingMethodHandle$Holder.reinvoke_L(java.lang.Object, java.lang.Object, int)'> (0x00000000894d20b0) 
thrown [s\open\src\hotspot\share\interpreter\linkResolver.cpp, line 773]
Event: 1.171 Thread 0x000002599b40dd40 Exception <a 'java/lang/IncompatibleClassChangeError'{0x00000000893583d0}: Found class java.lang.Object, but interface was expected> (0x00000000893583d0) 
thrown [s\open\src\hotspot\share\interpreter\linkResolver.cpp, line 840]
Event: 1.178 Thread 0x000002599b40dd40 Exception <a 'java/lang/NoSuchMethodError'{0x000000008936b9a8}: 'java.lang.Object java.lang.invoke.DirectMethodHandle$Holder.invokeStaticInit(java.lang.Object, int)'> (0x000000008936b9a8) 
thrown [s\open\src\hotspot\share\interpreter\linkResolver.cpp, line 773]
Event: 1.180 Thread 0x000002599b40dd40 Exception <a 'java/lang/NoSuchMethodError'{0x0000000089375988}: 'java.lang.Object java.lang.invoke.DirectMethodHandle$Holder.invokeStatic(java.lang.Object, int, java.lang.Object)'> (0x0000000089375988) 
thrown [s\open\src\hotspot\share\interpreter\linkResolver.cpp, line 773]
Event: 1.181 Thread 0x000002599b40dd40 Exception <a 'java/lang/NoSuchMethodError'{0x0000000089378fd8}: 'java.lang.Object java.lang.invoke.DirectMethodHandle$Holder.invokeStaticInit(java.lang.Object, int, java.lang.Object)'> (0x0000000089378fd8) 
thrown [s\open\src\hotspot\share\interpreter\linkResolver.cpp, line 773]

ZGC Phase Switch (0 events):
No events

VM Operations (20 events):
Event: 0.801 Executing VM operation: G1CollectForAllocation (G1 Evacuation Pause)
Event: 0.807 Executing VM operation: G1CollectForAllocation (G1 Evacuation Pause) done
Event: 0.856 Executing VM operation: HandshakeAllThreads (Deoptimize)
Event: 0.856 Executing VM operation: HandshakeAllThreads (Deoptimize) done
Event: 1.045 Executing VM operation: HandshakeAllThreads (Deoptimize)
Event: 1.045 Executing VM operation: HandshakeAllThreads (Deoptimize) done
Event: 1.053 Executing VM operation: HandshakeAllThreads (Deoptimize)
Event: 1.053 Executing VM operation: HandshakeAllThreads (Deoptimize) done
Event: 1.053 Executing VM operation: HandshakeAllThreads (Deoptimize)
Event: 1.053 Executing VM operation: HandshakeAllThreads (Deoptimize) done
Event: 1.129 Executing VM operation: HandshakeAllThreads (Deoptimize)
Event: 1.129 Executing VM operation: HandshakeAllThreads (Deoptimize) done
Event: 1.236 Executing VM operation: ICBufferFull
Event: 1.236 Executing VM operation: ICBufferFull done
Event: 1.301 Executing VM operation: HandshakeAllThreads (Deoptimize)
Event: 1.301 Executing VM operation: HandshakeAllThreads (Deoptimize) done
Event: 1.381 Executing VM operation: HandshakeAllThreads (Deoptimize)
Event: 1.381 Executing VM operation: HandshakeAllThreads (Deoptimize) done
Event: 1.406 Executing VM operation: G1CollectForAllocation (G1 Evacuation Pause)
Event: 1.414 Executing VM operation: G1CollectForAllocation (G1 Evacuation Pause) done

Events (15 events):
Event: 0.029 Thread 0x000002599b40dd40 Thread added: 0x000002599b40dd40
Event: 0.044 Thread 0x00000259b9e8f800 Thread added: 0x00000259b9e8f800
Event: 0.044 Thread 0x00000259b9e90260 Thread added: 0x00000259b9e90260
Event: 0.044 Thread 0x00000259b9e90cc0 Thread added: 0x00000259b9e90cc0
Event: 0.044 Thread 0x00000259b9e91a80 Thread added: 0x00000259b9e91a80
Event: 0.044 Thread 0x00000259b9e944f0 Thread added: 0x00000259b9e944f0
Event: 0.045 Thread 0x00000259b9e9cf60 Thread added: 0x00000259b9e9cf60
Event: 0.045 Thread 0x00000259b9ea5250 Thread added: 0x00000259b9ea5250
Event: 0.045 Thread 0x00000259b9ea7910 Thread added: 0x00000259b9ea7910
Event: 0.135 Thread 0x00000259ff1da090 Thread added: 0x00000259ff1da090
Event: 0.182 Thread 0x00000259ff2d9880 Thread added: 0x00000259ff2d9880
Event: 0.269 Thread 0x00000259ff49b260 Thread added: 0x00000259ff49b260
Event: 0.270 Thread 0x00000259ff51e2b0 Thread added: 0x00000259ff51e2b0
Event: 1.106 Thread 0x000002598044ce60 Thread added: 0x000002598044ce60
Event: 1.113 Thread 0x00000259805dfa40 Thread added: 0x00000259805dfa40


Dynamic libraries:
0x00007ff7d7410000 - 0x00007ff7d7420000 	C:\Program Files\Java\jdk-21\bin\java.exe
0x00007ffa58b70000 - 0x00007ffa58d68000 	C:\WINDOWS\SYSTEM32\ntdll.dll
0x00007ffa58840000 - 0x00007ffa58902000 	C:\WINDOWS\System32\KERNEL32.DLL
0x00007ffa565a0000 - 0x00007ffa5689e000 	C:\WINDOWS\System32\KERNELBASE.dll
0x00007ffa56a20000 - 0x00007ffa56b20000 	C:\WINDOWS\System32\ucrtbase.dll
0x00007ffa50fd0000 - 0x00007ffa50feb000 	C:\Program Files\Java\jdk-21\bin\VCRUNTIME140.dll
0x00007ffa4fb80000 - 0x00007ffa4fb99000 	C:\Program Files\Java\jdk-21\bin\jli.dll
0x00007ffa56b90000 - 0x00007ffa56c42000 	C:\WINDOWS\System32\ADVAPI32.dll
0x00007ffa57fc0000 - 0x00007ffa5805e000 	C:\WINDOWS\System32\msvcrt.dll
0x00007ffa576f0000 - 0x00007ffa57790000 	C:\WINDOWS\System32\sechost.dll
0x00007ffa58a00000 - 0x00007ffa58b23000 	C:\WINDOWS\System32\RPCRT4.dll
0x00007ffa56400000 - 0x00007ffa56427000 	C:\WINDOWS\System32\bcrypt.dll
0x00007ffa56ef0000 - 0x00007ffa5708d000 	C:\WINDOWS\System32\USER32.dll
0x00007ffa568a0000 - 0x00007ffa568c2000 	C:\WINDOWS\System32\win32u.dll
0x00007ffa421b0000 - 0x00007ffa4244a000 	C:\WINDOWS\WinSxS\amd64_microsoft.windows.common-controls_6595b64144ccf1df_6.0.19041.4355_none_60b8b9eb71f62e16\COMCTL32.dll
0x00007ffa58420000 - 0x00007ffa5844b000 	C:\WINDOWS\System32\GDI32.dll
0x00007ffa56430000 - 0x00007ffa56547000 	C:\WINDOWS\System32\gdi32full.dll
0x00007ffa56980000 - 0x00007ffa56a1d000 	C:\WINDOWS\System32\msvcp_win.dll
0x00007ffa50600000 - 0x00007ffa5060a000 	C:\WINDOWS\SYSTEM32\VERSION.dll
0x00007ffa56ec0000 - 0x00007ffa56eef000 	C:\WINDOWS\System32\IMM32.DLL
0x00007ffa50f60000 - 0x00007ffa50f6c000 	C:\Program Files\Java\jdk-21\bin\vcruntime140_1.dll
0x00007ffa29340000 - 0x00007ffa293ce000 	C:\Program Files\Java\jdk-21\bin\msvcp140.dll
0x00007ffa28620000 - 0x00007ffa29337000 	C:\Program Files\Java\jdk-21\bin\server\jvm.dll
0x00007ffa58910000 - 0x00007ffa5897b000 	C:\WINDOWS\System32\WS2_32.dll
0x00007ffa45610000 - 0x00007ffa45637000 	C:\WINDOWS\SYSTEM32\WINMM.dll
0x00007ffa56070000 - 0x00007ffa560bb000 	C:\WINDOWS\SYSTEM32\POWRPROF.dll
0x00007ffa56050000 - 0x00007ffa56062000 	C:\WINDOWS\SYSTEM32\UMPDC.dll
0x00007ffa54090000 - 0x00007ffa540a2000 	C:\WINDOWS\SYSTEM32\kernel.appcore.dll
0x00007ffa4fb70000 - 0x00007ffa4fb7a000 	C:\Program Files\Java\jdk-21\bin\jimage.dll
0x00007ffa45680000 - 0x00007ffa45864000 	C:\WINDOWS\SYSTEM32\DBGHELP.DLL
0x00007ffa453a0000 - 0x00007ffa453d4000 	C:\WINDOWS\SYSTEM32\dbgcore.DLL
0x00007ffa56210000 - 0x00007ffa56292000 	C:\WINDOWS\System32\bcryptPrimitives.dll
0x00007ffa4f930000 - 0x00007ffa4f93f000 	C:\Program Files\Java\jdk-21\bin\instrument.dll
0x00007ffa4f720000 - 0x00007ffa4f73f000 	C:\Program Files\Java\jdk-21\bin\java.dll
0x00007ffa57840000 - 0x00007ffa57faf000 	C:\WINDOWS\System32\SHELL32.dll
0x00007ffa54290000 - 0x00007ffa54a34000 	C:\WINDOWS\SYSTEM32\windows.storage.dll
0x00007ffa584e0000 - 0x00007ffa58833000 	C:\WINDOWS\System32\combase.dll
0x00007ffa55b70000 - 0x00007ffa55b9e000 	C:\WINDOWS\SYSTEM32\Wldp.dll
0x00007ffa57090000 - 0x00007ffa5715d000 	C:\WINDOWS\System32\OLEAUT32.dll
0x00007ffa57790000 - 0x00007ffa5783d000 	C:\WINDOWS\System32\SHCORE.dll
0x00007ffa58060000 - 0x00007ffa580b5000 	C:\WINDOWS\System32\shlwapi.dll
0x00007ffa56140000 - 0x00007ffa56164000 	C:\WINDOWS\SYSTEM32\profapi.dll
0x00007ffa28540000 - 0x00007ffa28617000 	C:\Program Files\Java\jdk-21\bin\jsvml.dll
0x00007ffa37d40000 - 0x00007ffa37d58000 	C:\Program Files\Java\jdk-21\bin\zip.dll
0x00007ffa4f790000 - 0x00007ffa4f7a0000 	C:\Program Files\Java\jdk-21\bin\net.dll
0x00007ffa4fe60000 - 0x00007ffa4ff6d000 	C:\WINDOWS\SYSTEM32\WINHTTP.dll
0x00007ffa558d0000 - 0x00007ffa5593a000 	C:\WINDOWS\system32\mswsock.dll
0x00007ffa42ff0000 - 0x00007ffa43006000 	C:\Program Files\Java\jdk-21\bin\nio.dll
0x00007ffa36d70000 - 0x00007ffa36d8a000 	D:\Program Files\IntelliJ IDEA 2024.2.3\bin\breakgen64.dll
0x00007ffa4f760000 - 0x00007ffa4f769000 	C:\Program Files\Java\jdk-21\bin\extnet.dll

dbghelp: loaded successfully - version: 4.0.5 - missing functions: none
symbol engine: initialized successfully - sym options: 0x614 - pdb path: .;C:\Program Files\Java\jdk-21\bin;C:\WINDOWS\SYSTEM32;C:\WINDOWS\WinSxS\amd64_microsoft.windows.common-controls_6595b64144ccf1df_6.0.19041.4355_none_60b8b9eb71f62e16;C:\Program Files\Java\jdk-21\bin\server;D:\Program Files\IntelliJ IDEA 2024.2.3\bin

VM Arguments:
jvm_args: --enable-preview -javaagent:D:\Program Files\IntelliJ IDEA 2024.2.3\lib\idea_rt.jar=60540:D:\Program Files\IntelliJ IDEA 2024.2.3\bin -Dfile.encoding=UTF-8 -Dsun.stdout.encoding=UTF-8 -Dsun.stderr.encoding=UTF-8 
java_command: com.PhD_UAE.PhD.PhDApplication
java_class_path (initial): C:\Users\lenovo\Desktop\Phd_back\target\classes;C:\Users\lenovo\.m2\repository\org\springframework\boot\spring-boot-starter-data-jpa\3.3.4\spring-boot-starter-data-jpa-3.3.4.jar;C:\Users\lenovo\.m2\repository\org\springframework\boot\spring-boot-starter-aop\3.3.4\spring-boot-starter-aop-3.3.4.jar;C:\Users\lenovo\.m2\repository\org\aspectj\aspectjweaver\1.9.22.1\aspectjweaver-1.9.22.1.jar;C:\Users\lenovo\.m2\repository\org\springframework\boot\spring-boot-starter-jdbc\3.3.4\spring-boot-starter-jdbc-3.3.4.jar;C:\Users\lenovo\.m2\repository\com\zaxxer\HikariCP\5.1.0\HikariCP-5.1.0.jar;C:\Users\lenovo\.m2\repository\org\springframework\spring-jdbc\6.1.13\spring-jdbc-6.1.13.jar;C:\Users\lenovo\.m2\repository\org\hibernate\orm\hibernate-core\6.5.3.Final\hibernate-core-6.5.3.Final.jar;C:\Users\lenovo\.m2\repository\jakarta\persistence\jakarta.persistence-api\3.1.0\jakarta.persistence-api-3.1.0.jar;C:\Users\lenovo\.m2\repository\jakarta\transaction\jakarta.transaction-api\2.0.1\jakarta.transaction-api-2.0.1.jar;C:\Users\lenovo\.m2\repository\org\jboss\logging\jboss-logging\3.5.3.Final\jboss-logging-3.5.3.Final.jar;C:\Users\lenovo\.m2\repository\org\hibernate\common\hibernate-commons-annotations\6.0.6.Final\hibernate-commons-annotations-6.0.6.Final.jar;C:\Users\lenovo\.m2\repository\io\smallrye\jandex\3.1.2\jandex-3.1.2.jar;C:\Users\lenovo\.m2\repository\com\fasterxml\classmate\1.7.0\classmate-1.7.0.jar;C:\Users\lenovo\.m2\repository\net\bytebuddy\byte-buddy\1.14.19\byte-buddy-1.14.19.jar;C:\Users\lenovo\.m2\repository\jakarta\inject\jakarta.inject-api\2.0.1\jakarta.inject-api-2.0.1.jar;C:\Users\lenovo\.m2\repository\org\antlr\antlr4-runtime\4.13.0\antlr4-runtime-4.13.0.jar;C:\Users\lenovo\.m2\repository\org\springframework\data\spring-data-jpa\3.3.4\spring-data-jpa-3.3.4.jar;C:\Users\lenovo\.m2\repository\org\springframework\data\spring-data-commons\3.3.4\spring-data-commons-3.3.4.jar;C:\Users\lenovo\.m2\repository\org\springframework\spring-orm\6.1.13\spring-orm-6.1.13.jar;C:\Users\lenovo\.m2\repository\org\springframework\spring-context\6.1.13\spring-context-6.1.13.jar;C:\Users\lenovo\.m2\repository\org\springframework\spring-tx\6.1.13\spring-tx-6.1.13.jar;C:\Users\lenovo\.m2\repository\org\springframework\spring-beans\6.1.13\spring-beans-6.1.13.jar;C:\Users\lenovo\.m2\repository\jakarta\annotation\jakarta.annotation-api\2.1.1\jakarta.annotation-api-2.1.1.jar;C:\Users\lenovo\.m2\repository\org\slf4j\slf4j-api\2.0.16\slf4j-api-2.0.16.jar;C:\Users\lenovo\.m2\repository\org\springframework\spring-aspects\6.1.13\spring-aspects-6.1.13.jar;C:\Users\lenovo\.m2\repository\org\springframework\boot\spring-boot-starter-web\3.3.4\spring-boot-starter-web-3.3.4.jar;C:\Users\lenovo\.m2\repository\org\springframework\boot\spring-boot-starter\3.3.4\spring-boot-starter-3.3.4.jar;C:\Users\lenovo\.m2\repository\org\springframework\boot\spring-boot\3.3.4\spring-boot-3.3.4.jar;C:\Users\lenovo\.m2\repository\org\springframework\boot\spring-boot-autoconfigure\3.3.4\spring-boot-autoconfigure-3.3.4.jar;C:\Users\lenovo\.m2\repository\org\springframework\boot\spring-boot-starter-logging\3.3.4\spring-boot-starter-logging-3.3.4.jar;C:\Users\lenovo\.m2\repository\ch\qos\logback\logback-classic\1.5.8\logback-classic-1.5.8.jar;C:\Users\lenovo\.m2\repository\ch\qos\logback\logback-core\1.5.8\logback-core-1.5.8.jar;C:\Users\lenovo\.m2\repository\org\apache\logging\log4j\log4j-to-slf4j\2.23.1\log4j-to-slf4j-2.23.1.jar;C:\Users\lenovo\.m2\repository\org\apache\logging\log4j\log4j-api\2.23.1\log4j-api-2.23.1.jar;C:\Users\lenovo\.m2\repository\org\slf4j\jul-to-slf4j\2.0.16\jul-to-slf4j-2.0.16.jar;C:\Users\lenovo\.m2\repository\org\yaml\snakeyaml\2.2\snakeyaml-2.2.jar;C:\Users\lenovo\.m2\repository\org\springframework\boot\spring-boot-starter-json\3.3.4\spring-boot-starter-json-3.3.4.jar;C:\Users\lenovo\.m2\repository\com\fasterxml\jackson\datatype\jackson-datatype-jdk8\2.17.2\jackson-datatype-jdk8-2.17.2.jar;C:\Users\lenovo\.m2\repository\com\fasterxml\jackson\datatype\jackson-datatype-jsr310\2.17.2\jackson-datatype-jsr310-2.17.2.jar;C:\Users\lenovo\.m2\repository\com\fasterxml\jackson\module\jackson-module-parameter-names\2.17.2\jackson-module-parameter-names-2.17.2.jar;C:\Users\lenovo\.m2\repository\org\springframework\boot\spring-boot-starter-tomcat\3.3.4\spring-boot-starter-tomcat-3.3.4.jar;C:\Users\lenovo\.m2\repository\org\apache\tomcat\embed\tomcat-embed-core\10.1.30\tomcat-embed-core-10.1.30.jar;C:\Users\lenovo\.m2\repository\org\apache\tomcat\embed\tomcat-embed-el\10.1.30\tomcat-embed-el-10.1.30.jar;C:\Users\lenovo\.m2\repository\org\apache\tomcat\embed\tomcat-embed-websocket\10.1.30\tomcat-embed-websocket-10.1.30.jar;C:\Users\lenovo\.m2\repository\org\springframework\spring-web\6.1.13\spring-web-6.1.13.jar;C:\Users\lenovo\.m2\repository\io\micrometer\micrometer-observation\1.13.4\micrometer-observation-1.13.4.jar;C:\Users\lenovo\.m2\repository\io\micrometer\micrometer-commons\1.13.4\micrometer-commons-1.13.4.jar;C:\Users\lenovo\.m2\repository\org\springframework\spring-webmvc\6.1.13\spring-webmvc-6.1.13.jar;C:\Users\lenovo\.m2\repository\org\springframework\spring-expression\6.1.13\spring-expression-6.1.13.jar;C:\Users\lenovo\.m2\repository\com\mysql\mysql-connector-j\8.3.0\mysql-connector-j-8.3.0.jar;C:\Users\lenovo\.m2\repository\org\projectlombok\lombok\1.18.34\lombok-1.18.34.jar;C:\Users\lenovo\.m2\repository\jakarta\xml\bind\jakarta.xml.bind-api\4.0.2\jakarta.xml.bind-api-4.0.2.jar;C:\Users\lenovo\.m2\repository\jakarta\activation\jakarta.activation-api\2.1.3\jakarta.activation-api-2.1.3.jar;C:\Users\lenovo\.m2\repository\org\springframework\spring-core\6.1.13\spring-core-6.1.13.jar;C:\Users\lenovo\.m2\repository\org\springframework\spring-jcl\6.1.13\spring-jcl-6.1.13.jar;C:\Users\lenovo\.m2\repository\org\springframework\boot\spring-boot-starter-security\3.3.4\spring-boot-starter-security-3.3.4.jar;C:\Users\lenovo\.m2\repository\org\springframework\spring-aop\6.1.13\spring-aop-6.1.13.jar;C:\Users\lenovo\.m2\repository\org\springframework\security\spring-security-config\6.3.3\spring-security-config-6.3.3.jar;C:\Users\lenovo\.m2\repository\org\springframework\security\spring-security-core\6.3.3\spring-security-core-6.3.3.jar;C:\Users\lenovo\.m2\repository\org\springframework\security\spring-security-crypto\6.3.3\spring-security-crypto-6.3.3.jar;C:\Users\lenovo\.m2\repository\org\springframework\security\spring-security-web\6.3.3\spring-security-web-6.3.3.jar;C:\Users\lenovo\.m2\repository\io\jsonwebtoken\jjwt\0.9.1\jjwt-0.9.1.jar;C:\Users\lenovo\.m2\repository\com\fasterxml\jackson\core\jackson-databind\2.17.2\jackson-databind-2.17.2.jar;C:\Users\lenovo\.m2\repository\com\fasterxml\jackson\core\jackson-annotations\2.17.2\jackson-annotations-2.17.2.jar;C:\Users\lenovo\.m2\repository\com\fasterxml\jackson\core\jackson-core\2.17.2\jackson-core-2.17.2.jar;C:\Users\lenovo\.m2\repository\io\jsonwebtoken\jjwt-jackson\0.11.5\jjwt-jackson-0.11.5.jar;C:\Users\lenovo\.m2\repository\io\jsonwebtoken\jjwt-api\0.11.5\jjwt-api-0.11.5.jar;C:\Users\lenovo\.m2\repository\javax\xml\bind\jaxb-api\2.3.1\jaxb-api-2.3.1.jar;C:\Users\lenovo\.m2\repository\javax\activation\javax.activation-api\1.2.0\javax.activation-api-1.2.0.jar;C:\Users\lenovo\.m2\repository\org\glassfish\jaxb\jaxb-runtime\2.3.1\jaxb-runtime-2.3.1.jar;C:\Users\lenovo\.m2\repository\org\glassfish\jaxb\txw2\4.0.5\txw2-4.0.5.jar;C:\Users\lenovo\.m2\repository\com\sun\istack\istack-commons-runtime\4.1.2\istack-commons-runtime-4.1.2.jar;C:\Users\lenovo\.m2\repository\org\jvnet\staxex\stax-ex\2.1.0\stax-ex-2.1.0.jar;C:\Users\lenovo\.m2\repository\com\sun\xml\fastinfoset\FastInfoset\2.1.1\FastInfoset-2.1.1.jar
Launcher Type: SUN_STANDARD

[Global flags]
     intx CICompilerCount                          = 4                                         {product} {ergonomic}
     uint ConcGCThreads                            = 2                                         {product} {ergonomic}
     uint G1ConcRefinementThreads                  = 8                                         {product} {ergonomic}
   size_t G1HeapRegionSize                         = 1048576                                   {product} {ergonomic}
    uintx GCDrainStackTargetSize                   = 64                                        {product} {ergonomic}
   size_t InitialHeapSize                          = 132120576                                 {product} {ergonomic}
   size_t MarkStackSize                            = 4194304                                   {product} {ergonomic}
   size_t MaxHeapSize                              = 2113929216                                {product} {ergonomic}
   size_t MaxNewSize                               = 1267728384                                {product} {ergonomic}
   size_t MinHeapDeltaBytes                        = 1048576                                   {product} {ergonomic}
   size_t MinHeapSize                              = 8388608                                   {product} {ergonomic}
    uintx NonNMethodCodeHeapSize                   = 5839372                                {pd product} {ergonomic}
    uintx NonProfiledCodeHeapSize                  = 122909434                              {pd product} {ergonomic}
    uintx ProfiledCodeHeapSize                     = 122909434                              {pd product} {ergonomic}
    uintx ReservedCodeCacheSize                    = 251658240                              {pd product} {ergonomic}
     bool SegmentedCodeCache                       = true                                      {product} {ergonomic}
   size_t SoftMaxHeapSize                          = 2113929216                             {manageable} {ergonomic}
     bool UseCompressedOops                        = true                           {product lp64_product} {ergonomic}
     bool UseG1GC                                  = true                                      {product} {ergonomic}
     bool UseLargePagesIndividualAllocation        = false                                  {pd product} {ergonomic}

Logging:
Log output configuration:
 #0: stdout all=warning uptime,level,tags foldmultilines=false
 #1: stderr all=off uptime,level,tags foldmultilines=false

Environment Variables:
PATH=C:\Users\lenovo\AppData\Local\Programs\Python\Python312\Scripts\;C:\Users\lenovo\AppData\Local\Programs\Python\Python312\;C:\Program Files\Common Files\Oracle\Java\javapath;C:\oraclexe\app\oracle\product\11.2.0\server\bin;C:\ProgramData\watcom-1.3\binnt;C:\ProgramData\watcom-1.3\binw;C:\watcom-1.3\binnt;C:\watcom-1.3\binw;C:\WINDOWS\system32;C:\WINDOWS;C:\WINDOWS\System32\Wbem;C:\WINDOWS\System32\WindowsPowerShell\v1.0\;C:\WINDOWS\System32\OpenSSH\;C:\Program Files\MySQL\MySQL Server 5.5\bin;C:\MinGW\bin;C:\ProgramData\chocolatey\bin;C:\xampp\php;C:\Program Files\MongoDB\Server\7.0;C:\Program Files\Apache Software Foundation\Tomcat 11.0\bin;C:\Program Files\Git\cmd;D:\Program Files\heroku\bin;C:\Program Files\Docker\Docker\resources\bin;D:\Program Files\apache-maven-3.9.9\bin;C:\Users\lenovo\AppData\Roaming\nvm;C:\Program Files\nodejs;C:\Program Files\PowerShell\7\;C:\Users\lenovo\AppData\Local\Programs\Python\Python312\Scripts\;C:\Users\lenovo\AppData\Local\Programs\Python\Python312\;C:\Users\lenovo\AppData\Local\Programs\Python\Launcher\;C:\Users\lenovo\AppData\Local\Microsoft\WindowsApps;C:\Users\lenovo\Downloads\GnuWin32\GnuWin32\bin;C:\Program Files (x86)\GnuWin32\bin;C:\MinGW\bin;C:\MinGW\msys\1.0\bin;C:\MinGW\bin;C:\Users\lenovo\AppData\Local\Programs\Microsoft VS Code\bin;C:\Program Files\JetBrains\IntelliJ IDEA Community Edition 2023.3.4\bin;;C:\Users\lenovo\Downloads\java;C:\xampp\php;C:\Users\lenovo\AppData\Local\ComposerSetup\bin;C:\Users\lenovo\AppData\Roaming\Composer\vendor\bin;C:\Program Files\Java\jdk-21\bin;D:\Program Files\IntelliJ IDEA 2024.2.3\bin;;D:\Program Files\heroku\bin;C:\Program Files\Docker\Docker\resources\bin;C:\Users\lenovo\AppData\Roaming\npm;C:\Users\lenovo\AppData\Roaming\nvm;C:\Program Files\nodejs
USERNAME=lenovo
OS=Windows_NT
PROCESSOR_IDENTIFIER=Intel64 Family 6 Model 142 Stepping 10, GenuineIntel
TMP=C:\Users\lenovo\AppData\Local\Temp
TEMP=C:\Users\lenovo\AppData\Local\Temp




Periodic native trim disabled

---------------  S Y S T E M  ---------------

OS:
 Windows 10 , 64 bit Build 19041 (10.0.19041.4957)
OS uptime: 0 days 17:35 hours

CPU: total 8 (initial active 8) (4 cores per cpu, 2 threads per core) family 6 model 142 stepping 10 microcode 0xb4, cx8, cmov, fxsr, ht, mmx, 3dnowpref, sse, sse2, sse3, ssse3, sse4.1, sse4.2, popcnt, lzcnt, tsc, tscinvbit, avx, avx2, aes, erms, clmul, bmi1, bmi2, adx, fma, vzeroupper, clflush, clflushopt, rdtscp, f16c
Processor Information for all 8 processors :
  Max Mhz: 1801, Current Mhz: 1801, Mhz Limit: 1801

Memory: 4k page, system-wide physical 8058M (881M free)
TotalPageFile size 10106M (AvailPageFile size 3M)
current process WorkingSet (physical memory assigned to process): 118M, peak: 118M
current process commit charge ("private bytes"): 245M, peak: 245M

vm_info: Java HotSpot(TM) 64-Bit Server VM (21.0.2+13-LTS-58) for windows-amd64 JRE (21.0.2+13-LTS-58), built on 2024-01-05T18:32:24Z by "mach5one" with MS VC++ 17.1 (VS2022)

END.
