#
# There is insufficient memory for the Java Runtime Environment to continue.
# Native memory allocation (mmap) failed to map 65536 bytes for Failed to commit metaspace.
# Possible reasons:
#   The system is out of physical RAM or swap space
#   The process is running with CompressedOops enabled, and the Java Heap may be blocking the growth of the native heap
# Possible solutions:
#   Reduce memory load on the system
#   Increase physical memory or swap space
#   Check if swap backing store is full
#   Decrease Java heap size (-Xmx/-Xms)
#   Decrease number of Java threads
#   Decrease Java thread stack sizes (-Xss)
#   Set larger code cache with -XX:ReservedCodeCacheSize=
#   JVM is running with Unscaled Compressed Oops mode in which the Java heap is
#     placed in the first 4GB address space. The Java Heap base address is the
#     maximum limit for the native heap growth. Please use -XX:HeapBaseMinAddress
#     to set the Java Heap base and to place the Java Heap above 4GB virtual address.
# This output file may be truncated or incomplete.
#
#  Out of Memory Error (virtualSpaceNode.cpp:112), pid=17700, tid=17060
#
# JRE version: Java(TM) SE Runtime Environment (21.0.2+13) (build 21.0.2+13-LTS-58)
# Java VM: Java HotSpot(TM) 64-Bit Server VM (21.0.2+13-LTS-58, mixed mode, sharing, tiered, compressed oops, compressed class ptrs, g1 gc, windows-amd64)
# No core dump will be written. Minidumps are not enabled by default on client versions of Windows
#

---------------  S U M M A R Y ------------

Command Line: --enable-preview -javaagent:D:\Program Files\IntelliJ IDEA 2024.2.3\lib\idea_rt.jar=58931:D:\Program Files\IntelliJ IDEA 2024.2.3\bin -Dfile.encoding=UTF-8 -Dsun.stdout.encoding=UTF-8 -Dsun.stderr.encoding=UTF-8 com.PhD_UAE.PhD.PhDApplication

Host: Intel(R) Core(TM) i5-8250U CPU @ 1.60GHz, 8 cores, 7G,  Windows 10 , 64 bit Build 19041 (10.0.19041.4957)
Time: Mon Nov  4 17:59:17 2024 Maroc (heure d64 bit Build 19041 (10.0.19041.4957) elapsed time: 0.305012 seconds (0d 0h 0m 0s)

---------------  T H R E A D  ---------------

Current thread (0x000002d0e3069450):  JavaThread "main"             [_thread_in_vm, id=17060, stack(0x000000f504900000,0x000000f504a00000) (1024K)]

Stack: [0x000000f504900000,0x000000f504a00000]
Native frames: (J=compiled Java code, j=interpreted, Vv=VM code, C=native code)
V  [jvm.dll+0x6cade9]
V  [jvm.dll+0x8569c1]
V  [jvm.dll+0x858d2e]
V  [jvm.dll+0x859413]
V  [jvm.dll+0x280e56]
V  [jvm.dll+0x8526ee]
V  [jvm.dll+0x66e705]
V  [jvm.dll+0x1e68cc]
V  [jvm.dll+0x1e669e]
V  [jvm.dll+0x67104c]
V  [jvm.dll+0x670e62]
V  [jvm.dll+0x66f0de]
V  [jvm.dll+0x679347]
V  [jvm.dll+0x217b73]
V  [jvm.dll+0x2180b5]
V  [jvm.dll+0x218ad1]
V  [jvm.dll+0x20dd9e]
V  [jvm.dll+0x5ad3dc]
V  [jvm.dll+0x7cf5e6]
V  [jvm.dll+0x470270]
V  [jvm.dll+0x475ef8]
C  [java.dll+0x17ec]

Java frames: (J=compiled Java code, j=interpreted, Vv=VM code)
j  java.lang.ClassLoader.defineClass1(Ljava/lang/ClassLoader;Ljava/lang/String;[BIILjava/security/ProtectionDomain;Ljava/lang/String;)Ljava/lang/Class;+0 java.base@21.0.2
j  java.lang.ClassLoader.defineClass(Ljava/lang/String;[BIILjava/security/ProtectionDomain;)Ljava/lang/Class;+27 java.base@21.0.2
j  java.security.SecureClassLoader.defineClass(Ljava/lang/String;[BIILjava/security/CodeSource;)Ljava/lang/Class;+12 java.base@21.0.2
j  jdk.internal.loader.BuiltinClassLoader.defineClass(Ljava/lang/String;Ljdk/internal/loader/Resource;)Ljava/lang/Class;+117 java.base@21.0.2
j  jdk.internal.loader.BuiltinClassLoader.findClassOnClassPathOrNull(Ljava/lang/String;)Ljava/lang/Class;+37 java.base@21.0.2
j  jdk.internal.loader.BuiltinClassLoader.loadClassOrNull(Ljava/lang/String;Z)Ljava/lang/Class;+111 java.base@21.0.2
j  jdk.internal.loader.BuiltinClassLoader.loadClass(Ljava/lang/String;Z)Ljava/lang/Class;+3 java.base@21.0.2
j  jdk.internal.loader.ClassLoaders$AppClassLoader.loadClass(Ljava/lang/String;Z)Ljava/lang/Class;+36 java.base@21.0.2
j  java.lang.ClassLoader.loadClass(Ljava/lang/String;)Ljava/lang/Class;+3 java.base@21.0.2
v  ~StubRoutines::call_stub 0x000002d0f41d100d
j  java.lang.ClassLoader.defineClass1(Ljava/lang/ClassLoader;Ljava/lang/String;[BIILjava/security/ProtectionDomain;Ljava/lang/String;)Ljava/lang/Class;+0 java.base@21.0.2
j  java.lang.ClassLoader.defineClass(Ljava/lang/String;[BIILjava/security/ProtectionDomain;)Ljava/lang/Class;+27 java.base@21.0.2
j  java.security.SecureClassLoader.defineClass(Ljava/lang/String;[BIILjava/security/CodeSource;)Ljava/lang/Class;+12 java.base@21.0.2
j  jdk.internal.loader.BuiltinClassLoader.defineClass(Ljava/lang/String;Ljdk/internal/loader/Resource;)Ljava/lang/Class;+117 java.base@21.0.2
j  jdk.internal.loader.BuiltinClassLoader.findClassOnClassPathOrNull(Ljava/lang/String;)Ljava/lang/Class;+37 java.base@21.0.2
j  jdk.internal.loader.BuiltinClassLoader.loadClassOrNull(Ljava/lang/String;Z)Ljava/lang/Class;+111 java.base@21.0.2
j  jdk.internal.loader.BuiltinClassLoader.loadClass(Ljava/lang/String;Z)Ljava/lang/Class;+3 java.base@21.0.2
j  jdk.internal.loader.ClassLoaders$AppClassLoader.loadClass(Ljava/lang/String;Z)Ljava/lang/Class;+36 java.base@21.0.2
j  java.lang.ClassLoader.loadClass(Ljava/lang/String;)Ljava/lang/Class;+3 java.base@21.0.2
v  ~StubRoutines::call_stub 0x000002d0f41d100d
j  java.lang.Class.forName0(Ljava/lang/String;ZLjava/lang/ClassLoader;Ljava/lang/Class;)Ljava/lang/Class;+0 java.base@21.0.2
j  java.lang.Class.forName(Ljava/lang/String;ZLjava/lang/ClassLoader;Ljava/lang/Class;)Ljava/lang/Class;+37 java.base@21.0.2
j  java.lang.Class.forName(Ljava/lang/String;ZLjava/lang/ClassLoader;)Ljava/lang/Class;+20 java.base@21.0.2
j  org.apache.commons.logging.LogAdapter.isPresent(Ljava/lang/String;)Z+7
j  org.apache.commons.logging.LogAdapter.<clinit>()V+2
v  ~StubRoutines::call_stub 0x000002d0f41d100d
j  org.apache.commons.logging.LogFactory.getLog(Ljava/lang/String;)Lorg/apache/commons/logging/Log;+1
j  org.apache.commons.logging.LogFactory.getLog(Ljava/lang/Class;)Lorg/apache/commons/logging/Log;+4
j  org.springframework.boot.SpringApplication.<clinit>()V+2
v  ~StubRoutines::call_stub 0x000002d0f41d100d
j  com.PhD_UAE.PhD.PhDApplication.main([Ljava/lang/String;)V+3
v  ~StubRoutines::call_stub 0x000002d0f41d100d

---------------  P R O C E S S  ---------------

Threads class SMR info:
_java_thread_list=0x000002d0c70ca690, length=13, elements={
0x000002d0e3069450, 0x000002d0ff95b270, 0x000002d0ff95bf90, 0x000002d0ff95db60,
0x000002d0ff95e840, 0x000002d0ff9692c0, 0x000002d0ff98b7b0, 0x000002d0ff9972a0,
0x000002d0ff99ae20, 0x000002d0ffbcaba0, 0x000002d0ff99b4f0, 0x000002d0ffbc97f0,
0x000002d0ffbc7720
}

Java Threads: ( => current thread )
=>0x000002d0e3069450 JavaThread "main"                              [_thread_in_vm, id=17060, stack(0x000000f504900000,0x000000f504a00000) (1024K)]
  0x000002d0ff95b270 JavaThread "Reference Handler"          daemon [_thread_blocked, id=17740, stack(0x000000f505100000,0x000000f505200000) (1024K)]
  0x000002d0ff95bf90 JavaThread "Finalizer"                  daemon [_thread_blocked, id=17736, stack(0x000000f505200000,0x000000f505300000) (1024K)]
  0x000002d0ff95db60 JavaThread "Signal Dispatcher"          daemon [_thread_blocked, id=17732, stack(0x000000f505300000,0x000000f505400000) (1024K)]
  0x000002d0ff95e840 JavaThread "Attach Listener"            daemon [_thread_blocked, id=17920, stack(0x000000f505400000,0x000000f505500000) (1024K)]
  0x000002d0ff9692c0 JavaThread "Service Thread"             daemon [_thread_blocked, id=17916, stack(0x000000f505500000,0x000000f505600000) (1024K)]
  0x000002d0ff98b7b0 JavaThread "Monitor Deflation Thread"   daemon [_thread_blocked, id=17728, stack(0x000000f505600000,0x000000f505700000) (1024K)]
  0x000002d0ff9972a0 JavaThread "C2 CompilerThread0"         daemon [_thread_blocked, id=17724, stack(0x000000f505700000,0x000000f505800000) (1024K)]
  0x000002d0ff99ae20 JavaThread "C1 CompilerThread0"         daemon [_thread_blocked, id=13352, stack(0x000000f505800000,0x000000f505900000) (1024K)]
  0x000002d0ffbcaba0 JavaThread "Common-Cleaner"             daemon [_thread_blocked, id=18068, stack(0x000000f505900000,0x000000f505a00000) (1024K)]
  0x000002d0ff99b4f0 JavaThread "C2 CompilerThread1"         daemon [_thread_blocked, id=18040, stack(0x000000f505a00000,0x000000f505b00000) (1024K)]
  0x000002d0ffbc97f0 JavaThread "Monitor Ctrl-Break"         daemon [_thread_in_native, id=18036, stack(0x000000f505b00000,0x000000f505c00000) (1024K)]
  0x000002d0ffbc7720 JavaThread "Notification Thread"        daemon [_thread_blocked, id=18032, stack(0x000000f505c00000,0x000000f505d00000) (1024K)]
Total: 13

Other Threads:
  0x000002d0ff93baf0 VMThread "VM Thread"                           [id=17760, stack(0x000000f505000000,0x000000f505100000) (1024K)]
  0x000002d0ff9242f0 WatcherThread "VM Periodic Task Thread"        [id=17768, stack(0x000000f504f00000,0x000000f505000000) (1024K)]
  0x000002d0e30c0ec0 WorkerThread "GC Thread#0"                     [id=17288, stack(0x000000f504a00000,0x000000f504b00000) (1024K)]
  0x000002d0e30d1b50 ConcurrentGCThread "G1 Main Marker"            [id=1680, stack(0x000000f504b00000,0x000000f504c00000) (1024K)]
  0x000002d0e30d2550 WorkerThread "G1 Conc#0"                       [id=17332, stack(0x000000f504c00000,0x000000f504d00000) (1024K)]
  0x000002d0ff7f9510 ConcurrentGCThread "G1 Refine#0"               [id=15368, stack(0x000000f504d00000,0x000000f504e00000) (1024K)]
  0x000002d0ff7f9f80 ConcurrentGCThread "G1 Service"                [id=10568, stack(0x000000f504e00000,0x000000f504f00000) (1024K)]
Total: 7

Threads with active compile tasks:
Total: 0

VM state: not at safepoint (normal execution)

VM Mutex/Monitor currently owned by a thread:  ([mutex/lock_event])
[0x00007ffdc085ace8] Metaspace_lock - owner thread: 0x000002d0e3069450

Heap address: 0x0000000082000000, size: 2016 MB, Compressed Oops mode: 32-bit

CDS archive(s) mapped at: [0x000002d082000000-0x000002d082c90000-0x000002d082c90000), size 13172736, SharedBaseAddress: 0x000002d082000000, ArchiveRelocationMode: 1.
Compressed class space mapped at: 0x000002d083000000-0x000002d0c3000000, reserved size: 1073741824
Narrow klass base: 0x000002d082000000, Narrow klass shift: 0, Narrow klass range: 0x100000000

GC Precious Log:
 CardTable entry size: 512
 Card Set container configuration: InlinePtr #cards 5 size 8 Array Of Cards #cards 12 size 40 Howl #buckets 4 coarsen threshold 1843 Howl Bitmap #cards 512 size 80 coarsen threshold 460 Card regions per heap region 1 cards per card region 2048
 CPUs: 8 total, 8 available
 Memory: 8058M
 Large Page Support: Disabled
 NUMA Support: Disabled
 Compressed Oops: Enabled (32-bit)
 Heap Region Size: 1M
 Heap Min Capacity: 8M
 Heap Initial Capacity: 126M
 Heap Max Capacity: 2016M
 Pre-touch: Disabled
 Parallel Workers: 8
 Concurrent Workers: 2
 Concurrent Refinement Workers: 8
 Periodic GC: Disabled

Heap:
 garbage-first heap   total 129024K, used 10240K [0x0000000082000000, 0x0000000100000000)
  region size 1024K, 11 young (11264K), 0 survivors (0K)
 Metaspace       used 1076K, committed 1152K, reserved 1114112K
  class space    used 84K, committed 128K, reserved 1048576K

Heap Regions: E=young(eden), S=young(survivor), O=old, HS=humongous(starts), HC=humongous(continues), CS=collection set, F=free, TAMS=top-at-mark-start, PB=parsable bottom
|   0|0x0000000082000000, 0x0000000082100000, 0x0000000082100000|100%|HS|  |TAMS 0x0000000082000000| PB 0x0000000082000000| Complete 
|   1|0x0000000082100000, 0x0000000082100000, 0x0000000082200000|  0%| F|  |TAMS 0x0000000082100000| PB 0x0000000082100000| Untracked 
|   2|0x0000000082200000, 0x0000000082200000, 0x0000000082300000|  0%| F|  |TAMS 0x0000000082200000| PB 0x0000000082200000| Untracked 
|   3|0x0000000082300000, 0x0000000082300000, 0x0000000082400000|  0%| F|  |TAMS 0x0000000082300000| PB 0x0000000082300000| Untracked 
|   4|0x0000000082400000, 0x0000000082400000, 0x0000000082500000|  0%| F|  |TAMS 0x0000000082400000| PB 0x0000000082400000| Untracked 
|   5|0x0000000082500000, 0x0000000082500000, 0x0000000082600000|  0%| F|  |TAMS 0x0000000082500000| PB 0x0000000082500000| Untracked 
|   6|0x0000000082600000, 0x0000000082600000, 0x0000000082700000|  0%| F|  |TAMS 0x0000000082600000| PB 0x0000000082600000| Untracked 
|   7|0x0000000082700000, 0x0000000082700000, 0x0000000082800000|  0%| F|  |TAMS 0x0000000082700000| PB 0x0000000082700000| Untracked 
|   8|0x0000000082800000, 0x0000000082800000, 0x0000000082900000|  0%| F|  |TAMS 0x0000000082800000| PB 0x0000000082800000| Untracked 
|   9|0x0000000082900000, 0x0000000082900000, 0x0000000082a00000|  0%| F|  |TAMS 0x0000000082900000| PB 0x0000000082900000| Untracked 
|  10|0x0000000082a00000, 0x0000000082a00000, 0x0000000082b00000|  0%| F|  |TAMS 0x0000000082a00000| PB 0x0000000082a00000| Untracked 
|  11|0x0000000082b00000, 0x0000000082b00000, 0x0000000082c00000|  0%| F|  |TAMS 0x0000000082b00000| PB 0x0000000082b00000| Untracked 
|  12|0x0000000082c00000, 0x0000000082c00000, 0x0000000082d00000|  0%| F|  |TAMS 0x0000000082c00000| PB 0x0000000082c00000| Untracked 
|  13|0x0000000082d00000, 0x0000000082d00000, 0x0000000082e00000|  0%| F|  |TAMS 0x0000000082d00000| PB 0x0000000082d00000| Untracked 
|  14|0x0000000082e00000, 0x0000000082e00000, 0x0000000082f00000|  0%| F|  |TAMS 0x0000000082e00000| PB 0x0000000082e00000| Untracked 
|  15|0x0000000082f00000, 0x0000000082f00000, 0x0000000083000000|  0%| F|  |TAMS 0x0000000082f00000| PB 0x0000000082f00000| Untracked 
|  16|0x0000000083000000, 0x0000000083000000, 0x0000000083100000|  0%| F|  |TAMS 0x0000000083000000| PB 0x0000000083000000| Untracked 
|  17|0x0000000083100000, 0x0000000083100000, 0x0000000083200000|  0%| F|  |TAMS 0x0000000083100000| PB 0x0000000083100000| Untracked 
|  18|0x0000000083200000, 0x0000000083200000, 0x0000000083300000|  0%| F|  |TAMS 0x0000000083200000| PB 0x0000000083200000| Untracked 
|  19|0x0000000083300000, 0x0000000083300000, 0x0000000083400000|  0%| F|  |TAMS 0x0000000083300000| PB 0x0000000083300000| Untracked 
|  20|0x0000000083400000, 0x0000000083400000, 0x0000000083500000|  0%| F|  |TAMS 0x0000000083400000| PB 0x0000000083400000| Untracked 
|  21|0x0000000083500000, 0x0000000083500000, 0x0000000083600000|  0%| F|  |TAMS 0x0000000083500000| PB 0x0000000083500000| Untracked 
|  22|0x0000000083600000, 0x0000000083600000, 0x0000000083700000|  0%| F|  |TAMS 0x0000000083600000| PB 0x0000000083600000| Untracked 
|  23|0x0000000083700000, 0x0000000083700000, 0x0000000083800000|  0%| F|  |TAMS 0x0000000083700000| PB 0x0000000083700000| Untracked 
|  24|0x0000000083800000, 0x0000000083800000, 0x0000000083900000|  0%| F|  |TAMS 0x0000000083800000| PB 0x0000000083800000| Untracked 
|  25|0x0000000083900000, 0x0000000083900000, 0x0000000083a00000|  0%| F|  |TAMS 0x0000000083900000| PB 0x0000000083900000| Untracked 
|  26|0x0000000083a00000, 0x0000000083a00000, 0x0000000083b00000|  0%| F|  |TAMS 0x0000000083a00000| PB 0x0000000083a00000| Untracked 
|  27|0x0000000083b00000, 0x0000000083b00000, 0x0000000083c00000|  0%| F|  |TAMS 0x0000000083b00000| PB 0x0000000083b00000| Untracked 
|  28|0x0000000083c00000, 0x0000000083c00000, 0x0000000083d00000|  0%| F|  |TAMS 0x0000000083c00000| PB 0x0000000083c00000| Untracked 
|  29|0x0000000083d00000, 0x0000000083d00000, 0x0000000083e00000|  0%| F|  |TAMS 0x0000000083d00000| PB 0x0000000083d00000| Untracked 
|  30|0x0000000083e00000, 0x0000000083e00000, 0x0000000083f00000|  0%| F|  |TAMS 0x0000000083e00000| PB 0x0000000083e00000| Untracked 
|  31|0x0000000083f00000, 0x0000000083f00000, 0x0000000084000000|  0%| F|  |TAMS 0x0000000083f00000| PB 0x0000000083f00000| Untracked 
|  32|0x0000000084000000, 0x0000000084000000, 0x0000000084100000|  0%| F|  |TAMS 0x0000000084000000| PB 0x0000000084000000| Untracked 
|  33|0x0000000084100000, 0x0000000084100000, 0x0000000084200000|  0%| F|  |TAMS 0x0000000084100000| PB 0x0000000084100000| Untracked 
|  34|0x0000000084200000, 0x0000000084200000, 0x0000000084300000|  0%| F|  |TAMS 0x0000000084200000| PB 0x0000000084200000| Untracked 
|  35|0x0000000084300000, 0x0000000084300000, 0x0000000084400000|  0%| F|  |TAMS 0x0000000084300000| PB 0x0000000084300000| Untracked 
|  36|0x0000000084400000, 0x0000000084400000, 0x0000000084500000|  0%| F|  |TAMS 0x0000000084400000| PB 0x0000000084400000| Untracked 
|  37|0x0000000084500000, 0x0000000084500000, 0x0000000084600000|  0%| F|  |TAMS 0x0000000084500000| PB 0x0000000084500000| Untracked 
|  38|0x0000000084600000, 0x0000000084600000, 0x0000000084700000|  0%| F|  |TAMS 0x0000000084600000| PB 0x0000000084600000| Untracked 
|  39|0x0000000084700000, 0x0000000084700000, 0x0000000084800000|  0%| F|  |TAMS 0x0000000084700000| PB 0x0000000084700000| Untracked 
|  40|0x0000000084800000, 0x0000000084800000, 0x0000000084900000|  0%| F|  |TAMS 0x0000000084800000| PB 0x0000000084800000| Untracked 
|  41|0x0000000084900000, 0x0000000084900000, 0x0000000084a00000|  0%| F|  |TAMS 0x0000000084900000| PB 0x0000000084900000| Untracked 
|  42|0x0000000084a00000, 0x0000000084a00000, 0x0000000084b00000|  0%| F|  |TAMS 0x0000000084a00000| PB 0x0000000084a00000| Untracked 
|  43|0x0000000084b00000, 0x0000000084b00000, 0x0000000084c00000|  0%| F|  |TAMS 0x0000000084b00000| PB 0x0000000084b00000| Untracked 
|  44|0x0000000084c00000, 0x0000000084c00000, 0x0000000084d00000|  0%| F|  |TAMS 0x0000000084c00000| PB 0x0000000084c00000| Untracked 
|  45|0x0000000084d00000, 0x0000000084d00000, 0x0000000084e00000|  0%| F|  |TAMS 0x0000000084d00000| PB 0x0000000084d00000| Untracked 
|  46|0x0000000084e00000, 0x0000000084e00000, 0x0000000084f00000|  0%| F|  |TAMS 0x0000000084e00000| PB 0x0000000084e00000| Untracked 
|  47|0x0000000084f00000, 0x0000000084f00000, 0x0000000085000000|  0%| F|  |TAMS 0x0000000084f00000| PB 0x0000000084f00000| Untracked 
|  48|0x0000000085000000, 0x0000000085000000, 0x0000000085100000|  0%| F|  |TAMS 0x0000000085000000| PB 0x0000000085000000| Untracked 
|  49|0x0000000085100000, 0x0000000085100000, 0x0000000085200000|  0%| F|  |TAMS 0x0000000085100000| PB 0x0000000085100000| Untracked 
|  50|0x0000000085200000, 0x0000000085200000, 0x0000000085300000|  0%| F|  |TAMS 0x0000000085200000| PB 0x0000000085200000| Untracked 
|  51|0x0000000085300000, 0x0000000085300000, 0x0000000085400000|  0%| F|  |TAMS 0x0000000085300000| PB 0x0000000085300000| Untracked 
|  52|0x0000000085400000, 0x0000000085400000, 0x0000000085500000|  0%| F|  |TAMS 0x0000000085400000| PB 0x0000000085400000| Untracked 
|  53|0x0000000085500000, 0x0000000085500000, 0x0000000085600000|  0%| F|  |TAMS 0x0000000085500000| PB 0x0000000085500000| Untracked 
|  54|0x0000000085600000, 0x0000000085600000, 0x0000000085700000|  0%| F|  |TAMS 0x0000000085600000| PB 0x0000000085600000| Untracked 
|  55|0x0000000085700000, 0x0000000085700000, 0x0000000085800000|  0%| F|  |TAMS 0x0000000085700000| PB 0x0000000085700000| Untracked 
|  56|0x0000000085800000, 0x0000000085800000, 0x0000000085900000|  0%| F|  |TAMS 0x0000000085800000| PB 0x0000000085800000| Untracked 
|  57|0x0000000085900000, 0x0000000085900000, 0x0000000085a00000|  0%| F|  |TAMS 0x0000000085900000| PB 0x0000000085900000| Untracked 
|  58|0x0000000085a00000, 0x0000000085a00000, 0x0000000085b00000|  0%| F|  |TAMS 0x0000000085a00000| PB 0x0000000085a00000| Untracked 
|  59|0x0000000085b00000, 0x0000000085b00000, 0x0000000085c00000|  0%| F|  |TAMS 0x0000000085b00000| PB 0x0000000085b00000| Untracked 
|  60|0x0000000085c00000, 0x0000000085c00000, 0x0000000085d00000|  0%| F|  |TAMS 0x0000000085c00000| PB 0x0000000085c00000| Untracked 
|  61|0x0000000085d00000, 0x0000000085d00000, 0x0000000085e00000|  0%| F|  |TAMS 0x0000000085d00000| PB 0x0000000085d00000| Untracked 
|  62|0x0000000085e00000, 0x0000000085e00000, 0x0000000085f00000|  0%| F|  |TAMS 0x0000000085e00000| PB 0x0000000085e00000| Untracked 
|  63|0x0000000085f00000, 0x0000000085f00000, 0x0000000086000000|  0%| F|  |TAMS 0x0000000085f00000| PB 0x0000000085f00000| Untracked 
|  64|0x0000000086000000, 0x0000000086000000, 0x0000000086100000|  0%| F|  |TAMS 0x0000000086000000| PB 0x0000000086000000| Untracked 
|  65|0x0000000086100000, 0x0000000086100000, 0x0000000086200000|  0%| F|  |TAMS 0x0000000086100000| PB 0x0000000086100000| Untracked 
|  66|0x0000000086200000, 0x0000000086200000, 0x0000000086300000|  0%| F|  |TAMS 0x0000000086200000| PB 0x0000000086200000| Untracked 
|  67|0x0000000086300000, 0x0000000086300000, 0x0000000086400000|  0%| F|  |TAMS 0x0000000086300000| PB 0x0000000086300000| Untracked 
|  68|0x0000000086400000, 0x0000000086400000, 0x0000000086500000|  0%| F|  |TAMS 0x0000000086400000| PB 0x0000000086400000| Untracked 
|  69|0x0000000086500000, 0x0000000086500000, 0x0000000086600000|  0%| F|  |TAMS 0x0000000086500000| PB 0x0000000086500000| Untracked 
|  70|0x0000000086600000, 0x0000000086600000, 0x0000000086700000|  0%| F|  |TAMS 0x0000000086600000| PB 0x0000000086600000| Untracked 
|  71|0x0000000086700000, 0x0000000086700000, 0x0000000086800000|  0%| F|  |TAMS 0x0000000086700000| PB 0x0000000086700000| Untracked 
|  72|0x0000000086800000, 0x0000000086800000, 0x0000000086900000|  0%| F|  |TAMS 0x0000000086800000| PB 0x0000000086800000| Untracked 
|  73|0x0000000086900000, 0x0000000086900000, 0x0000000086a00000|  0%| F|  |TAMS 0x0000000086900000| PB 0x0000000086900000| Untracked 
|  74|0x0000000086a00000, 0x0000000086a00000, 0x0000000086b00000|  0%| F|  |TAMS 0x0000000086a00000| PB 0x0000000086a00000| Untracked 
|  75|0x0000000086b00000, 0x0000000086b00000, 0x0000000086c00000|  0%| F|  |TAMS 0x0000000086b00000| PB 0x0000000086b00000| Untracked 
|  76|0x0000000086c00000, 0x0000000086c00000, 0x0000000086d00000|  0%| F|  |TAMS 0x0000000086c00000| PB 0x0000000086c00000| Untracked 
|  77|0x0000000086d00000, 0x0000000086d00000, 0x0000000086e00000|  0%| F|  |TAMS 0x0000000086d00000| PB 0x0000000086d00000| Untracked 
|  78|0x0000000086e00000, 0x0000000086e00000, 0x0000000086f00000|  0%| F|  |TAMS 0x0000000086e00000| PB 0x0000000086e00000| Untracked 
|  79|0x0000000086f00000, 0x0000000086f00000, 0x0000000087000000|  0%| F|  |TAMS 0x0000000086f00000| PB 0x0000000086f00000| Untracked 
|  80|0x0000000087000000, 0x0000000087000000, 0x0000000087100000|  0%| F|  |TAMS 0x0000000087000000| PB 0x0000000087000000| Untracked 
|  81|0x0000000087100000, 0x0000000087100000, 0x0000000087200000|  0%| F|  |TAMS 0x0000000087100000| PB 0x0000000087100000| Untracked 
|  82|0x0000000087200000, 0x0000000087200000, 0x0000000087300000|  0%| F|  |TAMS 0x0000000087200000| PB 0x0000000087200000| Untracked 
|  83|0x0000000087300000, 0x0000000087300000, 0x0000000087400000|  0%| F|  |TAMS 0x0000000087300000| PB 0x0000000087300000| Untracked 
|  84|0x0000000087400000, 0x0000000087400000, 0x0000000087500000|  0%| F|  |TAMS 0x0000000087400000| PB 0x0000000087400000| Untracked 
|  85|0x0000000087500000, 0x0000000087500000, 0x0000000087600000|  0%| F|  |TAMS 0x0000000087500000| PB 0x0000000087500000| Untracked 
|  86|0x0000000087600000, 0x0000000087600000, 0x0000000087700000|  0%| F|  |TAMS 0x0000000087600000| PB 0x0000000087600000| Untracked 
|  87|0x0000000087700000, 0x0000000087700000, 0x0000000087800000|  0%| F|  |TAMS 0x0000000087700000| PB 0x0000000087700000| Untracked 
|  88|0x0000000087800000, 0x0000000087800000, 0x0000000087900000|  0%| F|  |TAMS 0x0000000087800000| PB 0x0000000087800000| Untracked 
|  89|0x0000000087900000, 0x0000000087900000, 0x0000000087a00000|  0%| F|  |TAMS 0x0000000087900000| PB 0x0000000087900000| Untracked 
|  90|0x0000000087a00000, 0x0000000087a00000, 0x0000000087b00000|  0%| F|  |TAMS 0x0000000087a00000| PB 0x0000000087a00000| Untracked 
|  91|0x0000000087b00000, 0x0000000087b00000, 0x0000000087c00000|  0%| F|  |TAMS 0x0000000087b00000| PB 0x0000000087b00000| Untracked 
|  92|0x0000000087c00000, 0x0000000087c00000, 0x0000000087d00000|  0%| F|  |TAMS 0x0000000087c00000| PB 0x0000000087c00000| Untracked 
|  93|0x0000000087d00000, 0x0000000087d00000, 0x0000000087e00000|  0%| F|  |TAMS 0x0000000087d00000| PB 0x0000000087d00000| Untracked 
|  94|0x0000000087e00000, 0x0000000087e00000, 0x0000000087f00000|  0%| F|  |TAMS 0x0000000087e00000| PB 0x0000000087e00000| Untracked 
|  95|0x0000000087f00000, 0x0000000087f00000, 0x0000000088000000|  0%| F|  |TAMS 0x0000000087f00000| PB 0x0000000087f00000| Untracked 
|  96|0x0000000088000000, 0x0000000088000000, 0x0000000088100000|  0%| F|  |TAMS 0x0000000088000000| PB 0x0000000088000000| Untracked 
|  97|0x0000000088100000, 0x0000000088100000, 0x0000000088200000|  0%| F|  |TAMS 0x0000000088100000| PB 0x0000000088100000| Untracked 
|  98|0x0000000088200000, 0x0000000088200000, 0x0000000088300000|  0%| F|  |TAMS 0x0000000088200000| PB 0x0000000088200000| Untracked 
|  99|0x0000000088300000, 0x0000000088300000, 0x0000000088400000|  0%| F|  |TAMS 0x0000000088300000| PB 0x0000000088300000| Untracked 
| 100|0x0000000088400000, 0x0000000088400000, 0x0000000088500000|  0%| F|  |TAMS 0x0000000088400000| PB 0x0000000088400000| Untracked 
| 101|0x0000000088500000, 0x0000000088500000, 0x0000000088600000|  0%| F|  |TAMS 0x0000000088500000| PB 0x0000000088500000| Untracked 
| 102|0x0000000088600000, 0x0000000088600000, 0x0000000088700000|  0%| F|  |TAMS 0x0000000088600000| PB 0x0000000088600000| Untracked 
| 103|0x0000000088700000, 0x0000000088700000, 0x0000000088800000|  0%| F|  |TAMS 0x0000000088700000| PB 0x0000000088700000| Untracked 
| 104|0x0000000088800000, 0x0000000088800000, 0x0000000088900000|  0%| F|  |TAMS 0x0000000088800000| PB 0x0000000088800000| Untracked 
| 105|0x0000000088900000, 0x0000000088900000, 0x0000000088a00000|  0%| F|  |TAMS 0x0000000088900000| PB 0x0000000088900000| Untracked 
| 106|0x0000000088a00000, 0x0000000088a00000, 0x0000000088b00000|  0%| F|  |TAMS 0x0000000088a00000| PB 0x0000000088a00000| Untracked 
| 107|0x0000000088b00000, 0x0000000088b00000, 0x0000000088c00000|  0%| F|  |TAMS 0x0000000088b00000| PB 0x0000000088b00000| Untracked 
| 108|0x0000000088c00000, 0x0000000088c00000, 0x0000000088d00000|  0%| F|  |TAMS 0x0000000088c00000| PB 0x0000000088c00000| Untracked 
| 109|0x0000000088d00000, 0x0000000088d00000, 0x0000000088e00000|  0%| F|  |TAMS 0x0000000088d00000| PB 0x0000000088d00000| Untracked 
| 110|0x0000000088e00000, 0x0000000088e00000, 0x0000000088f00000|  0%| F|  |TAMS 0x0000000088e00000| PB 0x0000000088e00000| Untracked 
| 111|0x0000000088f00000, 0x0000000088f00000, 0x0000000089000000|  0%| F|  |TAMS 0x0000000088f00000| PB 0x0000000088f00000| Untracked 
| 112|0x0000000089000000, 0x0000000089000000, 0x0000000089100000|  0%| F|  |TAMS 0x0000000089000000| PB 0x0000000089000000| Untracked 
| 113|0x0000000089100000, 0x0000000089100000, 0x0000000089200000|  0%| F|  |TAMS 0x0000000089100000| PB 0x0000000089100000| Untracked 
| 114|0x0000000089200000, 0x0000000089200000, 0x0000000089300000|  0%| F|  |TAMS 0x0000000089200000| PB 0x0000000089200000| Untracked 
| 115|0x0000000089300000, 0x0000000089376468, 0x0000000089400000| 46%| E|  |TAMS 0x0000000089300000| PB 0x0000000089300000| Complete 
| 116|0x0000000089400000, 0x0000000089500000, 0x0000000089500000|100%| E|CS|TAMS 0x0000000089400000| PB 0x0000000089400000| Complete 
| 117|0x0000000089500000, 0x0000000089600000, 0x0000000089600000|100%| E|CS|TAMS 0x0000000089500000| PB 0x0000000089500000| Complete 
| 118|0x0000000089600000, 0x0000000089700000, 0x0000000089700000|100%| E|CS|TAMS 0x0000000089600000| PB 0x0000000089600000| Complete 
| 119|0x0000000089700000, 0x0000000089800000, 0x0000000089800000|100%| E|CS|TAMS 0x0000000089700000| PB 0x0000000089700000| Complete 
| 120|0x0000000089800000, 0x0000000089900000, 0x0000000089900000|100%| E|CS|TAMS 0x0000000089800000| PB 0x0000000089800000| Complete 
| 121|0x0000000089900000, 0x0000000089a00000, 0x0000000089a00000|100%| E|CS|TAMS 0x0000000089900000| PB 0x0000000089900000| Complete 
| 122|0x0000000089a00000, 0x0000000089b00000, 0x0000000089b00000|100%| E|CS|TAMS 0x0000000089a00000| PB 0x0000000089a00000| Complete 
| 123|0x0000000089b00000, 0x0000000089c00000, 0x0000000089c00000|100%| E|  |TAMS 0x0000000089b00000| PB 0x0000000089b00000| Complete 
| 124|0x0000000089c00000, 0x0000000089d00000, 0x0000000089d00000|100%| E|CS|TAMS 0x0000000089c00000| PB 0x0000000089c00000| Complete 
| 125|0x0000000089d00000, 0x0000000089e00000, 0x0000000089e00000|100%| E|CS|TAMS 0x0000000089d00000| PB 0x0000000089d00000| Complete 

Card table byte_map: [0x000002d0fcb30000,0x000002d0fcf20000] _byte_map_base: 0x000002d0fc720000

Marking Bits: (CMBitMap*) 0x000002d0e30c14c0
 Bits: [0x000002d0fcf20000, 0x000002d0feea0000)

Polling page: 0x000002d0e3130000

Metaspace:

Usage:
  Non-class:    991.70 KB used.
      Class:     84.41 KB used.
       Both:      1.05 MB used.

Virtual space:
  Non-class space:       64.00 MB reserved,       1.00 MB (  2%) committed,  1 nodes.
      Class space:        1.00 GB reserved,     128.00 KB ( <1%) committed,  1 nodes.
             Both:        1.06 GB reserved,       1.12 MB ( <1%) committed. 

Chunk freelists:
   Non-Class:  11.80 MB
       Class:  15.70 MB
        Both:  27.50 MB

MaxMetaspaceSize: unlimited
CompressedClassSpaceSize: 1.00 GB
Initial GC threshold: 21.00 MB
Current GC threshold: 21.00 MB
CDS: on
 - commit_granule_bytes: 65536.
 - commit_granule_words: 8192.
 - virtual_space_node_default_size: 8388608.
 - enlarge_chunks_in_place: 1.
 - use_allocation_guard: 0.


Internal statistics:

num_allocs_failed_limit: 0.
num_arena_births: 24.
num_arena_deaths: 0.
num_vsnodes_births: 2.
num_vsnodes_deaths: 0.
num_space_committed: 18.
num_space_uncommitted: 0.
num_chunks_returned_to_freelist: 0.
num_chunks_taken_from_freelist: 44.
num_chunk_merges: 0.
num_chunk_splits: 26.
num_chunks_enlarged: 15.
num_inconsistent_stats: 0.

CodeHeap 'non-profiled nmethods': size=120000Kb used=160Kb max_used=160Kb free=119839Kb
 bounds [0x000002d0f4770000, 0x000002d0f49e0000, 0x000002d0fbca0000]
CodeHeap 'profiled nmethods': size=120000Kb used=592Kb max_used=592Kb free=119408Kb
 bounds [0x000002d0ecca0000, 0x000002d0ecf10000, 0x000002d0f41d0000]
CodeHeap 'non-nmethods': size=5760Kb used=1303Kb max_used=1317Kb free=4456Kb
 bounds [0x000002d0f41d0000, 0x000002d0f4440000, 0x000002d0f4770000]
 total_blobs=844 nmethods=427 adapters=322
 compilation: enabled
              stopped_count=0, restarted_count=0
 full_count=0

Compilation events (20 events):
Event: 0.299 Thread 0x000002d0ff99ae20  419       3       java.lang.StringConcatHelper::prepend (37 bytes)
Event: 0.299 Thread 0x000002d0ff99ae20 nmethod 419 0x000002d0ecd30210 code [0x000002d0ecd303e0, 0x000002d0ecd306a8]
Event: 0.299 Thread 0x000002d0ff9972a0  420       4       java.lang.String::coder (15 bytes)
Event: 0.299 Thread 0x000002d0ff9972a0 nmethod 420 0x000002d0f4797f90 code [0x000002d0f4798120, 0x000002d0f47981b0]
Event: 0.300 Thread 0x000002d0ff99ae20  421       3       java.lang.String::regionMatches (150 bytes)
Event: 0.300 Thread 0x000002d0ff99ae20 nmethod 421 0x000002d0ecd30810 code [0x000002d0ecd30a60, 0x000002d0ecd31258]
Event: 0.300 Thread 0x000002d0ff99ae20  422       3       java.lang.StringLatin1::regionMatchesCI (45 bytes)
Event: 0.300 Thread 0x000002d0ff99ae20 nmethod 422 0x000002d0ecd31510 code [0x000002d0ecd316e0, 0x000002d0ecd319a8]
Event: 0.301 Thread 0x000002d0ff99ae20  423       3       java.util.WeakHashMap::maskNull (12 bytes)
Event: 0.301 Thread 0x000002d0ff99ae20 nmethod 423 0x000002d0ecd31b90 code [0x000002d0ecd31d20, 0x000002d0ecd31e60]
Event: 0.301 Thread 0x000002d0ff99ae20  424       3       java.util.WeakHashMap::hash (28 bytes)
Event: 0.301 Thread 0x000002d0ff99ae20 nmethod 424 0x000002d0ecd31f10 code [0x000002d0ecd320c0, 0x000002d0ecd322b8]
Event: 0.301 Thread 0x000002d0ff99ae20  425       3       java.util.WeakHashMap::getTable (9 bytes)
Event: 0.301 Thread 0x000002d0ff99ae20 nmethod 425 0x000002d0ecd32390 code [0x000002d0ecd32540, 0x000002d0ecd32690]
Event: 0.301 Thread 0x000002d0ff99ae20  426   !   3       java.util.WeakHashMap::expungeStaleEntries (139 bytes)
Event: 0.302 Thread 0x000002d0ff99ae20 nmethod 426 0x000002d0ecd32710 code [0x000002d0ecd32920, 0x000002d0ecd33198]
Event: 0.302 Thread 0x000002d0ff99ae20  427       3       java.util.WeakHashMap::indexFor (6 bytes)
Event: 0.302 Thread 0x000002d0ff99ae20 nmethod 427 0x000002d0ecd33590 code [0x000002d0ecd33720, 0x000002d0ecd33818]
Event: 0.302 Thread 0x000002d0ff99ae20  428   !   3       java.util.zip.ZipFile$ZipFileInputStream::close (59 bytes)
Event: 0.302 Thread 0x000002d0ff99ae20 nmethod 428 0x000002d0ecd33890 code [0x000002d0ecd33a60, 0x000002d0ecd33de8]

GC Heap History (0 events):
No events

Dll operation events (9 events):
Event: 0.011 Loaded shared library C:\Program Files\Java\jdk-21\bin\java.dll
Event: 0.052 Loaded shared library C:\Program Files\Java\jdk-21\bin\jsvml.dll
Event: 0.163 Loaded shared library C:\Program Files\Java\jdk-21\bin\zip.dll
Event: 0.166 Loaded shared library C:\Program Files\Java\jdk-21\bin\instrument.dll
Event: 0.171 Loaded shared library C:\Program Files\Java\jdk-21\bin\net.dll
Event: 0.172 Loaded shared library C:\Program Files\Java\jdk-21\bin\nio.dll
Event: 0.175 Loaded shared library C:\Program Files\Java\jdk-21\bin\zip.dll
Event: 0.276 Loaded shared library D:\Program Files\IntelliJ IDEA 2024.2.3\bin\breakgen64.dll
Event: 0.286 Loaded shared library C:\Program Files\Java\jdk-21\bin\extnet.dll

Deoptimization events (16 events):
Event: 0.198 Thread 0x000002d0e3069450 Uncommon trap: trap_request=0xffffff45 fr.pc=0x000002d0f4784d34 relative=0x0000000000000974
Event: 0.198 Thread 0x000002d0e3069450 Uncommon trap: reason=unstable_if action=reinterpret pc=0x000002d0f4784d34 method=java.util.zip.ZipFile$Source.checkAndAddEntry(II)I @ 50 c2
Event: 0.198 Thread 0x000002d0e3069450 DEOPT PACKING pc=0x000002d0f4784d34 sp=0x000000f5049fdf40
Event: 0.198 Thread 0x000002d0e3069450 DEOPT UNPACKING pc=0x000002d0f42246a2 sp=0x000000f5049fdeb0 mode 2
Event: 0.203 Thread 0x000002d0e3069450 DEOPT PACKING pc=0x000002d0eccabc78 sp=0x000000f5049fdd60
Event: 0.203 Thread 0x000002d0e3069450 DEOPT UNPACKING pc=0x000002d0f4224e42 sp=0x000000f5049fd180 mode 0
Event: 0.209 Thread 0x000002d0e3069450 DEOPT PACKING pc=0x000002d0ecca9658 sp=0x000000f5049fdce0
Event: 0.209 Thread 0x000002d0e3069450 DEOPT UNPACKING pc=0x000002d0f4224e42 sp=0x000000f5049fd148 mode 0
Event: 0.254 Thread 0x000002d0e3069450 DEOPT PACKING pc=0x000002d0eccf39c8 sp=0x000000f5049fe280
Event: 0.254 Thread 0x000002d0e3069450 DEOPT UNPACKING pc=0x000002d0f4224e42 sp=0x000000f5049fd840 mode 0
Event: 0.263 Thread 0x000002d0e3069450 DEOPT PACKING pc=0x000002d0eccfcb27 sp=0x000000f5049fe6d0
Event: 0.263 Thread 0x000002d0e3069450 DEOPT UNPACKING pc=0x000002d0f4224e42 sp=0x000000f5049fdb68 mode 0
Event: 0.278 Thread 0x000002d0e3069450 Uncommon trap: trap_request=0xffffff45 fr.pc=0x000002d0f47716e4 relative=0x00000000000000c4
Event: 0.278 Thread 0x000002d0e3069450 Uncommon trap: reason=unstable_if action=reinterpret pc=0x000002d0f47716e4 method=java.lang.String.isLatin1()Z @ 10 c2
Event: 0.278 Thread 0x000002d0e3069450 DEOPT PACKING pc=0x000002d0f47716e4 sp=0x000000f5049feca0
Event: 0.278 Thread 0x000002d0e3069450 DEOPT UNPACKING pc=0x000002d0f42246a2 sp=0x000000f5049febe0 mode 2

Classes loaded (20 events):
Event: 0.291 Loading class java/io/BufferedReader
Event: 0.291 Loading class java/io/BufferedReader done
Event: 0.291 Loading class java/net/Socket$SocketInputStream
Event: 0.292 Loading class java/net/Socket$SocketInputStream done
Event: 0.292 Loading class sun/nio/ch/NioSocketImpl$1
Event: 0.292 Loading class sun/nio/ch/NioSocketImpl$1 done
Event: 0.292 Loading class sun/nio/cs/StreamDecoder
Event: 0.292 Loading class sun/nio/cs/StreamDecoder done
Event: 0.292 Loading class sun/nio/cs/US_ASCII$Decoder
Event: 0.292 Loading class sun/nio/cs/US_ASCII$Decoder done
Event: 0.292 Loading class sun/nio/ch/Util
Event: 0.292 Loading class sun/nio/ch/Util done
Event: 0.293 Loading class sun/nio/ch/Util$1
Event: 0.293 Loading class sun/nio/ch/Util$1 done
Event: 0.293 Loading class sun/nio/ch/Util$BufferCache
Event: 0.293 Loading class sun/nio/ch/Util$BufferCache done
Event: 0.293 Loading class java/nio/DirectByteBuffer$Deallocator
Event: 0.293 Loading class java/nio/DirectByteBuffer$Deallocator done
Event: 0.297 Loading class java/util/EventListener
Event: 0.297 Loading class java/util/EventListener done

Classes unloaded (0 events):
No events

Classes redefined (0 events):
No events

Internal exceptions (3 events):
Event: 0.270 Thread 0x000002d0e3069450 Exception <a 'java/lang/NoSuchMethodError'{0x00000000895c6270}: 'void java.lang.invoke.DirectMethodHandle$Holder.invokeStatic(java.lang.Object, java.lang.Object, java.lang.Object)'> (0x00000000895c6270) 
thrown [s\open\src\hotspot\share\interpreter\linkResolver.cpp, line 773]
Event: 0.273 Thread 0x000002d0e3069450 Exception <a 'java/lang/NoSuchMethodError'{0x00000000895dd778}: 'java.lang.Object java.lang.invoke.Invokers$Holder.invokeExact_MT(java.lang.Object, java.lang.Object, java.lang.Object, java.lang.Object, java.lang.Object)'> (0x00000000895dd778) 
thrown [s\open\src\hotspot\share\interpreter\linkResolver.cpp, line 773]
Event: 0.287 Thread 0x000002d0ffbc97f0 Exception <a 'java/lang/NoSuchMethodError'{0x0000000089408a08}: 'void java.lang.invoke.DirectMethodHandle$Holder.invokeStatic(java.lang.Object, java.lang.Object)'> (0x0000000089408a08) 
thrown [s\open\src\hotspot\share\interpreter\linkResolver.cpp, line 773]

ZGC Phase Switch (0 events):
No events

VM Operations (0 events):
No events

Events (13 events):
Event: 0.031 Thread 0x000002d0e3069450 Thread added: 0x000002d0e3069450
Event: 0.049 Thread 0x000002d0ff95b270 Thread added: 0x000002d0ff95b270
Event: 0.050 Thread 0x000002d0ff95bf90 Thread added: 0x000002d0ff95bf90
Event: 0.050 Thread 0x000002d0ff95db60 Thread added: 0x000002d0ff95db60
Event: 0.050 Thread 0x000002d0ff95e840 Thread added: 0x000002d0ff95e840
Event: 0.050 Thread 0x000002d0ff9692c0 Thread added: 0x000002d0ff9692c0
Event: 0.050 Thread 0x000002d0ff98b7b0 Thread added: 0x000002d0ff98b7b0
Event: 0.050 Thread 0x000002d0ff9972a0 Thread added: 0x000002d0ff9972a0
Event: 0.050 Thread 0x000002d0ff99ae20 Thread added: 0x000002d0ff99ae20
Event: 0.143 Thread 0x000002d0ffbcaba0 Thread added: 0x000002d0ffbcaba0
Event: 0.187 Thread 0x000002d0ff99b4f0 Thread added: 0x000002d0ff99b4f0
Event: 0.277 Thread 0x000002d0ffbc97f0 Thread added: 0x000002d0ffbc97f0
Event: 0.277 Thread 0x000002d0ffbc7720 Thread added: 0x000002d0ffbc7720


Dynamic libraries:
0x00007ff710060000 - 0x00007ff710070000 	C:\Program Files\Java\jdk-21\bin\java.exe
0x00007ffe1a370000 - 0x00007ffe1a568000 	C:\WINDOWS\SYSTEM32\ntdll.dll
0x00007ffe1a170000 - 0x00007ffe1a232000 	C:\WINDOWS\System32\KERNEL32.DLL
0x00007ffe17a10000 - 0x00007ffe17d0e000 	C:\WINDOWS\System32\KERNELBASE.dll
0x00007ffe17ee0000 - 0x00007ffe17fe0000 	C:\WINDOWS\System32\ucrtbase.dll
0x00007ffe126f0000 - 0x00007ffe1270b000 	C:\Program Files\Java\jdk-21\bin\VCRUNTIME140.dll
0x00007ffe126d0000 - 0x00007ffe126e9000 	C:\Program Files\Java\jdk-21\bin\jli.dll
0x00007ffe18720000 - 0x00007ffe187d2000 	C:\WINDOWS\System32\ADVAPI32.dll
0x00007ffe18680000 - 0x00007ffe1871e000 	C:\WINDOWS\System32\msvcrt.dll
0x00007ffe187e0000 - 0x00007ffe18880000 	C:\WINDOWS\System32\sechost.dll
0x00007ffe18890000 - 0x00007ffe189b3000 	C:\WINDOWS\System32\RPCRT4.dll
0x00007ffe18360000 - 0x00007ffe18387000 	C:\WINDOWS\System32\bcrypt.dll
0x00007ffe194e0000 - 0x00007ffe1967d000 	C:\WINDOWS\System32\USER32.dll
0x00007ffe17eb0000 - 0x00007ffe17ed2000 	C:\WINDOWS\System32\win32u.dll
0x00007ffe021d0000 - 0x00007ffe0246a000 	C:\WINDOWS\WinSxS\amd64_microsoft.windows.common-controls_6595b64144ccf1df_6.0.19041.4355_none_60b8b9eb71f62e16\COMCTL32.dll
0x00007ffe1a0d0000 - 0x00007ffe1a0fb000 	C:\WINDOWS\System32\GDI32.dll
0x00007ffe18240000 - 0x00007ffe18357000 	C:\WINDOWS\System32\gdi32full.dll
0x00007ffe17d10000 - 0x00007ffe17dad000 	C:\WINDOWS\System32\msvcp_win.dll
0x00007ffe11d00000 - 0x00007ffe11d0a000 	C:\WINDOWS\SYSTEM32\VERSION.dll
0x00007ffe18650000 - 0x00007ffe1867f000 	C:\WINDOWS\System32\IMM32.DLL
0x00007ffe12690000 - 0x00007ffe1269c000 	C:\Program Files\Java\jdk-21\bin\vcruntime140_1.dll
0x00007ffdf9360000 - 0x00007ffdf93ee000 	C:\Program Files\Java\jdk-21\bin\msvcp140.dll
0x00007ffdbfc20000 - 0x00007ffdc0937000 	C:\Program Files\Java\jdk-21\bin\server\jvm.dll
0x00007ffe1a100000 - 0x00007ffe1a16b000 	C:\WINDOWS\System32\WS2_32.dll
0x00007ffe17870000 - 0x00007ffe178bb000 	C:\WINDOWS\SYSTEM32\POWRPROF.dll
0x00007ffe07ac0000 - 0x00007ffe07ae7000 	C:\WINDOWS\SYSTEM32\WINMM.dll
0x00007ffe17850000 - 0x00007ffe17862000 	C:\WINDOWS\SYSTEM32\UMPDC.dll
0x00007ffe15890000 - 0x00007ffe158a2000 	C:\WINDOWS\SYSTEM32\kernel.appcore.dll
0x00007ffe12680000 - 0x00007ffe1268a000 	C:\Program Files\Java\jdk-21\bin\jimage.dll
0x00007ffe06610000 - 0x00007ffe067f4000 	C:\WINDOWS\SYSTEM32\DBGHELP.DLL
0x00007ffe06150000 - 0x00007ffe06184000 	C:\WINDOWS\SYSTEM32\dbgcore.DLL
0x00007ffe17e20000 - 0x00007ffe17ea2000 	C:\WINDOWS\System32\bcryptPrimitives.dll
0x00007ffe12670000 - 0x00007ffe1267f000 	C:\Program Files\Java\jdk-21\bin\instrument.dll
0x00007ffe12650000 - 0x00007ffe1266f000 	C:\Program Files\Java\jdk-21\bin\java.dll
0x00007ffe19960000 - 0x00007ffe1a0cf000 	C:\WINDOWS\System32\SHELL32.dll
0x00007ffe15a90000 - 0x00007ffe16234000 	C:\WINDOWS\SYSTEM32\windows.storage.dll
0x00007ffe18e30000 - 0x00007ffe19183000 	C:\WINDOWS\System32\combase.dll
0x00007ffe17370000 - 0x00007ffe1739e000 	C:\WINDOWS\SYSTEM32\Wldp.dll
0x00007ffe19340000 - 0x00007ffe1940d000 	C:\WINDOWS\System32\OLEAUT32.dll
0x00007ffe185a0000 - 0x00007ffe1864d000 	C:\WINDOWS\System32\SHCORE.dll
0x00007ffe19470000 - 0x00007ffe194c5000 	C:\WINDOWS\System32\shlwapi.dll
0x00007ffe17940000 - 0x00007ffe17964000 	C:\WINDOWS\SYSTEM32\profapi.dll
0x00007ffdf9280000 - 0x00007ffdf9357000 	C:\Program Files\Java\jdk-21\bin\jsvml.dll
0x00007ffdf9bf0000 - 0x00007ffdf9c08000 	C:\Program Files\Java\jdk-21\bin\zip.dll
0x00007ffe12300000 - 0x00007ffe12310000 	C:\Program Files\Java\jdk-21\bin\net.dll
0x00007ffe0fdf0000 - 0x00007ffe0fefd000 	C:\WINDOWS\SYSTEM32\WINHTTP.dll
0x00007ffe170d0000 - 0x00007ffe1713a000 	C:\WINDOWS\system32\mswsock.dll
0x00007ffdf9c70000 - 0x00007ffdf9c86000 	C:\Program Files\Java\jdk-21\bin\nio.dll
0x00007ffdf9ba0000 - 0x00007ffdf9bba000 	D:\Program Files\IntelliJ IDEA 2024.2.3\bin\breakgen64.dll
0x00007ffe10d70000 - 0x00007ffe10d79000 	C:\Program Files\Java\jdk-21\bin\extnet.dll

dbghelp: loaded successfully - version: 4.0.5 - missing functions: none
symbol engine: initialized successfully - sym options: 0x614 - pdb path: .;C:\Program Files\Java\jdk-21\bin;C:\WINDOWS\SYSTEM32;C:\WINDOWS\WinSxS\amd64_microsoft.windows.common-controls_6595b64144ccf1df_6.0.19041.4355_none_60b8b9eb71f62e16;C:\Program Files\Java\jdk-21\bin\server;D:\Program Files\IntelliJ IDEA 2024.2.3\bin

VM Arguments:
jvm_args: --enable-preview -javaagent:D:\Program Files\IntelliJ IDEA 2024.2.3\lib\idea_rt.jar=58931:D:\Program Files\IntelliJ IDEA 2024.2.3\bin -Dfile.encoding=UTF-8 -Dsun.stdout.encoding=UTF-8 -Dsun.stderr.encoding=UTF-8 
java_command: com.PhD_UAE.PhD.PhDApplication
java_class_path (initial): D:\Phd_back\target\classes;C:\Users\lenovo\.m2\repository\org\springframework\boot\spring-boot-starter-data-jpa\3.3.4\spring-boot-starter-data-jpa-3.3.4.jar;C:\Users\lenovo\.m2\repository\org\springframework\boot\spring-boot-starter-aop\3.3.4\spring-boot-starter-aop-3.3.4.jar;C:\Users\lenovo\.m2\repository\org\aspectj\aspectjweaver\1.9.22.1\aspectjweaver-1.9.22.1.jar;C:\Users\lenovo\.m2\repository\org\springframework\boot\spring-boot-starter-jdbc\3.3.4\spring-boot-starter-jdbc-3.3.4.jar;C:\Users\lenovo\.m2\repository\com\zaxxer\HikariCP\5.1.0\HikariCP-5.1.0.jar;C:\Users\lenovo\.m2\repository\org\springframework\spring-jdbc\6.1.13\spring-jdbc-6.1.13.jar;C:\Users\lenovo\.m2\repository\org\hibernate\orm\hibernate-core\6.5.3.Final\hibernate-core-6.5.3.Final.jar;C:\Users\lenovo\.m2\repository\jakarta\persistence\jakarta.persistence-api\3.1.0\jakarta.persistence-api-3.1.0.jar;C:\Users\lenovo\.m2\repository\jakarta\transaction\jakarta.transaction-api\2.0.1\jakarta.transaction-api-2.0.1.jar;C:\Users\lenovo\.m2\repository\org\jboss\logging\jboss-logging\3.5.3.Final\jboss-logging-3.5.3.Final.jar;C:\Users\lenovo\.m2\repository\org\hibernate\common\hibernate-commons-annotations\6.0.6.Final\hibernate-commons-annotations-6.0.6.Final.jar;C:\Users\lenovo\.m2\repository\io\smallrye\jandex\3.1.2\jandex-3.1.2.jar;C:\Users\lenovo\.m2\repository\com\fasterxml\classmate\1.7.0\classmate-1.7.0.jar;C:\Users\lenovo\.m2\repository\net\bytebuddy\byte-buddy\1.14.19\byte-buddy-1.14.19.jar;C:\Users\lenovo\.m2\repository\org\glassfish\jaxb\jaxb-runtime\4.0.5\jaxb-runtime-4.0.5.jar;C:\Users\lenovo\.m2\repository\org\glassfish\jaxb\jaxb-core\4.0.5\jaxb-core-4.0.5.jar;C:\Users\lenovo\.m2\repository\org\glassfish\jaxb\txw2\4.0.5\txw2-4.0.5.jar;C:\Users\lenovo\.m2\repository\com\sun\istack\istack-commons-runtime\4.1.2\istack-commons-runtime-4.1.2.jar;C:\Users\lenovo\.m2\repository\jakarta\inject\jakarta.inject-api\2.0.1\jakarta.inject-api-2.0.1.jar;C:\Users\lenovo\.m2\repository\org\antlr\antlr4-runtime\4.13.0\antlr4-runtime-4.13.0.jar;C:\Users\lenovo\.m2\repository\org\springframework\data\spring-data-jpa\3.3.4\spring-data-jpa-3.3.4.jar;C:\Users\lenovo\.m2\repository\org\springframework\data\spring-data-commons\3.3.4\spring-data-commons-3.3.4.jar;C:\Users\lenovo\.m2\repository\org\springframework\spring-orm\6.1.13\spring-orm-6.1.13.jar;C:\Users\lenovo\.m2\repository\org\springframework\spring-context\6.1.13\spring-context-6.1.13.jar;C:\Users\lenovo\.m2\repository\org\springframework\spring-tx\6.1.13\spring-tx-6.1.13.jar;C:\Users\lenovo\.m2\repository\org\springframework\spring-beans\6.1.13\spring-beans-6.1.13.jar;C:\Users\lenovo\.m2\repository\jakarta\annotation\jakarta.annotation-api\2.1.1\jakarta.annotation-api-2.1.1.jar;C:\Users\lenovo\.m2\repository\org\springframework\spring-aspects\6.1.13\spring-aspects-6.1.13.jar;C:\Users\lenovo\.m2\repository\org\springframework\boot\spring-boot-starter-web\3.3.4\spring-boot-starter-web-3.3.4.jar;C:\Users\lenovo\.m2\repository\org\springframework\boot\spring-boot-starter\3.3.4\spring-boot-starter-3.3.4.jar;C:\Users\lenovo\.m2\repository\org\springframework\boot\spring-boot\3.3.4\spring-boot-3.3.4.jar;C:\Users\lenovo\.m2\repository\org\springframework\boot\spring-boot-autoconfigure\3.3.4\spring-boot-autoconfigure-3.3.4.jar;C:\Users\lenovo\.m2\repository\org\springframework\boot\spring-boot-starter-logging\3.3.4\spring-boot-starter-logging-3.3.4.jar;C:\Users\lenovo\.m2\repository\ch\qos\logback\logback-classic\1.5.8\logback-classic-1.5.8.jar;C:\Users\lenovo\.m2\repository\ch\qos\logback\logback-core\1.5.8\logback-core-1.5.8.jar;C:\Users\lenovo\.m2\repository\org\apache\logging\log4j\log4j-to-slf4j\2.23.1\log4j-to-slf4j-2.23.1.jar;C:\Users\lenovo\.m2\repository\org\apache\logging\log4j\log4j-api\2.23.1\log4j-api-2.23.1.jar;C:\Users\lenovo\.m2\repository\org\slf4j\jul-to-slf4j\2.0.16\jul-to-slf4j-2.0.16.jar;C:\Users\lenovo\.m2\repository\org\yaml\snakeyaml\2.2\snakeyaml-2.2.jar;C:\Users\lenovo\.m2\repository\org\springframework\boot\spring-boot-starter-json\3.3.4\spring-boot-starter-json-3.3.4.jar;C:\Users\lenovo\.m2\repository\com\fasterxml\jackson\core\jackson-databind\2.17.2\jackson-databind-2.17.2.jar;C:\Users\lenovo\.m2\repository\com\fasterxml\jackson\core\jackson-annotations\2.17.2\jackson-annotations-2.17.2.jar;C:\Users\lenovo\.m2\repository\com\fasterxml\jackson\core\jackson-core\2.17.2\jackson-core-2.17.2.jar;C:\Users\lenovo\.m2\repository\com\fasterxml\jackson\datatype\jackson-datatype-jdk8\2.17.2\jackson-datatype-jdk8-2.17.2.jar;C:\Users\lenovo\.m2\repository\com\fasterxml\jackson\datatype\jackson-datatype-jsr310\2.17.2\jackson-datatype-jsr310-2.17.2.jar;C:\Users\lenovo\.m2\repository\com\fasterxml\jackson\module\jackson-module-parameter-names\2.17.2\jackson-module-parameter-names-2.17.2.jar;C:\Users\lenovo\.m2\repository\org\springframework\boot\spring-boot-starter-tomcat\3.3.4\spring-boot-starter-tomcat-3.3.4.jar;C:\Users\lenovo\.m2\repository\org\apache\tomcat\embed\tomcat-embed-core\10.1.30\tomcat-embed-core-10.1.30.jar;C:\Users\lenovo\.m2\repository\org\apache\tomcat\embed\tomcat-embed-el\10.1.30\tomcat-embed-el-10.1.30.jar;C:\Users\lenovo\.m2\repository\org\apache\tomcat\embed\tomcat-embed-websocket\10.1.30\tomcat-embed-websocket-10.1.30.jar;C:\Users\lenovo\.m2\repository\org\springframework\spring-web\6.1.13\spring-web-6.1.13.jar;C:\Users\lenovo\.m2\repository\io\micrometer\micrometer-observation\1.13.4\micrometer-observation-1.13.4.jar;C:\Users\lenovo\.m2\repository\io\micrometer\micrometer-commons\1.13.4\micrometer-commons-1.13.4.jar;C:\Users\lenovo\.m2\repository\org\springframework\spring-webmvc\6.1.13\spring-webmvc-6.1.13.jar;C:\Users\lenovo\.m2\repository\org\springframework\spring-expression\6.1.13\spring-expression-6.1.13.jar;C:\Users\lenovo\.m2\repository\com\mysql\mysql-connector-j\8.3.0\mysql-connector-j-8.3.0.jar;C:\Users\lenovo\.m2\repository\com\itextpdf\kernel\7.1.11\kernel-7.1.11.jar;C:\Users\lenovo\.m2\repository\com\itextpdf\io\7.1.11\io-7.1.11.jar;C:\Users\lenovo\.m2\repository\org\bouncycastle\bcpkix-jdk15on\1.64\bcpkix-jdk15on-1.64.jar;C:\Users\lenovo\.m2\repository\org\bouncycastle\bcprov-jdk15on\1.64\bcprov-jdk15on-1.64.jar;C:\Users\lenovo\.m2\repository\org\slf4j\slf4j-api\2.0.16\slf4j-api-2.0.16.jar;C:\Users\lenovo\.m2\repository\com\itextpdf\layout\7.1.11\layout-7.1.11.jar;C:\Users\lenovo\.m2\repository\org\projectlombok\lombok\1.18.34\lombok-1.18.34.jar;C:\Users\lenovo\.m2\repository\jakarta\xml\bind\jakarta.xml.bind-api\4.0.2\jakarta.xml.bind-api-4.0.2.jar;C:\Users\lenovo\.m2\repository\jakarta\activation\jakarta.activation-api\2.1.3\jakarta.activation-api-2.1.3.jar;C:\Users\lenovo\.m2\repository\org\springframework\spring-core\6.1.13\spring-core-6.1.13.jar;C:\Users\lenovo\.m2\repository\org\springframework\spring-jcl\6.1.13\spring-jcl-6.1.13.jar;C:\Users\lenovo\.m2\repository\org\springframework\boot\spring-boot-starter-security\3.3.4\spring-boot-starter-security-3.3.4.jar;C:\Users\lenovo\.m2\repository\org\springframework\spring-aop\6.1.13\spring-aop-6.1.13.jar;C:\Users\lenovo\.m2\repository\org\springframework\security\spring-security-config\6.3.3\spring-security-config-6.3.3.jar;C:\Users\lenovo\.m2\repository\org\springframework\security\spring-security-core\6.3.3\spring-security-core-6.3.3.jar;C:\Users\lenovo\.m2\repository\org\springframework\security\spring-security-crypto\6.3.3\spring-security-crypto-6.3.3.jar;C:\Users\lenovo\.m2\repository\org\springframework\security\spring-security-web\6.3.3\spring-security-web-6.3.3.jar;C:\Users\lenovo\.m2\repository\org\springframework\boot\spring-boot-starter-mail\3.3.4\spring-boot-starter-mail-3.3.4.jar;C:\Users\lenovo\.m2\repository\org\springframework\spring-context-support\6.1.13\spring-context-support-6.1.13.jar;C:\Users\lenovo\.m2\repository\org\eclipse\angus\jakarta.mail\2.0.3\jakarta.mail-2.0.3.jar;C:\Users\lenovo\.m2\repository\org\eclipse\angus\angus-activation\2.0.2\angus-activation-2.0.2.jar
Launcher Type: SUN_STANDARD

[Global flags]
     intx CICompilerCount                          = 4                                         {product} {ergonomic}
     uint ConcGCThreads                            = 2                                         {product} {ergonomic}
     uint G1ConcRefinementThreads                  = 8                                         {product} {ergonomic}
   size_t G1HeapRegionSize                         = 1048576                                   {product} {ergonomic}
    uintx GCDrainStackTargetSize                   = 64                                        {product} {ergonomic}
   size_t InitialHeapSize                          = 132120576                                 {product} {ergonomic}
   size_t MarkStackSize                            = 4194304                                   {product} {ergonomic}
   size_t MaxHeapSize                              = 2113929216                                {product} {ergonomic}
   size_t MaxNewSize                               = 1267728384                                {product} {ergonomic}
   size_t MinHeapDeltaBytes                        = 1048576                                   {product} {ergonomic}
   size_t MinHeapSize                              = 8388608                                   {product} {ergonomic}
    uintx NonNMethodCodeHeapSize                   = 5839372                                {pd product} {ergonomic}
    uintx NonProfiledCodeHeapSize                  = 122909434                              {pd product} {ergonomic}
    uintx ProfiledCodeHeapSize                     = 122909434                              {pd product} {ergonomic}
    uintx ReservedCodeCacheSize                    = 251658240                              {pd product} {ergonomic}
     bool SegmentedCodeCache                       = true                                      {product} {ergonomic}
   size_t SoftMaxHeapSize                          = 2113929216                             {manageable} {ergonomic}
     bool UseCompressedOops                        = true                           {product lp64_product} {ergonomic}
     bool UseG1GC                                  = true                                      {product} {ergonomic}
     bool UseLargePagesIndividualAllocation        = false                                  {pd product} {ergonomic}

Logging:
Log output configuration:
 #0: stdout all=warning uptime,level,tags foldmultilines=false
 #1: stderr all=off uptime,level,tags foldmultilines=false

Environment Variables:
PATH=C:\Users\lenovo\AppData\Local\Programs\Python\Python312\Scripts\;C:\Users\lenovo\AppData\Local\Programs\Python\Python312\;C:\Program Files\Common Files\Oracle\Java\javapath;C:\oraclexe\app\oracle\product\11.2.0\server\bin;C:\ProgramData\watcom-1.3\binnt;C:\ProgramData\watcom-1.3\binw;C:\watcom-1.3\binnt;C:\watcom-1.3\binw;C:\WINDOWS\system32;C:\WINDOWS;C:\WINDOWS\System32\Wbem;C:\WINDOWS\System32\WindowsPowerShell\v1.0\;C:\WINDOWS\System32\OpenSSH\;C:\Program Files\MySQL\MySQL Server 5.5\bin;C:\MinGW\bin;C:\ProgramData\chocolatey\bin;C:\xampp\php;C:\Program Files\MongoDB\Server\7.0;C:\Program Files\Apache Software Foundation\Tomcat 11.0\bin;C:\Program Files\Git\cmd;D:\Program Files\heroku\bin;C:\Program Files\Docker\Docker\resources\bin;D:\Program Files\apache-maven-3.9.9\bin;C:\Users\lenovo\AppData\Roaming\nvm;C:\Program Files\nodejs;C:\Program Files\PowerShell\7\;C:\Users\lenovo\AppData\Local\Programs\Python\Python312\Scripts\;C:\Users\lenovo\AppData\Local\Programs\Python\Python312\;C:\Users\lenovo\AppData\Local\Programs\Python\Launcher\;C:\Users\lenovo\AppData\Local\Microsoft\WindowsApps;C:\Users\lenovo\Downloads\GnuWin32\GnuWin32\bin;C:\Program Files (x86)\GnuWin32\bin;C:\MinGW\bin;C:\MinGW\msys\1.0\bin;C:\MinGW\bin;C:\Users\lenovo\AppData\Local\Programs\Microsoft VS Code\bin;C:\Program Files\JetBrains\IntelliJ IDEA Community Edition 2023.3.4\bin;;C:\Users\lenovo\Downloads\java;C:\xampp\php;C:\Users\lenovo\AppData\Local\ComposerSetup\bin;C:\Users\lenovo\AppData\Roaming\Composer\vendor\bin;C:\Program Files\Java\jdk-21\bin;D:\Program Files\IntelliJ IDEA 2024.2.3\bin;;D:\Program Files\heroku\bin;C:\Program Files\Docker\Docker\resources\bin;C:\Users\lenovo\AppData\Roaming\npm;C:\Users\lenovo\AppData\Roaming\nvm;C:\Program Files\nodejs
USERNAME=lenovo
OS=Windows_NT
PROCESSOR_IDENTIFIER=Intel64 Family 6 Model 142 Stepping 10, GenuineIntel
TMP=C:\Users\lenovo\AppData\Local\Temp
TEMP=C:\Users\lenovo\AppData\Local\Temp




Periodic native trim disabled

---------------  S Y S T E M  ---------------

OS:
 Windows 10 , 64 bit Build 19041 (10.0.19041.4957)
OS uptime: 0 days 0:16 hours

CPU: total 8 (initial active 8) (4 cores per cpu, 2 threads per core) family 6 model 142 stepping 10 microcode 0xb4, cx8, cmov, fxsr, ht, mmx, 3dnowpref, sse, sse2, sse3, ssse3, sse4.1, sse4.2, popcnt, lzcnt, tsc, tscinvbit, avx, avx2, aes, erms, clmul, bmi1, bmi2, adx, fma, vzeroupper, clflush, clflushopt, rdtscp, f16c
Processor Information for all 8 processors :
  Max Mhz: 1801, Current Mhz: 1801, Mhz Limit: 1801

Memory: 4k page, system-wide physical 8058M (516M free)
TotalPageFile size 10106M (AvailPageFile size 3M)
current process WorkingSet (physical memory assigned to process): 52M, peak: 52M
current process commit charge ("private bytes"): 213M, peak: 213M

vm_info: Java HotSpot(TM) 64-Bit Server VM (21.0.2+13-LTS-58) for windows-amd64 JRE (21.0.2+13-LTS-58), built on 2024-01-05T18:32:24Z by "mach5one" with MS VC++ 17.1 (VS2022)

END.
